#
# There is insufficient memory for the Java Runtime Environment to continue.
# Native memory allocation (malloc) failed to allocate 930336 bytes. Error detail: Chunk::new
# Possible reasons:
#   The system is out of physical RAM or swap space
#   This process is running with CompressedOops enabled, and the Java Heap may be blocking the growth of the native heap
# Possible solutions:
#   Reduce memory load on the system
#   Increase physical memory or swap space
#   Check if swap backing store is full
#   Decrease Java heap size (-Xmx/-Xms)
#   Decrease number of Java threads
#   Decrease Java thread stack sizes (-Xss)
#   Set larger code cache with -XX:ReservedCodeCacheSize=
#   JVM is running with Unscaled Compressed Oops mode in which the Java heap is
#     placed in the first 4GB address space. The Java Heap base address is the
#     maximum limit for the native heap growth. Please use -XX:HeapBaseMinAddress
#     to set the Java Heap base and to place the Java Heap above 4GB virtual address.
# This output file may be truncated or incomplete.
#
#  Out of Memory Error (arena.cpp:191), pid=10192, tid=14288
#
# JRE version: OpenJDK Runtime Environment Temurin-17.0.13+11 (17.0.13+11) (build 17.0.13+11)
# Java VM: OpenJDK 64-Bit Server VM Temurin-17.0.13+11 (17.0.13+11, mixed mode, tiered, compressed oops, compressed class ptrs, parallel gc, windows-amd64)
# No core dump will be written. Minidumps are not enabled by default on client versions of Windows
#

---------------  S U M M A R Y ------------

Command Line: --add-modules=ALL-SYSTEM --add-opens=java.base/java.util=ALL-UNNAMED --add-opens=java.base/java.lang=ALL-UNNAMED --add-opens=java.base/sun.nio.fs=ALL-UNNAMED -Declipse.application=org.eclipse.jdt.ls.core.id1 -Dosgi.bundles.defaultStartLevel=4 -Declipse.product=org.eclipse.jdt.ls.core.product -Djava.import.generatesMetadataFilesAtProjectRoot=false -DDetectVMInstallationsJob.disabled=true -Dfile.encoding=utf8 -XX:+UseParallelGC -XX:GCTimeRatio=4 -XX:AdaptiveSizePolicyWeight=90 -Dsun.zip.disableMemoryMapping=true -Xmx1G -Xms100m -Xlog:disable -javaagent:c:\Users\Cesar\.vscode\extensions\redhat.java-1.36.0-win32-x64\lombok\lombok-1.18.35.jar -XX:+HeapDumpOnOutOfMemoryError -XX:HeapDumpPath=c:\Users\Cesar\AppData\Roaming\Code\User\workspaceStorage\53e68585b729e7424bba8c485f5dc05e\redhat.java -Daether.dependencyCollector.impl=bf c:\Users\Cesar\.vscode\extensions\redhat.java-1.36.0-win32-x64\server\plugins\org.eclipse.equinox.launcher_1.6.900.v20240613-2009.jar -configuration c:\Users\Cesar\AppData\Roaming\Code\User\globalStorage\redhat.java\1.36.0\config_win -data c:\Users\Cesar\AppData\Roaming\Code\User\workspaceStorage\53e68585b729e7424bba8c485f5dc05e\redhat.java\jdt_ws --pipe=\\.\pipe\lsp-0636d24d4ee6a3d899ff1729a3444cc1-sock

Host: Intel(R) Core(TM) i5-8250U CPU @ 1.60GHz, 8 cores, 15G,  Windows 10 , 64 bit Build 19041 (10.0.19041.5072)
Time: Fri Nov 15 14:57:15 2024 Hora estándar de Venezuela elapsed time: 61.768076 seconds (0d 0h 1m 1s)

---------------  T H R E A D  ---------------

Current thread (0x0000026ba6f289a0):  JavaThread "C2 CompilerThread2" daemon [_thread_in_native, id=14288, stack(0x000000f915400000,0x000000f915500000)]


Current CompileTask:
C2:  61768 12225   !   4       java.nio.file.FileTreeWalker::next (144 bytes)

Stack: [0x000000f915400000,0x000000f915500000]
Native frames: (J=compiled Java code, j=interpreted, Vv=VM code, C=native code)
V  [jvm.dll+0x682a19]
V  [jvm.dll+0x839538]
V  [jvm.dll+0x83afe3]
V  [jvm.dll+0x83b653]
V  [jvm.dll+0x24704f]
V  [jvm.dll+0xace34]
V  [jvm.dll+0xad4cc]
V  [jvm.dll+0x2ac84f]
V  [jvm.dll+0x588a79]
V  [jvm.dll+0x220ea2]
V  [jvm.dll+0x22129f]
V  [jvm.dll+0x21a2b0]
V  [jvm.dll+0x21738b]
V  [jvm.dll+0x1a3070]
V  [jvm.dll+0x22788c]
V  [jvm.dll+0x2259eb]
V  [jvm.dll+0x7eec98]
V  [jvm.dll+0x7e8ffc]
V  [jvm.dll+0x6818f7]
C  [ucrtbase.dll+0x21bb2]
C  [KERNEL32.DLL+0x17374]
C  [ntdll.dll+0x4cc91]


---------------  P R O C E S S  ---------------

Threads class SMR info:
_java_thread_list=0x0000026ba6530a70, length=62, elements={
0x0000026b8849df20, 0x0000026b88555720, 0x0000026b9c33a840, 0x0000026ba15a6040,
0x0000026ba15a6ec0, 0x0000026ba15a7d40, 0x0000026ba15ab980, 0x0000026ba15ac670,
0x0000026b8855a410, 0x0000026ba160f7a0, 0x0000026ba1690840, 0x0000026ba18f1910,
0x0000026ba30fda70, 0x0000026ba319c730, 0x0000026ba34d79c0, 0x0000026ba34d8270,
0x0000026ba2eb26f0, 0x0000026ba30f8fc0, 0x0000026ba30f94d0, 0x0000026ba30f8090,
0x0000026ba30f85a0, 0x0000026ba26b6460, 0x0000026ba26b31c0, 0x0000026ba26b5530,
0x0000026ba26b5a40, 0x0000026ba26b5f50, 0x0000026ba26b7db0, 0x0000026ba26b91f0,
0x0000026ba26b36d0, 0x0000026ba26b87d0, 0x0000026ba26b9c10, 0x0000026ba26b82c0,
0x0000026ba26b4600, 0x0000026ba26b6970, 0x0000026ba26b5020, 0x0000026ba26b8ce0,
0x0000026ba26b9700, 0x0000026ba26b3be0, 0x0000026ba26b27a0, 0x0000026ba619a380,
0x0000026ba6194d70, 0x0000026ba6194860, 0x0000026ba619c1e0, 0x0000026ba619a890,
0x0000026ba619b2b0, 0x0000026ba619bcd0, 0x0000026ba6195790, 0x0000026ba6198520,
0x0000026ba619b7c0, 0x0000026ba6195ca0, 0x0000026ba61961b0, 0x0000026ba61966c0,
0x0000026ba6196bd0, 0x0000026ba6199960, 0x0000026ba61970e0, 0x0000026ba6197b00,
0x0000026ba6198010, 0x0000026ba6199e70, 0x0000026ba26b7390, 0x0000026ba4b5edf0,
0x0000026ba6f2a430, 0x0000026ba6f289a0
}

Java Threads: ( => current thread )
  0x0000026b8849df20 JavaThread "main" [_thread_blocked, id=11116, stack(0x000000f915600000,0x000000f915700000)]
  0x0000026b88555720 JavaThread "Reference Handler" daemon [_thread_blocked, id=3964, stack(0x000000f915a00000,0x000000f915b00000)]
  0x0000026b9c33a840 JavaThread "Finalizer" daemon [_thread_blocked, id=12368, stack(0x000000f915b00000,0x000000f915c00000)]
  0x0000026ba15a6040 JavaThread "Signal Dispatcher" daemon [_thread_blocked, id=2900, stack(0x000000f915c00000,0x000000f915d00000)]
  0x0000026ba15a6ec0 JavaThread "Attach Listener" daemon [_thread_blocked, id=10628, stack(0x000000f915d00000,0x000000f915e00000)]
  0x0000026ba15a7d40 JavaThread "Service Thread" daemon [_thread_blocked, id=10624, stack(0x000000f915e00000,0x000000f915f00000)]
  0x0000026ba15ab980 JavaThread "Monitor Deflation Thread" daemon [_thread_blocked, id=11532, stack(0x000000f915f00000,0x000000f916000000)]
  0x0000026ba15ac670 JavaThread "C2 CompilerThread0" daemon [_thread_in_native, id=10860, stack(0x000000f916000000,0x000000f916100000)]
  0x0000026b8855a410 JavaThread "C1 CompilerThread0" daemon [_thread_blocked, id=10812, stack(0x000000f916100000,0x000000f916200000)]
  0x0000026ba160f7a0 JavaThread "Sweeper thread" daemon [_thread_blocked, id=6264, stack(0x000000f916200000,0x000000f916300000)]
  0x0000026ba1690840 JavaThread "Common-Cleaner" daemon [_thread_blocked, id=9384, stack(0x000000f916300000,0x000000f916400000)]
  0x0000026ba18f1910 JavaThread "Notification Thread" daemon [_thread_blocked, id=10916, stack(0x000000f916500000,0x000000f916600000)]
  0x0000026ba30fda70 JavaThread "Active Thread: Equinox Container: d3d48f53-2723-4a08-9819-ac6703f63508" [_thread_blocked, id=13500, stack(0x000000f916e00000,0x000000f916f00000)]
  0x0000026ba319c730 JavaThread "Refresh Thread: Equinox Container: d3d48f53-2723-4a08-9819-ac6703f63508" daemon [_thread_blocked, id=10680, stack(0x000000f916f00000,0x000000f917000000)]
  0x0000026ba34d79c0 JavaThread "Framework Event Dispatcher: Equinox Container: d3d48f53-2723-4a08-9819-ac6703f63508" daemon [_thread_blocked, id=3440, stack(0x000000f917000000,0x000000f917100000)]
  0x0000026ba34d8270 JavaThread "Start Level: Equinox Container: d3d48f53-2723-4a08-9819-ac6703f63508" daemon [_thread_blocked, id=1764, stack(0x000000f917100000,0x000000f917200000)]
  0x0000026ba2eb26f0 JavaThread "Bundle File Closer" daemon [_thread_blocked, id=1956, stack(0x000000f917300000,0x000000f917400000)]
  0x0000026ba30f8fc0 JavaThread "SCR Component Actor" daemon [_thread_blocked, id=11964, stack(0x000000f916d00000,0x000000f916e00000)]
  0x0000026ba30f94d0 JavaThread "Worker-JM" [_thread_blocked, id=6832, stack(0x000000f917500000,0x000000f917600000)]
  0x0000026ba30f8090 JavaThread "JNA Cleaner" daemon [_thread_blocked, id=4172, stack(0x000000f916400000,0x000000f916500000)]
  0x0000026ba30f85a0 JavaThread "Worker-0" [_thread_blocked, id=3544, stack(0x000000f917600000,0x000000f917700000)]
  0x0000026ba26b6460 JavaThread "Worker-1" [_thread_blocked, id=4052, stack(0x000000f917700000,0x000000f917800000)]
  0x0000026ba26b31c0 JavaThread "Worker-2: Java indexing... " [_thread_blocked, id=9340, stack(0x000000f917a00000,0x000000f917b00000)]
  0x0000026ba26b5530 JavaThread "Java indexing" daemon [_thread_in_native, id=12516, stack(0x000000f917b00000,0x000000f917c00000)]
  0x0000026ba26b5a40 JavaThread "Thread-2" daemon [_thread_in_native, id=2568, stack(0x000000f917e00000,0x000000f917f00000)]
  0x0000026ba26b5f50 JavaThread "Thread-3" daemon [_thread_in_native, id=9492, stack(0x000000f917f00000,0x000000f918000000)]
  0x0000026ba26b7db0 JavaThread "Thread-4" daemon [_thread_in_native, id=10836, stack(0x000000f918000000,0x000000f918100000)]
  0x0000026ba26b91f0 JavaThread "Thread-5" daemon [_thread_in_native, id=9452, stack(0x000000f918100000,0x000000f918200000)]
  0x0000026ba26b36d0 JavaThread "Thread-6" daemon [_thread_in_native, id=3860, stack(0x000000f918200000,0x000000f918300000)]
  0x0000026ba26b87d0 JavaThread "Thread-7" daemon [_thread_in_native, id=13036, stack(0x000000f918300000,0x000000f918400000)]
  0x0000026ba26b9c10 JavaThread "Thread-8" daemon [_thread_in_Java, id=10524, stack(0x000000f918400000,0x000000f918500000)]
  0x0000026ba26b82c0 JavaThread "Thread-9" daemon [_thread_in_native, id=5728, stack(0x000000f918500000,0x000000f918600000)]
  0x0000026ba26b4600 JavaThread "Thread-10" daemon [_thread_in_native, id=3376, stack(0x000000f918600000,0x000000f918700000)]
  0x0000026ba26b6970 JavaThread "pool-2-thread-1" [_thread_blocked, id=2528, stack(0x000000f918700000,0x000000f918800000)]
  0x0000026ba26b5020 JavaThread "Worker-3: Initialize Workspace" [_thread_in_vm, id=7268, stack(0x000000f918800000,0x000000f918900000)]
  0x0000026ba26b8ce0 JavaThread "Worker-4" [_thread_blocked, id=12984, stack(0x000000f918900000,0x000000f918a00000)]
  0x0000026ba26b9700 JavaThread "Worker-5" [_thread_blocked, id=6856, stack(0x000000f918a00000,0x000000f918b00000)]
  0x0000026ba26b3be0 JavaThread "WorkspaceEventsHandler" [_thread_blocked, id=4704, stack(0x000000f918b00000,0x000000f918c00000)]
  0x0000026ba26b27a0 JavaThread "pool-1-thread-1" [_thread_blocked, id=740, stack(0x000000f918c00000,0x000000f918d00000)]
  0x0000026ba619a380 JavaThread "LocalFile Deleter" daemon [_thread_blocked, id=11500, stack(0x000000f917800000,0x000000f917900000)]
  0x0000026ba6194d70 JavaThread "LocalFile Deleter" daemon [_thread_blocked, id=9636, stack(0x000000f917900000,0x000000f917a00000)]
  0x0000026ba6194860 JavaThread "LocalFile Deleter" daemon [_thread_blocked, id=4884, stack(0x000000f918d00000,0x000000f918e00000)]
  0x0000026ba619c1e0 JavaThread "LocalFile Deleter" daemon [_thread_blocked, id=11056, stack(0x000000f918e00000,0x000000f918f00000)]
  0x0000026ba619a890 JavaThread "LocalFile Deleter" daemon [_thread_blocked, id=12564, stack(0x000000f918f00000,0x000000f919000000)]
  0x0000026ba619b2b0 JavaThread "LocalFile Deleter" daemon [_thread_blocked, id=6088, stack(0x000000f919000000,0x000000f919100000)]
  0x0000026ba619bcd0 JavaThread "LocalFile Deleter" daemon [_thread_blocked, id=10636, stack(0x000000f919100000,0x000000f919200000)]
  0x0000026ba6195790 JavaThread "LocalFile Deleter" daemon [_thread_blocked, id=3688, stack(0x000000f919200000,0x000000f919300000)]
  0x0000026ba6198520 JavaThread "Compiler Source File Reader" daemon [_thread_blocked, id=3192, stack(0x000000f919300000,0x000000f919400000)]
  0x0000026ba619b7c0 JavaThread "Compiler Source File Reader" daemon [_thread_blocked, id=11956, stack(0x000000f919400000,0x000000f919500000)]
  0x0000026ba6195ca0 JavaThread "Compiler Source File Reader" daemon [_thread_blocked, id=4068, stack(0x000000f919500000,0x000000f919600000)]
  0x0000026ba61961b0 JavaThread "Compiler Source File Reader" daemon [_thread_blocked, id=8368, stack(0x000000f919600000,0x000000f919700000)]
  0x0000026ba61966c0 JavaThread "Compiler Source File Reader" daemon [_thread_blocked, id=8152, stack(0x000000f919700000,0x000000f919800000)]
  0x0000026ba6196bd0 JavaThread "Compiler Source File Reader" daemon [_thread_blocked, id=6308, stack(0x000000f919800000,0x000000f919900000)]
  0x0000026ba6199960 JavaThread "Compiler Processing Task" daemon [_thread_blocked, id=12628, stack(0x000000f919a00000,0x000000f919b00000)]
  0x0000026ba61970e0 JavaThread "Compiler Class File Writer" daemon [_thread_blocked, id=2520, stack(0x000000f919b00000,0x000000f919c00000)]
  0x0000026ba6197b00 JavaThread "Compiler Class File Writer" daemon [_thread_blocked, id=13032, stack(0x000000f919c00000,0x000000f919d00000)]
  0x0000026ba6198010 JavaThread "Compiler Class File Writer" daemon [_thread_blocked, id=8548, stack(0x000000f919d00000,0x000000f919e00000)]
  0x0000026ba6199e70 JavaThread "Compiler Class File Writer" daemon [_thread_blocked, id=4284, stack(0x000000f919e00000,0x000000f919f00000)]
  0x0000026ba26b7390 JavaThread "Compiler Class File Writer" daemon [_thread_blocked, id=11560, stack(0x000000f919f00000,0x000000f91a000000)]
  0x0000026ba4b5edf0 JavaThread "Compiler Class File Writer" daemon [_thread_blocked, id=7372, stack(0x000000f91a000000,0x000000f91a100000)]
  0x0000026ba6f2a430 JavaThread "C2 CompilerThread1" daemon [_thread_in_native, id=13832, stack(0x000000f91a300000,0x000000f91a400000)]
=>0x0000026ba6f289a0 JavaThread "C2 CompilerThread2" daemon [_thread_in_native, id=14288, stack(0x000000f915400000,0x000000f915500000)]

Other Threads:
  0x0000026b9c339970 VMThread "VM Thread" [stack: 0x000000f915900000,0x000000f915a00000] [id=3256]
  0x0000026ba18f00f0 WatcherThread [stack: 0x000000f916600000,0x000000f916700000] [id=10724]
  0x0000026b884b3060 GCTaskThread "GC Thread#0" [stack: 0x000000f915800000,0x000000f915900000] [id=4180]
  0x0000026ba284bb30 GCTaskThread "GC Thread#1" [stack: 0x000000f916700000,0x000000f916800000] [id=712]
  0x0000026ba284c0b0 GCTaskThread "GC Thread#2" [stack: 0x000000f916800000,0x000000f916900000] [id=13376]
  0x0000026ba284c8f0 GCTaskThread "GC Thread#3" [stack: 0x000000f916900000,0x000000f916a00000] [id=7776]
  0x0000026ba284bdf0 GCTaskThread "GC Thread#4" [stack: 0x000000f916a00000,0x000000f916b00000] [id=480]
  0x0000026ba284b030 GCTaskThread "GC Thread#5" [stack: 0x000000f916b00000,0x000000f916c00000] [id=8692]
  0x0000026ba284b2f0 GCTaskThread "GC Thread#6" [stack: 0x000000f916c00000,0x000000f916d00000] [id=2624]
  0x0000026ba284c370 GCTaskThread "GC Thread#7" [stack: 0x000000f917200000,0x000000f917300000] [id=2328]

Threads with active compile tasks:
C2 CompilerThread0    61818 12266       4       java.util.regex.Pattern::atom (422 bytes)
C2 CompilerThread1    61818 12267       4       java.util.regex.Pattern::newSlice (181 bytes)
C2 CompilerThread2    61818 12225   !   4       java.nio.file.FileTreeWalker::next (144 bytes)

VM state: not at safepoint (normal execution)

VM Mutex/Monitor currently owned by a thread: None

Heap address: 0x00000000c0000000, size: 1024 MB, Compressed Oops mode: 32-bit

CDS archive(s) not mapped
Compressed class space mapped at: 0x0000000100000000-0x0000000140000000, reserved size: 1073741824
Narrow klass base: 0x0000000000000000, Narrow klass shift: 3, Narrow klass range: 0x140000000

GC Precious Log:
 CPUs: 8 total, 8 available
 Memory: 16299M
 Large Page Support: Disabled
 NUMA Support: Disabled
 Compressed Oops: Enabled (32-bit)
 Alignments: Space 512K, Generation 512K, Heap 2M
 Heap Min Capacity: 100M
 Heap Initial Capacity: 100M
 Heap Max Capacity: 1G
 Pre-touch: Disabled
 Parallel Workers: 8

Heap:
 PSYoungGen      total 14848K, used 8546K [0x00000000eab00000, 0x00000000ec080000, 0x0000000100000000)
  eden space 12800K, 53% used [0x00000000eab00000,0x00000000eb1bb020,0x00000000eb780000)
  from space 2048K, 80% used [0x00000000eb780000,0x00000000eb91d808,0x00000000eb980000)
  to   space 4096K, 0% used [0x00000000ebc80000,0x00000000ebc80000,0x00000000ec080000)
 ParOldGen       total 229376K, used 180460K [0x00000000c0000000, 0x00000000ce000000, 0x00000000eab00000)
  object space 229376K, 78% used [0x00000000c0000000,0x00000000cb03b338,0x00000000ce000000)
 Metaspace       used 70597K, committed 71936K, reserved 1114112K
  class space    used 7283K, committed 7936K, reserved 1048576K

Card table byte_map: [0x0000026b87e40000,0x0000026b88050000] _byte_map_base: 0x0000026b87840000

Marking Bits: (ParMarkBitMap*) 0x00007fff2f786940
 Begin Bits: [0x0000026b9a140000, 0x0000026b9b140000)
 End Bits:   [0x0000026b9b140000, 0x0000026b9c140000)

Polling page: 0x0000026b86440000

Metaspace:

Usage:
  Non-class:     61.83 MB used.
      Class:      7.11 MB used.
       Both:     68.94 MB used.

Virtual space:
  Non-class space:       64.00 MB reserved,      62.50 MB ( 98%) committed,  1 nodes.
      Class space:        1.00 GB reserved,       7.75 MB ( <1%) committed,  1 nodes.
             Both:        1.06 GB reserved,      70.25 MB (  6%) committed. 

Chunk freelists:
   Non-Class:  1.08 MB
       Class:  8.22 MB
        Both:  9.30 MB

MaxMetaspaceSize: unlimited
CompressedClassSpaceSize: 1.00 GB
Initial GC threshold: 21.00 MB
Current GC threshold: 117.12 MB
CDS: off
MetaspaceReclaimPolicy: balanced
 - commit_granule_bytes: 65536.
 - commit_granule_words: 8192.
 - virtual_space_node_default_size: 8388608.
 - enlarge_chunks_in_place: 1.
 - new_chunks_are_fully_committed: 0.
 - uncommit_free_chunks: 1.
 - use_allocation_guard: 0.
 - handle_deallocations: 1.


Internal statistics:

num_allocs_failed_limit: 6.
num_arena_births: 928.
num_arena_deaths: 18.
num_vsnodes_births: 2.
num_vsnodes_deaths: 0.
num_space_committed: 1124.
num_space_uncommitted: 0.
num_chunks_returned_to_freelist: 24.
num_chunks_taken_from_freelist: 3996.
num_chunk_merges: 11.
num_chunk_splits: 2389.
num_chunks_enlarged: 1240.
num_inconsistent_stats: 0.

CodeHeap 'non-profiled nmethods': size=120000Kb used=7448Kb max_used=8093Kb free=112552Kb
 bounds [0x0000026b92c10000, 0x0000026b93400000, 0x0000026b9a140000]
CodeHeap 'profiled nmethods': size=120000Kb used=21217Kb max_used=23124Kb free=98782Kb
 bounds [0x0000026b8b140000, 0x0000026b8c7e0000, 0x0000026b92670000]
CodeHeap 'non-nmethods': size=5760Kb used=1382Kb max_used=1478Kb free=4377Kb
 bounds [0x0000026b92670000, 0x0000026b928e0000, 0x0000026b92c10000]
 total_blobs=10644 nmethods=9939 adapters=616
 compilation: enabled
              stopped_count=0, restarted_count=0
 full_count=0

Compilation events (20 events):
Event: 61.666 Thread 0x0000026b8855a410 12256       3       org.eclipse.jdt.internal.compiler.classfmt.AnnotationInfo::decodeDefaultValue (871 bytes)
Event: 61.668 Thread 0x0000026ba6f2a430 nmethod 12228 0x0000026b92fb0f90 code [0x0000026b92fb1260, 0x0000026b92fb2ef0]
Event: 61.669 Thread 0x0000026ba6f2a430 12253   !   4       java.util.regex.Pattern::RemoveQEQuoting (370 bytes)
Event: 61.672 Thread 0x0000026b8855a410 nmethod 12256 0x0000026b8c32d010 code [0x0000026b8c32d580, 0x0000026b8c331408]
Event: 61.675 Thread 0x0000026ba6f2a430 nmethod 12253 0x0000026b93067d10 code [0x0000026b93067ea0, 0x0000026b930680f8]
Event: 61.682 Thread 0x0000026ba6f2a430 12257       4       sun.nio.fs.WindowsPathParser::parse (384 bytes)
Event: 61.683 Thread 0x0000026b8855a410 12258       3       java.util.ArrayDeque$DeqIterator::next (62 bytes)
Event: 61.684 Thread 0x0000026b8855a410 nmethod 12258 0x0000026b8b282f90 code [0x0000026b8b283160, 0x0000026b8b2835b8]
Event: 61.684 Thread 0x0000026b8855a410 12259       3       java.nio.file.Files::isSameFile (10 bytes)
Event: 61.684 Thread 0x0000026b8855a410 nmethod 12259 0x0000026b8b465590 code [0x0000026b8b465760, 0x0000026b8b465b08]
Event: 61.684 Thread 0x0000026b8855a410 12260   !   3       sun.nio.fs.WindowsFileSystemProvider::isSameFile (180 bytes)
Event: 61.687 Thread 0x0000026b8855a410 nmethod 12260 0x0000026b8c39f290 code [0x0000026b8c39f640, 0x0000026b8c3a1108]
Event: 61.690 Thread 0x0000026ba15ac670 nmethod 12252 0x0000026b92f73d90 code [0x0000026b92f74080, 0x0000026b92f74ea8]
Event: 61.720 Thread 0x0000026b8855a410 12262       1       sun.nio.fs.WindowsNativeDispatcher$FirstFile::handle (5 bytes)
Event: 61.720 Thread 0x0000026b8855a410 nmethod 12262 0x0000026b92fb0c10 code [0x0000026b92fb0da0, 0x0000026b92fb0e78]
Event: 61.720 Thread 0x0000026b8855a410 12263       1       sun.nio.fs.WindowsNativeDispatcher$FirstFile::name (5 bytes)
Event: 61.721 Thread 0x0000026b8855a410 nmethod 12263 0x0000026b92fff590 code [0x0000026b92fff720, 0x0000026b92fff7f8]
Event: 61.740 Thread 0x0000026b8855a410 12265       3       sun.nio.fs.WindowsFileAttributes::isSameFile (39 bytes)
Event: 61.740 Thread 0x0000026b8855a410 nmethod 12265 0x0000026b8b312a90 code [0x0000026b8b312c20, 0x0000026b8b312dd8]
Event: 61.752 Thread 0x0000026ba15ac670 12266       4       java.util.regex.Pattern::atom (422 bytes)

GC Heap History (20 events):
Event: 59.743 GC heap after
{Heap after GC invocations=259 (full 13):
 PSYoungGen      total 16896K, used 5751K [0x00000000eab00000, 0x00000000ec300000, 0x0000000100000000)
  eden space 10752K, 0% used [0x00000000eab00000,0x00000000eab00000,0x00000000eb580000)
  from space 6144K, 93% used [0x00000000eb580000,0x00000000ebb1dde8,0x00000000ebb80000)
  to   space 6144K, 0% used [0x00000000ebd00000,0x00000000ebd00000,0x00000000ec300000)
 ParOldGen       total 256000K, used 252718K [0x00000000c0000000, 0x00000000cfa00000, 0x00000000eab00000)
  object space 256000K, 98% used [0x00000000c0000000,0x00000000cf6cb988,0x00000000cfa00000)
 Metaspace       used 69097K, committed 70400K, reserved 1114112K
  class space    used 7128K, committed 7744K, reserved 1048576K
}
Event: 59.994 GC heap before
{Heap before GC invocations=260 (full 13):
 PSYoungGen      total 16896K, used 16503K [0x00000000eab00000, 0x00000000ec300000, 0x0000000100000000)
  eden space 10752K, 100% used [0x00000000eab00000,0x00000000eb580000,0x00000000eb580000)
  from space 6144K, 93% used [0x00000000eb580000,0x00000000ebb1dde8,0x00000000ebb80000)
  to   space 6144K, 0% used [0x00000000ebd00000,0x00000000ebd00000,0x00000000ec300000)
 ParOldGen       total 256000K, used 252718K [0x00000000c0000000, 0x00000000cfa00000, 0x00000000eab00000)
  object space 256000K, 98% used [0x00000000c0000000,0x00000000cf6cb988,0x00000000cfa00000)
 Metaspace       used 69113K, committed 70400K, reserved 1114112K
  class space    used 7128K, committed 7744K, reserved 1048576K
}
Event: 59.999 GC heap after
{Heap after GC invocations=260 (full 13):
 PSYoungGen      total 15872K, used 3829K [0x00000000eab00000, 0x00000000ec100000, 0x0000000100000000)
  eden space 11776K, 0% used [0x00000000eab00000,0x00000000eab00000,0x00000000eb680000)
  from space 4096K, 93% used [0x00000000ebd00000,0x00000000ec0bd4a8,0x00000000ec100000)
  to   space 4608K, 0% used [0x00000000eb800000,0x00000000eb800000,0x00000000ebc80000)
 ParOldGen       total 256000K, used 252726K [0x00000000c0000000, 0x00000000cfa00000, 0x00000000eab00000)
  object space 256000K, 98% used [0x00000000c0000000,0x00000000cf6cd988,0x00000000cfa00000)
 Metaspace       used 69113K, committed 70400K, reserved 1114112K
  class space    used 7128K, committed 7744K, reserved 1048576K
}
Event: 60.363 GC heap before
{Heap before GC invocations=261 (full 13):
 PSYoungGen      total 15872K, used 15605K [0x00000000eab00000, 0x00000000ec100000, 0x0000000100000000)
  eden space 11776K, 100% used [0x00000000eab00000,0x00000000eb680000,0x00000000eb680000)
  from space 4096K, 93% used [0x00000000ebd00000,0x00000000ec0bd4a8,0x00000000ec100000)
  to   space 4608K, 0% used [0x00000000eb800000,0x00000000eb800000,0x00000000ebc80000)
 ParOldGen       total 256000K, used 252726K [0x00000000c0000000, 0x00000000cfa00000, 0x00000000eab00000)
  object space 256000K, 98% used [0x00000000c0000000,0x00000000cf6cd988,0x00000000cfa00000)
 Metaspace       used 69366K, committed 70720K, reserved 1114112K
  class space    used 7156K, committed 7808K, reserved 1048576K
}
Event: 60.367 GC heap after
{Heap after GC invocations=261 (full 13):
 PSYoungGen      total 16384K, used 4557K [0x00000000eab00000, 0x00000000ec080000, 0x0000000100000000)
  eden space 11776K, 0% used [0x00000000eab00000,0x00000000eab00000,0x00000000eb680000)
  from space 4608K, 98% used [0x00000000eb800000,0x00000000ebc73408,0x00000000ebc80000)
  to   space 4096K, 0% used [0x00000000ebc80000,0x00000000ebc80000,0x00000000ec080000)
 ParOldGen       total 256000K, used 252734K [0x00000000c0000000, 0x00000000cfa00000, 0x00000000eab00000)
  object space 256000K, 98% used [0x00000000c0000000,0x00000000cf6cf988,0x00000000cfa00000)
 Metaspace       used 69366K, committed 70720K, reserved 1114112K
  class space    used 7156K, committed 7808K, reserved 1048576K
}
Event: 60.503 GC heap before
{Heap before GC invocations=262 (full 13):
 PSYoungGen      total 16384K, used 16333K [0x00000000eab00000, 0x00000000ec080000, 0x0000000100000000)
  eden space 11776K, 100% used [0x00000000eab00000,0x00000000eb680000,0x00000000eb680000)
  from space 4608K, 98% used [0x00000000eb800000,0x00000000ebc73408,0x00000000ebc80000)
  to   space 4096K, 0% used [0x00000000ebc80000,0x00000000ebc80000,0x00000000ec080000)
 ParOldGen       total 256000K, used 252734K [0x00000000c0000000, 0x00000000cfa00000, 0x00000000eab00000)
  object space 256000K, 98% used [0x00000000c0000000,0x00000000cf6cf988,0x00000000cfa00000)
 Metaspace       used 69378K, committed 70720K, reserved 1114112K
  class space    used 7156K, committed 7808K, reserved 1048576K
}
Event: 60.509 GC heap after
{Heap after GC invocations=262 (full 13):
 PSYoungGen      total 15872K, used 4085K [0x00000000eab00000, 0x00000000ec080000, 0x0000000100000000)
  eden space 11776K, 0% used [0x00000000eab00000,0x00000000eab00000,0x00000000eb680000)
  from space 4096K, 99% used [0x00000000ebc80000,0x00000000ec07d4a8,0x00000000ec080000)
  to   space 5120K, 0% used [0x00000000eb680000,0x00000000eb680000,0x00000000ebb80000)
 ParOldGen       total 256000K, used 253326K [0x00000000c0000000, 0x00000000cfa00000, 0x00000000eab00000)
  object space 256000K, 98% used [0x00000000c0000000,0x00000000cf763988,0x00000000cfa00000)
 Metaspace       used 69378K, committed 70720K, reserved 1114112K
  class space    used 7156K, committed 7808K, reserved 1048576K
}
Event: 60.609 GC heap before
{Heap before GC invocations=263 (full 13):
 PSYoungGen      total 15872K, used 15861K [0x00000000eab00000, 0x00000000ec080000, 0x0000000100000000)
  eden space 11776K, 100% used [0x00000000eab00000,0x00000000eb680000,0x00000000eb680000)
  from space 4096K, 99% used [0x00000000ebc80000,0x00000000ec07d4a8,0x00000000ec080000)
  to   space 5120K, 0% used [0x00000000eb680000,0x00000000eb680000,0x00000000ebb80000)
 ParOldGen       total 256000K, used 253326K [0x00000000c0000000, 0x00000000cfa00000, 0x00000000eab00000)
  object space 256000K, 98% used [0x00000000c0000000,0x00000000cf763988,0x00000000cfa00000)
 Metaspace       used 69407K, committed 70720K, reserved 1114112K
  class space    used 7160K, committed 7808K, reserved 1048576K
}
Event: 60.621 GC heap after
{Heap after GC invocations=263 (full 13):
 PSYoungGen      total 16896K, used 5102K [0x00000000eab00000, 0x00000000ec380000, 0x0000000100000000)
  eden space 11776K, 0% used [0x00000000eab00000,0x00000000eab00000,0x00000000eb680000)
  from space 5120K, 99% used [0x00000000eb680000,0x00000000ebb7b8b0,0x00000000ebb80000)
  to   space 6144K, 0% used [0x00000000ebd80000,0x00000000ebd80000,0x00000000ec380000)
 ParOldGen       total 256000K, used 253927K [0x00000000c0000000, 0x00000000cfa00000, 0x00000000eab00000)
  object space 256000K, 99% used [0x00000000c0000000,0x00000000cf7f9cc8,0x00000000cfa00000)
 Metaspace       used 69407K, committed 70720K, reserved 1114112K
  class space    used 7160K, committed 7808K, reserved 1048576K
}
Event: 60.768 GC heap before
{Heap before GC invocations=264 (full 13):
 PSYoungGen      total 16896K, used 16878K [0x00000000eab00000, 0x00000000ec380000, 0x0000000100000000)
  eden space 11776K, 100% used [0x00000000eab00000,0x00000000eb680000,0x00000000eb680000)
  from space 5120K, 99% used [0x00000000eb680000,0x00000000ebb7b8b0,0x00000000ebb80000)
  to   space 6144K, 0% used [0x00000000ebd80000,0x00000000ebd80000,0x00000000ec380000)
 ParOldGen       total 256000K, used 253927K [0x00000000c0000000, 0x00000000cfa00000, 0x00000000eab00000)
  object space 256000K, 99% used [0x00000000c0000000,0x00000000cf7f9cc8,0x00000000cfa00000)
 Metaspace       used 69468K, committed 70784K, reserved 1114112K
  class space    used 7166K, committed 7808K, reserved 1048576K
}
Event: 60.778 GC heap after
{Heap after GC invocations=264 (full 13):
 PSYoungGen      total 18944K, used 5972K [0x00000000eab00000, 0x00000000ec380000, 0x0000000100000000)
  eden space 12800K, 0% used [0x00000000eab00000,0x00000000eab00000,0x00000000eb780000)
  from space 6144K, 97% used [0x00000000ebd80000,0x00000000ec355158,0x00000000ec380000)
  to   space 6144K, 0% used [0x00000000eb780000,0x00000000eb780000,0x00000000ebd80000)
 ParOldGen       total 256000K, used 254511K [0x00000000c0000000, 0x00000000cfa00000, 0x00000000eab00000)
  object space 256000K, 99% used [0x00000000c0000000,0x00000000cf88bcc8,0x00000000cfa00000)
 Metaspace       used 69468K, committed 70784K, reserved 1114112K
  class space    used 7166K, committed 7808K, reserved 1048576K
}
Event: 60.931 GC heap before
{Heap before GC invocations=265 (full 13):
 PSYoungGen      total 18944K, used 18768K [0x00000000eab00000, 0x00000000ec380000, 0x0000000100000000)
  eden space 12800K, 99% used [0x00000000eab00000,0x00000000eb77f110,0x00000000eb780000)
  from space 6144K, 97% used [0x00000000ebd80000,0x00000000ec355158,0x00000000ec380000)
  to   space 6144K, 0% used [0x00000000eb780000,0x00000000eb780000,0x00000000ebd80000)
 ParOldGen       total 256000K, used 254511K [0x00000000c0000000, 0x00000000cfa00000, 0x00000000eab00000)
  object space 256000K, 99% used [0x00000000c0000000,0x00000000cf88bcc8,0x00000000cfa00000)
 Metaspace       used 69839K, committed 71296K, reserved 1114112K
  class space    used 7204K, committed 7872K, reserved 1048576K
}
Event: 60.938 GC heap after
{Heap after GC invocations=265 (full 13):
 PSYoungGen      total 18944K, used 6113K [0x00000000eab00000, 0x00000000ec580000, 0x0000000100000000)
  eden space 12800K, 0% used [0x00000000eab00000,0x00000000eab00000,0x00000000eb780000)
  from space 6144K, 99% used [0x00000000eb780000,0x00000000ebd78438,0x00000000ebd80000)
  to   space 7168K, 0% used [0x00000000ebe80000,0x00000000ebe80000,0x00000000ec580000)
 ParOldGen       total 256000K, used 255214K [0x00000000c0000000, 0x00000000cfa00000, 0x00000000eab00000)
  object space 256000K, 99% used [0x00000000c0000000,0x00000000cf93ba78,0x00000000cfa00000)
 Metaspace       used 69839K, committed 71296K, reserved 1114112K
  class space    used 7204K, committed 7872K, reserved 1048576K
}
Event: 61.038 GC heap before
{Heap before GC invocations=266 (full 13):
 PSYoungGen      total 18944K, used 18913K [0x00000000eab00000, 0x00000000ec580000, 0x0000000100000000)
  eden space 12800K, 100% used [0x00000000eab00000,0x00000000eb780000,0x00000000eb780000)
  from space 6144K, 99% used [0x00000000eb780000,0x00000000ebd78438,0x00000000ebd80000)
  to   space 7168K, 0% used [0x00000000ebe80000,0x00000000ebe80000,0x00000000ec580000)
 ParOldGen       total 256000K, used 255214K [0x00000000c0000000, 0x00000000cfa00000, 0x00000000eab00000)
  object space 256000K, 99% used [0x00000000c0000000,0x00000000cf93ba78,0x00000000cfa00000)
 Metaspace       used 69995K, committed 71424K, reserved 1114112K
  class space    used 7219K, committed 7872K, reserved 1048576K
}
Event: 61.045 GC heap after
{Heap after GC invocations=266 (full 13):
 PSYoungGen      total 19968K, used 6993K [0x00000000eab00000, 0x00000000ec580000, 0x0000000100000000)
  eden space 12800K, 0% used [0x00000000eab00000,0x00000000eab00000,0x00000000eb780000)
  from space 7168K, 97% used [0x00000000ebe80000,0x00000000ec554428,0x00000000ec580000)
  to   space 7168K, 0% used [0x00000000eb780000,0x00000000eb780000,0x00000000ebe80000)
 ParOldGen       total 256000K, used 255510K [0x00000000c0000000, 0x00000000cfa00000, 0x00000000eab00000)
  object space 256000K, 99% used [0x00000000c0000000,0x00000000cf985a78,0x00000000cfa00000)
 Metaspace       used 69995K, committed 71424K, reserved 1114112K
  class space    used 7219K, committed 7872K, reserved 1048576K
}
Event: 61.146 GC heap before
{Heap before GC invocations=267 (full 13):
 PSYoungGen      total 19968K, used 19770K [0x00000000eab00000, 0x00000000ec580000, 0x0000000100000000)
  eden space 12800K, 99% used [0x00000000eab00000,0x00000000eb77a5f0,0x00000000eb780000)
  from space 7168K, 97% used [0x00000000ebe80000,0x00000000ec554428,0x00000000ec580000)
  to   space 7168K, 0% used [0x00000000eb780000,0x00000000eb780000,0x00000000ebe80000)
 ParOldGen       total 256000K, used 255510K [0x00000000c0000000, 0x00000000cfa00000, 0x00000000eab00000)
  object space 256000K, 99% used [0x00000000c0000000,0x00000000cf985a78,0x00000000cfa00000)
 Metaspace       used 70065K, committed 71424K, reserved 1114112K
  class space    used 7232K, committed 7872K, reserved 1048576K
}
Event: 61.151 GC heap after
{Heap after GC invocations=267 (full 13):
 PSYoungGen      total 19968K, used 7164K [0x00000000eab00000, 0x00000000ec880000, 0x0000000100000000)
  eden space 12800K, 0% used [0x00000000eab00000,0x00000000eab00000,0x00000000eb780000)
  from space 7168K, 99% used [0x00000000eb780000,0x00000000ebe7f028,0x00000000ebe80000)
  to   space 8704K, 0% used [0x00000000ec000000,0x00000000ec000000,0x00000000ec880000)
 ParOldGen       total 257024K, used 256631K [0x00000000c0000000, 0x00000000cfb00000, 0x00000000eab00000)
  object space 257024K, 99% used [0x00000000c0000000,0x00000000cfa9de88,0x00000000cfb00000)
 Metaspace       used 70065K, committed 71424K, reserved 1114112K
  class space    used 7232K, committed 7872K, reserved 1048576K
}
Event: 61.491 GC heap before
{Heap before GC invocations=268 (full 14):
 PSYoungGen      total 19968K, used 19964K [0x00000000eab00000, 0x00000000ec880000, 0x0000000100000000)
  eden space 12800K, 100% used [0x00000000eab00000,0x00000000eb780000,0x00000000eb780000)
  from space 7168K, 99% used [0x00000000eb780000,0x00000000ebe7f028,0x00000000ebe80000)
  to   space 8704K, 0% used [0x00000000ec000000,0x00000000ec000000,0x00000000ec880000)
 ParOldGen       total 257024K, used 256631K [0x00000000c0000000, 0x00000000cfb00000, 0x00000000eab00000)
  object space 257024K, 99% used [0x00000000c0000000,0x00000000cfa9de88,0x00000000cfb00000)
 Metaspace       used 70562K, committed 71936K, reserved 1114112K
  class space    used 7277K, committed 7936K, reserved 1048576K
}
Event: 61.612 GC heap after
{Heap after GC invocations=268 (full 14):
 PSYoungGen      total 21504K, used 0K [0x00000000eab00000, 0x00000000ec880000, 0x0000000100000000)
  eden space 12800K, 0% used [0x00000000eab00000,0x00000000eab00000,0x00000000eb780000)
  from space 8704K, 0% used [0x00000000ec000000,0x00000000ec000000,0x00000000ec880000)
  to   space 8704K, 0% used [0x00000000eb780000,0x00000000eb780000,0x00000000ec000000)
 ParOldGen       total 229376K, used 180460K [0x00000000c0000000, 0x00000000ce000000, 0x00000000eab00000)
  object space 229376K, 78% used [0x00000000c0000000,0x00000000cb03b338,0x00000000ce000000)
 Metaspace       used 70562K, committed 71936K, reserved 1114112K
  class space    used 7277K, committed 7936K, reserved 1048576K
}
Event: 61.765 GC heap before
{Heap before GC invocations=269 (full 14):
 PSYoungGen      total 21504K, used 12800K [0x00000000eab00000, 0x00000000ec880000, 0x0000000100000000)
  eden space 12800K, 100% used [0x00000000eab00000,0x00000000eb780000,0x00000000eb780000)
  from space 8704K, 0% used [0x00000000ec000000,0x00000000ec000000,0x00000000ec880000)
  to   space 8704K, 0% used [0x00000000eb780000,0x00000000eb780000,0x00000000ec000000)
 ParOldGen       total 229376K, used 180460K [0x00000000c0000000, 0x00000000ce000000, 0x00000000eab00000)
  object space 229376K, 78% used [0x00000000c0000000,0x00000000cb03b338,0x00000000ce000000)
 Metaspace       used 70569K, committed 71936K, reserved 1114112K
  class space    used 7277K, committed 7936K, reserved 1048576K
}

Dll operation events (10 events):
Event: 0.024 Loaded shared library c:\Users\Cesar\.vscode\extensions\redhat.java-1.36.0-win32-x64\jre\17.0.13-win32-x86_64\bin\java.dll
Event: 0.356 Loaded shared library c:\Users\Cesar\.vscode\extensions\redhat.java-1.36.0-win32-x64\jre\17.0.13-win32-x86_64\bin\zip.dll
Event: 0.361 Loaded shared library C:\Users\Cesar\.vscode\extensions\redhat.java-1.36.0-win32-x64\jre\17.0.13-win32-x86_64\bin\instrument.dll
Event: 0.377 Loaded shared library C:\Users\Cesar\.vscode\extensions\redhat.java-1.36.0-win32-x64\jre\17.0.13-win32-x86_64\bin\net.dll
Event: 0.380 Loaded shared library C:\Users\Cesar\.vscode\extensions\redhat.java-1.36.0-win32-x64\jre\17.0.13-win32-x86_64\bin\nio.dll
Event: 0.393 Loaded shared library C:\Users\Cesar\.vscode\extensions\redhat.java-1.36.0-win32-x64\jre\17.0.13-win32-x86_64\bin\zip.dll
Event: 0.424 Loaded shared library C:\Users\Cesar\.vscode\extensions\redhat.java-1.36.0-win32-x64\jre\17.0.13-win32-x86_64\bin\jimage.dll
Event: 0.495 Loaded shared library c:\Users\Cesar\.vscode\extensions\redhat.java-1.36.0-win32-x64\jre\17.0.13-win32-x86_64\bin\verify.dll
Event: 3.062 Loaded shared library C:\Users\Cesar\AppData\Roaming\Code\User\globalStorage\redhat.java\1.36.0\config_win\org.eclipse.equinox.launcher\org.eclipse.equinox.launcher.win32.win32.x86_64_1.2.1100.v20240722-2106\eclipse_11904.dll
Event: 6.643 Loaded shared library C:\Users\Cesar\AppData\Local\Temp\jna-64998434\jna11751781067126715349.dll

Deoptimization events (20 events):
Event: 61.266 Thread 0x0000026ba26b5020 Uncommon trap: trap_request=0xffffffde fr.pc=0x0000026b92ebd0d4 relative=0x0000000000001b14
Event: 61.266 Thread 0x0000026ba26b5020 Uncommon trap: reason=class_check action=maybe_recompile pc=0x0000026b92ebd0d4 method=java.nio.file.FileTreeWalker.next()Ljava/nio/file/FileTreeWalker$Event; @ 37 c2
Event: 61.266 Thread 0x0000026ba26b5020 DEOPT PACKING pc=0x0000026b92ebd0d4 sp=0x000000f9188febd0
Event: 61.266 Thread 0x0000026ba26b5020 DEOPT UNPACKING pc=0x0000026b926c66a3 sp=0x000000f9188febe0 mode 2
Event: 61.266 Thread 0x0000026ba26b5020 Uncommon trap: trap_request=0xffffffc6 fr.pc=0x0000026b92ddb020 relative=0x0000000000000080
Event: 61.266 Thread 0x0000026ba26b5020 Uncommon trap: reason=bimorphic_or_optimized_type_check action=maybe_recompile pc=0x0000026b92ddb020 method=java.nio.file.Files.provider(Ljava/nio/file/Path;)Ljava/nio/file/spi/FileSystemProvider; @ 1 c2
Event: 61.267 Thread 0x0000026ba26b5020 DEOPT PACKING pc=0x0000026b92ddb020 sp=0x000000f9188fea60
Event: 61.267 Thread 0x0000026ba26b5020 DEOPT UNPACKING pc=0x0000026b926c66a3 sp=0x000000f9188fe9f0 mode 2
Event: 61.267 Thread 0x0000026ba26b5020 Uncommon trap: trap_request=0xffffffc6 fr.pc=0x0000026b92ddb020 relative=0x0000000000000080
Event: 61.267 Thread 0x0000026ba26b5020 Uncommon trap: reason=bimorphic_or_optimized_type_check action=maybe_recompile pc=0x0000026b92ddb020 method=java.nio.file.Files.provider(Ljava/nio/file/Path;)Ljava/nio/file/spi/FileSystemProvider; @ 1 c2
Event: 61.267 Thread 0x0000026ba26b5020 DEOPT PACKING pc=0x0000026b92ddb020 sp=0x000000f9188fea60
Event: 61.267 Thread 0x0000026ba26b5020 DEOPT UNPACKING pc=0x0000026b926c66a3 sp=0x000000f9188fe9f0 mode 2
Event: 61.269 Thread 0x0000026ba26b5020 Uncommon trap: trap_request=0xffffffc6 fr.pc=0x0000026b92ddb020 relative=0x0000000000000080
Event: 61.269 Thread 0x0000026ba26b5020 Uncommon trap: reason=bimorphic_or_optimized_type_check action=maybe_recompile pc=0x0000026b92ddb020 method=java.nio.file.Files.provider(Ljava/nio/file/Path;)Ljava/nio/file/spi/FileSystemProvider; @ 1 c2
Event: 61.269 Thread 0x0000026ba26b5020 DEOPT PACKING pc=0x0000026b92ddb020 sp=0x000000f9188fea60
Event: 61.269 Thread 0x0000026ba26b5020 DEOPT UNPACKING pc=0x0000026b926c66a3 sp=0x000000f9188fe9f0 mode 2
Event: 61.318 Thread 0x0000026ba26b5020 Uncommon trap: trap_request=0xffffff45 fr.pc=0x0000026b932d1944 relative=0x00000000000003c4
Event: 61.318 Thread 0x0000026ba26b5020 Uncommon trap: reason=unstable_if action=reinterpret pc=0x0000026b932d1944 method=sun.nio.fs.NativeBuffers.releaseNativeBuffer(Lsun/nio/fs/NativeBuffer;)V @ 35 c2
Event: 61.318 Thread 0x0000026ba26b5020 DEOPT PACKING pc=0x0000026b932d1944 sp=0x000000f9188feaf0
Event: 61.318 Thread 0x0000026ba26b5020 DEOPT UNPACKING pc=0x0000026b926c66a3 sp=0x000000f9188fea98 mode 2

Classes loaded (20 events):
Event: 60.961 Loading class java/nio/file/attribute/PosixFileAttributes
Event: 60.961 Loading class java/nio/file/attribute/PosixFileAttributes done
Event: 61.029 Loading class java/util/regex/PatternSyntaxException
Event: 61.029 Loading class java/util/regex/PatternSyntaxException done
Event: 61.224 Loading class java/util/TreeMap$ValueSpliterator
Event: 61.225 Loading class java/util/TreeMap$TreeMapSpliterator
Event: 61.225 Loading class java/util/TreeMap$TreeMapSpliterator done
Event: 61.225 Loading class java/util/TreeMap$ValueSpliterator done
Event: 61.254 Loading class java/util/concurrent/CompletionException
Event: 61.254 Loading class java/util/concurrent/CompletionException done
Event: 61.261 Loading class java/nio/file/FileTreeWalker$1
Event: 61.261 Loading class java/nio/file/FileTreeWalker$1 done
Event: 61.262 Loading class sun/nio/fs/Globs
Event: 61.263 Loading class sun/nio/fs/Globs done
Event: 61.263 Loading class java/util/regex/Pattern$SliceU
Event: 61.263 Loading class java/util/regex/Pattern$SliceU done
Event: 61.263 Loading class sun/nio/fs/WindowsFileSystem$2
Event: 61.263 Loading class java/nio/file/PathMatcher
Event: 61.263 Loading class java/nio/file/PathMatcher done
Event: 61.264 Loading class sun/nio/fs/WindowsFileSystem$2 done

Classes unloaded (9 events):
Event: 9.802 Thread 0x0000026b9c339970 Unloading class 0x0000000100254000 'java/lang/invoke/LambdaForm$MH+0x0000000100254000'
Event: 9.802 Thread 0x0000026b9c339970 Unloading class 0x0000000100253c00 'java/lang/invoke/LambdaForm$MH+0x0000000100253c00'
Event: 9.802 Thread 0x0000026b9c339970 Unloading class 0x0000000100253800 'java/lang/invoke/LambdaForm$MH+0x0000000100253800'
Event: 9.802 Thread 0x0000026b9c339970 Unloading class 0x0000000100253400 'java/lang/invoke/LambdaForm$MH+0x0000000100253400'
Event: 9.802 Thread 0x0000026b9c339970 Unloading class 0x0000000100253000 'java/lang/invoke/LambdaForm$BMH+0x0000000100253000'
Event: 9.802 Thread 0x0000026b9c339970 Unloading class 0x0000000100252c00 'java/lang/invoke/LambdaForm$DMH+0x0000000100252c00'
Event: 9.802 Thread 0x0000026b9c339970 Unloading class 0x0000000100250400 'java/lang/invoke/LambdaForm$DMH+0x0000000100250400'
Event: 52.249 Thread 0x0000026b9c339970 Unloading class 0x0000000100748800 'java/lang/invoke/LambdaForm$MH+0x0000000100748800'
Event: 52.249 Thread 0x0000026b9c339970 Unloading class 0x0000000100748000 'java/lang/invoke/LambdaForm$DMH+0x0000000100748000'

Classes redefined (0 events):
No events

Internal exceptions (20 events):
Event: 61.758 Thread 0x0000026ba26b5020 Exception <a 'sun/nio/fs/WindowsException'{0x00000000eb6d2778}> (0x00000000eb6d2778) 
thrown [s\src\hotspot\share\prims\jni.cpp, line 516]
Event: 61.758 Thread 0x0000026ba26b5020 Exception <a 'sun/nio/fs/WindowsException'{0x00000000eb6d2db0}> (0x00000000eb6d2db0) 
thrown [s\src\hotspot\share\prims\jni.cpp, line 516]
Event: 61.758 Thread 0x0000026ba26b5020 Exception <a 'sun/nio/fs/WindowsException'{0x00000000eb6d33e8}> (0x00000000eb6d33e8) 
thrown [s\src\hotspot\share\prims\jni.cpp, line 516]
Event: 61.758 Thread 0x0000026ba26b5020 Exception <a 'sun/nio/fs/WindowsException'{0x00000000eb6d3a40}> (0x00000000eb6d3a40) 
thrown [s\src\hotspot\share\prims\jni.cpp, line 516]
Event: 61.761 Thread 0x0000026ba26b5020 Exception <a 'sun/nio/fs/WindowsException'{0x00000000eb707f78}> (0x00000000eb707f78) 
thrown [s\src\hotspot\share\prims\jni.cpp, line 516]
Event: 61.761 Thread 0x0000026ba26b5020 Exception <a 'sun/nio/fs/WindowsException'{0x00000000eb7085b0}> (0x00000000eb7085b0) 
thrown [s\src\hotspot\share\prims\jni.cpp, line 516]
Event: 61.761 Thread 0x0000026ba26b5020 Exception <a 'sun/nio/fs/WindowsException'{0x00000000eb708be8}> (0x00000000eb708be8) 
thrown [s\src\hotspot\share\prims\jni.cpp, line 516]
Event: 61.761 Thread 0x0000026ba26b5020 Exception <a 'sun/nio/fs/WindowsException'{0x00000000eb709240}> (0x00000000eb709240) 
thrown [s\src\hotspot\share\prims\jni.cpp, line 516]
Event: 61.763 Thread 0x0000026ba26b5020 Exception <a 'sun/nio/fs/WindowsException'{0x00000000eb70cea0}> (0x00000000eb70cea0) 
thrown [s\src\hotspot\share\prims\jni.cpp, line 516]
Event: 61.763 Thread 0x0000026ba26b5020 Exception <a 'sun/nio/fs/WindowsException'{0x00000000eb70d4d8}> (0x00000000eb70d4d8) 
thrown [s\src\hotspot\share\prims\jni.cpp, line 516]
Event: 61.763 Thread 0x0000026ba26b5020 Exception <a 'sun/nio/fs/WindowsException'{0x00000000eb70db10}> (0x00000000eb70db10) 
thrown [s\src\hotspot\share\prims\jni.cpp, line 516]
Event: 61.763 Thread 0x0000026ba26b5020 Exception <a 'sun/nio/fs/WindowsException'{0x00000000eb70e168}> (0x00000000eb70e168) 
thrown [s\src\hotspot\share\prims\jni.cpp, line 516]
Event: 61.764 Thread 0x0000026ba26b5020 Exception <a 'sun/nio/fs/WindowsException'{0x00000000eb7118c8}> (0x00000000eb7118c8) 
thrown [s\src\hotspot\share\prims\jni.cpp, line 516]
Event: 61.764 Thread 0x0000026ba26b5020 Exception <a 'sun/nio/fs/WindowsException'{0x00000000eb711f00}> (0x00000000eb711f00) 
thrown [s\src\hotspot\share\prims\jni.cpp, line 516]
Event: 61.764 Thread 0x0000026ba26b5020 Exception <a 'sun/nio/fs/WindowsException'{0x00000000eb712538}> (0x00000000eb712538) 
thrown [s\src\hotspot\share\prims\jni.cpp, line 516]
Event: 61.764 Thread 0x0000026ba26b5020 Exception <a 'sun/nio/fs/WindowsException'{0x00000000eb7424e8}> (0x00000000eb7424e8) 
thrown [s\src\hotspot\share\prims\jni.cpp, line 516]
Event: 61.765 Thread 0x0000026ba26b5020 Exception <a 'sun/nio/fs/WindowsException'{0x00000000eb745978}> (0x00000000eb745978) 
thrown [s\src\hotspot\share\prims\jni.cpp, line 516]
Event: 61.765 Thread 0x0000026ba26b5020 Exception <a 'sun/nio/fs/WindowsException'{0x00000000eb745fb0}> (0x00000000eb745fb0) 
thrown [s\src\hotspot\share\prims\jni.cpp, line 516]
Event: 61.765 Thread 0x0000026ba26b5020 Exception <a 'sun/nio/fs/WindowsException'{0x00000000eb7465e8}> (0x00000000eb7465e8) 
thrown [s\src\hotspot\share\prims\jni.cpp, line 516]
Event: 61.765 Thread 0x0000026ba26b5020 Exception <a 'sun/nio/fs/WindowsException'{0x00000000eb746c40}> (0x00000000eb746c40) 
thrown [s\src\hotspot\share\prims\jni.cpp, line 516]

VM Operations (20 events):
Event: 60.938 Executing VM operation: ParallelGCFailedAllocation done
Event: 61.038 Executing VM operation: ParallelGCFailedAllocation
Event: 61.045 Executing VM operation: ParallelGCFailedAllocation done
Event: 61.137 Executing VM operation: HandshakeAllThreads
Event: 61.137 Executing VM operation: HandshakeAllThreads done
Event: 61.137 Executing VM operation: HandshakeAllThreads
Event: 61.137 Executing VM operation: HandshakeAllThreads done
Event: 61.145 Executing VM operation: ParallelGCFailedAllocation
Event: 61.152 Executing VM operation: ParallelGCFailedAllocation done
Event: 61.177 Executing VM operation: HandshakeAllThreads
Event: 61.177 Executing VM operation: HandshakeAllThreads done
Event: 61.194 Executing VM operation: HandshakeAllThreads
Event: 61.195 Executing VM operation: HandshakeAllThreads done
Event: 61.261 Executing VM operation: HandshakeAllThreads
Event: 61.261 Executing VM operation: HandshakeAllThreads done
Event: 61.265 Executing VM operation: HandshakeAllThreads
Event: 61.265 Executing VM operation: HandshakeAllThreads done
Event: 61.491 Executing VM operation: ParallelGCFailedAllocation
Event: 61.612 Executing VM operation: ParallelGCFailedAllocation done
Event: 61.765 Executing VM operation: ParallelGCFailedAllocation

Memory protections (0 events):
No events

Nmethod flushes (20 events):
Event: 61.301 Thread 0x0000026ba160f7a0 flushing  nmethod 0x0000026b8c5d4810
Event: 61.301 Thread 0x0000026ba160f7a0 flushing  nmethod 0x0000026b8c5d5c90
Event: 61.301 Thread 0x0000026ba160f7a0 flushing  nmethod 0x0000026b8c5d6610
Event: 61.301 Thread 0x0000026ba160f7a0 flushing  nmethod 0x0000026b8c5e0c10
Event: 61.301 Thread 0x0000026ba160f7a0 flushing  nmethod 0x0000026b8c5e5490
Event: 61.301 Thread 0x0000026ba160f7a0 flushing  nmethod 0x0000026b8c5e9310
Event: 61.302 Thread 0x0000026ba160f7a0 flushing  nmethod 0x0000026b8c604310
Event: 61.302 Thread 0x0000026ba160f7a0 flushing  nmethod 0x0000026b8c610f10
Event: 61.302 Thread 0x0000026ba160f7a0 flushing  nmethod 0x0000026b8c617d10
Event: 61.302 Thread 0x0000026ba160f7a0 flushing  nmethod 0x0000026b8c618090
Event: 61.302 Thread 0x0000026ba160f7a0 flushing  nmethod 0x0000026b8c632f90
Event: 61.302 Thread 0x0000026ba160f7a0 flushing  nmethod 0x0000026b8c639a90
Event: 61.302 Thread 0x0000026ba160f7a0 flushing  nmethod 0x0000026b8c63a910
Event: 61.302 Thread 0x0000026ba160f7a0 flushing  nmethod 0x0000026b8c64c810
Event: 61.302 Thread 0x0000026ba160f7a0 flushing  nmethod 0x0000026b8c653f90
Event: 61.302 Thread 0x0000026ba160f7a0 flushing  nmethod 0x0000026b8c656d90
Event: 61.303 Thread 0x0000026ba160f7a0 flushing  nmethod 0x0000026b8c675190
Event: 61.304 Thread 0x0000026ba160f7a0 flushing  nmethod 0x0000026b8c760510
Event: 61.304 Thread 0x0000026ba160f7a0 flushing  nmethod 0x0000026b8c76d790
Event: 61.304 Thread 0x0000026ba160f7a0 flushing  nmethod 0x0000026b8c781390

Events (20 events):
Event: 58.383 Thread 0x0000026ba26b8ce0 Thread added: 0x0000026ba4b59cf0
Event: 58.383 Thread 0x0000026ba26b8ce0 Thread added: 0x0000026ba4b5ac20
Event: 58.385 Thread 0x0000026b8855a410 Thread added: 0x0000026ba6f279b0
Event: 58.861 Thread 0x0000026ba4b5cf90 Thread exited: 0x0000026ba4b5cf90
Event: 58.861 Thread 0x0000026ba4b5ac20 Thread exited: 0x0000026ba4b5ac20
Event: 58.861 Thread 0x0000026ba4b59cf0 Thread exited: 0x0000026ba4b59cf0
Event: 58.878 Thread 0x0000026ba4b592d0 Thread exited: 0x0000026ba4b592d0
Event: 58.879 Thread 0x0000026ba4b5a710 Thread exited: 0x0000026ba4b5a710
Event: 59.772 Thread 0x0000026ba6f279b0 Thread exited: 0x0000026ba6f279b0
Event: 60.226 Thread 0x0000026ba26b8ce0 Thread added: 0x0000026ba4b59cf0
Event: 60.226 Thread 0x0000026ba26b8ce0 Thread added: 0x0000026ba4b5a710
Event: 60.226 Thread 0x0000026ba26b8ce0 Thread added: 0x0000026ba4b5ac20
Event: 60.226 Thread 0x0000026ba26b8ce0 Thread added: 0x0000026ba4b5d9b0
Event: 60.227 Thread 0x0000026ba26b8ce0 Thread added: 0x0000026ba4b5bb50
Event: 60.519 Thread 0x0000026ba4b5ac20 Thread exited: 0x0000026ba4b5ac20
Event: 60.519 Thread 0x0000026ba4b5bb50 Thread exited: 0x0000026ba4b5bb50
Event: 60.520 Thread 0x0000026ba4b59cf0 Thread exited: 0x0000026ba4b59cf0
Event: 60.520 Thread 0x0000026ba4b5d9b0 Thread exited: 0x0000026ba4b5d9b0
Event: 60.520 Thread 0x0000026ba4b5a710 Thread exited: 0x0000026ba4b5a710
Event: 60.836 Thread 0x0000026b8855a410 Thread added: 0x0000026ba6f289a0


Dynamic libraries:
0x00007ff66eed0000 - 0x00007ff66eede000 	c:\Users\Cesar\.vscode\extensions\redhat.java-1.36.0-win32-x64\jre\17.0.13-win32-x86_64\bin\java.exe
0x00007fff8adb0000 - 0x00007fff8afa8000 	C:\Windows\SYSTEM32\ntdll.dll
0x00007fff8a2e0000 - 0x00007fff8a3a2000 	C:\Windows\System32\KERNEL32.DLL
0x00007fff88580000 - 0x00007fff8887e000 	C:\Windows\System32\KERNELBASE.dll
0x00007fff88c80000 - 0x00007fff88d80000 	C:\Windows\System32\ucrtbase.dll
0x00007fff7ea30000 - 0x00007fff7ea47000 	c:\Users\Cesar\.vscode\extensions\redhat.java-1.36.0-win32-x64\jre\17.0.13-win32-x86_64\bin\jli.dll
0x00007fff892a0000 - 0x00007fff8943d000 	C:\Windows\System32\USER32.dll
0x00007fff88550000 - 0x00007fff88572000 	C:\Windows\System32\win32u.dll
0x00007fff88ff0000 - 0x00007fff8901b000 	C:\Windows\System32\GDI32.dll
0x00007fff88ab0000 - 0x00007fff88bc7000 	C:\Windows\System32\gdi32full.dll
0x00007fff889e0000 - 0x00007fff88a7d000 	C:\Windows\System32\msvcp_win.dll
0x00007fff800d0000 - 0x00007fff800ee000 	c:\Users\Cesar\.vscode\extensions\redhat.java-1.36.0-win32-x64\jre\17.0.13-win32-x86_64\bin\VCRUNTIME140.dll
0x00007fff6fab0000 - 0x00007fff6fd4a000 	C:\Windows\WinSxS\amd64_microsoft.windows.common-controls_6595b64144ccf1df_6.0.19041.4355_none_60b8b9eb71f62e16\COMCTL32.dll
0x00007fff89200000 - 0x00007fff8929e000 	C:\Windows\System32\msvcrt.dll
0x00007fff88fc0000 - 0x00007fff88fef000 	C:\Windows\System32\IMM32.DLL
0x00007fff83710000 - 0x00007fff8371c000 	c:\Users\Cesar\.vscode\extensions\redhat.java-1.36.0-win32-x64\jre\17.0.13-win32-x86_64\bin\vcruntime140_1.dll
0x00007fff5c1b0000 - 0x00007fff5c23d000 	c:\Users\Cesar\.vscode\extensions\redhat.java-1.36.0-win32-x64\jre\17.0.13-win32-x86_64\bin\msvcp140.dll
0x00007fff2ebe0000 - 0x00007fff2f84b000 	c:\Users\Cesar\.vscode\extensions\redhat.java-1.36.0-win32-x64\jre\17.0.13-win32-x86_64\bin\server\jvm.dll
0x00007fff8acb0000 - 0x00007fff8ad61000 	C:\Windows\System32\ADVAPI32.dll
0x00007fff8a3b0000 - 0x00007fff8a44f000 	C:\Windows\System32\sechost.dll
0x00007fff89b60000 - 0x00007fff89c83000 	C:\Windows\System32\RPCRT4.dll
0x00007fff88a80000 - 0x00007fff88aa7000 	C:\Windows\System32\bcrypt.dll
0x00007fff88eb0000 - 0x00007fff88f1b000 	C:\Windows\System32\WS2_32.dll
0x00007fff87950000 - 0x00007fff8799b000 	C:\Windows\SYSTEM32\POWRPROF.dll
0x00007fff717a0000 - 0x00007fff717c7000 	C:\Windows\SYSTEM32\WINMM.dll
0x00007fff7f1c0000 - 0x00007fff7f1ca000 	C:\Windows\SYSTEM32\VERSION.dll
0x00007fff87810000 - 0x00007fff87822000 	C:\Windows\SYSTEM32\UMPDC.dll
0x00007fff86c30000 - 0x00007fff86c42000 	C:\Windows\SYSTEM32\kernel.appcore.dll
0x00007fff83670000 - 0x00007fff8367a000 	c:\Users\Cesar\.vscode\extensions\redhat.java-1.36.0-win32-x64\jre\17.0.13-win32-x86_64\bin\jimage.dll
0x00007fff86000000 - 0x00007fff861e4000 	C:\Windows\SYSTEM32\DBGHELP.DLL
0x00007fff6f330000 - 0x00007fff6f364000 	C:\Windows\SYSTEM32\dbgcore.DLL
0x00007fff88450000 - 0x00007fff884d2000 	C:\Windows\System32\bcryptPrimitives.dll
0x00007fff80050000 - 0x00007fff8005e000 	c:\Users\Cesar\.vscode\extensions\redhat.java-1.36.0-win32-x64\jre\17.0.13-win32-x86_64\bin\instrument.dll
0x00007fff7e9b0000 - 0x00007fff7e9d5000 	c:\Users\Cesar\.vscode\extensions\redhat.java-1.36.0-win32-x64\jre\17.0.13-win32-x86_64\bin\java.dll
0x00007fff7ea10000 - 0x00007fff7ea28000 	c:\Users\Cesar\.vscode\extensions\redhat.java-1.36.0-win32-x64\jre\17.0.13-win32-x86_64\bin\zip.dll
0x00007fff8a4b0000 - 0x00007fff8ac1d000 	C:\Windows\System32\SHELL32.dll
0x00007fff86470000 - 0x00007fff86c14000 	C:\Windows\SYSTEM32\windows.storage.dll
0x00007fff89ca0000 - 0x00007fff89ff3000 	C:\Windows\System32\combase.dll
0x00007fff87da0000 - 0x00007fff87dce000 	C:\Windows\SYSTEM32\Wldp.dll
0x00007fff8a060000 - 0x00007fff8a12d000 	C:\Windows\System32\OLEAUT32.dll
0x00007fff89440000 - 0x00007fff894ed000 	C:\Windows\System32\SHCORE.dll
0x00007fff88e50000 - 0x00007fff88ea5000 	C:\Windows\System32\shlwapi.dll
0x00007fff88380000 - 0x00007fff883a4000 	C:\Windows\SYSTEM32\profapi.dll
0x00007fff72b10000 - 0x00007fff72b29000 	C:\Users\Cesar\.vscode\extensions\redhat.java-1.36.0-win32-x64\jre\17.0.13-win32-x86_64\bin\net.dll
0x00007fff7fa60000 - 0x00007fff7fb6d000 	C:\Windows\SYSTEM32\WINHTTP.dll
0x00007fff87b80000 - 0x00007fff87bea000 	C:\Windows\system32\mswsock.dll
0x00007fff72af0000 - 0x00007fff72b06000 	C:\Users\Cesar\.vscode\extensions\redhat.java-1.36.0-win32-x64\jre\17.0.13-win32-x86_64\bin\nio.dll
0x00007fff7bd00000 - 0x00007fff7bd10000 	c:\Users\Cesar\.vscode\extensions\redhat.java-1.36.0-win32-x64\jre\17.0.13-win32-x86_64\bin\verify.dll
0x00007fff6c6b0000 - 0x00007fff6c6f5000 	C:\Users\Cesar\AppData\Roaming\Code\User\globalStorage\redhat.java\1.36.0\config_win\org.eclipse.equinox.launcher\org.eclipse.equinox.launcher.win32.win32.x86_64_1.2.1100.v20240722-2106\eclipse_11904.dll
0x00007fff890d0000 - 0x00007fff891fb000 	C:\Windows\System32\ole32.dll
0x00007fff880f0000 - 0x00007fff88108000 	C:\Windows\SYSTEM32\CRYPTSP.dll
0x00007fff87450000 - 0x00007fff87484000 	C:\Windows\system32\rsaenh.dll
0x00007fff88300000 - 0x00007fff8832e000 	C:\Windows\SYSTEM32\USERENV.dll
0x00007fff87d10000 - 0x00007fff87d1c000 	C:\Windows\SYSTEM32\CRYPTBASE.dll
0x00007fff87830000 - 0x00007fff8786b000 	C:\Windows\SYSTEM32\IPHLPAPI.DLL
0x00007fff88f20000 - 0x00007fff88f28000 	C:\Windows\System32\NSI.dll
0x00007fff80c50000 - 0x00007fff80c67000 	C:\Windows\SYSTEM32\dhcpcsvc6.DLL
0x00007fff82710000 - 0x00007fff8272d000 	C:\Windows\SYSTEM32\dhcpcsvc.DLL
0x00007fff87870000 - 0x00007fff8793a000 	C:\Windows\SYSTEM32\DNSAPI.dll
0x00007fff5d760000 - 0x00007fff5d7a9000 	C:\Users\Cesar\AppData\Local\Temp\jna-64998434\jna11751781067126715349.dll
0x00007fff8aca0000 - 0x00007fff8aca8000 	C:\Windows\System32\PSAPI.DLL

dbghelp: loaded successfully - version: 4.0.5 - missing functions: none
symbol engine: initialized successfully - sym options: 0x614 - pdb path: .;c:\Users\Cesar\.vscode\extensions\redhat.java-1.36.0-win32-x64\jre\17.0.13-win32-x86_64\bin;C:\Windows\SYSTEM32;C:\Windows\WinSxS\amd64_microsoft.windows.common-controls_6595b64144ccf1df_6.0.19041.4355_none_60b8b9eb71f62e16;c:\Users\Cesar\.vscode\extensions\redhat.java-1.36.0-win32-x64\jre\17.0.13-win32-x86_64\bin\server;C:\Users\Cesar\AppData\Roaming\Code\User\globalStorage\redhat.java\1.36.0\config_win\org.eclipse.equinox.launcher\org.eclipse.equinox.launcher.win32.win32.x86_64_1.2.1100.v20240722-2106;C:\Users\Cesar\AppData\Local\Temp\jna-64998434

VM Arguments:
jvm_args: --add-modules=ALL-SYSTEM --add-opens=java.base/java.util=ALL-UNNAMED --add-opens=java.base/java.lang=ALL-UNNAMED --add-opens=java.base/sun.nio.fs=ALL-UNNAMED -Declipse.application=org.eclipse.jdt.ls.core.id1 -Dosgi.bundles.defaultStartLevel=4 -Declipse.product=org.eclipse.jdt.ls.core.product -Djava.import.generatesMetadataFilesAtProjectRoot=false -DDetectVMInstallationsJob.disabled=true -Dfile.encoding=utf8 -XX:+UseParallelGC -XX:GCTimeRatio=4 -XX:AdaptiveSizePolicyWeight=90 -Dsun.zip.disableMemoryMapping=true -Xmx1G -Xms100m -Xlog:disable -javaagent:c:\Users\Cesar\.vscode\extensions\redhat.java-1.36.0-win32-x64\lombok\lombok-1.18.35.jar -XX:+HeapDumpOnOutOfMemoryError -XX:HeapDumpPath=c:\Users\Cesar\AppData\Roaming\Code\User\workspaceStorage\53e68585b729e7424bba8c485f5dc05e\redhat.java -Daether.dependencyCollector.impl=bf 
java_command: c:\Users\Cesar\.vscode\extensions\redhat.java-1.36.0-win32-x64\server\plugins\org.eclipse.equinox.launcher_1.6.900.v20240613-2009.jar -configuration c:\Users\Cesar\AppData\Roaming\Code\User\globalStorage\redhat.java\1.36.0\config_win -data c:\Users\Cesar\AppData\Roaming\Code\User\workspaceStorage\53e68585b729e7424bba8c485f5dc05e\redhat.java\jdt_ws --pipe=\\.\pipe\lsp-0636d24d4ee6a3d899ff1729a3444cc1-sock
java_class_path (initial): c:\Users\Cesar\.vscode\extensions\redhat.java-1.36.0-win32-x64\server\plugins\org.eclipse.equinox.launcher_1.6.900.v20240613-2009.jar
Launcher Type: SUN_STANDARD

[Global flags]
    uintx AdaptiveSizePolicyWeight                 = 90                                        {product} {command line}
     intx CICompilerCount                          = 4                                         {product} {ergonomic}
    uintx GCTimeRatio                              = 4                                         {product} {command line}
     bool HeapDumpOnOutOfMemoryError               = true                                   {manageable} {command line}
    ccstr HeapDumpPath                             = c:\Users\Cesar\AppData\Roaming\Code\User\workspaceStorage\53e68585b729e7424bba8c485f5dc05e\redhat.java         {manageable} {command line}
   size_t InitialHeapSize                          = 104857600                                 {product} {command line}
   size_t MaxHeapSize                              = 1073741824                                {product} {command line}
   size_t MaxNewSize                               = 357564416                                 {product} {ergonomic}
   size_t MinHeapDeltaBytes                        = 524288                                    {product} {ergonomic}
   size_t MinHeapSize                              = 104857600                                 {product} {command line}
   size_t NewSize                                  = 34603008                                  {product} {ergonomic}
    uintx NonNMethodCodeHeapSize                   = 5839372                                {pd product} {ergonomic}
    uintx NonProfiledCodeHeapSize                  = 122909434                              {pd product} {ergonomic}
   size_t OldSize                                  = 70254592                                  {product} {ergonomic}
    uintx ProfiledCodeHeapSize                     = 122909434                              {pd product} {ergonomic}
    uintx ReservedCodeCacheSize                    = 251658240                              {pd product} {ergonomic}
     bool SegmentedCodeCache                       = true                                      {product} {ergonomic}
   size_t SoftMaxHeapSize                          = 1073741824                             {manageable} {ergonomic}
     bool UseCompressedClassPointers               = true                           {product lp64_product} {ergonomic}
     bool UseCompressedOops                        = true                           {product lp64_product} {ergonomic}
     bool UseLargePagesIndividualAllocation        = false                                  {pd product} {ergonomic}
     bool UseParallelGC                            = true                                      {product} {command line}

Logging:
Log output configuration:
 #0: stdout all=off uptime,level,tags
 #1: stderr all=off uptime,level,tags

Environment Variables:
JAVA_HOME=C:\Program Files\Java\jdk-23
PATH=C:\Program Files\Common Files\Oracle\Java\javapath;C:\Program Files (x86)\Common Files\Intel\Shared Libraries\redist\intel64_win\compiler;C:\Program Files\Python310\Scripts\;C:\Program Files\Python310\;C:\Windows\system32;C:\Windows;C:\Windows\System32\Wbem;C:\Windows\System32\WindowsPowerShell\v1.0\;C:\Windows\System32\OpenSSH\;C:\Program Files (x86)\NVIDIA Corporation\PhysX\Common;C:\Program Files\NVIDIA Corporation\NVIDIA NvDLISR;C:\Program Files\dotnet\;C:\Program Files\Microsoft SQL Server\Client SDK\ODBC\170\Tools\Binn\;C:\Program Files\Microsoft SQL Server\150\Tools\Binn\;F:\Descargas\ffmpeg-master-latest-win64-gpl-shared\ffmpeg-master-latest-win64-gpl-shared\bin;C:\Spring\jdk-23.0.1\bin;C:\maven\apache-maven-3.9.9\bin;%JAVA_HOME%\bin;C:\Program Files\Git\cmd;C:\Program Files\Git\bin;;C:\Program Files\Docker\Docker\resources\bin;C:\Users\Cesar\AppData\Local\Microsoft\WindowsApps;C:\Users\Cesar\.dotnet\tools;C:\Program Files\Python39\Scripts;C:\Program Files\Python39;C:\Users\Cesar\AppData\Roaming\Python\Python39\site-packages;C:\Program Files\Python39\Lib\site-packages;C:\Program Files\Python39\Lib\site-packages\django\template\backends;C:\Users\Cesar\AppData\Local\Programs\Microsoft VS Code\bin;C:\maven\apache-maven-3.9.9\bin;C:\Program Files\Git\bin;
USERNAME=Cesar
OS=Windows_NT
PROCESSOR_IDENTIFIER=Intel64 Family 6 Model 142 Stepping 10, GenuineIntel
TMP=C:\Users\Cesar\AppData\Local\Temp
TEMP=C:\Users\Cesar\AppData\Local\Temp



Periodic native trim disabled


---------------  S Y S T E M  ---------------

OS:
 Windows 10 , 64 bit Build 19041 (10.0.19041.5072)
OS uptime: 0 days 3:15 hours
Hyper-V role detected

CPU: total 8 (initial active 8) (4 cores per cpu, 2 threads per core) family 6 model 142 stepping 10 microcode 0xb4, cx8, cmov, fxsr, ht, mmx, 3dnowpref, sse, sse2, sse3, ssse3, sse4.1, sse4.2, popcnt, lzcnt, tsc, tscinvbit, avx, avx2, aes, erms, clmul, bmi1, bmi2, adx, fma, vzeroupper, clflush, clflushopt, hv
Processor Information for all 8 processors :
  Max Mhz: 1801, Current Mhz: 1801, Mhz Limit: 1801

Memory: 4k page, system-wide physical 16299M (1466M free)
TotalPageFile size 16299M (AvailPageFile size 13M)
current process WorkingSet (physical memory assigned to process): 593M, peak: 753M
current process commit charge ("private bytes"): 493M, peak: 669M

vm_info: OpenJDK 64-Bit Server VM (17.0.13+11) for windows-amd64 JRE (17.0.13+11), built on Oct 16 2024 00:10:08 by "admin" with MS VC++ 17.7 (VS2022)

END.
