#
# There is insufficient memory for the Java Runtime Environment to continue.
# Native memory allocation (malloc) failed to allocate 900608 bytes. Error detail: Chunk::new
# Possible reasons:
#   The system is out of physical RAM or swap space
#   This process is running with CompressedOops enabled, and the Java Heap may be blocking the growth of the native heap
# Possible solutions:
#   Reduce memory load on the system
#   Increase physical memory or swap space
#   Check if swap backing store is full
#   Decrease Java heap size (-Xmx/-Xms)
#   Decrease number of Java threads
#   Decrease Java thread stack sizes (-Xss)
#   Set larger code cache with -XX:ReservedCodeCacheSize=
#   JVM is running with Unscaled Compressed Oops mode in which the Java heap is
#     placed in the first 4GB address space. The Java Heap base address is the
#     maximum limit for the native heap growth. Please use -XX:HeapBaseMinAddress
#     to set the Java Heap base and to place the Java Heap above 4GB virtual address.
# This output file may be truncated or incomplete.
#
#  Out of Memory Error (arena.cpp:191), pid=2396, tid=9344
#
# JRE version: OpenJDK Runtime Environment Temurin-17.0.13+11 (17.0.13+11) (build 17.0.13+11)
# Java VM: OpenJDK 64-Bit Server VM Temurin-17.0.13+11 (17.0.13+11, mixed mode, tiered, compressed oops, compressed class ptrs, parallel gc, windows-amd64)
# No core dump will be written. Minidumps are not enabled by default on client versions of Windows
#

---------------  S U M M A R Y ------------

Command Line: --add-modules=ALL-SYSTEM --add-opens=java.base/java.util=ALL-UNNAMED --add-opens=java.base/java.lang=ALL-UNNAMED --add-opens=java.base/sun.nio.fs=ALL-UNNAMED -Declipse.application=org.eclipse.jdt.ls.core.id1 -Dosgi.bundles.defaultStartLevel=4 -Declipse.product=org.eclipse.jdt.ls.core.product -Djava.import.generatesMetadataFilesAtProjectRoot=false -DDetectVMInstallationsJob.disabled=true -Dfile.encoding=utf8 -XX:+UseParallelGC -XX:GCTimeRatio=4 -XX:AdaptiveSizePolicyWeight=90 -Dsun.zip.disableMemoryMapping=true -Xmx1G -Xms100m -Xlog:disable -javaagent:c:\Users\Cesar\.vscode\extensions\redhat.java-1.36.0-win32-x64\lombok\lombok-1.18.35.jar -XX:+HeapDumpOnOutOfMemoryError -XX:HeapDumpPath=c:\Users\Cesar\AppData\Roaming\Code\User\workspaceStorage\53e68585b729e7424bba8c485f5dc05e\redhat.java -Daether.dependencyCollector.impl=bf c:\Users\Cesar\.vscode\extensions\redhat.java-1.36.0-win32-x64\server\plugins\org.eclipse.equinox.launcher_1.6.900.v20240613-2009.jar -configuration c:\Users\Cesar\AppData\Roaming\Code\User\globalStorage\redhat.java\1.36.0\config_win -data c:\Users\Cesar\AppData\Roaming\Code\User\workspaceStorage\53e68585b729e7424bba8c485f5dc05e\redhat.java\jdt_ws --pipe=\\.\pipe\lsp-52584e95a84a3e950b84c05597d754dd-sock

Host: Intel(R) Core(TM) i5-8250U CPU @ 1.60GHz, 8 cores, 15G,  Windows 10 , 64 bit Build 19041 (10.0.19041.5072)
Time: Fri Nov 15 13:35:10 2024 Hora estándar de Venezuela elapsed time: 6.726318 seconds (0d 0h 0m 6s)

---------------  T H R E A D  ---------------

Current thread (0x00000220fd69a7a0):  JavaThread "C2 CompilerThread1" daemon [_thread_in_native, id=9344, stack(0x000000b420400000,0x000000b420500000)]


Current CompileTask:
C2:   6726 3522       4       jdk.internal.org.objectweb.asm.Frame::execute (2318 bytes)

Stack: [0x000000b420400000,0x000000b420500000]
Native frames: (J=compiled Java code, j=interpreted, Vv=VM code, C=native code)
V  [jvm.dll+0x682a19]
V  [jvm.dll+0x839538]
V  [jvm.dll+0x83afe3]
V  [jvm.dll+0x83b653]
V  [jvm.dll+0x24704f]
V  [jvm.dll+0xace34]
V  [jvm.dll+0xad4cc]
V  [jvm.dll+0x36597e]
V  [jvm.dll+0x1ba989]
V  [jvm.dll+0x2181a7]
V  [jvm.dll+0x21748f]
V  [jvm.dll+0x1a3070]
V  [jvm.dll+0x22788c]
V  [jvm.dll+0x2259eb]
V  [jvm.dll+0x7eec98]
V  [jvm.dll+0x7e8ffc]
V  [jvm.dll+0x6818f7]
C  [ucrtbase.dll+0x21bb2]
C  [KERNEL32.DLL+0x17374]
C  [ntdll.dll+0x4cc91]


---------------  P R O C E S S  ---------------

Threads class SMR info:
_java_thread_list=0x00000220fd9cd6c0, length=25, elements={
0x00000220e3454850, 0x00000220f72e6230, 0x00000220f72e7240, 0x00000220fc5bf2b0,
0x00000220fc5c0040, 0x00000220fc5c0dd0, 0x00000220fc5c47c0, 0x00000220fc5c9bc0,
0x00000220fc5cc590, 0x00000220fc5cd680, 0x00000220fc73dcb0, 0x00000220fc9232a0,
0x00000220fdc962f0, 0x00000220fde1b190, 0x00000220fe3fe010, 0x00000220fdcc4460,
0x00000220fde17a80, 0x00000220fe64a200, 0x00000220fe647e90, 0x00000220fe647980,
0x00000220fe64a710, 0x00000220fe648dc0, 0x00000220fe6492d0, 0x00000220fd69a7a0,
0x00000220fc8dcff0
}

Java Threads: ( => current thread )
  0x00000220e3454850 JavaThread "main" [_thread_blocked, id=9768, stack(0x000000b41e300000,0x000000b41e400000)]
  0x00000220f72e6230 JavaThread "Reference Handler" daemon [_thread_blocked, id=2912, stack(0x000000b41e600000,0x000000b41e700000)]
  0x00000220f72e7240 JavaThread "Finalizer" daemon [_thread_blocked, id=2708, stack(0x000000b41e700000,0x000000b41e800000)]
  0x00000220fc5bf2b0 JavaThread "Signal Dispatcher" daemon [_thread_blocked, id=5284, stack(0x000000b41e800000,0x000000b41e900000)]
  0x00000220fc5c0040 JavaThread "Attach Listener" daemon [_thread_blocked, id=740, stack(0x000000b41e900000,0x000000b41ea00000)]
  0x00000220fc5c0dd0 JavaThread "Service Thread" daemon [_thread_blocked, id=148, stack(0x000000b41ea00000,0x000000b41eb00000)]
  0x00000220fc5c47c0 JavaThread "Monitor Deflation Thread" daemon [_thread_blocked, id=4200, stack(0x000000b41eb00000,0x000000b41ec00000)]
  0x00000220fc5c9bc0 JavaThread "C2 CompilerThread0" daemon [_thread_in_native, id=10864, stack(0x000000b41ec00000,0x000000b41ed00000)]
  0x00000220fc5cc590 JavaThread "C1 CompilerThread0" daemon [_thread_in_native, id=13708, stack(0x000000b41ed00000,0x000000b41ee00000)]
  0x00000220fc5cd680 JavaThread "Sweeper thread" daemon [_thread_blocked, id=9764, stack(0x000000b41ee00000,0x000000b41ef00000)]
  0x00000220fc73dcb0 JavaThread "Common-Cleaner" daemon [_thread_blocked, id=5444, stack(0x000000b41ef00000,0x000000b41f000000)]
  0x00000220fc9232a0 JavaThread "Notification Thread" daemon [_thread_blocked, id=11296, stack(0x000000b41f000000,0x000000b41f100000)]
  0x00000220fdc962f0 JavaThread "Active Thread: Equinox Container: 3797cfce-9680-42fd-b084-36be56c5e176" [_thread_blocked, id=14220, stack(0x000000b41f900000,0x000000b41fa00000)]
  0x00000220fde1b190 JavaThread "Refresh Thread: Equinox Container: 3797cfce-9680-42fd-b084-36be56c5e176" daemon [_thread_blocked, id=3272, stack(0x000000b41fb00000,0x000000b41fc00000)]
  0x00000220fe3fe010 JavaThread "Framework Event Dispatcher: Equinox Container: 3797cfce-9680-42fd-b084-36be56c5e176" daemon [_thread_blocked, id=12048, stack(0x000000b41fc00000,0x000000b41fd00000)]
  0x00000220fdcc4460 JavaThread "Start Level: Equinox Container: 3797cfce-9680-42fd-b084-36be56c5e176" daemon [_thread_in_Java, id=7748, stack(0x000000b41fd00000,0x000000b41fe00000)]
  0x00000220fde17a80 JavaThread "Bundle File Closer" daemon [_thread_blocked, id=1028, stack(0x000000b41ff00000,0x000000b420000000)]
  0x00000220fe64a200 JavaThread "SCR Component Actor" daemon [_thread_blocked, id=4696, stack(0x000000b41fa00000,0x000000b41fb00000)]
  0x00000220fe647e90 JavaThread "SCR Component Registry" daemon [_thread_blocked, id=3732, stack(0x000000b420000000,0x000000b420100000)]
  0x00000220fe647980 JavaThread "Worker-JM" [_thread_blocked, id=6588, stack(0x000000b420100000,0x000000b420200000)]
  0x00000220fe64a710 JavaThread "JNA Cleaner" daemon [_thread_blocked, id=4840, stack(0x000000b41f800000,0x000000b41f900000)]
  0x00000220fe648dc0 JavaThread "Worker-0" [_thread_blocked, id=13896, stack(0x000000b420200000,0x000000b420300000)]
  0x00000220fe6492d0 JavaThread "Worker-1" [_thread_blocked, id=9172, stack(0x000000b420300000,0x000000b420400000)]
=>0x00000220fd69a7a0 JavaThread "C2 CompilerThread1" daemon [_thread_in_native, id=9344, stack(0x000000b420400000,0x000000b420500000)]
  0x00000220fc8dcff0 JavaThread "C2 CompilerThread2" daemon [_thread_in_native, id=10460, stack(0x000000b420500000,0x000000b420600000)]

Other Threads:
  0x00000220f72dfad0 VMThread "VM Thread" [stack: 0x000000b41e500000,0x000000b41e600000] [id=4104]
  0x00000220fc923780 WatcherThread [stack: 0x000000b41f100000,0x000000b41f200000] [id=12292]
  0x00000220e3469b10 GCTaskThread "GC Thread#0" [stack: 0x000000b41e400000,0x000000b41e500000] [id=13496]
  0x00000220fdd18390 GCTaskThread "GC Thread#1" [stack: 0x000000b41f200000,0x000000b41f300000] [id=9728]
  0x00000220fdd18a60 GCTaskThread "GC Thread#2" [stack: 0x000000b41f300000,0x000000b41f400000] [id=9756]
  0x00000220fdd18d20 GCTaskThread "GC Thread#3" [stack: 0x000000b41f400000,0x000000b41f500000] [id=5588]
  0x00000220fd8a6ff0 GCTaskThread "GC Thread#4" [stack: 0x000000b41f500000,0x000000b41f600000] [id=8304]
  0x00000220fd8a72b0 GCTaskThread "GC Thread#5" [stack: 0x000000b41f600000,0x000000b41f700000] [id=9592]
  0x00000220fd8a7570 GCTaskThread "GC Thread#6" [stack: 0x000000b41f700000,0x000000b41f800000] [id=10712]
  0x00000220fde1bcd0 GCTaskThread "GC Thread#7" [stack: 0x000000b41fe00000,0x000000b41ff00000] [id=11468]

Threads with active compile tasks:
C2 CompilerThread0     6790 3735       4       java.util.zip.ZipFile$Source::initCEN (591 bytes)
C1 CompilerThread0     6790 3761       3       org.lombokweb.asm.MethodVisitor::<init> (79 bytes)
C2 CompilerThread1     6791 3522       4       jdk.internal.org.objectweb.asm.Frame::execute (2318 bytes)
C2 CompilerThread2     6791 3744       4       java.lang.invoke.MethodType::makeImpl (109 bytes)

VM state: not at safepoint (normal execution)

VM Mutex/Monitor currently owned by a thread: None

Heap address: 0x00000000c0000000, size: 1024 MB, Compressed Oops mode: 32-bit

CDS archive(s) not mapped
Compressed class space mapped at: 0x0000000100000000-0x0000000140000000, reserved size: 1073741824
Narrow klass base: 0x0000000000000000, Narrow klass shift: 3, Narrow klass range: 0x140000000

GC Precious Log:
 CPUs: 8 total, 8 available
 Memory: 16299M
 Large Page Support: Disabled
 NUMA Support: Disabled
 Compressed Oops: Enabled (32-bit)
 Alignments: Space 512K, Generation 512K, Heap 2M
 Heap Min Capacity: 100M
 Heap Initial Capacity: 100M
 Heap Max Capacity: 1G
 Pre-touch: Disabled
 Parallel Workers: 8

Heap:
 PSYoungGen      total 27136K, used 13116K [0x00000000eab00000, 0x00000000eca00000, 0x0000000100000000)
  eden space 24576K, 43% used [0x00000000eab00000,0x00000000eb5536c0,0x00000000ec300000)
  from space 2560K, 99% used [0x00000000ec580000,0x00000000ec7fbbb0,0x00000000ec800000)
  to   space 2048K, 0% used [0x00000000ec800000,0x00000000ec800000,0x00000000eca00000)
 ParOldGen       total 68608K, used 11043K [0x00000000c0000000, 0x00000000c4300000, 0x00000000eab00000)
  object space 68608K, 16% used [0x00000000c0000000,0x00000000c0ac8f68,0x00000000c4300000)
 Metaspace       used 28823K, committed 29632K, reserved 1114112K
  class space    used 2966K, committed 3328K, reserved 1048576K

Card table byte_map: [0x00000220e2df0000,0x00000220e3000000] _byte_map_base: 0x00000220e27f0000

Marking Bits: (ParMarkBitMap*) 0x00007fff2b2d6940
 Begin Bits: [0x00000220f50f0000, 0x00000220f60f0000)
 End Bits:   [0x00000220f60f0000, 0x00000220f70f0000)

Polling page: 0x00000220e13d0000

Metaspace:

Usage:
  Non-class:     25.25 MB used.
      Class:      2.90 MB used.
       Both:     28.15 MB used.

Virtual space:
  Non-class space:       64.00 MB reserved,      25.69 MB ( 40%) committed,  1 nodes.
      Class space:        1.00 GB reserved,       3.25 MB ( <1%) committed,  1 nodes.
             Both:        1.06 GB reserved,      28.94 MB (  3%) committed. 

Chunk freelists:
   Non-Class:  5.50 MB
       Class:  12.75 MB
        Both:  18.25 MB

MaxMetaspaceSize: unlimited
CompressedClassSpaceSize: 1.00 GB
Initial GC threshold: 21.00 MB
Current GC threshold: 35.00 MB
CDS: off
MetaspaceReclaimPolicy: balanced
 - commit_granule_bytes: 65536.
 - commit_granule_words: 8192.
 - virtual_space_node_default_size: 8388608.
 - enlarge_chunks_in_place: 1.
 - new_chunks_are_fully_committed: 0.
 - uncommit_free_chunks: 1.
 - use_allocation_guard: 0.
 - handle_deallocations: 1.


Internal statistics:

num_allocs_failed_limit: 3.
num_arena_births: 576.
num_arena_deaths: 0.
num_vsnodes_births: 2.
num_vsnodes_deaths: 0.
num_space_committed: 463.
num_space_uncommitted: 0.
num_chunks_returned_to_freelist: 3.
num_chunks_taken_from_freelist: 1475.
num_chunk_merges: 3.
num_chunk_splits: 915.
num_chunks_enlarged: 528.
num_inconsistent_stats: 0.

CodeHeap 'non-profiled nmethods': size=120000Kb used=1612Kb max_used=1612Kb free=118387Kb
 bounds [0x00000220edbc0000, 0x00000220ede30000, 0x00000220f50f0000]
CodeHeap 'profiled nmethods': size=120000Kb used=7619Kb max_used=7619Kb free=112381Kb
 bounds [0x00000220e60f0000, 0x00000220e6870000, 0x00000220ed620000]
CodeHeap 'non-nmethods': size=5760Kb used=1220Kb max_used=1249Kb free=4539Kb
 bounds [0x00000220ed620000, 0x00000220ed890000, 0x00000220edbc0000]
 total_blobs=4287 nmethods=3758 adapters=443
 compilation: enabled
              stopped_count=0, restarted_count=0
 full_count=0

Compilation events (20 events):
Event: 6.603 Thread 0x00000220fc5cc590 nmethod 3724 0x00000220e6844890 code [0x00000220e6844a40, 0x00000220e6844c28]
Event: 6.606 Thread 0x00000220fc5c9bc0 nmethod 3723 0x00000220edd4f490 code [0x00000220edd4f620, 0x00000220edd4f878]
Event: 6.607 Thread 0x00000220fc5cc590 3725       3       java.lang.ClassLoader::checkCerts (121 bytes)
Event: 6.609 Thread 0x00000220fc5cc590 nmethod 3725 0x00000220e6844d10 code [0x00000220e6845000, 0x00000220e6845e68]
Event: 6.610 Thread 0x00000220fc5cc590 3726       3       java.lang.ClassLoader::getNamedPackage (73 bytes)
Event: 6.611 Thread 0x00000220fc5cc590 nmethod 3726 0x00000220e6846410 code [0x00000220e6846600, 0x00000220e6846c08]
Event: 6.611 Thread 0x00000220fc5cc590 3727       3       sun.nio.fs.WindowsPath::parse (26 bytes)
Event: 6.612 Thread 0x00000220fc5cc590 nmethod 3727 0x00000220e6846e10 code [0x00000220e6846fe0, 0x00000220e6847328]
Event: 6.613 Thread 0x00000220fc5c9bc0 3728 %     4       java.lang.StringLatin1::indexOf @ 14 (121 bytes)
Event: 6.613 Thread 0x00000220fc5cc590 3729       3       org.eclipse.core.internal.preferences.EclipsePreferences::node (8 bytes)
Event: 6.614 Thread 0x00000220fc5cc590 nmethod 3729 0x00000220e6847510 code [0x00000220e68476c0, 0x00000220e6847888]
Event: 6.621 Thread 0x00000220fc5c9bc0 nmethod 3728% 0x00000220edd4fe10 code [0x00000220edd4ffa0, 0x00000220edd50298]
Event: 6.622 Thread 0x00000220fc5cc590 3731       3       org.eclipse.core.runtime.Path::append (147 bytes)
Event: 6.623 Thread 0x00000220fc5cc590 nmethod 3731 0x00000220e6847990 code [0x00000220e6847cc0, 0x00000220e6848e08]
Event: 6.624 Thread 0x00000220fc5cc590 3732       3       org.eclipse.core.runtime.Path::segment (17 bytes)
Event: 6.624 Thread 0x00000220fc5cc590 nmethod 3732 0x00000220e6849390 code [0x00000220e6849540, 0x00000220e68496f8]
Event: 6.624 Thread 0x00000220fc5cc590 3733       3       org.eclipse.core.internal.dtree.AbstractDataTreeNode::indexOfChild (75 bytes)
Event: 6.624 Thread 0x00000220fc5cc590 nmethod 3733 0x00000220e6849810 code [0x00000220e68499e0, 0x00000220e6849d48]
Event: 6.624 Thread 0x00000220fc5cc590 3734       3       org.eclipse.core.internal.dtree.AbstractDataTreeNode::childAtOrNull (21 bytes)
Event: 6.625 Thread 0x00000220fc5cc590 nmethod 3734 0x00000220e6849f10 code [0x00000220e684a0c0, 0x00000220e684a328]

GC Heap History (16 events):
Event: 1.922 GC heap before
{Heap before GC invocations=1 (full 0):
 PSYoungGen      total 29696K, used 25600K [0x00000000eab00000, 0x00000000ecc00000, 0x0000000100000000)
  eden space 25600K, 100% used [0x00000000eab00000,0x00000000ec400000,0x00000000ec400000)
  from space 4096K, 0% used [0x00000000ec800000,0x00000000ec800000,0x00000000ecc00000)
  to   space 4096K, 0% used [0x00000000ec400000,0x00000000ec400000,0x00000000ec800000)
 ParOldGen       total 68608K, used 0K [0x00000000c0000000, 0x00000000c4300000, 0x00000000eab00000)
  object space 68608K, 0% used [0x00000000c0000000,0x00000000c0000000,0x00000000c4300000)
 Metaspace       used 10955K, committed 11136K, reserved 1114112K
  class space    used 1089K, committed 1152K, reserved 1048576K
}
Event: 1.935 GC heap after
{Heap after GC invocations=1 (full 0):
 PSYoungGen      total 29696K, used 3172K [0x00000000eab00000, 0x00000000ecc00000, 0x0000000100000000)
  eden space 25600K, 0% used [0x00000000eab00000,0x00000000eab00000,0x00000000ec400000)
  from space 4096K, 77% used [0x00000000ec400000,0x00000000ec719340,0x00000000ec800000)
  to   space 4096K, 0% used [0x00000000ec800000,0x00000000ec800000,0x00000000ecc00000)
 ParOldGen       total 68608K, used 16K [0x00000000c0000000, 0x00000000c4300000, 0x00000000eab00000)
  object space 68608K, 0% used [0x00000000c0000000,0x00000000c0004000,0x00000000c4300000)
 Metaspace       used 10955K, committed 11136K, reserved 1114112K
  class space    used 1089K, committed 1152K, reserved 1048576K
}
Event: 2.940 GC heap before
{Heap before GC invocations=2 (full 0):
 PSYoungGen      total 29696K, used 28772K [0x00000000eab00000, 0x00000000ecc00000, 0x0000000100000000)
  eden space 25600K, 100% used [0x00000000eab00000,0x00000000ec400000,0x00000000ec400000)
  from space 4096K, 77% used [0x00000000ec400000,0x00000000ec719340,0x00000000ec800000)
  to   space 4096K, 0% used [0x00000000ec800000,0x00000000ec800000,0x00000000ecc00000)
 ParOldGen       total 68608K, used 16K [0x00000000c0000000, 0x00000000c4300000, 0x00000000eab00000)
  object space 68608K, 0% used [0x00000000c0000000,0x00000000c0004000,0x00000000c4300000)
 Metaspace       used 14278K, committed 14528K, reserved 1114112K
  class space    used 1427K, committed 1536K, reserved 1048576K
}
Event: 2.949 GC heap after
{Heap after GC invocations=2 (full 0):
 PSYoungGen      total 29696K, used 4088K [0x00000000eab00000, 0x00000000ecc00000, 0x0000000100000000)
  eden space 25600K, 0% used [0x00000000eab00000,0x00000000eab00000,0x00000000ec400000)
  from space 4096K, 99% used [0x00000000ec800000,0x00000000ecbfe070,0x00000000ecc00000)
  to   space 4096K, 0% used [0x00000000ec400000,0x00000000ec400000,0x00000000ec800000)
 ParOldGen       total 68608K, used 1544K [0x00000000c0000000, 0x00000000c4300000, 0x00000000eab00000)
  object space 68608K, 2% used [0x00000000c0000000,0x00000000c0182390,0x00000000c4300000)
 Metaspace       used 14278K, committed 14528K, reserved 1114112K
  class space    used 1427K, committed 1536K, reserved 1048576K
}
Event: 3.776 GC heap before
{Heap before GC invocations=3 (full 0):
 PSYoungGen      total 29696K, used 29628K [0x00000000eab00000, 0x00000000ecc00000, 0x0000000100000000)
  eden space 25600K, 99% used [0x00000000eab00000,0x00000000ec3f1230,0x00000000ec400000)
  from space 4096K, 99% used [0x00000000ec800000,0x00000000ecbfe070,0x00000000ecc00000)
  to   space 4096K, 0% used [0x00000000ec400000,0x00000000ec400000,0x00000000ec800000)
 ParOldGen       total 68608K, used 1544K [0x00000000c0000000, 0x00000000c4300000, 0x00000000eab00000)
  object space 68608K, 2% used [0x00000000c0000000,0x00000000c0182390,0x00000000c4300000)
 Metaspace       used 16126K, committed 16384K, reserved 1114112K
  class space    used 1630K, committed 1728K, reserved 1048576K
}
Event: 3.789 GC heap after
{Heap after GC invocations=3 (full 0):
 PSYoungGen      total 29696K, used 4094K [0x00000000eab00000, 0x00000000ecc00000, 0x0000000100000000)
  eden space 25600K, 0% used [0x00000000eab00000,0x00000000eab00000,0x00000000ec400000)
  from space 4096K, 99% used [0x00000000ec400000,0x00000000ec7ffa70,0x00000000ec800000)
  to   space 4096K, 0% used [0x00000000ec800000,0x00000000ec800000,0x00000000ecc00000)
 ParOldGen       total 68608K, used 5446K [0x00000000c0000000, 0x00000000c4300000, 0x00000000eab00000)
  object space 68608K, 7% used [0x00000000c0000000,0x00000000c05519f0,0x00000000c4300000)
 Metaspace       used 16126K, committed 16384K, reserved 1114112K
  class space    used 1630K, committed 1728K, reserved 1048576K
}
Event: 4.677 GC heap before
{Heap before GC invocations=4 (full 0):
 PSYoungGen      total 29696K, used 29694K [0x00000000eab00000, 0x00000000ecc00000, 0x0000000100000000)
  eden space 25600K, 100% used [0x00000000eab00000,0x00000000ec400000,0x00000000ec400000)
  from space 4096K, 99% used [0x00000000ec400000,0x00000000ec7ffa70,0x00000000ec800000)
  to   space 4096K, 0% used [0x00000000ec800000,0x00000000ec800000,0x00000000ecc00000)
 ParOldGen       total 68608K, used 5446K [0x00000000c0000000, 0x00000000c4300000, 0x00000000eab00000)
  object space 68608K, 7% used [0x00000000c0000000,0x00000000c05519f0,0x00000000c4300000)
 Metaspace       used 19394K, committed 19776K, reserved 1114112K
  class space    used 1974K, committed 2112K, reserved 1048576K
}
Event: 4.684 GC heap after
{Heap after GC invocations=4 (full 0):
 PSYoungGen      total 29696K, used 4077K [0x00000000eab00000, 0x00000000ecc00000, 0x0000000100000000)
  eden space 25600K, 0% used [0x00000000eab00000,0x00000000eab00000,0x00000000ec400000)
  from space 4096K, 99% used [0x00000000ec800000,0x00000000ecbfb5c8,0x00000000ecc00000)
  to   space 4096K, 0% used [0x00000000ec400000,0x00000000ec400000,0x00000000ec800000)
 ParOldGen       total 68608K, used 6437K [0x00000000c0000000, 0x00000000c4300000, 0x00000000eab00000)
  object space 68608K, 9% used [0x00000000c0000000,0x00000000c0649430,0x00000000c4300000)
 Metaspace       used 19394K, committed 19776K, reserved 1114112K
  class space    used 1974K, committed 2112K, reserved 1048576K
}
Event: 4.955 GC heap before
{Heap before GC invocations=5 (full 0):
 PSYoungGen      total 29696K, used 15241K [0x00000000eab00000, 0x00000000ecc00000, 0x0000000100000000)
  eden space 25600K, 43% used [0x00000000eab00000,0x00000000eb5e7198,0x00000000ec400000)
  from space 4096K, 99% used [0x00000000ec800000,0x00000000ecbfb5c8,0x00000000ecc00000)
  to   space 4096K, 0% used [0x00000000ec400000,0x00000000ec400000,0x00000000ec800000)
 ParOldGen       total 68608K, used 6437K [0x00000000c0000000, 0x00000000c4300000, 0x00000000eab00000)
  object space 68608K, 9% used [0x00000000c0000000,0x00000000c0649430,0x00000000c4300000)
 Metaspace       used 21176K, committed 21504K, reserved 1114112K
  class space    used 2135K, committed 2304K, reserved 1048576K
}
Event: 4.959 GC heap after
{Heap after GC invocations=5 (full 0):
 PSYoungGen      total 29696K, used 4069K [0x00000000eab00000, 0x00000000ece00000, 0x0000000100000000)
  eden space 25600K, 0% used [0x00000000eab00000,0x00000000eab00000,0x00000000ec400000)
  from space 4096K, 99% used [0x00000000ec400000,0x00000000ec7f95b8,0x00000000ec800000)
  to   space 5120K, 0% used [0x00000000ec900000,0x00000000ec900000,0x00000000ece00000)
 ParOldGen       total 68608K, used 6920K [0x00000000c0000000, 0x00000000c4300000, 0x00000000eab00000)
  object space 68608K, 10% used [0x00000000c0000000,0x00000000c06c2120,0x00000000c4300000)
 Metaspace       used 21176K, committed 21504K, reserved 1114112K
  class space    used 2135K, committed 2304K, reserved 1048576K
}
Event: 4.959 GC heap before
{Heap before GC invocations=6 (full 1):
 PSYoungGen      total 29696K, used 4069K [0x00000000eab00000, 0x00000000ece00000, 0x0000000100000000)
  eden space 25600K, 0% used [0x00000000eab00000,0x00000000eab00000,0x00000000ec400000)
  from space 4096K, 99% used [0x00000000ec400000,0x00000000ec7f95b8,0x00000000ec800000)
  to   space 5120K, 0% used [0x00000000ec900000,0x00000000ec900000,0x00000000ece00000)
 ParOldGen       total 68608K, used 6920K [0x00000000c0000000, 0x00000000c4300000, 0x00000000eab00000)
  object space 68608K, 10% used [0x00000000c0000000,0x00000000c06c2120,0x00000000c4300000)
 Metaspace       used 21176K, committed 21504K, reserved 1114112K
  class space    used 2135K, committed 2304K, reserved 1048576K
}
Event: 4.992 GC heap after
{Heap after GC invocations=6 (full 1):
 PSYoungGen      total 29696K, used 0K [0x00000000eab00000, 0x00000000ece00000, 0x0000000100000000)
  eden space 25600K, 0% used [0x00000000eab00000,0x00000000eab00000,0x00000000ec400000)
  from space 4096K, 0% used [0x00000000ec400000,0x00000000ec400000,0x00000000ec800000)
  to   space 5120K, 0% used [0x00000000ec900000,0x00000000ec900000,0x00000000ece00000)
 ParOldGen       total 68608K, used 10675K [0x00000000c0000000, 0x00000000c4300000, 0x00000000eab00000)
  object space 68608K, 15% used [0x00000000c0000000,0x00000000c0a6cf48,0x00000000c4300000)
 Metaspace       used 21176K, committed 21504K, reserved 1114112K
  class space    used 2135K, committed 2304K, reserved 1048576K
}
Event: 5.907 GC heap before
{Heap before GC invocations=7 (full 1):
 PSYoungGen      total 29696K, used 25600K [0x00000000eab00000, 0x00000000ece00000, 0x0000000100000000)
  eden space 25600K, 100% used [0x00000000eab00000,0x00000000ec400000,0x00000000ec400000)
  from space 4096K, 0% used [0x00000000ec400000,0x00000000ec400000,0x00000000ec800000)
  to   space 5120K, 0% used [0x00000000ec900000,0x00000000ec900000,0x00000000ece00000)
 ParOldGen       total 68608K, used 10675K [0x00000000c0000000, 0x00000000c4300000, 0x00000000eab00000)
  object space 68608K, 15% used [0x00000000c0000000,0x00000000c0a6cf48,0x00000000c4300000)
 Metaspace       used 24886K, committed 25472K, reserved 1114112K
  class space    used 2534K, committed 2752K, reserved 1048576K
}
Event: 5.911 GC heap after
{Heap after GC invocations=7 (full 1):
 PSYoungGen      total 26624K, used 1187K [0x00000000eab00000, 0x00000000eca80000, 0x0000000100000000)
  eden space 25088K, 0% used [0x00000000eab00000,0x00000000eab00000,0x00000000ec380000)
  from space 1536K, 77% used [0x00000000ec900000,0x00000000eca28e70,0x00000000eca80000)
  to   space 2560K, 0% used [0x00000000ec580000,0x00000000ec580000,0x00000000ec800000)
 ParOldGen       total 68608K, used 10683K [0x00000000c0000000, 0x00000000c4300000, 0x00000000eab00000)
  object space 68608K, 15% used [0x00000000c0000000,0x00000000c0a6ef48,0x00000000c4300000)
 Metaspace       used 24886K, committed 25472K, reserved 1114112K
  class space    used 2534K, committed 2752K, reserved 1048576K
}
Event: 6.417 GC heap before
{Heap before GC invocations=8 (full 1):
 PSYoungGen      total 26624K, used 26275K [0x00000000eab00000, 0x00000000eca80000, 0x0000000100000000)
  eden space 25088K, 100% used [0x00000000eab00000,0x00000000ec380000,0x00000000ec380000)
  from space 1536K, 77% used [0x00000000ec900000,0x00000000eca28e70,0x00000000eca80000)
  to   space 2560K, 0% used [0x00000000ec580000,0x00000000ec580000,0x00000000ec800000)
 ParOldGen       total 68608K, used 10683K [0x00000000c0000000, 0x00000000c4300000, 0x00000000eab00000)
  object space 68608K, 15% used [0x00000000c0000000,0x00000000c0a6ef48,0x00000000c4300000)
 Metaspace       used 27575K, committed 28352K, reserved 1114112K
  class space    used 2857K, committed 3136K, reserved 1048576K
}
Event: 6.421 GC heap after
{Heap after GC invocations=8 (full 1):
 PSYoungGen      total 27136K, used 2542K [0x00000000eab00000, 0x00000000eca00000, 0x0000000100000000)
  eden space 24576K, 0% used [0x00000000eab00000,0x00000000eab00000,0x00000000ec300000)
  from space 2560K, 99% used [0x00000000ec580000,0x00000000ec7fbbb0,0x00000000ec800000)
  to   space 2048K, 0% used [0x00000000ec800000,0x00000000ec800000,0x00000000eca00000)
 ParOldGen       total 68608K, used 11043K [0x00000000c0000000, 0x00000000c4300000, 0x00000000eab00000)
  object space 68608K, 16% used [0x00000000c0000000,0x00000000c0ac8f68,0x00000000c4300000)
 Metaspace       used 27575K, committed 28352K, reserved 1114112K
  class space    used 2857K, committed 3136K, reserved 1048576K
}

Dll operation events (10 events):
Event: 0.018 Loaded shared library c:\Users\Cesar\.vscode\extensions\redhat.java-1.36.0-win32-x64\jre\17.0.13-win32-x86_64\bin\java.dll
Event: 0.333 Loaded shared library c:\Users\Cesar\.vscode\extensions\redhat.java-1.36.0-win32-x64\jre\17.0.13-win32-x86_64\bin\zip.dll
Event: 0.340 Loaded shared library C:\Users\Cesar\.vscode\extensions\redhat.java-1.36.0-win32-x64\jre\17.0.13-win32-x86_64\bin\instrument.dll
Event: 0.373 Loaded shared library C:\Users\Cesar\.vscode\extensions\redhat.java-1.36.0-win32-x64\jre\17.0.13-win32-x86_64\bin\net.dll
Event: 0.384 Loaded shared library C:\Users\Cesar\.vscode\extensions\redhat.java-1.36.0-win32-x64\jre\17.0.13-win32-x86_64\bin\nio.dll
Event: 0.405 Loaded shared library C:\Users\Cesar\.vscode\extensions\redhat.java-1.36.0-win32-x64\jre\17.0.13-win32-x86_64\bin\zip.dll
Event: 0.522 Loaded shared library C:\Users\Cesar\.vscode\extensions\redhat.java-1.36.0-win32-x64\jre\17.0.13-win32-x86_64\bin\jimage.dll
Event: 0.720 Loaded shared library c:\Users\Cesar\.vscode\extensions\redhat.java-1.36.0-win32-x64\jre\17.0.13-win32-x86_64\bin\verify.dll
Event: 2.802 Loaded shared library C:\Users\Cesar\AppData\Roaming\Code\User\globalStorage\redhat.java\1.36.0\config_win\org.eclipse.equinox.launcher\org.eclipse.equinox.launcher.win32.win32.x86_64_1.2.1100.v20240722-2106\eclipse_11904.dll
Event: 5.529 Loaded shared library C:\Users\Cesar\AppData\Local\Temp\jna-64998434\jna14339041390735345027.dll

Deoptimization events (20 events):
Event: 6.245 Thread 0x00000220fdcc4460 DEOPT PACKING pc=0x00000220e665cd17 sp=0x000000b41fdf1c80
Event: 6.245 Thread 0x00000220fdcc4460 DEOPT UNPACKING pc=0x00000220ed676e43 sp=0x000000b41fdf1190 mode 0
Event: 6.252 Thread 0x00000220fdcc4460 Uncommon trap: trap_request=0xffffff45 fr.pc=0x00000220edbdb9a4 relative=0x0000000000000384
Event: 6.252 Thread 0x00000220fdcc4460 Uncommon trap: reason=unstable_if action=reinterpret pc=0x00000220edbdb9a4 method=java.lang.StringLatin1.canEncode(I)Z @ 4 c2
Event: 6.252 Thread 0x00000220fdcc4460 DEOPT PACKING pc=0x00000220edbdb9a4 sp=0x000000b41fdf27b0
Event: 6.252 Thread 0x00000220fdcc4460 DEOPT UNPACKING pc=0x00000220ed6766a3 sp=0x000000b41fdf26d8 mode 2
Event: 6.252 Thread 0x00000220fdcc4460 Uncommon trap: trap_request=0xffffff45 fr.pc=0x00000220edc07b80 relative=0x0000000000000360
Event: 6.252 Thread 0x00000220fdcc4460 Uncommon trap: reason=unstable_if action=reinterpret pc=0x00000220edc07b80 method=java.lang.AbstractStringBuilder.isLatin1()Z @ 10 c2
Event: 6.252 Thread 0x00000220fdcc4460 DEOPT PACKING pc=0x00000220edc07b80 sp=0x000000b41fdf27c0
Event: 6.252 Thread 0x00000220fdcc4460 DEOPT UNPACKING pc=0x00000220ed6766a3 sp=0x000000b41fdf2740 mode 2
Event: 6.252 Thread 0x00000220fdcc4460 Uncommon trap: trap_request=0xffffff45 fr.pc=0x00000220edbe385c relative=0x000000000000005c
Event: 6.252 Thread 0x00000220fdcc4460 Uncommon trap: reason=unstable_if action=reinterpret pc=0x00000220edbe385c method=java.lang.AbstractStringBuilder.isLatin1()Z @ 10 c2
Event: 6.252 Thread 0x00000220fdcc4460 DEOPT PACKING pc=0x00000220edbe385c sp=0x000000b41fdf27a0
Event: 6.252 Thread 0x00000220fdcc4460 DEOPT UNPACKING pc=0x00000220ed6766a3 sp=0x000000b41fdf2730 mode 2
Event: 6.256 Thread 0x00000220fdcc4460 Uncommon trap: trap_request=0xffffff45 fr.pc=0x00000220edbe5338 relative=0x0000000000000038
Event: 6.256 Thread 0x00000220fdcc4460 Uncommon trap: reason=unstable_if action=reinterpret pc=0x00000220edbe5338 method=java.lang.StringLatin1.canEncode(I)Z @ 4 c2
Event: 6.256 Thread 0x00000220fdcc4460 DEOPT PACKING pc=0x00000220edbe5338 sp=0x000000b41fdf2740
Event: 6.256 Thread 0x00000220fdcc4460 DEOPT UNPACKING pc=0x00000220ed6766a3 sp=0x000000b41fdf26d0 mode 2
Event: 6.522 Thread 0x00000220fdcc4460 DEOPT PACKING pc=0x00000220e66a2e30 sp=0x000000b41fdf1030
Event: 6.522 Thread 0x00000220fdcc4460 DEOPT UNPACKING pc=0x00000220ed676e43 sp=0x000000b41fdf04a8 mode 0

Classes loaded (20 events):
Event: 6.511 Loading class java/io/ObjectStreamClass$1
Event: 6.511 Loading class java/io/ObjectStreamClass$1 done
Event: 6.511 Loading class java/io/DataOutputStream
Event: 6.511 Loading class java/io/DataOutputStream done
Event: 6.511 Loading class java/io/ObjectStreamClass$MemberSignature
Event: 6.512 Loading class java/io/ObjectStreamClass$MemberSignature done
Event: 6.512 Loading class java/io/ObjectStreamClass$3
Event: 6.512 Loading class java/io/ObjectStreamClass$3 done
Event: 6.512 Loading class java/io/ObjectStreamClass$4
Event: 6.512 Loading class java/io/ObjectStreamClass$4 done
Event: 6.512 Loading class java/io/ObjectStreamClass$5
Event: 6.513 Loading class java/io/ObjectStreamClass$5 done
Event: 6.529 Loading class java/io/ObjectStreamClass$ExceptionInfo
Event: 6.529 Loading class java/io/ObjectStreamClass$ExceptionInfo done
Event: 6.560 Loading class org/w3c/dom/Node
Event: 6.560 Loading class org/w3c/dom/Node done
Event: 6.561 Loading class javax/xml/transform/Result
Event: 6.561 Loading class javax/xml/transform/Result done
Event: 6.561 Loading class javax/xml/transform/Source
Event: 6.561 Loading class javax/xml/transform/Source done

Classes unloaded (0 events):
No events

Classes redefined (0 events):
No events

Internal exceptions (20 events):
Event: 6.382 Thread 0x00000220fdcc4460 Exception <a 'java/lang/NoSuchMethodError'{0x00000000ec2805c8}: 'java.lang.Object java.lang.invoke.Invokers$Holder.invoke_MT(java.lang.Object, java.lang.Object, java.lang.Object, java.lang.Object, java.lang.Object, java.lang.Object, java.lang.Object, java.lang.Object, java.lang.Object)'> (0x00000000ec2805c8) 
thrown [s\src\hotspot\share\interpreter\linkResolver.cpp, line 759]
Event: 6.386 Thread 0x00000220fdcc4460 Exception <a 'java/lang/NoSuchMethodError'{0x00000000ec2bbe68}: 'int java.lang.invoke.DirectMethodHandle$Holder.invokeVirtual(java.lang.Object, java.lang.Object, java.lang.Object)'> (0x00000000ec2bbe68) 
thrown [s\src\hotspot\share\interpreter\linkResolver.cpp, line 759]
Event: 6.387 Thread 0x00000220fdcc4460 Exception <a 'java/lang/NoSuchMethodError'{0x00000000ec2c0710}: 'int java.lang.invoke.DirectMethodHandle$Holder.invokeVirtual(java.lang.Object, java.lang.Object)'> (0x00000000ec2c0710) 
thrown [s\src\hotspot\share\interpreter\linkResolver.cpp, line 759]
Event: 6.388 Thread 0x00000220fdcc4460 Exception <a 'java/lang/NoSuchMethodError'{0x00000000ec2c5918}: 'int java.lang.invoke.DirectMethodHandle$Holder.invokeStaticInit(java.lang.Object, int, int)'> (0x00000000ec2c5918) 
thrown [s\src\hotspot\share\interpreter\linkResolver.cpp, line 759]
Event: 6.389 Thread 0x00000220fdcc4460 Exception <a 'java/lang/NoSuchMethodError'{0x00000000ec2ce0f8}: 'int java.lang.invoke.DirectMethodHandle$Holder.invokeStaticInit(java.lang.Object, long, long)'> (0x00000000ec2ce0f8) 
thrown [s\src\hotspot\share\interpreter\linkResolver.cpp, line 759]
Event: 6.390 Thread 0x00000220fdcc4460 Exception <a 'java/lang/NoSuchMethodError'{0x00000000ec2d5f38}: 'int java.lang.invoke.DirectMethodHandle$Holder.invokeStaticInit(java.lang.Object, float, float)'> (0x00000000ec2d5f38) 
thrown [s\src\hotspot\share\interpreter\linkResolver.cpp, line 759]
Event: 6.390 Thread 0x00000220fdcc4460 Exception <a 'java/lang/NoSuchMethodError'{0x00000000ec2ddd80}: 'int java.lang.invoke.DirectMethodHandle$Holder.invokeStaticInit(java.lang.Object, double, double)'> (0x00000000ec2ddd80) 
thrown [s\src\hotspot\share\interpreter\linkResolver.cpp, line 759]
Event: 6.391 Thread 0x00000220fdcc4460 Exception <a 'java/lang/NoSuchMethodError'{0x00000000ec2e3378}: 'int java.lang.invoke.DirectMethodHandle$Holder.invokeStatic(java.lang.Object, long)'> (0x00000000ec2e3378) 
thrown [s\src\hotspot\share\interpreter\linkResolver.cpp, line 759]
Event: 6.395 Thread 0x00000220fdcc4460 Exception <a 'java/lang/NoSuchMethodError'{0x00000000ec30bba0}: 'int java.lang.invoke.Invokers$Holder.linkToTargetMethod(java.lang.Object, java.lang.Object)'> (0x00000000ec30bba0) 
thrown [s\src\hotspot\share\interpreter\linkResolver.cpp, line 759]
Event: 6.450 Thread 0x00000220fdcc4460 Exception <a 'java/lang/NoSuchMethodError'{0x00000000eab98da8}: 'java.lang.Object java.lang.invoke.DirectMethodHandle$Holder.invokeSpecial(java.lang.Object, java.lang.Object, java.lang.Object, java.lang.Object, java.lang.Object, java.lang.Object, java.lang.Object, java.lang.Object, java.lang.Object, java.lang.Object, java.lang.Object)'> (0x00000000eab98da8) 
thrown [s\src\hotspot\share\interpreter\linkResolver.cpp, line 759]
Event: 6.451 Thread 0x00000220fdcc4460 Exception <a 'java/lang/NoSuchMethodError'{0x00000000eab9e2c0}: 'java.lang.Object java.lang.invoke.Invokers$Holder.invoke_MT(java.lang.Object, java.lang.Object, java.lang.Object, java.lang.Object, java.lang.Object, java.lang.Object, java.lang.Object, java.lang.Object, java.lang.Object, java.lang.Object, java.lang.Object)'> (0x00000000eab9e2c0) 
thrown [s\src\hotspot\share\interpreter\linkResolver.cpp, line 759]
Event: 6.467 Thread 0x00000220fdcc4460 Exception <a 'java/lang/NoSuchMethodError'{0x00000000eac2e0a0}: 'java.lang.Object java.lang.invoke.DirectMethodHandle$Holder.invokeSpecial(java.lang.Object, java.lang.Object, java.lang.Object, java.lang.Object, java.lang.Object, java.lang.Object, java.lang.Object, java.lang.Object, java.lang.Object, java.lang.Object)'> (0x00000000eac2e0a0) 
thrown [s\src\hotspot\share\interpreter\linkResolver.cpp, line 759]
Event: 6.468 Thread 0x00000220fdcc4460 Exception <a 'java/lang/NoSuchMethodError'{0x00000000eac332f0}: 'java.lang.Object java.lang.invoke.Invokers$Holder.invoke_MT(java.lang.Object, java.lang.Object, java.lang.Object, java.lang.Object, java.lang.Object, java.lang.Object, java.lang.Object, java.lang.Object, java.lang.Object, java.lang.Object)'> (0x00000000eac332f0) 
thrown [s\src\hotspot\share\interpreter\linkResolver.cpp, line 759]
Event: 6.488 Thread 0x00000220fdcc4460 Exception <a 'java/lang/NoSuchMethodError'{0x00000000eacd4f38}: 'java.lang.Object java.lang.invoke.DirectMethodHandle$Holder.newInvokeSpecial(java.lang.Object, java.lang.Object, java.lang.Object, java.lang.Object, java.lang.Object, java.lang.Object, java.lang.Object)'> (0x00000000eacd4f38) 
thrown [s\src\hotspot\share\interpreter\linkResolver.cpp, line 759]
Event: 6.502 Thread 0x00000220fdcc4460 Exception <a 'java/lang/NoSuchMethodError'{0x00000000ead42bd0}: 'java.lang.Object java.lang.invoke.DirectMethodHandle$Holder.invokeSpecial(java.lang.Object, java.lang.Object, java.lang.Object, java.lang.Object, java.lang.Object, java.lang.Object, java.lang.Object, java.lang.Object, java.lang.Object, java.lang.Object, java.lang.Object, java.lang.Object, java.lang.Object)'> (0x00000000ead42bd0) 
thrown [s\src\hotspot\share\interpreter\linkResolver.cpp, line 759]
Event: 6.502 Thread 0x00000220fdcc4460 Exception <a 'java/lang/NoSuchMethodError'{0x00000000ead48700}: 'java.lang.Object java.lang.invoke.Invokers$Holder.invoker(java.lang.Object, java.lang.Object, java.lang.Object, java.lang.Object, java.lang.Object, java.lang.Object, java.lang.Object, java.lang.Object, java.lang.Object, java.lang.Object, java.lang.Object, java.lang.Object, java.lang.Object)'> (0x00000000ead48700) 
thrown [s\src\hotspot\share\interpreter\linkResolver.cpp, line 759]
Event: 6.503 Thread 0x00000220fdcc4460 Exception <a 'java/lang/NoSuchMethodError'{0x00000000ead4f400}: 'java.lang.Object java.lang.invoke.DirectMethodHandle$Holder.invokeSpecial(java.lang.Object, java.lang.Object, java.lang.Object, java.lang.Object, java.lang.Object, java.lang.Object, java.lang.Object, java.lang.Object, java.lang.Object, java.lang.Object, java.lang.Object, java.lang.Object, java.lang.Object, java.lang.Object)'> (0x00000000ead4f400) 
thrown [s\src\hotspot\share\interpreter\linkResolver.cpp, line 759]
Event: 6.512 Thread 0x00000220fdcc4460 Exception <a 'java/lang/NoSuchMethodError'{0x00000000eadc1430}: static Lorg/eclipse/m2e/core/internal/lifecyclemapping/model/PluginExecutionMetadata;.<clinit>()V> (0x00000000eadc1430) 
thrown [s\src\hotspot\share\prims\jni.cpp, line 1112]
Event: 6.521 Thread 0x00000220fdcc4460 Exception <a 'java/lang/NoSuchMethodError'{0x00000000eae1d878}: static Lorg/eclipse/m2e/core/internal/lifecyclemapping/model/PluginExecutionFilter;.<clinit>()V> (0x00000000eae1d878) 
thrown [s\src\hotspot\share\prims\jni.cpp, line 1112]
Event: 6.528 Thread 0x00000220fdcc4460 Exception <a 'java/lang/NoSuchMethodError'{0x00000000eae53308}: static Lorg/eclipse/m2e/core/internal/project/registry/MavenProjectFacade$MavenProjectConfiguration;.<clinit>()V> (0x00000000eae53308) 
thrown [s\src\hotspot\share\prims\jni.cpp, line 1112]

VM Operations (20 events):
Event: 5.301 Executing VM operation: HandshakeAllThreads
Event: 5.301 Executing VM operation: HandshakeAllThreads done
Event: 5.375 Executing VM operation: HandshakeAllThreads
Event: 5.375 Executing VM operation: HandshakeAllThreads done
Event: 5.549 Executing VM operation: HandshakeAllThreads
Event: 5.549 Executing VM operation: HandshakeAllThreads done
Event: 5.843 Executing VM operation: HandshakeAllThreads
Event: 5.844 Executing VM operation: HandshakeAllThreads done
Event: 5.890 Executing VM operation: HandshakeAllThreads
Event: 5.890 Executing VM operation: HandshakeAllThreads done
Event: 5.899 Executing VM operation: HandshakeAllThreads
Event: 5.899 Executing VM operation: HandshakeAllThreads done
Event: 5.907 Executing VM operation: ParallelGCFailedAllocation
Event: 5.912 Executing VM operation: ParallelGCFailedAllocation done
Event: 6.186 Executing VM operation: HandshakeAllThreads
Event: 6.186 Executing VM operation: HandshakeAllThreads done
Event: 6.364 Executing VM operation: HandshakeAllThreads
Event: 6.365 Executing VM operation: HandshakeAllThreads done
Event: 6.417 Executing VM operation: ParallelGCFailedAllocation
Event: 6.421 Executing VM operation: ParallelGCFailedAllocation done

Memory protections (0 events):
No events

Nmethod flushes (0 events):
No events

Events (20 events):
Event: 2.796 Thread 0x00000220e3454850 Thread added: 0x00000220fde1b190
Event: 2.882 Thread 0x00000220fde1b190 Thread added: 0x00000220fe3fe010
Event: 2.899 Thread 0x00000220e3454850 Thread added: 0x00000220fdcc4460
Event: 3.107 Thread 0x00000220fde1ac70 Thread exited: 0x00000220fde1ac70
Event: 3.108 Thread 0x00000220fdc97060 Thread exited: 0x00000220fdc97060
Event: 3.261 Thread 0x00000220fc5cc590 Thread added: 0x00000220fde371c0
Event: 3.261 Thread 0x00000220fc5cc590 Thread added: 0x00000220fd94ff30
Event: 3.452 Thread 0x00000220fdcc4460 Thread added: 0x00000220fde17a80
Event: 3.768 Thread 0x00000220fd94ff30 Thread exited: 0x00000220fd94ff30
Event: 3.970 Thread 0x00000220fdcc4460 Thread added: 0x00000220fe64a200
Event: 4.185 Thread 0x00000220fdcc4460 Thread added: 0x00000220fe647e90
Event: 4.187 Thread 0x00000220fde371c0 Thread exited: 0x00000220fde371c0
Event: 4.750 Thread 0x00000220fc5cc590 Thread added: 0x00000220fe42c650
Event: 4.902 Thread 0x00000220fdcc4460 Thread added: 0x00000220fe647980
Event: 5.532 Thread 0x00000220fe42c650 Thread exited: 0x00000220fe42c650
Event: 5.579 Thread 0x00000220fdcc4460 Thread added: 0x00000220fe64a710
Event: 5.667 Thread 0x00000220fdcc4460 Thread added: 0x00000220fe648dc0
Event: 5.741 Thread 0x00000220fdcc4460 Thread added: 0x00000220fe6492d0
Event: 5.999 Thread 0x00000220fc5cc590 Thread added: 0x00000220fd69a7a0
Event: 6.033 Thread 0x00000220fc5cc590 Thread added: 0x00000220fc8dcff0


Dynamic libraries:
0x00007ff66eed0000 - 0x00007ff66eede000 	c:\Users\Cesar\.vscode\extensions\redhat.java-1.36.0-win32-x64\jre\17.0.13-win32-x86_64\bin\java.exe
0x00007fff8adb0000 - 0x00007fff8afa8000 	C:\Windows\SYSTEM32\ntdll.dll
0x00007fff8a2e0000 - 0x00007fff8a3a2000 	C:\Windows\System32\KERNEL32.DLL
0x00007fff88580000 - 0x00007fff8887e000 	C:\Windows\System32\KERNELBASE.dll
0x00007fff88c80000 - 0x00007fff88d80000 	C:\Windows\System32\ucrtbase.dll
0x00007fff800d0000 - 0x00007fff800ee000 	c:\Users\Cesar\.vscode\extensions\redhat.java-1.36.0-win32-x64\jre\17.0.13-win32-x86_64\bin\VCRUNTIME140.dll
0x00007fff7ffe0000 - 0x00007fff7fff7000 	c:\Users\Cesar\.vscode\extensions\redhat.java-1.36.0-win32-x64\jre\17.0.13-win32-x86_64\bin\jli.dll
0x00007fff892a0000 - 0x00007fff8943d000 	C:\Windows\System32\USER32.dll
0x00007fff88550000 - 0x00007fff88572000 	C:\Windows\System32\win32u.dll
0x00007fff6fab0000 - 0x00007fff6fd4a000 	C:\Windows\WinSxS\amd64_microsoft.windows.common-controls_6595b64144ccf1df_6.0.19041.4355_none_60b8b9eb71f62e16\COMCTL32.dll
0x00007fff88ff0000 - 0x00007fff8901b000 	C:\Windows\System32\GDI32.dll
0x00007fff89200000 - 0x00007fff8929e000 	C:\Windows\System32\msvcrt.dll
0x00007fff88ab0000 - 0x00007fff88bc7000 	C:\Windows\System32\gdi32full.dll
0x00007fff889e0000 - 0x00007fff88a7d000 	C:\Windows\System32\msvcp_win.dll
0x00007fff88fc0000 - 0x00007fff88fef000 	C:\Windows\System32\IMM32.DLL
0x00007fff844a0000 - 0x00007fff844ac000 	c:\Users\Cesar\.vscode\extensions\redhat.java-1.36.0-win32-x64\jre\17.0.13-win32-x86_64\bin\vcruntime140_1.dll
0x00007fff72a10000 - 0x00007fff72a9d000 	c:\Users\Cesar\.vscode\extensions\redhat.java-1.36.0-win32-x64\jre\17.0.13-win32-x86_64\bin\msvcp140.dll
0x00007fff2a730000 - 0x00007fff2b39b000 	c:\Users\Cesar\.vscode\extensions\redhat.java-1.36.0-win32-x64\jre\17.0.13-win32-x86_64\bin\server\jvm.dll
0x00007fff8acb0000 - 0x00007fff8ad61000 	C:\Windows\System32\ADVAPI32.dll
0x00007fff8a3b0000 - 0x00007fff8a44f000 	C:\Windows\System32\sechost.dll
0x00007fff89b60000 - 0x00007fff89c83000 	C:\Windows\System32\RPCRT4.dll
0x00007fff88a80000 - 0x00007fff88aa7000 	C:\Windows\System32\bcrypt.dll
0x00007fff88eb0000 - 0x00007fff88f1b000 	C:\Windows\System32\WS2_32.dll
0x00007fff87950000 - 0x00007fff8799b000 	C:\Windows\SYSTEM32\POWRPROF.dll
0x00007fff717a0000 - 0x00007fff717c7000 	C:\Windows\SYSTEM32\WINMM.dll
0x00007fff7f1c0000 - 0x00007fff7f1ca000 	C:\Windows\SYSTEM32\VERSION.dll
0x00007fff87810000 - 0x00007fff87822000 	C:\Windows\SYSTEM32\UMPDC.dll
0x00007fff86c30000 - 0x00007fff86c42000 	C:\Windows\SYSTEM32\kernel.appcore.dll
0x00007fff83670000 - 0x00007fff8367a000 	c:\Users\Cesar\.vscode\extensions\redhat.java-1.36.0-win32-x64\jre\17.0.13-win32-x86_64\bin\jimage.dll
0x00007fff86000000 - 0x00007fff861e4000 	C:\Windows\SYSTEM32\DBGHELP.DLL
0x00007fff6f330000 - 0x00007fff6f364000 	C:\Windows\SYSTEM32\dbgcore.DLL
0x00007fff88450000 - 0x00007fff884d2000 	C:\Windows\System32\bcryptPrimitives.dll
0x00007fff80050000 - 0x00007fff8005e000 	c:\Users\Cesar\.vscode\extensions\redhat.java-1.36.0-win32-x64\jre\17.0.13-win32-x86_64\bin\instrument.dll
0x00007fff69010000 - 0x00007fff69035000 	c:\Users\Cesar\.vscode\extensions\redhat.java-1.36.0-win32-x64\jre\17.0.13-win32-x86_64\bin\java.dll
0x00007fff7bce0000 - 0x00007fff7bcf8000 	c:\Users\Cesar\.vscode\extensions\redhat.java-1.36.0-win32-x64\jre\17.0.13-win32-x86_64\bin\zip.dll
0x00007fff8a4b0000 - 0x00007fff8ac1d000 	C:\Windows\System32\SHELL32.dll
0x00007fff86470000 - 0x00007fff86c14000 	C:\Windows\SYSTEM32\windows.storage.dll
0x00007fff89ca0000 - 0x00007fff89ff3000 	C:\Windows\System32\combase.dll
0x00007fff87da0000 - 0x00007fff87dce000 	C:\Windows\SYSTEM32\Wldp.dll
0x00007fff8a060000 - 0x00007fff8a12d000 	C:\Windows\System32\OLEAUT32.dll
0x00007fff89440000 - 0x00007fff894ed000 	C:\Windows\System32\SHCORE.dll
0x00007fff88e50000 - 0x00007fff88ea5000 	C:\Windows\System32\shlwapi.dll
0x00007fff88380000 - 0x00007fff883a4000 	C:\Windows\SYSTEM32\profapi.dll
0x00007fff68f80000 - 0x00007fff68f99000 	C:\Users\Cesar\.vscode\extensions\redhat.java-1.36.0-win32-x64\jre\17.0.13-win32-x86_64\bin\net.dll
0x00007fff7fa60000 - 0x00007fff7fb6d000 	C:\Windows\SYSTEM32\WINHTTP.dll
0x00007fff87b80000 - 0x00007fff87bea000 	C:\Windows\system32\mswsock.dll
0x00007fff67550000 - 0x00007fff67566000 	C:\Users\Cesar\.vscode\extensions\redhat.java-1.36.0-win32-x64\jre\17.0.13-win32-x86_64\bin\nio.dll
0x00007fff7ba40000 - 0x00007fff7ba50000 	c:\Users\Cesar\.vscode\extensions\redhat.java-1.36.0-win32-x64\jre\17.0.13-win32-x86_64\bin\verify.dll
0x00007fff5b9c0000 - 0x00007fff5ba05000 	C:\Users\Cesar\AppData\Roaming\Code\User\globalStorage\redhat.java\1.36.0\config_win\org.eclipse.equinox.launcher\org.eclipse.equinox.launcher.win32.win32.x86_64_1.2.1100.v20240722-2106\eclipse_11904.dll
0x00007fff890d0000 - 0x00007fff891fb000 	C:\Windows\System32\ole32.dll
0x00007fff880f0000 - 0x00007fff88108000 	C:\Windows\SYSTEM32\CRYPTSP.dll
0x00007fff87450000 - 0x00007fff87484000 	C:\Windows\system32\rsaenh.dll
0x00007fff88300000 - 0x00007fff8832e000 	C:\Windows\SYSTEM32\USERENV.dll
0x00007fff87d10000 - 0x00007fff87d1c000 	C:\Windows\SYSTEM32\CRYPTBASE.dll
0x00007fff87830000 - 0x00007fff8786b000 	C:\Windows\SYSTEM32\IPHLPAPI.DLL
0x00007fff88f20000 - 0x00007fff88f28000 	C:\Windows\System32\NSI.dll
0x00007fff80c50000 - 0x00007fff80c67000 	C:\Windows\SYSTEM32\dhcpcsvc6.DLL
0x00007fff82710000 - 0x00007fff8272d000 	C:\Windows\SYSTEM32\dhcpcsvc.DLL
0x00007fff87870000 - 0x00007fff8793a000 	C:\Windows\SYSTEM32\DNSAPI.dll
0x00007fff5b920000 - 0x00007fff5b969000 	C:\Users\Cesar\AppData\Local\Temp\jna-64998434\jna14339041390735345027.dll
0x00007fff8aca0000 - 0x00007fff8aca8000 	C:\Windows\System32\PSAPI.DLL

dbghelp: loaded successfully - version: 4.0.5 - missing functions: none
symbol engine: initialized successfully - sym options: 0x614 - pdb path: .;c:\Users\Cesar\.vscode\extensions\redhat.java-1.36.0-win32-x64\jre\17.0.13-win32-x86_64\bin;C:\Windows\SYSTEM32;C:\Windows\WinSxS\amd64_microsoft.windows.common-controls_6595b64144ccf1df_6.0.19041.4355_none_60b8b9eb71f62e16;c:\Users\Cesar\.vscode\extensions\redhat.java-1.36.0-win32-x64\jre\17.0.13-win32-x86_64\bin\server;C:\Users\Cesar\AppData\Roaming\Code\User\globalStorage\redhat.java\1.36.0\config_win\org.eclipse.equinox.launcher\org.eclipse.equinox.launcher.win32.win32.x86_64_1.2.1100.v20240722-2106;C:\Users\Cesar\AppData\Local\Temp\jna-64998434

VM Arguments:
jvm_args: --add-modules=ALL-SYSTEM --add-opens=java.base/java.util=ALL-UNNAMED --add-opens=java.base/java.lang=ALL-UNNAMED --add-opens=java.base/sun.nio.fs=ALL-UNNAMED -Declipse.application=org.eclipse.jdt.ls.core.id1 -Dosgi.bundles.defaultStartLevel=4 -Declipse.product=org.eclipse.jdt.ls.core.product -Djava.import.generatesMetadataFilesAtProjectRoot=false -DDetectVMInstallationsJob.disabled=true -Dfile.encoding=utf8 -XX:+UseParallelGC -XX:GCTimeRatio=4 -XX:AdaptiveSizePolicyWeight=90 -Dsun.zip.disableMemoryMapping=true -Xmx1G -Xms100m -Xlog:disable -javaagent:c:\Users\Cesar\.vscode\extensions\redhat.java-1.36.0-win32-x64\lombok\lombok-1.18.35.jar -XX:+HeapDumpOnOutOfMemoryError -XX:HeapDumpPath=c:\Users\Cesar\AppData\Roaming\Code\User\workspaceStorage\53e68585b729e7424bba8c485f5dc05e\redhat.java -Daether.dependencyCollector.impl=bf 
java_command: c:\Users\Cesar\.vscode\extensions\redhat.java-1.36.0-win32-x64\server\plugins\org.eclipse.equinox.launcher_1.6.900.v20240613-2009.jar -configuration c:\Users\Cesar\AppData\Roaming\Code\User\globalStorage\redhat.java\1.36.0\config_win -data c:\Users\Cesar\AppData\Roaming\Code\User\workspaceStorage\53e68585b729e7424bba8c485f5dc05e\redhat.java\jdt_ws --pipe=\\.\pipe\lsp-52584e95a84a3e950b84c05597d754dd-sock
java_class_path (initial): c:\Users\Cesar\.vscode\extensions\redhat.java-1.36.0-win32-x64\server\plugins\org.eclipse.equinox.launcher_1.6.900.v20240613-2009.jar
Launcher Type: SUN_STANDARD

[Global flags]
    uintx AdaptiveSizePolicyWeight                 = 90                                        {product} {command line}
     intx CICompilerCount                          = 4                                         {product} {ergonomic}
    uintx GCTimeRatio                              = 4                                         {product} {command line}
     bool HeapDumpOnOutOfMemoryError               = true                                   {manageable} {command line}
    ccstr HeapDumpPath                             = c:\Users\Cesar\AppData\Roaming\Code\User\workspaceStorage\53e68585b729e7424bba8c485f5dc05e\redhat.java         {manageable} {command line}
   size_t InitialHeapSize                          = 104857600                                 {product} {command line}
   size_t MaxHeapSize                              = 1073741824                                {product} {command line}
   size_t MaxNewSize                               = 357564416                                 {product} {ergonomic}
   size_t MinHeapDeltaBytes                        = 524288                                    {product} {ergonomic}
   size_t MinHeapSize                              = 104857600                                 {product} {command line}
   size_t NewSize                                  = 34603008                                  {product} {ergonomic}
    uintx NonNMethodCodeHeapSize                   = 5839372                                {pd product} {ergonomic}
    uintx NonProfiledCodeHeapSize                  = 122909434                              {pd product} {ergonomic}
   size_t OldSize                                  = 70254592                                  {product} {ergonomic}
    uintx ProfiledCodeHeapSize                     = 122909434                              {pd product} {ergonomic}
    uintx ReservedCodeCacheSize                    = 251658240                              {pd product} {ergonomic}
     bool SegmentedCodeCache                       = true                                      {product} {ergonomic}
   size_t SoftMaxHeapSize                          = 1073741824                             {manageable} {ergonomic}
     bool UseCompressedClassPointers               = true                           {product lp64_product} {ergonomic}
     bool UseCompressedOops                        = true                           {product lp64_product} {ergonomic}
     bool UseLargePagesIndividualAllocation        = false                                  {pd product} {ergonomic}
     bool UseParallelGC                            = true                                      {product} {command line}

Logging:
Log output configuration:
 #0: stdout all=off uptime,level,tags
 #1: stderr all=off uptime,level,tags

Environment Variables:
JAVA_HOME=C:\Program Files\Java\jdk-23
PATH=C:\Program Files\Common Files\Oracle\Java\javapath;C:\Program Files (x86)\Common Files\Intel\Shared Libraries\redist\intel64_win\compiler;C:\Program Files\Python310\Scripts\;C:\Program Files\Python310\;C:\Windows\system32;C:\Windows;C:\Windows\System32\Wbem;C:\Windows\System32\WindowsPowerShell\v1.0\;C:\Windows\System32\OpenSSH\;C:\Program Files (x86)\NVIDIA Corporation\PhysX\Common;C:\Program Files\NVIDIA Corporation\NVIDIA NvDLISR;C:\Program Files\dotnet\;C:\Program Files\Microsoft SQL Server\Client SDK\ODBC\170\Tools\Binn\;C:\Program Files\Microsoft SQL Server\150\Tools\Binn\;F:\Descargas\ffmpeg-master-latest-win64-gpl-shared\ffmpeg-master-latest-win64-gpl-shared\bin;C:\Spring\jdk-23.0.1\bin;C:\maven\apache-maven-3.9.9\bin;%JAVA_HOME%\bin;C:\Program Files\Git\cmd;C:\Program Files\Git\bin;;C:\Program Files\Docker\Docker\resources\bin;C:\Users\Cesar\AppData\Local\Microsoft\WindowsApps;C:\Users\Cesar\.dotnet\tools;C:\Program Files\Python39\Scripts;C:\Program Files\Python39;C:\Users\Cesar\AppData\Roaming\Python\Python39\site-packages;C:\Program Files\Python39\Lib\site-packages;C:\Program Files\Python39\Lib\site-packages\django\template\backends;C:\Users\Cesar\AppData\Local\Programs\Microsoft VS Code\bin;C:\maven\apache-maven-3.9.9\bin;C:\Program Files\Git\bin;
USERNAME=Cesar
OS=Windows_NT
PROCESSOR_IDENTIFIER=Intel64 Family 6 Model 142 Stepping 10, GenuineIntel
TMP=C:\Users\Cesar\AppData\Local\Temp
TEMP=C:\Users\Cesar\AppData\Local\Temp



Periodic native trim disabled


---------------  S Y S T E M  ---------------

OS:
 Windows 10 , 64 bit Build 19041 (10.0.19041.5072)
OS uptime: 0 days 1:53 hours
Hyper-V role detected

CPU: total 8 (initial active 8) (4 cores per cpu, 2 threads per core) family 6 model 142 stepping 10 microcode 0xb4, cx8, cmov, fxsr, ht, mmx, 3dnowpref, sse, sse2, sse3, ssse3, sse4.1, sse4.2, popcnt, lzcnt, tsc, tscinvbit, avx, avx2, aes, erms, clmul, bmi1, bmi2, adx, fma, vzeroupper, clflush, clflushopt, hv
Processor Information for all 8 processors :
  Max Mhz: 1801, Current Mhz: 1801, Mhz Limit: 1801

Memory: 4k page, system-wide physical 16299M (1223M free)
TotalPageFile size 16299M (AvailPageFile size 12M)
current process WorkingSet (physical memory assigned to process): 144M, peak: 145M
current process commit charge ("private bytes"): 247M, peak: 248M

vm_info: OpenJDK 64-Bit Server VM (17.0.13+11) for windows-amd64 JRE (17.0.13+11), built on Oct 16 2024 00:10:08 by "admin" with MS VC++ 17.7 (VS2022)

END.
