#
# There is insufficient memory for the Java Runtime Environment to continue.
# Native memory allocation (malloc) failed to allocate 2166416 bytes. Error detail: Chunk::new
# Possible reasons:
#   The system is out of physical RAM or swap space
#   This process is running with CompressedOops enabled, and the Java Heap may be blocking the growth of the native heap
# Possible solutions:
#   Reduce memory load on the system
#   Increase physical memory or swap space
#   Check if swap backing store is full
#   Decrease Java heap size (-Xmx/-Xms)
#   Decrease number of Java threads
#   Decrease Java thread stack sizes (-Xss)
#   Set larger code cache with -XX:ReservedCodeCacheSize=
#   JVM is running with Unscaled Compressed Oops mode in which the Java heap is
#     placed in the first 4GB address space. The Java Heap base address is the
#     maximum limit for the native heap growth. Please use -XX:HeapBaseMinAddress
#     to set the Java Heap base and to place the Java Heap above 4GB virtual address.
# This output file may be truncated or incomplete.
#
#  Out of Memory Error (arena.cpp:191), pid=4292, tid=1692
#
# JRE version: OpenJDK Runtime Environment Temurin-17.0.13+11 (17.0.13+11) (build 17.0.13+11)
# Java VM: OpenJDK 64-Bit Server VM Temurin-17.0.13+11 (17.0.13+11, mixed mode, tiered, compressed oops, compressed class ptrs, parallel gc, windows-amd64)
# No core dump will be written. Minidumps are not enabled by default on client versions of Windows
#

---------------  S U M M A R Y ------------

Command Line: --add-modules=ALL-SYSTEM --add-opens=java.base/java.util=ALL-UNNAMED --add-opens=java.base/java.lang=ALL-UNNAMED --add-opens=java.base/sun.nio.fs=ALL-UNNAMED -Declipse.application=org.eclipse.jdt.ls.core.id1 -Dosgi.bundles.defaultStartLevel=4 -Declipse.product=org.eclipse.jdt.ls.core.product -Djava.import.generatesMetadataFilesAtProjectRoot=false -DDetectVMInstallationsJob.disabled=true -Dfile.encoding=utf8 -XX:+UseParallelGC -XX:GCTimeRatio=4 -XX:AdaptiveSizePolicyWeight=90 -Dsun.zip.disableMemoryMapping=true -Xmx1G -Xms100m -Xlog:disable -javaagent:c:\Users\Cesar\.vscode\extensions\redhat.java-1.37.0-win32-x64\lombok\lombok-1.18.34.jar -XX:+HeapDumpOnOutOfMemoryError -XX:HeapDumpPath=c:\Users\Cesar\AppData\Roaming\Code\User\workspaceStorage\53e68585b729e7424bba8c485f5dc05e\redhat.java -Daether.dependencyCollector.impl=bf c:\Users\Cesar\.vscode\extensions\redhat.java-1.37.0-win32-x64\server\plugins\org.eclipse.equinox.launcher_1.6.900.v20240613-2009.jar -configuration c:\Users\Cesar\AppData\Roaming\Code\User\globalStorage\redhat.java\1.37.0\config_win -data c:\Users\Cesar\AppData\Roaming\Code\User\workspaceStorage\53e68585b729e7424bba8c485f5dc05e\redhat.java\jdt_ws --pipe=\\.\pipe\lsp-affeeb850e6cdb9dfdf7e0e758c41b3d-sock

Host: Intel(R) Core(TM) i5-8250U CPU @ 1.60GHz, 8 cores, 15G,  Windows 10 , 64 bit Build 19041 (10.0.19041.5072)
Time: Wed Dec  4 19:40:26 2024 Hora estándar de Venezuela elapsed time: 915.861768 seconds (0d 0h 15m 15s)

---------------  T H R E A D  ---------------

Current thread (0x000001f239389750):  JavaThread "C2 CompilerThread0" daemon [_thread_in_native, id=1692, stack(0x0000007239000000,0x0000007239100000)]


Current CompileTask:
C2: 915861 26422 %     4       org.eclipse.jdt.internal.compiler.ClassFile::traverse @ 215 (7188 bytes)

Stack: [0x0000007239000000,0x0000007239100000]
Native frames: (J=compiled Java code, j=interpreted, Vv=VM code, C=native code)
V  [jvm.dll+0x682a19]
V  [jvm.dll+0x839538]
V  [jvm.dll+0x83afe3]
V  [jvm.dll+0x83b653]
V  [jvm.dll+0x24704f]
V  [jvm.dll+0xace34]
V  [jvm.dll+0xad4cc]
V  [jvm.dll+0x36592f]
V  [jvm.dll+0x1ba793]
V  [jvm.dll+0x2181a7]
V  [jvm.dll+0x21748f]
V  [jvm.dll+0x1a3070]
V  [jvm.dll+0x22788c]
V  [jvm.dll+0x2259eb]
V  [jvm.dll+0x7eec98]
V  [jvm.dll+0x7e8ffc]
V  [jvm.dll+0x6818f7]
C  [ucrtbase.dll+0x21bb2]
C  [KERNEL32.DLL+0x17374]
C  [ntdll.dll+0x4cc91]


---------------  P R O C E S S  ---------------

Threads class SMR info:
_java_thread_list=0x000001f249213db0, length=57, elements={
0x000001f2201d2760, 0x000001f23406c7c0, 0x000001f23406e1f0, 0x000001f2202890f0,
0x000001f220289e80, 0x000001f22028b3b0, 0x000001f239388540, 0x000001f239389750,
0x000001f23938e1b0, 0x000001f2393a81b0, 0x000001f220234c40, 0x000001f2396dedc0,
0x000001f23acbd8a0, 0x000001f23afb5c40, 0x000001f23b03dbe0, 0x000001f23aed07b0,
0x000001f23af5ca60, 0x000001f23aea7f00, 0x000001f23aea5170, 0x000001f23aea5680,
0x000001f23aea6fd0, 0x000001f23aea79f0, 0x000001f23aea74e0, 0x000001f23b7899d0,
0x000001f23b78a3f0, 0x000001f23b78a900, 0x000001f23b788aa0, 0x000001f23b78ae10,
0x000001f23b788fb0, 0x000001f23b7894c0, 0x000001f23b78b320, 0x000001f23b789ee0,
0x000001f23b788080, 0x000001f23b788590, 0x000001f23aea8410, 0x000001f23cae04a0,
0x000001f23ffb97e0, 0x000001f23e33a450, 0x000001f23cadf060, 0x000001f23db979a0,
0x000001f23de05e30, 0x000001f23deae7b0, 0x000001f23f1d4980, 0x000001f23db983c0,
0x000001f23db96f80, 0x000001f23de07270, 0x000001f23de06d60, 0x000001f23de06340,
0x000001f23de06850, 0x000001f2491cf250, 0x000001f23e33f040, 0x000001f23f1d4470,
0x000001f23db97eb0, 0x000001f23ba83a90, 0x000001f23df64730, 0x000001f23df65660,
0x000001f23ba80d00
}

Java Threads: ( => current thread )
  0x000001f2201d2760 JavaThread "main" [_thread_blocked, id=7448, stack(0x0000007238700000,0x0000007238800000)]
  0x000001f23406c7c0 JavaThread "Reference Handler" daemon [_thread_blocked, id=9840, stack(0x0000007238a00000,0x0000007238b00000)]
  0x000001f23406e1f0 JavaThread "Finalizer" daemon [_thread_blocked, id=3908, stack(0x0000007238b00000,0x0000007238c00000)]
  0x000001f2202890f0 JavaThread "Signal Dispatcher" daemon [_thread_blocked, id=1820, stack(0x0000007238c00000,0x0000007238d00000)]
  0x000001f220289e80 JavaThread "Attach Listener" daemon [_thread_blocked, id=6868, stack(0x0000007238d00000,0x0000007238e00000)]
  0x000001f22028b3b0 JavaThread "Service Thread" daemon [_thread_blocked, id=4076, stack(0x0000007238e00000,0x0000007238f00000)]
  0x000001f239388540 JavaThread "Monitor Deflation Thread" daemon [_thread_blocked, id=12848, stack(0x0000007238f00000,0x0000007239000000)]
=>0x000001f239389750 JavaThread "C2 CompilerThread0" daemon [_thread_in_native, id=1692, stack(0x0000007239000000,0x0000007239100000)]
  0x000001f23938e1b0 JavaThread "C1 CompilerThread0" daemon [_thread_blocked, id=14116, stack(0x0000007239100000,0x0000007239200000)]
  0x000001f2393a81b0 JavaThread "Sweeper thread" daemon [_thread_blocked, id=13712, stack(0x0000007239200000,0x0000007239300000)]
  0x000001f220234c40 JavaThread "Common-Cleaner" daemon [_thread_blocked, id=11168, stack(0x0000007239300000,0x0000007239400000)]
  0x000001f2396dedc0 JavaThread "Notification Thread" daemon [_thread_blocked, id=14264, stack(0x0000007239500000,0x0000007239600000)]
  0x000001f23acbd8a0 JavaThread "Active Thread: Equinox Container: 94c2693e-fd1d-421a-944b-6d2ca6740013" [_thread_blocked, id=2676, stack(0x0000007239e00000,0x0000007239f00000)]
  0x000001f23afb5c40 JavaThread "Refresh Thread: Equinox Container: 94c2693e-fd1d-421a-944b-6d2ca6740013" daemon [_thread_blocked, id=12556, stack(0x0000007239f00000,0x000000723a000000)]
  0x000001f23b03dbe0 JavaThread "Framework Event Dispatcher: Equinox Container: 94c2693e-fd1d-421a-944b-6d2ca6740013" daemon [_thread_blocked, id=6808, stack(0x000000723a000000,0x000000723a100000)]
  0x000001f23aed07b0 JavaThread "Start Level: Equinox Container: 94c2693e-fd1d-421a-944b-6d2ca6740013" daemon [_thread_blocked, id=9700, stack(0x000000723a100000,0x000000723a200000)]
  0x000001f23af5ca60 JavaThread "Bundle File Closer" daemon [_thread_blocked, id=12048, stack(0x000000723a200000,0x000000723a300000)]
  0x000001f23aea7f00 JavaThread "SCR Component Actor" daemon [_thread_blocked, id=13904, stack(0x000000723a300000,0x000000723a400000)]
  0x000001f23aea5170 JavaThread "Worker-JM" [_thread_blocked, id=13396, stack(0x000000723a400000,0x000000723a500000)]
  0x000001f23aea5680 JavaThread "JNA Cleaner" daemon [_thread_blocked, id=12836, stack(0x000000723a500000,0x000000723a600000)]
  0x000001f23aea6fd0 JavaThread "Worker-2" [_thread_blocked, id=6328, stack(0x000000723a800000,0x000000723a900000)]
  0x000001f23aea79f0 JavaThread "Java indexing" daemon [_thread_blocked, id=10792, stack(0x000000723ab00000,0x000000723ac00000)]
  0x000001f23aea74e0 JavaThread "Thread-2" daemon [_thread_in_native, id=14160, stack(0x000000723aa00000,0x000000723ab00000)]
  0x000001f23b7899d0 JavaThread "Thread-3" daemon [_thread_in_native, id=12068, stack(0x000000723af00000,0x000000723b000000)]
  0x000001f23b78a3f0 JavaThread "Thread-4" daemon [_thread_in_native, id=8356, stack(0x000000723b000000,0x000000723b100000)]
  0x000001f23b78a900 JavaThread "Thread-5" daemon [_thread_in_native, id=3836, stack(0x000000723b100000,0x000000723b200000)]
  0x000001f23b788aa0 JavaThread "Thread-6" daemon [_thread_in_native, id=7656, stack(0x000000723b200000,0x000000723b300000)]
  0x000001f23b78ae10 JavaThread "Thread-7" daemon [_thread_in_native, id=13740, stack(0x000000723b300000,0x000000723b400000)]
  0x000001f23b788fb0 JavaThread "Thread-8" daemon [_thread_in_native, id=4944, stack(0x000000723b400000,0x000000723b500000)]
  0x000001f23b7894c0 JavaThread "Thread-9" daemon [_thread_in_native, id=12772, stack(0x000000723b500000,0x000000723b600000)]
  0x000001f23b78b320 JavaThread "Thread-10" daemon [_thread_in_native, id=2524, stack(0x000000723b600000,0x000000723b700000)]
  0x000001f23b789ee0 JavaThread "pool-2-thread-1" [_thread_blocked, id=9488, stack(0x000000723b700000,0x000000723b800000)]
  0x000001f23b788080 JavaThread "Worker-5" [_thread_blocked, id=8248, stack(0x000000723b900000,0x000000723ba00000)]
  0x000001f23b788590 JavaThread "WorkspaceEventsHandler" [_thread_blocked, id=13576, stack(0x000000723ba00000,0x000000723bb00000)]
  0x000001f23aea8410 JavaThread "pool-1-thread-1" [_thread_blocked, id=12564, stack(0x000000723bb00000,0x000000723bc00000)]
  0x000001f23cae04a0 JavaThread "Cleaner-0" daemon [_thread_blocked, id=10636, stack(0x000000723ce00000,0x000000723cf00000)]
  0x000001f23ffb97e0 JavaThread "ForkJoinPool.commonPool-worker-8" daemon [_thread_in_Java, id=12216, stack(0x0000007238500000,0x0000007238600000)]
  0x000001f23e33a450 JavaThread "ForkJoinPool.commonPool-worker-9" daemon [_thread_blocked, id=15008, stack(0x0000007238600000,0x0000007238700000)]
  0x000001f23cadf060 JavaThread "ForkJoinPool.commonPool-worker-10" daemon [_thread_blocked, id=15020, stack(0x000000723a700000,0x000000723a800000)]
  0x000001f23db979a0 JavaThread "ForkJoinPool.commonPool-worker-11" daemon [_thread_blocked, id=14052, stack(0x000000723a900000,0x000000723aa00000)]
  0x000001f23de05e30 JavaThread "ForkJoinPool.commonPool-worker-12" daemon [_thread_blocked, id=10384, stack(0x000000723ac00000,0x000000723ad00000)]
  0x000001f23deae7b0 JavaThread "ForkJoinPool.commonPool-worker-13" daemon [_thread_blocked, id=13808, stack(0x000000723ae00000,0x000000723af00000)]
  0x000001f23f1d4980 JavaThread "ForkJoinPool.commonPool-worker-14" daemon [_thread_blocked, id=13000, stack(0x000000723bc00000,0x000000723bd00000)]
  0x000001f23db983c0 JavaThread "Worker-8" [_thread_blocked, id=12128, stack(0x000000723bd00000,0x000000723be00000)]
  0x000001f23db96f80 JavaThread "Compiler Source File Reader" daemon [_thread_blocked, id=5148, stack(0x000000723be00000,0x000000723bf00000)]
  0x000001f23de07270 JavaThread "Compiler Source File Reader" daemon [_thread_blocked, id=10560, stack(0x000000723c000000,0x000000723c100000)]
  0x000001f23de06d60 JavaThread "Compiler Source File Reader" daemon [_thread_blocked, id=10976, stack(0x000000723c100000,0x000000723c200000)]
  0x000001f23de06340 JavaThread "Compiler Source File Reader" daemon [_thread_blocked, id=15280, stack(0x000000723c200000,0x000000723c300000)]
  0x000001f23de06850 JavaThread "Compiler Source File Reader" daemon [_thread_blocked, id=9980, stack(0x000000723c300000,0x000000723c400000)]
  0x000001f2491cf250 JavaThread "Compiler Source File Reader" daemon [_thread_blocked, id=11056, stack(0x000000723c400000,0x000000723c500000)]
  0x000001f23e33f040 JavaThread "Worker-9" [_thread_blocked, id=11368, stack(0x000000723c500000,0x000000723c600000)]
  0x000001f23f1d4470 JavaThread "Worker-10" [_thread_blocked, id=12920, stack(0x000000723c600000,0x000000723c700000)]
  0x000001f23db97eb0 JavaThread "Compiler Processing Task" daemon [_thread_blocked, id=11780, stack(0x000000723ad00000,0x000000723ae00000)]
  0x000001f23ba83a90 JavaThread "Worker-11" [_thread_blocked, id=15036, stack(0x000000723a600000,0x000000723a700000)]
  0x000001f23df64730 JavaThread "Worker-12" [_thread_blocked, id=13368, stack(0x0000007239c00000,0x0000007239d00000)]
  0x000001f23df65660 JavaThread "pool-1-thread-5" [_thread_blocked, id=15264, stack(0x000000723b800000,0x000000723b900000)]
  0x000001f23ba80d00 JavaThread "Worker-13" [_thread_blocked, id=12232, stack(0x000000723bf00000,0x000000723c000000)]

Other Threads:
  0x000001f239350c20 VMThread "VM Thread" [stack: 0x0000007238900000,0x0000007238a00000] [id=5008]
  0x000001f2396df2a0 WatcherThread [stack: 0x0000007239600000,0x0000007239700000] [id=12600]
  0x000001f2201e7b80 GCTaskThread "GC Thread#0" [stack: 0x0000007238800000,0x0000007238900000] [id=11916]
  0x000001f23a812670 GCTaskThread "GC Thread#1" [stack: 0x0000007239400000,0x0000007239500000] [id=11928]
  0x000001f23a80d170 GCTaskThread "GC Thread#2" [stack: 0x0000007239700000,0x0000007239800000] [id=14120]
  0x000001f23a80d430 GCTaskThread "GC Thread#3" [stack: 0x0000007239800000,0x0000007239900000] [id=8252]
  0x000001f23a80d6f0 GCTaskThread "GC Thread#4" [stack: 0x0000007239900000,0x0000007239a00000] [id=3392]
  0x000001f23a80d9b0 GCTaskThread "GC Thread#5" [stack: 0x0000007239a00000,0x0000007239b00000] [id=10388]
  0x000001f23a764d70 GCTaskThread "GC Thread#6" [stack: 0x0000007239b00000,0x0000007239c00000] [id=12460]
  0x000001f23ae26d30 GCTaskThread "GC Thread#7" [stack: 0x0000007239d00000,0x0000007239e00000] [id=2204]

Threads with active compile tasks:
C2 CompilerThread0   915923 26422 %     4       org.eclipse.jdt.internal.compiler.ClassFile::traverse @ 215 (7188 bytes)

VM state: not at safepoint (normal execution)

VM Mutex/Monitor currently owned by a thread: None

Heap address: 0x00000000c0000000, size: 1024 MB, Compressed Oops mode: 32-bit

CDS archive(s) not mapped
Compressed class space mapped at: 0x0000000100000000-0x0000000140000000, reserved size: 1073741824
Narrow klass base: 0x0000000000000000, Narrow klass shift: 3, Narrow klass range: 0x140000000

GC Precious Log:
 CPUs: 8 total, 8 available
 Memory: 16299M
 Large Page Support: Disabled
 NUMA Support: Disabled
 Compressed Oops: Enabled (32-bit)
 Alignments: Space 512K, Generation 512K, Heap 2M
 Heap Min Capacity: 100M
 Heap Initial Capacity: 100M
 Heap Max Capacity: 1G
 Pre-touch: Disabled
 Parallel Workers: 8

Heap:
 PSYoungGen      total 8704K, used 3951K [0x00000000eab00000, 0x00000000eba00000, 0x0000000100000000)
  eden space 7680K, 48% used [0x00000000eab00000,0x00000000eae9bda0,0x00000000eb280000)
  from space 1024K, 25% used [0x00000000eb800000,0x00000000eb840000,0x00000000eb900000)
  to   space 512K, 0% used [0x00000000eb980000,0x00000000eb980000,0x00000000eba00000)
 ParOldGen       total 261120K, used 239034K [0x00000000c0000000, 0x00000000cff00000, 0x00000000eab00000)
  object space 261120K, 91% used [0x00000000c0000000,0x00000000ce96eac0,0x00000000cff00000)
 Metaspace       used 92235K, committed 93824K, reserved 1179648K
  class space    used 9013K, committed 9728K, reserved 1048576K

Card table byte_map: [0x000001f21fb70000,0x000001f21fd80000] _byte_map_base: 0x000001f21f570000

Marking Bits: (ParMarkBitMap*) 0x00007ffcdff56940
 Begin Bits: [0x000001f231e70000, 0x000001f232e70000)
 End Bits:   [0x000001f232e70000, 0x000001f233e70000)

Polling page: 0x000001f21e110000

Metaspace:

Usage:
  Non-class:     81.27 MB used.
      Class:      8.80 MB used.
       Both:     90.07 MB used.

Virtual space:
  Non-class space:      128.00 MB reserved,      82.12 MB ( 64%) committed,  2 nodes.
      Class space:        1.00 GB reserved,       9.50 MB ( <1%) committed,  1 nodes.
             Both:        1.12 GB reserved,      91.62 MB (  8%) committed. 

Chunk freelists:
   Non-Class:  13.78 MB
       Class:  6.42 MB
        Both:  20.20 MB

MaxMetaspaceSize: unlimited
CompressedClassSpaceSize: 1.00 GB
Initial GC threshold: 21.00 MB
Current GC threshold: 152.50 MB
CDS: off
MetaspaceReclaimPolicy: balanced
 - commit_granule_bytes: 65536.
 - commit_granule_words: 8192.
 - virtual_space_node_default_size: 8388608.
 - enlarge_chunks_in_place: 1.
 - new_chunks_are_fully_committed: 0.
 - uncommit_free_chunks: 1.
 - use_allocation_guard: 0.
 - handle_deallocations: 1.


Internal statistics:

num_allocs_failed_limit: 9.
num_arena_births: 1318.
num_arena_deaths: 248.
num_vsnodes_births: 3.
num_vsnodes_deaths: 0.
num_space_committed: 1466.
num_space_uncommitted: 0.
num_chunks_returned_to_freelist: 310.
num_chunks_taken_from_freelist: 5782.
num_chunk_merges: 102.
num_chunk_splits: 3299.
num_chunks_enlarged: 1618.
num_inconsistent_stats: 0.

CodeHeap 'non-profiled nmethods': size=120000Kb used=22765Kb max_used=22765Kb free=97234Kb
 bounds [0x000001f22a940000, 0x000001f22bf80000, 0x000001f231e70000]
CodeHeap 'profiled nmethods': size=120000Kb used=37715Kb max_used=38258Kb free=82284Kb
 bounds [0x000001f222e70000, 0x000001f225410000, 0x000001f22a3a0000]
CodeHeap 'non-nmethods': size=5760Kb used=1428Kb max_used=1623Kb free=4331Kb
 bounds [0x000001f22a3a0000, 0x000001f22a610000, 0x000001f22a940000]
 total_blobs=19592 nmethods=18810 adapters=691
 compilation: enabled
              stopped_count=0, restarted_count=0
 full_count=0

Compilation events (20 events):
Event: 913.981 Thread 0x000001f239389750 nmethod 26418 0x000001f22bf7aa90 code [0x000001f22bf7ac00, 0x000001f22bf7ac98]
Event: 913.989 Thread 0x000001f239389750 26419       4       org.eclipse.jdt.internal.compiler.impl.IntConstant::fromValue (213 bytes)
Event: 913.992 Thread 0x000001f239389750 nmethod 26419 0x000001f22bf7ad90 code [0x000001f22bf7af20, 0x000001f22bf7b158]
Event: 914.027 Thread 0x000001f23938e1b0 26420       3       org.eclipse.jdt.ls.core.internal.handlers.BaseDiagnosticsHandler::matchesDiagnosticFilter (6 bytes)
Event: 914.027 Thread 0x000001f23938e1b0 nmethod 26420 0x000001f224aa7190 code [0x000001f224aa7320, 0x000001f224aa7448]
Event: 915.518 Thread 0x000001f239389750 26421       4       java.util.Locale::hashCode (41 bytes)
Event: 915.519 Thread 0x000001f239389750 nmethod 26421 0x000001f22bf7b290 code [0x000001f22bf7b420, 0x000001f22bf7b508]
Event: 915.556 Thread 0x000001f239389750 26422 %     4       org.eclipse.jdt.internal.compiler.ClassFile::traverse @ 215 (7188 bytes)
Event: 915.786 Thread 0x000001f23938e1b0 26426       3       org.eclipse.jdt.internal.corext.refactoring.code.flow.InputFlowAnalyzer::endVisit (6 bytes)
Event: 915.787 Thread 0x000001f23938e1b0 nmethod 26426 0x000001f224dc9610 code [0x000001f224dc97c0, 0x000001f224dc9988]
Event: 915.788 Thread 0x000001f23938e1b0 26427       3       org.eclipse.jdt.internal.corext.dom.ScopeAnalyzer$ScopeAnalyzerVisitor::visit (19 bytes)
Event: 915.789 Thread 0x000001f23938e1b0 nmethod 26427 0x000001f224dc8f90 code [0x000001f224dc9140, 0x000001f224dc93f8]
Event: 915.789 Thread 0x000001f23938e1b0 26428       3       org.eclipse.jdt.internal.corext.dom.HierarchicalASTVisitor::visit (6 bytes)
Event: 915.789 Thread 0x000001f23938e1b0 nmethod 26428 0x000001f22517f610 code [0x000001f22517f7c0, 0x000001f22517fa68]
Event: 915.789 Thread 0x000001f23938e1b0 26429       3       org.eclipse.jdt.internal.corext.dom.HierarchicalASTVisitor::visit (6 bytes)
Event: 915.789 Thread 0x000001f23938e1b0 nmethod 26429 0x000001f22517f210 code [0x000001f22517f3c0, 0x000001f22517f588]
Event: 915.790 Thread 0x000001f23938e1b0 26430       3       org.eclipse.jdt.internal.corext.dom.ASTFlattener::printTypeAnnotations (21 bytes)
Event: 915.790 Thread 0x000001f23938e1b0 nmethod 26430 0x000001f22436db90 code [0x000001f22436dd60, 0x000001f22436e198]
Event: 915.790 Thread 0x000001f23938e1b0 26431       3       org.eclipse.jdt.internal.corext.dom.ASTFlattener::printAnnotationsList (45 bytes)
Event: 915.791 Thread 0x000001f23938e1b0 nmethod 26431 0x000001f225141610 code [0x000001f225141820, 0x000001f225141ee8]

GC Heap History (20 events):
Event: 911.507 GC heap before
{Heap before GC invocations=3017 (full 47):
 PSYoungGen      total 8704K, used 8288K [0x00000000eab00000, 0x00000000ebb00000, 0x0000000100000000)
  eden space 7680K, 100% used [0x00000000eab00000,0x00000000eb280000,0x00000000eb280000)
  from space 1024K, 59% used [0x00000000eba00000,0x00000000eba98020,0x00000000ebb00000)
  to   space 1024K, 0% used [0x00000000eb900000,0x00000000eb900000,0x00000000eba00000)
 ParOldGen       total 261120K, used 235226K [0x00000000c0000000, 0x00000000cff00000, 0x00000000eab00000)
  object space 261120K, 90% used [0x00000000c0000000,0x00000000ce5b6908,0x00000000cff00000)
 Metaspace       used 92230K, committed 93824K, reserved 1179648K
  class space    used 9013K, committed 9728K, reserved 1048576K
}
Event: 911.509 GC heap after
{Heap after GC invocations=3017 (full 47):
 PSYoungGen      total 8704K, used 160K [0x00000000eab00000, 0x00000000eba80000, 0x0000000100000000)
  eden space 7680K, 0% used [0x00000000eab00000,0x00000000eab00000,0x00000000eb280000)
  from space 1024K, 15% used [0x00000000eb900000,0x00000000eb928000,0x00000000eba00000)
  to   space 512K, 0% used [0x00000000eba00000,0x00000000eba00000,0x00000000eba80000)
 ParOldGen       total 261120K, used 235673K [0x00000000c0000000, 0x00000000cff00000, 0x00000000eab00000)
  object space 261120K, 90% used [0x00000000c0000000,0x00000000ce626778,0x00000000cff00000)
 Metaspace       used 92230K, committed 93824K, reserved 1179648K
  class space    used 9013K, committed 9728K, reserved 1048576K
}
Event: 913.562 GC heap before
{Heap before GC invocations=3018 (full 47):
 PSYoungGen      total 8704K, used 7840K [0x00000000eab00000, 0x00000000eba80000, 0x0000000100000000)
  eden space 7680K, 100% used [0x00000000eab00000,0x00000000eb280000,0x00000000eb280000)
  from space 1024K, 15% used [0x00000000eb900000,0x00000000eb928000,0x00000000eba00000)
  to   space 512K, 0% used [0x00000000eba00000,0x00000000eba00000,0x00000000eba80000)
 ParOldGen       total 261120K, used 235673K [0x00000000c0000000, 0x00000000cff00000, 0x00000000eab00000)
  object space 261120K, 90% used [0x00000000c0000000,0x00000000ce626778,0x00000000cff00000)
 Metaspace       used 92230K, committed 93824K, reserved 1179648K
  class space    used 9013K, committed 9728K, reserved 1048576K
}
Event: 913.564 GC heap after
{Heap after GC invocations=3018 (full 47):
 PSYoungGen      total 8192K, used 506K [0x00000000eab00000, 0x00000000eba80000, 0x0000000100000000)
  eden space 7680K, 0% used [0x00000000eab00000,0x00000000eab00000,0x00000000eb280000)
  from space 512K, 98% used [0x00000000eba00000,0x00000000eba7e920,0x00000000eba80000)
  to   space 1024K, 0% used [0x00000000eb880000,0x00000000eb880000,0x00000000eb980000)
 ParOldGen       total 261120K, used 235822K [0x00000000c0000000, 0x00000000cff00000, 0x00000000eab00000)
  object space 261120K, 90% used [0x00000000c0000000,0x00000000ce64ba38,0x00000000cff00000)
 Metaspace       used 92230K, committed 93824K, reserved 1179648K
  class space    used 9013K, committed 9728K, reserved 1048576K
}
Event: 913.611 GC heap before
{Heap before GC invocations=3019 (full 47):
 PSYoungGen      total 8192K, used 8186K [0x00000000eab00000, 0x00000000eba80000, 0x0000000100000000)
  eden space 7680K, 100% used [0x00000000eab00000,0x00000000eb280000,0x00000000eb280000)
  from space 512K, 98% used [0x00000000eba00000,0x00000000eba7e920,0x00000000eba80000)
  to   space 1024K, 0% used [0x00000000eb880000,0x00000000eb880000,0x00000000eb980000)
 ParOldGen       total 261120K, used 235822K [0x00000000c0000000, 0x00000000cff00000, 0x00000000eab00000)
  object space 261120K, 90% used [0x00000000c0000000,0x00000000ce64ba38,0x00000000cff00000)
 Metaspace       used 92230K, committed 93824K, reserved 1179648K
  class space    used 9013K, committed 9728K, reserved 1048576K
}
Event: 913.612 GC heap after
{Heap after GC invocations=3019 (full 47):
 PSYoungGen      total 8704K, used 1008K [0x00000000eab00000, 0x00000000eba80000, 0x0000000100000000)
  eden space 7680K, 0% used [0x00000000eab00000,0x00000000eab00000,0x00000000eb280000)
  from space 1024K, 98% used [0x00000000eb880000,0x00000000eb97c010,0x00000000eb980000)
  to   space 1024K, 0% used [0x00000000eb980000,0x00000000eb980000,0x00000000eba80000)
 ParOldGen       total 261120K, used 236338K [0x00000000c0000000, 0x00000000cff00000, 0x00000000eab00000)
  object space 261120K, 90% used [0x00000000c0000000,0x00000000ce6cca20,0x00000000cff00000)
 Metaspace       used 92230K, committed 93824K, reserved 1179648K
  class space    used 9013K, committed 9728K, reserved 1048576K
}
Event: 913.963 GC heap before
{Heap before GC invocations=3020 (full 47):
 PSYoungGen      total 8704K, used 8688K [0x00000000eab00000, 0x00000000eba80000, 0x0000000100000000)
  eden space 7680K, 99% used [0x00000000eab00000,0x00000000eb27fff8,0x00000000eb280000)
  from space 1024K, 98% used [0x00000000eb880000,0x00000000eb97c010,0x00000000eb980000)
  to   space 1024K, 0% used [0x00000000eb980000,0x00000000eb980000,0x00000000eba80000)
 ParOldGen       total 261120K, used 236338K [0x00000000c0000000, 0x00000000cff00000, 0x00000000eab00000)
  object space 261120K, 90% used [0x00000000c0000000,0x00000000ce6cca20,0x00000000cff00000)
 Metaspace       used 92232K, committed 93824K, reserved 1179648K
  class space    used 9013K, committed 9728K, reserved 1048576K
}
Event: 913.966 GC heap after
{Heap after GC invocations=3020 (full 47):
 PSYoungGen      total 8192K, used 362K [0x00000000eab00000, 0x00000000eba00000, 0x0000000100000000)
  eden space 7680K, 0% used [0x00000000eab00000,0x00000000eab00000,0x00000000eb280000)
  from space 512K, 70% used [0x00000000eb980000,0x00000000eb9da910,0x00000000eba00000)
  to   space 1024K, 0% used [0x00000000eb800000,0x00000000eb800000,0x00000000eb900000)
 ParOldGen       total 261120K, used 237278K [0x00000000c0000000, 0x00000000cff00000, 0x00000000eab00000)
  object space 261120K, 90% used [0x00000000c0000000,0x00000000ce7b7a40,0x00000000cff00000)
 Metaspace       used 92232K, committed 93824K, reserved 1179648K
  class space    used 9013K, committed 9728K, reserved 1048576K
}
Event: 913.999 GC heap before
{Heap before GC invocations=3021 (full 47):
 PSYoungGen      total 8192K, used 8040K [0x00000000eab00000, 0x00000000eba00000, 0x0000000100000000)
  eden space 7680K, 99% used [0x00000000eab00000,0x00000000eb27f858,0x00000000eb280000)
  from space 512K, 70% used [0x00000000eb980000,0x00000000eb9da910,0x00000000eba00000)
  to   space 1024K, 0% used [0x00000000eb800000,0x00000000eb800000,0x00000000eb900000)
 ParOldGen       total 261120K, used 237278K [0x00000000c0000000, 0x00000000cff00000, 0x00000000eab00000)
  object space 261120K, 90% used [0x00000000c0000000,0x00000000ce7b7a40,0x00000000cff00000)
 Metaspace       used 92232K, committed 93824K, reserved 1179648K
  class space    used 9013K, committed 9728K, reserved 1048576K
}
Event: 914.001 GC heap after
{Heap after GC invocations=3021 (full 47):
 PSYoungGen      total 8704K, used 308K [0x00000000eab00000, 0x00000000eba00000, 0x0000000100000000)
  eden space 7680K, 0% used [0x00000000eab00000,0x00000000eab00000,0x00000000eb280000)
  from space 1024K, 30% used [0x00000000eb800000,0x00000000eb84d200,0x00000000eb900000)
  to   space 512K, 0% used [0x00000000eb980000,0x00000000eb980000,0x00000000eba00000)
 ParOldGen       total 261120K, used 237278K [0x00000000c0000000, 0x00000000cff00000, 0x00000000eab00000)
  object space 261120K, 90% used [0x00000000c0000000,0x00000000ce7b7a40,0x00000000cff00000)
 Metaspace       used 92232K, committed 93824K, reserved 1179648K
  class space    used 9013K, committed 9728K, reserved 1048576K
}
Event: 915.520 GC heap before
{Heap before GC invocations=3022 (full 47):
 PSYoungGen      total 8704K, used 7988K [0x00000000eab00000, 0x00000000eba00000, 0x0000000100000000)
  eden space 7680K, 100% used [0x00000000eab00000,0x00000000eb280000,0x00000000eb280000)
  from space 1024K, 30% used [0x00000000eb800000,0x00000000eb84d200,0x00000000eb900000)
  to   space 512K, 0% used [0x00000000eb980000,0x00000000eb980000,0x00000000eba00000)
 ParOldGen       total 261120K, used 237278K [0x00000000c0000000, 0x00000000cff00000, 0x00000000eab00000)
  object space 261120K, 90% used [0x00000000c0000000,0x00000000ce7b7a40,0x00000000cff00000)
 Metaspace       used 92232K, committed 93824K, reserved 1179648K
  class space    used 9013K, committed 9728K, reserved 1048576K
}
Event: 915.522 GC heap after
{Heap after GC invocations=3022 (full 47):
 PSYoungGen      total 8192K, used 160K [0x00000000eab00000, 0x00000000eba00000, 0x0000000100000000)
  eden space 7680K, 0% used [0x00000000eab00000,0x00000000eab00000,0x00000000eb280000)
  from space 512K, 31% used [0x00000000eb980000,0x00000000eb9a8000,0x00000000eba00000)
  to   space 512K, 0% used [0x00000000eb900000,0x00000000eb900000,0x00000000eb980000)
 ParOldGen       total 261120K, used 237334K [0x00000000c0000000, 0x00000000cff00000, 0x00000000eab00000)
  object space 261120K, 90% used [0x00000000c0000000,0x00000000ce7c5a40,0x00000000cff00000)
 Metaspace       used 92232K, committed 93824K, reserved 1179648K
  class space    used 9013K, committed 9728K, reserved 1048576K
}
Event: 915.558 GC heap before
{Heap before GC invocations=3023 (full 47):
 PSYoungGen      total 8192K, used 7840K [0x00000000eab00000, 0x00000000eba00000, 0x0000000100000000)
  eden space 7680K, 100% used [0x00000000eab00000,0x00000000eb280000,0x00000000eb280000)
  from space 512K, 31% used [0x00000000eb980000,0x00000000eb9a8000,0x00000000eba00000)
  to   space 512K, 0% used [0x00000000eb900000,0x00000000eb900000,0x00000000eb980000)
 ParOldGen       total 261120K, used 237334K [0x00000000c0000000, 0x00000000cff00000, 0x00000000eab00000)
  object space 261120K, 90% used [0x00000000c0000000,0x00000000ce7c5a40,0x00000000cff00000)
 Metaspace       used 92232K, committed 93824K, reserved 1179648K
  class space    used 9013K, committed 9728K, reserved 1048576K
}
Event: 915.560 GC heap after
{Heap after GC invocations=3023 (full 47):
 PSYoungGen      total 8192K, used 480K [0x00000000eab00000, 0x00000000eba00000, 0x0000000100000000)
  eden space 7680K, 0% used [0x00000000eab00000,0x00000000eab00000,0x00000000eb280000)
  from space 512K, 93% used [0x00000000eb900000,0x00000000eb978020,0x00000000eb980000)
  to   space 512K, 0% used [0x00000000eb980000,0x00000000eb980000,0x00000000eba00000)
 ParOldGen       total 261120K, used 238098K [0x00000000c0000000, 0x00000000cff00000, 0x00000000eab00000)
  object space 261120K, 91% used [0x00000000c0000000,0x00000000ce884aa8,0x00000000cff00000)
 Metaspace       used 92232K, committed 93824K, reserved 1179648K
  class space    used 9013K, committed 9728K, reserved 1048576K
}
Event: 915.635 GC heap before
{Heap before GC invocations=3024 (full 47):
 PSYoungGen      total 8192K, used 8160K [0x00000000eab00000, 0x00000000eba00000, 0x0000000100000000)
  eden space 7680K, 100% used [0x00000000eab00000,0x00000000eb280000,0x00000000eb280000)
  from space 512K, 93% used [0x00000000eb900000,0x00000000eb978020,0x00000000eb980000)
  to   space 512K, 0% used [0x00000000eb980000,0x00000000eb980000,0x00000000eba00000)
 ParOldGen       total 261120K, used 238098K [0x00000000c0000000, 0x00000000cff00000, 0x00000000eab00000)
  object space 261120K, 91% used [0x00000000c0000000,0x00000000ce884aa8,0x00000000cff00000)
 Metaspace       used 92232K, committed 93824K, reserved 1179648K
  class space    used 9013K, committed 9728K, reserved 1048576K
}
Event: 915.642 GC heap after
{Heap after GC invocations=3024 (full 47):
 PSYoungGen      total 8192K, used 480K [0x00000000eab00000, 0x00000000eba00000, 0x0000000100000000)
  eden space 7680K, 0% used [0x00000000eab00000,0x00000000eab00000,0x00000000eb280000)
  from space 512K, 93% used [0x00000000eb980000,0x00000000eb9f8020,0x00000000eba00000)
  to   space 1024K, 0% used [0x00000000eb800000,0x00000000eb800000,0x00000000eb900000)
 ParOldGen       total 261120K, used 238310K [0x00000000c0000000, 0x00000000cff00000, 0x00000000eab00000)
  object space 261120K, 91% used [0x00000000c0000000,0x00000000ce8b9ab8,0x00000000cff00000)
 Metaspace       used 92232K, committed 93824K, reserved 1179648K
  class space    used 9013K, committed 9728K, reserved 1048576K
}
Event: 915.749 GC heap before
{Heap before GC invocations=3025 (full 47):
 PSYoungGen      total 8192K, used 8160K [0x00000000eab00000, 0x00000000eba00000, 0x0000000100000000)
  eden space 7680K, 100% used [0x00000000eab00000,0x00000000eb280000,0x00000000eb280000)
  from space 512K, 93% used [0x00000000eb980000,0x00000000eb9f8020,0x00000000eba00000)
  to   space 1024K, 0% used [0x00000000eb800000,0x00000000eb800000,0x00000000eb900000)
 ParOldGen       total 261120K, used 238310K [0x00000000c0000000, 0x00000000cff00000, 0x00000000eab00000)
  object space 261120K, 91% used [0x00000000c0000000,0x00000000ce8b9ab8,0x00000000cff00000)
 Metaspace       used 92232K, committed 93824K, reserved 1179648K
  class space    used 9013K, committed 9728K, reserved 1048576K
}
Event: 915.751 GC heap after
{Heap after GC invocations=3025 (full 47):
 PSYoungGen      total 8704K, used 224K [0x00000000eab00000, 0x00000000eba00000, 0x0000000100000000)
  eden space 7680K, 0% used [0x00000000eab00000,0x00000000eab00000,0x00000000eb280000)
  from space 1024K, 21% used [0x00000000eb800000,0x00000000eb838000,0x00000000eb900000)
  to   space 512K, 0% used [0x00000000eb980000,0x00000000eb980000,0x00000000eba00000)
 ParOldGen       total 261120K, used 238814K [0x00000000c0000000, 0x00000000cff00000, 0x00000000eab00000)
  object space 261120K, 91% used [0x00000000c0000000,0x00000000ce9379f0,0x00000000cff00000)
 Metaspace       used 92232K, committed 93824K, reserved 1179648K
  class space    used 9013K, committed 9728K, reserved 1048576K
}
Event: 915.832 GC heap before
{Heap before GC invocations=3026 (full 47):
 PSYoungGen      total 8704K, used 7904K [0x00000000eab00000, 0x00000000eba00000, 0x0000000100000000)
  eden space 7680K, 100% used [0x00000000eab00000,0x00000000eb280000,0x00000000eb280000)
  from space 1024K, 21% used [0x00000000eb800000,0x00000000eb838000,0x00000000eb900000)
  to   space 512K, 0% used [0x00000000eb980000,0x00000000eb980000,0x00000000eba00000)
 ParOldGen       total 261120K, used 238814K [0x00000000c0000000, 0x00000000cff00000, 0x00000000eab00000)
  object space 261120K, 91% used [0x00000000c0000000,0x00000000ce9379f0,0x00000000cff00000)
 Metaspace       used 92235K, committed 93824K, reserved 1179648K
  class space    used 9013K, committed 9728K, reserved 1048576K
}
Event: 915.836 GC heap after
{Heap after GC invocations=3026 (full 47):
 PSYoungGen      total 8192K, used 480K [0x00000000eab00000, 0x00000000eba00000, 0x0000000100000000)
  eden space 7680K, 0% used [0x00000000eab00000,0x00000000eab00000,0x00000000eb280000)
  from space 512K, 93% used [0x00000000eb980000,0x00000000eb9f8040,0x00000000eba00000)
  to   space 1024K, 0% used [0x00000000eb800000,0x00000000eb800000,0x00000000eb900000)
 ParOldGen       total 261120K, used 238838K [0x00000000c0000000, 0x00000000cff00000, 0x00000000eab00000)
  object space 261120K, 91% used [0x00000000c0000000,0x00000000ce93d908,0x00000000cff00000)
 Metaspace       used 92235K, committed 93824K, reserved 1179648K
  class space    used 9013K, committed 9728K, reserved 1048576K
}

Dll operation events (10 events):
Event: 0.045 Loaded shared library c:\Users\Cesar\.vscode\extensions\redhat.java-1.37.0-win32-x64\jre\17.0.13-win32-x86_64\bin\java.dll
Event: 0.431 Loaded shared library c:\Users\Cesar\.vscode\extensions\redhat.java-1.37.0-win32-x64\jre\17.0.13-win32-x86_64\bin\zip.dll
Event: 0.437 Loaded shared library C:\Users\Cesar\.vscode\extensions\redhat.java-1.37.0-win32-x64\jre\17.0.13-win32-x86_64\bin\instrument.dll
Event: 0.475 Loaded shared library C:\Users\Cesar\.vscode\extensions\redhat.java-1.37.0-win32-x64\jre\17.0.13-win32-x86_64\bin\net.dll
Event: 0.489 Loaded shared library C:\Users\Cesar\.vscode\extensions\redhat.java-1.37.0-win32-x64\jre\17.0.13-win32-x86_64\bin\nio.dll
Event: 0.511 Loaded shared library C:\Users\Cesar\.vscode\extensions\redhat.java-1.37.0-win32-x64\jre\17.0.13-win32-x86_64\bin\zip.dll
Event: 0.552 Loaded shared library C:\Users\Cesar\.vscode\extensions\redhat.java-1.37.0-win32-x64\jre\17.0.13-win32-x86_64\bin\jimage.dll
Event: 0.735 Loaded shared library c:\Users\Cesar\.vscode\extensions\redhat.java-1.37.0-win32-x64\jre\17.0.13-win32-x86_64\bin\verify.dll
Event: 5.574 Loaded shared library C:\Users\Cesar\AppData\Roaming\Code\User\globalStorage\redhat.java\1.37.0\config_win\org.eclipse.equinox.launcher\org.eclipse.equinox.launcher.win32.win32.x86_64_1.2.1100.v20240722-2106\eclipse_11904.dll
Event: 10.252 Loaded shared library C:\Users\Cesar\AppData\Local\Temp\jna-64998434\jna5573356521660989653.dll

Deoptimization events (20 events):
Event: 910.283 Thread 0x000001f23ffb97e0 Uncommon trap: trap_request=0xffffff45 fr.pc=0x000001f22be7f75c relative=0x000000000000005c
Event: 910.283 Thread 0x000001f23ffb97e0 Uncommon trap: reason=unstable_if action=reinterpret pc=0x000001f22be7f75c method=org.eclipse.core.runtime.Status.isOK()Z @ 4 c2
Event: 910.283 Thread 0x000001f23ffb97e0 DEOPT PACKING pc=0x000001f22be7f75c sp=0x00000072385fea90
Event: 910.283 Thread 0x000001f23ffb97e0 DEOPT UNPACKING pc=0x000001f22a3f66a3 sp=0x00000072385fea20 mode 2
Event: 910.299 Thread 0x000001f23ffb97e0 Uncommon trap: trap_request=0xffffffde fr.pc=0x000001f22b16aa54 relative=0x0000000000005214
Event: 910.299 Thread 0x000001f23ffb97e0 Uncommon trap: reason=class_check action=maybe_recompile pc=0x000001f22b16aa54 method=org.eclipse.jdt.internal.core.SourceRefElement.generateInfos(Lorg/eclipse/jdt/internal/compiler/env/IElementInfo;Ljava/util/Map;Lorg/eclipse/core/runtime/IProgressMonito
Event: 910.299 Thread 0x000001f23ffb97e0 DEOPT PACKING pc=0x000001f22b16aa54 sp=0x00000072385fe870
Event: 910.299 Thread 0x000001f23ffb97e0 DEOPT UNPACKING pc=0x000001f22a3f66a3 sp=0x00000072385fe8a8 mode 2
Event: 910.314 Thread 0x000001f23ffb97e0 Uncommon trap: trap_request=0xffffffde fr.pc=0x000001f22b16aa54 relative=0x0000000000005214
Event: 910.314 Thread 0x000001f23ffb97e0 Uncommon trap: reason=class_check action=maybe_recompile pc=0x000001f22b16aa54 method=org.eclipse.jdt.internal.core.SourceRefElement.generateInfos(Lorg/eclipse/jdt/internal/compiler/env/IElementInfo;Ljava/util/Map;Lorg/eclipse/core/runtime/IProgressMonito
Event: 910.314 Thread 0x000001f23ffb97e0 DEOPT PACKING pc=0x000001f22b16aa54 sp=0x00000072385fe840
Event: 910.314 Thread 0x000001f23ffb97e0 DEOPT UNPACKING pc=0x000001f22a3f66a3 sp=0x00000072385fe878 mode 2
Event: 910.486 Thread 0x000001f23ba83a90 Uncommon trap: trap_request=0xffffff45 fr.pc=0x000001f22bf1f728 relative=0x0000000000001688
Event: 910.486 Thread 0x000001f23ba83a90 Uncommon trap: reason=unstable_if action=reinterpret pc=0x000001f22bf1f728 method=org.eclipse.core.internal.jobs.JobQueue.canOvertake(Lorg/eclipse/core/internal/jobs/InternalJob;Lorg/eclipse/core/internal/jobs/InternalJob;)Z @ 54 c2
Event: 910.486 Thread 0x000001f23ba83a90 DEOPT PACKING pc=0x000001f22bf1f728 sp=0x000000723a6ff060
Event: 910.486 Thread 0x000001f23ba83a90 DEOPT UNPACKING pc=0x000001f22a3f66a3 sp=0x000000723a6fef30 mode 2
Event: 910.673 Thread 0x000001f23ba83a90 Uncommon trap: trap_request=0xffffffcc fr.pc=0x000001f22bf240b8 relative=0x0000000000001578
Event: 910.673 Thread 0x000001f23ba83a90 Uncommon trap: reason=intrinsic_or_type_checked_inlining action=make_not_entrant pc=0x000001f22bf240b8 method=org.eclipse.core.internal.resources.WorkspaceRoot.getProjects(I)[Lorg/eclipse/core/resources/IProject; @ 8 c2
Event: 910.673 Thread 0x000001f23ba83a90 DEOPT PACKING pc=0x000001f22bf240b8 sp=0x000000723a6fdd70
Event: 910.673 Thread 0x000001f23ba83a90 DEOPT UNPACKING pc=0x000001f22a3f66a3 sp=0x000000723a6fdc50 mode 2

Classes loaded (20 events):
Event: 876.141 Loading class jdk/internal/module/IllegalAccessLogger
Event: 876.141 Loading class jdk/internal/module/IllegalAccessLogger done
Event: 888.028 Loading class jdk/internal/module/IllegalAccessLogger
Event: 888.028 Loading class jdk/internal/module/IllegalAccessLogger done
Event: 892.011 Loading class java/util/stream/ReduceOps$5
Event: 892.011 Loading class java/util/stream/ReduceOps$5 done
Event: 892.011 Loading class java/util/stream/ReduceOps$CountingSink$OfRef
Event: 892.011 Loading class java/util/stream/ReduceOps$CountingSink
Event: 892.011 Loading class java/util/stream/ReduceOps$CountingSink done
Event: 892.011 Loading class java/util/stream/ReduceOps$CountingSink$OfRef done
Event: 892.317 Loading class jdk/internal/module/IllegalAccessLogger
Event: 892.317 Loading class jdk/internal/module/IllegalAccessLogger done
Event: 893.760 Loading class jdk/internal/module/IllegalAccessLogger
Event: 893.760 Loading class jdk/internal/module/IllegalAccessLogger done
Event: 894.990 Loading class jdk/internal/module/IllegalAccessLogger
Event: 894.990 Loading class jdk/internal/module/IllegalAccessLogger done
Event: 899.158 Loading class jdk/internal/module/IllegalAccessLogger
Event: 899.158 Loading class jdk/internal/module/IllegalAccessLogger done
Event: 910.632 Loading class jdk/internal/module/IllegalAccessLogger
Event: 910.632 Loading class jdk/internal/module/IllegalAccessLogger done

Classes unloaded (20 events):
Event: 836.015 Thread 0x000001f239350c20 Unloading class 0x0000000100788c00 'jdk/internal/reflect/GeneratedMethodAccessor23'
Event: 836.015 Thread 0x000001f239350c20 Unloading class 0x0000000100788800 'jdk/internal/reflect/GeneratedMethodAccessor22'
Event: 836.015 Thread 0x000001f239350c20 Unloading class 0x0000000100788000 'jdk/internal/reflect/GeneratedMethodAccessor20'
Event: 836.015 Thread 0x000001f239350c20 Unloading class 0x0000000100762c00 'java/lang/invoke/LambdaForm$MH+0x0000000100762c00'
Event: 836.015 Thread 0x000001f239350c20 Unloading class 0x0000000100762800 'java/lang/invoke/LambdaForm$MH+0x0000000100762800'
Event: 836.015 Thread 0x000001f239350c20 Unloading class 0x0000000100762400 'java/lang/invoke/LambdaForm$MH+0x0000000100762400'
Event: 836.015 Thread 0x000001f239350c20 Unloading class 0x0000000100762000 'java/lang/invoke/LambdaForm$MH+0x0000000100762000'
Event: 836.015 Thread 0x000001f239350c20 Unloading class 0x0000000100761c00 'java/lang/invoke/LambdaForm$MH+0x0000000100761c00'
Event: 836.015 Thread 0x000001f239350c20 Unloading class 0x0000000100761800 'jdk/internal/reflect/GeneratedConstructorAccessor26'
Event: 836.015 Thread 0x000001f239350c20 Unloading class 0x0000000100761400 'jdk/internal/reflect/GeneratedConstructorAccessor25'
Event: 836.015 Thread 0x000001f239350c20 Unloading class 0x0000000100761000 'jdk/internal/reflect/GeneratedConstructorAccessor24'
Event: 836.015 Thread 0x000001f239350c20 Unloading class 0x0000000100760c00 'jdk/internal/reflect/GeneratedConstructorAccessor23'
Event: 836.015 Thread 0x000001f239350c20 Unloading class 0x0000000100760800 'jdk/internal/reflect/GeneratedConstructorAccessor22'
Event: 836.015 Thread 0x000001f239350c20 Unloading class 0x0000000100760400 'jdk/internal/reflect/GeneratedConstructorAccessor21'
Event: 836.015 Thread 0x000001f239350c20 Unloading class 0x00000001005b8c00 'java/lang/invoke/LambdaForm$MH+0x00000001005b8c00'
Event: 836.015 Thread 0x000001f239350c20 Unloading class 0x0000000100328000 'java/lang/invoke/LambdaForm$MH+0x0000000100328000'
Event: 836.015 Thread 0x000001f239350c20 Unloading class 0x0000000100315800 'java/lang/invoke/LambdaForm$MH+0x0000000100315800'
Event: 836.015 Thread 0x000001f239350c20 Unloading class 0x0000000100315400 'java/lang/invoke/LambdaForm$MH+0x0000000100315400'
Event: 836.015 Thread 0x000001f239350c20 Unloading class 0x0000000100310800 'java/lang/invoke/LambdaForm$MH+0x0000000100310800'
Event: 836.015 Thread 0x000001f239350c20 Unloading class 0x0000000100310400 'java/lang/invoke/LambdaForm$MH+0x0000000100310400'

Classes redefined (0 events):
No events

Internal exceptions (20 events):
Event: 867.877 Thread 0x000001f23df65660 Exception <a 'java/lang/ClassNotFoundException'{0x00000000eae41748}: sun/net/www/protocol/jdt/Handler> (0x00000000eae41748) 
thrown [s\src\hotspot\share\classfile\systemDictionary.cpp, line 256]
Event: 867.877 Thread 0x000001f23df65660 Exception <a 'java/lang/ClassNotFoundException'{0x00000000eae435e0}: sun/net/www/protocol/jdt/Handler> (0x00000000eae435e0) 
thrown [s\src\hotspot\share\classfile\systemDictionary.cpp, line 256]
Event: 867.878 Thread 0x000001f23df65660 Exception <a 'java/lang/ClassNotFoundException'{0x00000000eae47948}: sun/net/www/protocol/jdt/Handler> (0x00000000eae47948) 
thrown [s\src\hotspot\share\classfile\systemDictionary.cpp, line 256]
Event: 867.878 Thread 0x000001f23df65660 Exception <a 'java/lang/ClassNotFoundException'{0x00000000eae49b68}: sun/net/www/protocol/jdt/Handler> (0x00000000eae49b68) 
thrown [s\src\hotspot\share\classfile\systemDictionary.cpp, line 256]
Event: 867.878 Thread 0x000001f23df65660 Exception <a 'java/lang/ClassNotFoundException'{0x00000000eae4bd88}: sun/net/www/protocol/jdt/Handler> (0x00000000eae4bd88) 
thrown [s\src\hotspot\share\classfile\systemDictionary.cpp, line 256]
Event: 869.356 Thread 0x000001f23aea79f0 Exception <a 'sun/nio/fs/WindowsException'{0x00000000ead68148}> (0x00000000ead68148) 
thrown [s\src\hotspot\share\prims\jni.cpp, line 516]
Event: 869.850 Thread 0x000001f23aea79f0 Exception <a 'sun/nio/fs/WindowsException'{0x00000000eacf0650}> (0x00000000eacf0650) 
thrown [s\src\hotspot\share\prims\jni.cpp, line 516]
Event: 875.946 Thread 0x000001f23aea79f0 Exception <a 'sun/nio/fs/WindowsException'{0x00000000ead82d30}> (0x00000000ead82d30) 
thrown [s\src\hotspot\share\prims\jni.cpp, line 516]
Event: 876.484 Thread 0x000001f23aea79f0 Exception <a 'sun/nio/fs/WindowsException'{0x00000000eaeafcf8}> (0x00000000eaeafcf8) 
thrown [s\src\hotspot\share\prims\jni.cpp, line 516]
Event: 884.099 Thread 0x000001f23aea8410 Implicit null exception at 0x000001f22bc4c8d6 to 0x000001f22bc4caa8
Event: 884.109 Thread 0x000001f23aea8410 Implicit null exception at 0x000001f22ac782f8 to 0x000001f22ac78ea4
Event: 884.109 Thread 0x000001f23aea8410 Implicit null exception at 0x000001f22baa56e7 to 0x000001f22baa7184
Event: 887.909 Thread 0x000001f23aea79f0 Exception <a 'sun/nio/fs/WindowsException'{0x00000000eaf72358}> (0x00000000eaf72358) 
thrown [s\src\hotspot\share\prims\jni.cpp, line 516]
Event: 888.123 Thread 0x000001f23aea79f0 Exception <a 'sun/nio/fs/WindowsException'{0x00000000eab658c8}> (0x00000000eab658c8) 
thrown [s\src\hotspot\share\prims\jni.cpp, line 516]
Event: 892.121 Thread 0x000001f23aea79f0 Exception <a 'sun/nio/fs/WindowsException'{0x00000000eab34ea8}> (0x00000000eab34ea8) 
thrown [s\src\hotspot\share\prims\jni.cpp, line 516]
Event: 892.593 Thread 0x000001f23aea79f0 Exception <a 'sun/nio/fs/WindowsException'{0x00000000eab030b0}> (0x00000000eab030b0) 
thrown [s\src\hotspot\share\prims\jni.cpp, line 516]
Event: 898.970 Thread 0x000001f23aea79f0 Exception <a 'sun/nio/fs/WindowsException'{0x00000000eab90be0}> (0x00000000eab90be0) 
thrown [s\src\hotspot\share\prims\jni.cpp, line 516]
Event: 899.198 Thread 0x000001f23aea79f0 Exception <a 'sun/nio/fs/WindowsException'{0x00000000eab88418}> (0x00000000eab88418) 
thrown [s\src\hotspot\share\prims\jni.cpp, line 516]
Event: 910.317 Thread 0x000001f23aea79f0 Exception <a 'sun/nio/fs/WindowsException'{0x00000000eab27ff8}> (0x00000000eab27ff8) 
thrown [s\src\hotspot\share\prims\jni.cpp, line 516]
Event: 910.662 Thread 0x000001f23aea79f0 Exception <a 'sun/nio/fs/WindowsException'{0x00000000ead8c158}> (0x00000000ead8c158) 
thrown [s\src\hotspot\share\prims\jni.cpp, line 516]

VM Operations (20 events):
Event: 911.507 Executing VM operation: ParallelGCFailedAllocation
Event: 911.509 Executing VM operation: ParallelGCFailedAllocation done
Event: 913.562 Executing VM operation: ParallelGCFailedAllocation
Event: 913.564 Executing VM operation: ParallelGCFailedAllocation done
Event: 913.610 Executing VM operation: ParallelGCFailedAllocation
Event: 913.612 Executing VM operation: ParallelGCFailedAllocation done
Event: 913.963 Executing VM operation: ParallelGCFailedAllocation
Event: 913.966 Executing VM operation: ParallelGCFailedAllocation done
Event: 913.999 Executing VM operation: ParallelGCFailedAllocation
Event: 914.001 Executing VM operation: ParallelGCFailedAllocation done
Event: 915.520 Executing VM operation: ParallelGCFailedAllocation
Event: 915.522 Executing VM operation: ParallelGCFailedAllocation done
Event: 915.558 Executing VM operation: ParallelGCFailedAllocation
Event: 915.560 Executing VM operation: ParallelGCFailedAllocation done
Event: 915.635 Executing VM operation: ParallelGCFailedAllocation
Event: 915.642 Executing VM operation: ParallelGCFailedAllocation done
Event: 915.749 Executing VM operation: ParallelGCFailedAllocation
Event: 915.751 Executing VM operation: ParallelGCFailedAllocation done
Event: 915.823 Executing VM operation: ParallelGCFailedAllocation
Event: 915.836 Executing VM operation: ParallelGCFailedAllocation done

Memory protections (0 events):
No events

Nmethod flushes (20 events):
Event: 876.414 Thread 0x000001f2393a81b0 flushing  nmethod 0x000001f2250ab890
Event: 876.414 Thread 0x000001f2393a81b0 flushing  nmethod 0x000001f2250b2f90
Event: 876.414 Thread 0x000001f2393a81b0 flushing  nmethod 0x000001f225100c90
Event: 876.414 Thread 0x000001f2393a81b0 flushing  nmethod 0x000001f225109f90
Event: 876.415 Thread 0x000001f2393a81b0 flushing  nmethod 0x000001f225139c90
Event: 876.415 Thread 0x000001f2393a81b0 flushing  nmethod 0x000001f225141190
Event: 876.415 Thread 0x000001f2393a81b0 flushing  nmethod 0x000001f22514f590
Event: 876.415 Thread 0x000001f2393a81b0 flushing  nmethod 0x000001f225172290
Event: 876.415 Thread 0x000001f2393a81b0 flushing  nmethod 0x000001f22517ef10
Event: 876.415 Thread 0x000001f2393a81b0 flushing  nmethod 0x000001f225180f90
Event: 876.416 Thread 0x000001f2393a81b0 flushing  nmethod 0x000001f225253590
Event: 876.417 Thread 0x000001f2393a81b0 flushing  nmethod 0x000001f22531ab90
Event: 876.418 Thread 0x000001f2393a81b0 flushing  nmethod 0x000001f225397410
Event: 876.418 Thread 0x000001f2393a81b0 flushing  nmethod 0x000001f2253d4690
Event: 909.693 Thread 0x000001f2393a81b0 flushing  nmethod 0x000001f223059710
Event: 909.705 Thread 0x000001f2393a81b0 flushing  nmethod 0x000001f2245c5e10
Event: 909.706 Thread 0x000001f2393a81b0 flushing  nmethod 0x000001f2247a7390
Event: 909.707 Thread 0x000001f2393a81b0 flushing  nmethod 0x000001f2249ae210
Event: 909.710 Thread 0x000001f2393a81b0 flushing  nmethod 0x000001f224f96090
Event: 909.710 Thread 0x000001f2393a81b0 flushing  nmethod 0x000001f224fef310

Events (20 events):
Event: 838.464 Thread 0x000001f23d888a30 Thread exited: 0x000001f23d888a30
Event: 849.995 Thread 0x000001f23938e1b0 Thread added: 0x000001f23d889a20
Event: 851.041 Thread 0x000001f23d889a20 Thread exited: 0x000001f23d889a20
Event: 851.971 Thread 0x000001f23938e1b0 Thread added: 0x000001f23d889a20
Event: 852.502 Thread 0x000001f23d889a20 Thread exited: 0x000001f23d889a20
Event: 860.965 Thread 0x000001f23938e1b0 Thread added: 0x000001f23d889a20
Event: 861.835 Thread 0x000001f23d889a20 Thread exited: 0x000001f23d889a20
Event: 867.729 Thread 0x000001f239389750 Thread added: 0x000001f23d88c4a0
Event: 868.014 Thread 0x000001f23d88c4a0 Thread exited: 0x000001f23d88c4a0
Event: 868.134 Thread 0x000001f23938e1b0 Thread added: 0x000001f23d889f70
Event: 869.307 Thread 0x000001f23d889f70 Thread exited: 0x000001f23d889f70
Event: 869.782 Thread 0x000001f23938e1b0 Thread added: 0x000001f23d889f70
Event: 872.435 Thread 0x000001f23d889f70 Thread exited: 0x000001f23d889f70
Event: 895.031 Thread 0x000001f23938e1b0 Thread added: 0x000001f23d88a4c0
Event: 895.652 Thread 0x000001f23d88a4c0 Thread exited: 0x000001f23d88a4c0
Event: 902.291 Thread 0x000001f23df64730 Thread added: 0x000001f23e33bda0
Event: 902.291 Thread 0x000001f23e33bda0 Thread exited: 0x000001f23e33bda0
Event: 902.304 Thread 0x000001f23938e1b0 Thread added: 0x000001f23d88aa10
Event: 906.289 Thread 0x000001f23d88aa10 Thread exited: 0x000001f23d88aa10
Event: 910.486 Thread 0x000001f23aea6fd0 Thread added: 0x000001f23ba80d00


Dynamic libraries:
0x00007ff69a290000 - 0x00007ff69a29e000 	c:\Users\Cesar\.vscode\extensions\redhat.java-1.37.0-win32-x64\jre\17.0.13-win32-x86_64\bin\java.exe
0x00007ffd37a10000 - 0x00007ffd37c08000 	C:\Windows\SYSTEM32\ntdll.dll
0x00007ffd36930000 - 0x00007ffd369f2000 	C:\Windows\System32\KERNEL32.DLL
0x00007ffd35280000 - 0x00007ffd3557e000 	C:\Windows\System32\KERNELBASE.dll
0x00007ffd350b0000 - 0x00007ffd351b0000 	C:\Windows\System32\ucrtbase.dll
0x00007ffd313d0000 - 0x00007ffd313e7000 	c:\Users\Cesar\.vscode\extensions\redhat.java-1.37.0-win32-x64\jre\17.0.13-win32-x86_64\bin\jli.dll
0x00007ffd37830000 - 0x00007ffd379cd000 	C:\Windows\System32\USER32.dll
0x00007ffd35580000 - 0x00007ffd355a2000 	C:\Windows\System32\win32u.dll
0x00007ffd35ad0000 - 0x00007ffd35afb000 	C:\Windows\System32\GDI32.dll
0x00007ffd35830000 - 0x00007ffd35947000 	C:\Windows\System32\gdi32full.dll
0x00007ffd351e0000 - 0x00007ffd3527d000 	C:\Windows\System32\msvcp_win.dll
0x00007ffd30ea0000 - 0x00007ffd30ebe000 	c:\Users\Cesar\.vscode\extensions\redhat.java-1.37.0-win32-x64\jre\17.0.13-win32-x86_64\bin\VCRUNTIME140.dll
0x00007ffd1df00000 - 0x00007ffd1e19a000 	C:\Windows\WinSxS\amd64_microsoft.windows.common-controls_6595b64144ccf1df_6.0.19041.4355_none_60b8b9eb71f62e16\COMCTL32.dll
0x00007ffd35a30000 - 0x00007ffd35ace000 	C:\Windows\System32\msvcrt.dll
0x00007ffd36470000 - 0x00007ffd3649f000 	C:\Windows\System32\IMM32.DLL
0x00007ffd31370000 - 0x00007ffd3137c000 	c:\Users\Cesar\.vscode\extensions\redhat.java-1.37.0-win32-x64\jre\17.0.13-win32-x86_64\bin\vcruntime140_1.dll
0x00007ffcefba0000 - 0x00007ffcefc2d000 	c:\Users\Cesar\.vscode\extensions\redhat.java-1.37.0-win32-x64\jre\17.0.13-win32-x86_64\bin\msvcp140.dll
0x00007ffcdf3b0000 - 0x00007ffce001b000 	c:\Users\Cesar\.vscode\extensions\redhat.java-1.37.0-win32-x64\jre\17.0.13-win32-x86_64\bin\server\jvm.dll
0x00007ffd36e00000 - 0x00007ffd36eb1000 	C:\Windows\System32\ADVAPI32.dll
0x00007ffd36bf0000 - 0x00007ffd36c8f000 	C:\Windows\System32\sechost.dll
0x00007ffd364a0000 - 0x00007ffd365c3000 	C:\Windows\System32\RPCRT4.dll
0x00007ffd351b0000 - 0x00007ffd351d7000 	C:\Windows\System32\bcrypt.dll
0x00007ffd35f30000 - 0x00007ffd35f9b000 	C:\Windows\System32\WS2_32.dll
0x00007ffd34600000 - 0x00007ffd3464b000 	C:\Windows\SYSTEM32\POWRPROF.dll
0x00007ffd2be10000 - 0x00007ffd2be1a000 	C:\Windows\SYSTEM32\VERSION.dll
0x00007ffd1c990000 - 0x00007ffd1c9b7000 	C:\Windows\SYSTEM32\WINMM.dll
0x00007ffd34470000 - 0x00007ffd34482000 	C:\Windows\SYSTEM32\UMPDC.dll
0x00007ffd33890000 - 0x00007ffd338a2000 	C:\Windows\SYSTEM32\kernel.appcore.dll
0x00007ffd30e10000 - 0x00007ffd30e1a000 	c:\Users\Cesar\.vscode\extensions\redhat.java-1.37.0-win32-x64\jre\17.0.13-win32-x86_64\bin\jimage.dll
0x00007ffd32ca0000 - 0x00007ffd32e84000 	C:\Windows\SYSTEM32\DBGHELP.DLL
0x00007ffd1bfd0000 - 0x00007ffd1c004000 	C:\Windows\SYSTEM32\dbgcore.DLL
0x00007ffd35950000 - 0x00007ffd359d2000 	C:\Windows\System32\bcryptPrimitives.dll
0x00007ffd30ae0000 - 0x00007ffd30aee000 	c:\Users\Cesar\.vscode\extensions\redhat.java-1.37.0-win32-x64\jre\17.0.13-win32-x86_64\bin\instrument.dll
0x00007ffceff50000 - 0x00007ffceff75000 	c:\Users\Cesar\.vscode\extensions\redhat.java-1.37.0-win32-x64\jre\17.0.13-win32-x86_64\bin\java.dll
0x00007ffd2cd90000 - 0x00007ffd2cda8000 	c:\Users\Cesar\.vscode\extensions\redhat.java-1.37.0-win32-x64\jre\17.0.13-win32-x86_64\bin\zip.dll
0x00007ffd37060000 - 0x00007ffd377cd000 	C:\Windows\System32\SHELL32.dll
0x00007ffd330d0000 - 0x00007ffd33874000 	C:\Windows\SYSTEM32\windows.storage.dll
0x00007ffd365d0000 - 0x00007ffd36923000 	C:\Windows\System32\combase.dll
0x00007ffd34a00000 - 0x00007ffd34a2e000 	C:\Windows\SYSTEM32\Wldp.dll
0x00007ffd36a00000 - 0x00007ffd36acd000 	C:\Windows\System32\OLEAUT32.dll
0x00007ffd36f50000 - 0x00007ffd36ffd000 	C:\Windows\System32\SHCORE.dll
0x00007ffd35b00000 - 0x00007ffd35b55000 	C:\Windows\System32\shlwapi.dll
0x00007ffd34fe0000 - 0x00007ffd35004000 	C:\Windows\SYSTEM32\profapi.dll
0x00007ffd28b20000 - 0x00007ffd28b39000 	C:\Users\Cesar\.vscode\extensions\redhat.java-1.37.0-win32-x64\jre\17.0.13-win32-x86_64\bin\net.dll
0x00007ffd2bfd0000 - 0x00007ffd2c0dd000 	C:\Windows\SYSTEM32\WINHTTP.dll
0x00007ffd347e0000 - 0x00007ffd3484a000 	C:\Windows\system32\mswsock.dll
0x00007ffcefe70000 - 0x00007ffcefe86000 	C:\Users\Cesar\.vscode\extensions\redhat.java-1.37.0-win32-x64\jre\17.0.13-win32-x86_64\bin\nio.dll
0x00007ffd2e1a0000 - 0x00007ffd2e1b0000 	c:\Users\Cesar\.vscode\extensions\redhat.java-1.37.0-win32-x64\jre\17.0.13-win32-x86_64\bin\verify.dll
0x00007ffcefad0000 - 0x00007ffcefb15000 	C:\Users\Cesar\AppData\Roaming\Code\User\globalStorage\redhat.java\1.37.0\config_win\org.eclipse.equinox.launcher\org.eclipse.equinox.launcher.win32.win32.x86_64_1.2.1100.v20240722-2106\eclipse_11904.dll
0x00007ffd35c20000 - 0x00007ffd35d4b000 	C:\Windows\System32\ole32.dll
0x00007ffd34d40000 - 0x00007ffd34d58000 	C:\Windows\SYSTEM32\CRYPTSP.dll
0x00007ffd340b0000 - 0x00007ffd340e4000 	C:\Windows\system32\rsaenh.dll
0x00007ffd34f60000 - 0x00007ffd34f8e000 	C:\Windows\SYSTEM32\USERENV.dll
0x00007ffd34970000 - 0x00007ffd3497c000 	C:\Windows\SYSTEM32\CRYPTBASE.dll
0x00007ffd34490000 - 0x00007ffd344cb000 	C:\Windows\SYSTEM32\IPHLPAPI.DLL
0x00007ffd35c10000 - 0x00007ffd35c18000 	C:\Windows\System32\NSI.dll
0x00007ffd2d2b0000 - 0x00007ffd2d2c7000 	C:\Windows\SYSTEM32\dhcpcsvc6.DLL
0x00007ffd2d200000 - 0x00007ffd2d21d000 	C:\Windows\SYSTEM32\dhcpcsvc.DLL
0x00007ffd344e0000 - 0x00007ffd345aa000 	C:\Windows\SYSTEM32\DNSAPI.dll
0x00007ffcef9e0000 - 0x00007ffcefa29000 	C:\Users\Cesar\AppData\Local\Temp\jna-64998434\jna5573356521660989653.dll
0x00007ffd35f00000 - 0x00007ffd35f08000 	C:\Windows\System32\PSAPI.DLL

dbghelp: loaded successfully - version: 4.0.5 - missing functions: none
symbol engine: initialized successfully - sym options: 0x614 - pdb path: .;c:\Users\Cesar\.vscode\extensions\redhat.java-1.37.0-win32-x64\jre\17.0.13-win32-x86_64\bin;C:\Windows\SYSTEM32;C:\Windows\WinSxS\amd64_microsoft.windows.common-controls_6595b64144ccf1df_6.0.19041.4355_none_60b8b9eb71f62e16;c:\Users\Cesar\.vscode\extensions\redhat.java-1.37.0-win32-x64\jre\17.0.13-win32-x86_64\bin\server;C:\Users\Cesar\AppData\Roaming\Code\User\globalStorage\redhat.java\1.37.0\config_win\org.eclipse.equinox.launcher\org.eclipse.equinox.launcher.win32.win32.x86_64_1.2.1100.v20240722-2106;C:\Users\Cesar\AppData\Local\Temp\jna-64998434

VM Arguments:
jvm_args: --add-modules=ALL-SYSTEM --add-opens=java.base/java.util=ALL-UNNAMED --add-opens=java.base/java.lang=ALL-UNNAMED --add-opens=java.base/sun.nio.fs=ALL-UNNAMED -Declipse.application=org.eclipse.jdt.ls.core.id1 -Dosgi.bundles.defaultStartLevel=4 -Declipse.product=org.eclipse.jdt.ls.core.product -Djava.import.generatesMetadataFilesAtProjectRoot=false -DDetectVMInstallationsJob.disabled=true -Dfile.encoding=utf8 -XX:+UseParallelGC -XX:GCTimeRatio=4 -XX:AdaptiveSizePolicyWeight=90 -Dsun.zip.disableMemoryMapping=true -Xmx1G -Xms100m -Xlog:disable -javaagent:c:\Users\Cesar\.vscode\extensions\redhat.java-1.37.0-win32-x64\lombok\lombok-1.18.34.jar -XX:+HeapDumpOnOutOfMemoryError -XX:HeapDumpPath=c:\Users\Cesar\AppData\Roaming\Code\User\workspaceStorage\53e68585b729e7424bba8c485f5dc05e\redhat.java -Daether.dependencyCollector.impl=bf 
java_command: c:\Users\Cesar\.vscode\extensions\redhat.java-1.37.0-win32-x64\server\plugins\org.eclipse.equinox.launcher_1.6.900.v20240613-2009.jar -configuration c:\Users\Cesar\AppData\Roaming\Code\User\globalStorage\redhat.java\1.37.0\config_win -data c:\Users\Cesar\AppData\Roaming\Code\User\workspaceStorage\53e68585b729e7424bba8c485f5dc05e\redhat.java\jdt_ws --pipe=\\.\pipe\lsp-affeeb850e6cdb9dfdf7e0e758c41b3d-sock
java_class_path (initial): c:\Users\Cesar\.vscode\extensions\redhat.java-1.37.0-win32-x64\server\plugins\org.eclipse.equinox.launcher_1.6.900.v20240613-2009.jar
Launcher Type: SUN_STANDARD

[Global flags]
    uintx AdaptiveSizePolicyWeight                 = 90                                        {product} {command line}
     intx CICompilerCount                          = 4                                         {product} {ergonomic}
    uintx GCTimeRatio                              = 4                                         {product} {command line}
     bool HeapDumpOnOutOfMemoryError               = true                                   {manageable} {command line}
    ccstr HeapDumpPath                             = c:\Users\Cesar\AppData\Roaming\Code\User\workspaceStorage\53e68585b729e7424bba8c485f5dc05e\redhat.java         {manageable} {command line}
   size_t InitialHeapSize                          = 104857600                                 {product} {command line}
   size_t MaxHeapSize                              = 1073741824                                {product} {command line}
   size_t MaxNewSize                               = 357564416                                 {product} {ergonomic}
   size_t MinHeapDeltaBytes                        = 524288                                    {product} {ergonomic}
   size_t MinHeapSize                              = 104857600                                 {product} {command line}
   size_t NewSize                                  = 34603008                                  {product} {ergonomic}
    uintx NonNMethodCodeHeapSize                   = 5839372                                {pd product} {ergonomic}
    uintx NonProfiledCodeHeapSize                  = 122909434                              {pd product} {ergonomic}
   size_t OldSize                                  = 70254592                                  {product} {ergonomic}
    uintx ProfiledCodeHeapSize                     = 122909434                              {pd product} {ergonomic}
    uintx ReservedCodeCacheSize                    = 251658240                              {pd product} {ergonomic}
     bool SegmentedCodeCache                       = true                                      {product} {ergonomic}
   size_t SoftMaxHeapSize                          = 1073741824                             {manageable} {ergonomic}
     bool UseCompressedClassPointers               = true                           {product lp64_product} {ergonomic}
     bool UseCompressedOops                        = true                           {product lp64_product} {ergonomic}
     bool UseLargePagesIndividualAllocation        = false                                  {pd product} {ergonomic}
     bool UseParallelGC                            = true                                      {product} {command line}

Logging:
Log output configuration:
 #0: stdout all=off uptime,level,tags
 #1: stderr all=off uptime,level,tags

Environment Variables:
JAVA_HOME=C:\Program Files\Java\jdk-23
PATH=C:\Program Files\Common Files\Oracle\Java\javapath;C:\Program Files (x86)\Common Files\Intel\Shared Libraries\redist\intel64_win\compiler;C:\Program Files\Python310\Scripts\;C:\Program Files\Python310\;C:\Windows\system32;C:\Windows;C:\Windows\System32\Wbem;C:\Windows\System32\WindowsPowerShell\v1.0\;C:\Windows\System32\OpenSSH\;C:\Program Files (x86)\NVIDIA Corporation\PhysX\Common;C:\Program Files\NVIDIA Corporation\NVIDIA NvDLISR;C:\Program Files\dotnet\;C:\Program Files\Microsoft SQL Server\Client SDK\ODBC\170\Tools\Binn\;C:\Program Files\Microsoft SQL Server\150\Tools\Binn\;F:\Descargas\ffmpeg-master-latest-win64-gpl-shared\ffmpeg-master-latest-win64-gpl-shared\bin;C:\Spring\jdk-23.0.1\bin;C:\maven\apache-maven-3.9.9\bin;%JAVA_HOME%\bin;C:\Program Files\Git\cmd;C:\Program Files\Git\bin;C:\Program Files\Docker\Docker\resources\bin;C:\Program Files\Python39;C:\Program Files\Python39\Scripts;C:\Users\Cesar\AppData\Local\Programs\Python\Python313\Scripts;C:\Users\Cesar\AppData\Local\Programs\Python\Launcher\;C:\Users\Cesar\AppData\Local\Microsoft\WindowsApps;C:\Users\Cesar\.dotnet\tools;C:\Program Files\Python39\Scripts;C:\Program Files\Python39;C:\Users\Cesar\AppData\Roaming\Python\Python39\site-packages;C:\Program Files\Python39\Lib\site-packages;C:\Program Files\Python39\Lib\site-packages\django\template\backends;C:\Users\Cesar\AppData\Local\Programs\Microsoft VS Code\bin;C:\maven\apache-maven-3.9.9\bin;C:\Program Files\Git\bin;
USERNAME=Cesar
OS=Windows_NT
PROCESSOR_IDENTIFIER=Intel64 Family 6 Model 142 Stepping 10, GenuineIntel
TMP=C:\Users\Cesar\AppData\Local\Temp
TEMP=C:\Users\Cesar\AppData\Local\Temp



Periodic native trim disabled


---------------  S Y S T E M  ---------------

OS:
 Windows 10 , 64 bit Build 19041 (10.0.19041.5072)
OS uptime: 0 days 11:26 hours
Hyper-V role detected

CPU: total 8 (initial active 8) (4 cores per cpu, 2 threads per core) family 6 model 142 stepping 10 microcode 0xb4, cx8, cmov, fxsr, ht, mmx, 3dnowpref, sse, sse2, sse3, ssse3, sse4.1, sse4.2, popcnt, lzcnt, tsc, tscinvbit, avx, avx2, aes, erms, clmul, bmi1, bmi2, adx, fma, vzeroupper, clflush, clflushopt, hv
Processor Information for all 8 processors :
  Max Mhz: 1801, Current Mhz: 1801, Mhz Limit: 1801

Memory: 4k page, system-wide physical 16299M (1492M free)
TotalPageFile size 16299M (AvailPageFile size 51M)
current process WorkingSet (physical memory assigned to process): 693M, peak: 799M
current process commit charge ("private bytes"): 594M, peak: 738M

vm_info: OpenJDK 64-Bit Server VM (17.0.13+11) for windows-amd64 JRE (17.0.13+11), built on Oct 16 2024 00:10:08 by "admin" with MS VC++ 17.7 (VS2022)

END.
