#
# There is insufficient memory for the Java Runtime Environment to continue.
# Native memory allocation (malloc) failed to allocate 384752 bytes. Error detail: Chunk::new
# Possible reasons:
#   The system is out of physical RAM or swap space
#   This process is running with CompressedOops enabled, and the Java Heap may be blocking the growth of the native heap
# Possible solutions:
#   Reduce memory load on the system
#   Increase physical memory or swap space
#   Check if swap backing store is full
#   Decrease Java heap size (-Xmx/-Xms)
#   Decrease number of Java threads
#   Decrease Java thread stack sizes (-Xss)
#   Set larger code cache with -XX:ReservedCodeCacheSize=
#   JVM is running with Unscaled Compressed Oops mode in which the Java heap is
#     placed in the first 4GB address space. The Java Heap base address is the
#     maximum limit for the native heap growth. Please use -XX:HeapBaseMinAddress
#     to set the Java Heap base and to place the Java Heap above 4GB virtual address.
# This output file may be truncated or incomplete.
#
#  Out of Memory Error (arena.cpp:191), pid=5928, tid=5888
#
# JRE version: OpenJDK Runtime Environment Temurin-17.0.13+11 (17.0.13+11) (build 17.0.13+11)
# Java VM: OpenJDK 64-Bit Server VM Temurin-17.0.13+11 (17.0.13+11, mixed mode, tiered, compressed oops, compressed class ptrs, parallel gc, windows-amd64)
# No core dump will be written. Minidumps are not enabled by default on client versions of Windows
#

---------------  S U M M A R Y ------------

Command Line: --add-modules=ALL-SYSTEM --add-opens=java.base/java.util=ALL-UNNAMED --add-opens=java.base/java.lang=ALL-UNNAMED --add-opens=java.base/sun.nio.fs=ALL-UNNAMED -Declipse.application=org.eclipse.jdt.ls.core.id1 -Dosgi.bundles.defaultStartLevel=4 -Declipse.product=org.eclipse.jdt.ls.core.product -Djava.import.generatesMetadataFilesAtProjectRoot=false -DDetectVMInstallationsJob.disabled=true -Dfile.encoding=utf8 -XX:+UseParallelGC -XX:GCTimeRatio=4 -XX:AdaptiveSizePolicyWeight=90 -Dsun.zip.disableMemoryMapping=true -Xmx1G -Xms100m -Xlog:disable -javaagent:c:\Users\Cesar\.vscode\extensions\redhat.java-1.36.0-win32-x64\lombok\lombok-1.18.35.jar -XX:+HeapDumpOnOutOfMemoryError -XX:HeapDumpPath=c:\Users\Cesar\AppData\Roaming\Code\User\workspaceStorage\53e68585b729e7424bba8c485f5dc05e\redhat.java -Daether.dependencyCollector.impl=bf c:\Users\Cesar\.vscode\extensions\redhat.java-1.36.0-win32-x64\server\plugins\org.eclipse.equinox.launcher_1.6.900.v20240613-2009.jar -configuration c:\Users\Cesar\AppData\Roaming\Code\User\globalStorage\redhat.java\1.36.0\config_win -data c:\Users\Cesar\AppData\Roaming\Code\User\workspaceStorage\53e68585b729e7424bba8c485f5dc05e\redhat.java\jdt_ws --pipe=\\.\pipe\lsp-363d6e08d7961f05aad6e28715dacc72-sock

Host: Intel(R) Core(TM) i5-8250U CPU @ 1.60GHz, 8 cores, 15G,  Windows 10 , 64 bit Build 19041 (10.0.19041.5072)
Time: Fri Nov 15 14:51:12 2024 Hora estándar de Venezuela elapsed time: 3.675494 seconds (0d 0h 0m 3s)

---------------  T H R E A D  ---------------

Current thread (0x0000026f6b5bf210):  JavaThread "C2 CompilerThread0" daemon [_thread_in_native, id=5888, stack(0x000000dbd9a00000,0x000000dbd9b00000)]


Current CompileTask:
C2:   3675 2010   !   4       java.lang.String::<init> (840 bytes)

Stack: [0x000000dbd9a00000,0x000000dbd9b00000]
Native frames: (J=compiled Java code, j=interpreted, Vv=VM code, C=native code)
V  [jvm.dll+0x682a19]
V  [jvm.dll+0x839538]
V  [jvm.dll+0x83afe3]
V  [jvm.dll+0x83b653]
V  [jvm.dll+0x24704f]
V  [jvm.dll+0xace34]
V  [jvm.dll+0xad4cc]
V  [jvm.dll+0x36597e]
V  [jvm.dll+0x32fbd8]
V  [jvm.dll+0x32f05a]
V  [jvm.dll+0x21804f]
V  [jvm.dll+0x21748f]
V  [jvm.dll+0x1a3070]
V  [jvm.dll+0x22788c]
V  [jvm.dll+0x2259eb]
V  [jvm.dll+0x7eec98]
V  [jvm.dll+0x7e8ffc]
V  [jvm.dll+0x6818f7]
C  [ucrtbase.dll+0x21bb2]
C  [KERNEL32.DLL+0x17374]
C  [ntdll.dll+0x4cc91]


---------------  P R O C E S S  ---------------

Threads class SMR info:
_java_thread_list=0x0000026f6d024980, length=19, elements={
0x0000026f52693610, 0x0000026f6652c740, 0x0000026f6652e5d0, 0x0000026f6b5b4ea0,
0x0000026f6b5b6040, 0x0000026f6b5b7570, 0x0000026f6b5bbd10, 0x0000026f6b5bf210,
0x0000026f6b5c08e0, 0x0000026f6b5d6320, 0x0000026f6b707700, 0x0000026f6c7f7cd0,
0x0000026f6ce9f040, 0x0000026f6d1095c0, 0x0000026f6d05eca0, 0x0000026f6d0dec70,
0x0000026f6d0f5330, 0x0000026f6d497ac0, 0x0000026f6d8a90c0
}

Java Threads: ( => current thread )
  0x0000026f52693610 JavaThread "main" [_thread_blocked, id=148, stack(0x000000dbd9100000,0x000000dbd9200000)]
  0x0000026f6652c740 JavaThread "Reference Handler" daemon [_thread_blocked, id=3408, stack(0x000000dbd9400000,0x000000dbd9500000)]
  0x0000026f6652e5d0 JavaThread "Finalizer" daemon [_thread_blocked, id=9840, stack(0x000000dbd9500000,0x000000dbd9600000)]
  0x0000026f6b5b4ea0 JavaThread "Signal Dispatcher" daemon [_thread_blocked, id=2300, stack(0x000000dbd9600000,0x000000dbd9700000)]
  0x0000026f6b5b6040 JavaThread "Attach Listener" daemon [_thread_blocked, id=12012, stack(0x000000dbd9700000,0x000000dbd9800000)]
  0x0000026f6b5b7570 JavaThread "Service Thread" daemon [_thread_blocked, id=9764, stack(0x000000dbd9800000,0x000000dbd9900000)]
  0x0000026f6b5bbd10 JavaThread "Monitor Deflation Thread" daemon [_thread_blocked, id=13292, stack(0x000000dbd9900000,0x000000dbd9a00000)]
=>0x0000026f6b5bf210 JavaThread "C2 CompilerThread0" daemon [_thread_in_native, id=5888, stack(0x000000dbd9a00000,0x000000dbd9b00000)]
  0x0000026f6b5c08e0 JavaThread "C1 CompilerThread0" daemon [_thread_blocked, id=5228, stack(0x000000dbd9b00000,0x000000dbd9c00000)]
  0x0000026f6b5d6320 JavaThread "Sweeper thread" daemon [_thread_blocked, id=4076, stack(0x000000dbd9c00000,0x000000dbd9d00000)]
  0x0000026f6b707700 JavaThread "Common-Cleaner" daemon [_thread_blocked, id=9344, stack(0x000000dbd9d00000,0x000000dbd9e00000)]
  0x0000026f6c7f7cd0 JavaThread "Notification Thread" daemon [_thread_blocked, id=13708, stack(0x000000dbd9f00000,0x000000dbda000000)]
  0x0000026f6ce9f040 JavaThread "Active Thread: Equinox Container: d222b19f-500d-45fb-bba8-f46ecdef9601" [_thread_blocked, id=6668, stack(0x000000dbda800000,0x000000dbda900000)]
  0x0000026f6d1095c0 JavaThread "Refresh Thread: Equinox Container: d222b19f-500d-45fb-bba8-f46ecdef9601" daemon [_thread_blocked, id=11108, stack(0x000000dbda900000,0x000000dbdaa00000)]
  0x0000026f6d05eca0 JavaThread "Framework Event Dispatcher: Equinox Container: d222b19f-500d-45fb-bba8-f46ecdef9601" daemon [_thread_blocked, id=4072, stack(0x000000dbdaa00000,0x000000dbdab00000)]
  0x0000026f6d0dec70 JavaThread "Start Level: Equinox Container: d222b19f-500d-45fb-bba8-f46ecdef9601" daemon [_thread_in_Java, id=11148, stack(0x000000dbdab00000,0x000000dbdac00000)]
  0x0000026f6d0f5330 JavaThread "C2 CompilerThread1" daemon [_thread_in_native, id=9056, stack(0x000000dbda600000,0x000000dbda700000)]
  0x0000026f6d497ac0 JavaThread "C2 CompilerThread2" daemon [_thread_blocked, id=13964, stack(0x000000dbda700000,0x000000dbda800000)]
  0x0000026f6d8a90c0 JavaThread "Bundle File Closer" daemon [_thread_blocked, id=13944, stack(0x000000dbdad00000,0x000000dbdae00000)]

Other Threads:
  0x0000026f52740ea0 VMThread "VM Thread" [stack: 0x000000dbd9300000,0x000000dbd9400000] [id=12556]
  0x0000026f6c733970 WatcherThread [stack: 0x000000dbda000000,0x000000dbda100000] [id=11460]
  0x0000026f526a8120 GCTaskThread "GC Thread#0" [stack: 0x000000dbd9200000,0x000000dbd9300000] [id=13064]
  0x0000026f6cb10fc0 GCTaskThread "GC Thread#1" [stack: 0x000000dbd9e00000,0x000000dbd9f00000] [id=664]
  0x0000026f6cafa040 GCTaskThread "GC Thread#2" [stack: 0x000000dbda100000,0x000000dbda200000] [id=13896]
  0x0000026f6cdf80f0 GCTaskThread "GC Thread#3" [stack: 0x000000dbda200000,0x000000dbda300000] [id=12472]
  0x0000026f6b7dd610 GCTaskThread "GC Thread#4" [stack: 0x000000dbda300000,0x000000dbda400000] [id=10940]
  0x0000026f6b7dd8d0 GCTaskThread "GC Thread#5" [stack: 0x000000dbda400000,0x000000dbda500000] [id=5424]
  0x0000026f6caf5060 GCTaskThread "GC Thread#6" [stack: 0x000000dbda500000,0x000000dbda600000] [id=11808]
  0x0000026f6d05a590 GCTaskThread "GC Thread#7" [stack: 0x000000dbdac00000,0x000000dbdad00000] [id=2440]

Threads with active compile tasks:
C2 CompilerThread0     3723 2010   !   4       java.lang.String::<init> (840 bytes)
C2 CompilerThread1     3723 2034       4       java.util.Properties$LineReader::readLine (584 bytes)

VM state: not at safepoint (normal execution)

VM Mutex/Monitor currently owned by a thread: None

Heap address: 0x00000000c0000000, size: 1024 MB, Compressed Oops mode: 32-bit

CDS archive(s) not mapped
Compressed class space mapped at: 0x0000000100000000-0x0000000140000000, reserved size: 1073741824
Narrow klass base: 0x0000000000000000, Narrow klass shift: 3, Narrow klass range: 0x140000000

GC Precious Log:
 CPUs: 8 total, 8 available
 Memory: 16299M
 Large Page Support: Disabled
 NUMA Support: Disabled
 Compressed Oops: Enabled (32-bit)
 Alignments: Space 512K, Generation 512K, Heap 2M
 Heap Min Capacity: 100M
 Heap Initial Capacity: 100M
 Heap Max Capacity: 1G
 Pre-touch: Disabled
 Parallel Workers: 8

Heap:
 PSYoungGen      total 29696K, used 27674K [0x00000000eab00000, 0x00000000ecc00000, 0x0000000100000000)
  eden space 25600K, 92% used [0x00000000eab00000,0x00000000ec209b18,0x00000000ec400000)
  from space 4096K, 99% used [0x00000000ec800000,0x00000000ecbfd000,0x00000000ecc00000)
  to   space 4096K, 0% used [0x00000000ec400000,0x00000000ec400000,0x00000000ec800000)
 ParOldGen       total 68608K, used 1554K [0x00000000c0000000, 0x00000000c4300000, 0x00000000eab00000)
  object space 68608K, 2% used [0x00000000c0000000,0x00000000c0184b80,0x00000000c4300000)
 Metaspace       used 16187K, committed 16384K, reserved 1114112K
  class space    used 1638K, committed 1728K, reserved 1048576K

Card table byte_map: [0x0000026f52030000,0x0000026f52240000] _byte_map_base: 0x0000026f51a30000

Marking Bits: (ParMarkBitMap*) 0x00007fff2b4b6940
 Begin Bits: [0x0000026f64330000, 0x0000026f65330000)
 End Bits:   [0x0000026f65330000, 0x0000026f66330000)

Polling page: 0x0000026f50610000

Metaspace:

Usage:
  Non-class:     14.21 MB used.
      Class:      1.60 MB used.
       Both:     15.81 MB used.

Virtual space:
  Non-class space:       64.00 MB reserved,      14.31 MB ( 22%) committed,  1 nodes.
      Class space:        1.00 GB reserved,       1.69 MB ( <1%) committed,  1 nodes.
             Both:        1.06 GB reserved,      16.00 MB (  1%) committed. 

Chunk freelists:
   Non-Class:  912.00 KB
       Class:  14.36 MB
        Both:  15.25 MB

MaxMetaspaceSize: unlimited
CompressedClassSpaceSize: 1.00 GB
Initial GC threshold: 21.00 MB
Current GC threshold: 21.00 MB
CDS: off
MetaspaceReclaimPolicy: balanced
 - commit_granule_bytes: 65536.
 - commit_granule_words: 8192.
 - virtual_space_node_default_size: 8388608.
 - enlarge_chunks_in_place: 1.
 - new_chunks_are_fully_committed: 0.
 - uncommit_free_chunks: 1.
 - use_allocation_guard: 0.
 - handle_deallocations: 1.


Internal statistics:

num_allocs_failed_limit: 0.
num_arena_births: 104.
num_arena_deaths: 0.
num_vsnodes_births: 2.
num_vsnodes_deaths: 0.
num_space_committed: 256.
num_space_uncommitted: 0.
num_chunks_returned_to_freelist: 0.
num_chunks_taken_from_freelist: 338.
num_chunk_merges: 0.
num_chunk_splits: 213.
num_chunks_enlarged: 155.
num_inconsistent_stats: 0.

CodeHeap 'non-profiled nmethods': size=120000Kb used=923Kb max_used=923Kb free=119076Kb
 bounds [0x0000026f5ce00000, 0x0000026f5d070000, 0x0000026f64330000]
CodeHeap 'profiled nmethods': size=120000Kb used=3681Kb max_used=3681Kb free=116319Kb
 bounds [0x0000026f55330000, 0x0000026f556d0000, 0x0000026f5c860000]
CodeHeap 'non-nmethods': size=5760Kb used=1166Kb max_used=1200Kb free=4593Kb
 bounds [0x0000026f5c860000, 0x0000026f5cad0000, 0x0000026f5ce00000]
 total_blobs=2497 nmethods=2035 adapters=376
 compilation: enabled
              stopped_count=0, restarted_count=0
 full_count=0

Compilation events (20 events):
Event: 3.627 Thread 0x0000026f6b5c08e0 2009       3       java.lang.String::substring (58 bytes)
Event: 3.628 Thread 0x0000026f6b5c08e0 nmethod 2009 0x0000026f556b6c10 code [0x0000026f556b6e00, 0x0000026f556b7288]
Event: 3.631 Thread 0x0000026f6b5bf210 2010   !   4       java.lang.String::<init> (840 bytes)
Event: 3.637 Thread 0x0000026f6d497ac0 nmethod 2004 0x0000026f5cee3090 code [0x0000026f5cee3240, 0x0000026f5cee3918]
Event: 3.643 Thread 0x0000026f6b5c08e0 2011       3       jdk.internal.misc.Unsafe::checkOffset (32 bytes)
Event: 3.644 Thread 0x0000026f6b5c08e0 nmethod 2011 0x0000026f556b7410 code [0x0000026f556b75c0, 0x0000026f556b7828]
Event: 3.646 Thread 0x0000026f6d497ac0 2012 %     4       java.lang.String::decodeUTF8_UTF16 @ 0 (624 bytes)
Event: 3.660 Thread 0x0000026f6b5c08e0 2013       1       org.eclipse.osgi.internal.framework.EquinoxConfiguration::inDevelopmentMode (5 bytes)
Event: 3.660 Thread 0x0000026f6b5c08e0 nmethod 2013 0x0000026f5cee3d90 code [0x0000026f5cee3f20, 0x0000026f5cee3ff8]
Event: 3.663 Thread 0x0000026f6b5c08e0 2014       1       org.eclipse.osgi.internal.loader.EquinoxClassLoader::getConfiguration (5 bytes)
Event: 3.663 Thread 0x0000026f6b5c08e0 nmethod 2014 0x0000026f5cee4090 code [0x0000026f5cee4220, 0x0000026f5cee42f8]
Event: 3.663 Thread 0x0000026f6b5c08e0 2015       3       jdk.internal.misc.Unsafe::copyMemory (33 bytes)
Event: 3.665 Thread 0x0000026f6b5c08e0 nmethod 2015 0x0000026f556b7910 code [0x0000026f556b7bc0, 0x0000026f556b8898]
Event: 3.665 Thread 0x0000026f6b5c08e0 2016       3       jdk.internal.misc.Unsafe::copyMemoryChecks (21 bytes)
Event: 3.666 Thread 0x0000026f6b5c08e0 nmethod 2016 0x0000026f556b8e90 code [0x0000026f556b9140, 0x0000026f556b9e08]
Event: 3.667 Thread 0x0000026f6d0f5330 2017       4       java.util.AbstractSet::<init> (5 bytes)
Event: 3.667 Thread 0x0000026f6b5c08e0 2018       3       sun.nio.fs.WindowsNativeDispatcher::asNativeBuffer (105 bytes)
Event: 3.668 Thread 0x0000026f6d0f5330 nmethod 2017 0x0000026f5cee4390 code [0x0000026f5cee4500, 0x0000026f5cee4578]
Event: 3.668 Thread 0x0000026f6d497ac0 nmethod 2012% 0x0000026f5cee4690 code [0x0000026f5cee4960, 0x0000026f5cee5870]
Event: 3.669 Thread 0x0000026f6b5c08e0 nmethod 2018 0x0000026f556ba390 code [0x0000026f556ba600, 0x0000026f556baf98]

GC Heap History (4 events):
Event: 1.567 GC heap before
{Heap before GC invocations=1 (full 0):
 PSYoungGen      total 29696K, used 25600K [0x00000000eab00000, 0x00000000ecc00000, 0x0000000100000000)
  eden space 25600K, 100% used [0x00000000eab00000,0x00000000ec400000,0x00000000ec400000)
  from space 4096K, 0% used [0x00000000ec800000,0x00000000ec800000,0x00000000ecc00000)
  to   space 4096K, 0% used [0x00000000ec400000,0x00000000ec400000,0x00000000ec800000)
 ParOldGen       total 68608K, used 0K [0x00000000c0000000, 0x00000000c4300000, 0x00000000eab00000)
  object space 68608K, 0% used [0x00000000c0000000,0x00000000c0000000,0x00000000c4300000)
 Metaspace       used 10950K, committed 11136K, reserved 1114112K
  class space    used 1089K, committed 1152K, reserved 1048576K
}
Event: 1.583 GC heap after
{Heap after GC invocations=1 (full 0):
 PSYoungGen      total 29696K, used 3140K [0x00000000eab00000, 0x00000000ecc00000, 0x0000000100000000)
  eden space 25600K, 0% used [0x00000000eab00000,0x00000000eab00000,0x00000000ec400000)
  from space 4096K, 76% used [0x00000000ec400000,0x00000000ec711340,0x00000000ec800000)
  to   space 4096K, 0% used [0x00000000ec800000,0x00000000ec800000,0x00000000ecc00000)
 ParOldGen       total 68608K, used 8K [0x00000000c0000000, 0x00000000c4300000, 0x00000000eab00000)
  object space 68608K, 0% used [0x00000000c0000000,0x00000000c0002000,0x00000000c4300000)
 Metaspace       used 10950K, committed 11136K, reserved 1114112K
  class space    used 1089K, committed 1152K, reserved 1048576K
}
Event: 2.905 GC heap before
{Heap before GC invocations=2 (full 0):
 PSYoungGen      total 29696K, used 28740K [0x00000000eab00000, 0x00000000ecc00000, 0x0000000100000000)
  eden space 25600K, 100% used [0x00000000eab00000,0x00000000ec400000,0x00000000ec400000)
  from space 4096K, 76% used [0x00000000ec400000,0x00000000ec711340,0x00000000ec800000)
  to   space 4096K, 0% used [0x00000000ec800000,0x00000000ec800000,0x00000000ecc00000)
 ParOldGen       total 68608K, used 8K [0x00000000c0000000, 0x00000000c4300000, 0x00000000eab00000)
  object space 68608K, 0% used [0x00000000c0000000,0x00000000c0002000,0x00000000c4300000)
 Metaspace       used 14322K, committed 14464K, reserved 1114112K
  class space    used 1431K, committed 1472K, reserved 1048576K
}
Event: 2.912 GC heap after
{Heap after GC invocations=2 (full 0):
 PSYoungGen      total 29696K, used 4084K [0x00000000eab00000, 0x00000000ecc00000, 0x0000000100000000)
  eden space 25600K, 0% used [0x00000000eab00000,0x00000000eab00000,0x00000000ec400000)
  from space 4096K, 99% used [0x00000000ec800000,0x00000000ecbfd000,0x00000000ecc00000)
  to   space 4096K, 0% used [0x00000000ec400000,0x00000000ec400000,0x00000000ec800000)
 ParOldGen       total 68608K, used 1554K [0x00000000c0000000, 0x00000000c4300000, 0x00000000eab00000)
  object space 68608K, 2% used [0x00000000c0000000,0x00000000c0184b80,0x00000000c4300000)
 Metaspace       used 14322K, committed 14464K, reserved 1114112K
  class space    used 1431K, committed 1472K, reserved 1048576K
}

Dll operation events (9 events):
Event: 0.010 Loaded shared library c:\Users\Cesar\.vscode\extensions\redhat.java-1.36.0-win32-x64\jre\17.0.13-win32-x86_64\bin\java.dll
Event: 0.432 Loaded shared library c:\Users\Cesar\.vscode\extensions\redhat.java-1.36.0-win32-x64\jre\17.0.13-win32-x86_64\bin\zip.dll
Event: 0.441 Loaded shared library C:\Users\Cesar\.vscode\extensions\redhat.java-1.36.0-win32-x64\jre\17.0.13-win32-x86_64\bin\instrument.dll
Event: 0.483 Loaded shared library C:\Users\Cesar\.vscode\extensions\redhat.java-1.36.0-win32-x64\jre\17.0.13-win32-x86_64\bin\net.dll
Event: 0.487 Loaded shared library C:\Users\Cesar\.vscode\extensions\redhat.java-1.36.0-win32-x64\jre\17.0.13-win32-x86_64\bin\nio.dll
Event: 0.503 Loaded shared library C:\Users\Cesar\.vscode\extensions\redhat.java-1.36.0-win32-x64\jre\17.0.13-win32-x86_64\bin\zip.dll
Event: 0.530 Loaded shared library C:\Users\Cesar\.vscode\extensions\redhat.java-1.36.0-win32-x64\jre\17.0.13-win32-x86_64\bin\jimage.dll
Event: 0.636 Loaded shared library c:\Users\Cesar\.vscode\extensions\redhat.java-1.36.0-win32-x64\jre\17.0.13-win32-x86_64\bin\verify.dll
Event: 2.857 Loaded shared library C:\Users\Cesar\AppData\Roaming\Code\User\globalStorage\redhat.java\1.36.0\config_win\org.eclipse.equinox.launcher\org.eclipse.equinox.launcher.win32.win32.x86_64_1.2.1100.v20240722-2106\eclipse_11904.dll

Deoptimization events (20 events):
Event: 3.569 Thread 0x0000026f6d0dec70 Uncommon trap: trap_request=0xffffff45 fr.pc=0x0000026f5ce19370 relative=0x0000000000000170
Event: 3.569 Thread 0x0000026f6d0dec70 Uncommon trap: reason=unstable_if action=reinterpret pc=0x0000026f5ce19370 method=java.lang.String.isLatin1()Z @ 10 c2
Event: 3.569 Thread 0x0000026f6d0dec70 DEOPT PACKING pc=0x0000026f5ce19370 sp=0x000000dbdabfde80
Event: 3.569 Thread 0x0000026f6d0dec70 DEOPT UNPACKING pc=0x0000026f5c8b66a3 sp=0x000000dbdabfdd50 mode 2
Event: 3.569 Thread 0x0000026f6d0dec70 Uncommon trap: trap_request=0xffffff45 fr.pc=0x0000026f5ce53040 relative=0x0000000000000420
Event: 3.569 Thread 0x0000026f6d0dec70 Uncommon trap: reason=unstable_if action=reinterpret pc=0x0000026f5ce53040 method=java.lang.String.substring(II)Ljava/lang/String; @ 31 c2
Event: 3.569 Thread 0x0000026f6d0dec70 DEOPT PACKING pc=0x0000026f5ce53040 sp=0x000000dbdabfde30
Event: 3.569 Thread 0x0000026f6d0dec70 DEOPT UNPACKING pc=0x0000026f5c8b66a3 sp=0x000000dbdabfde00 mode 2
Event: 3.613 Thread 0x0000026f6d0dec70 Uncommon trap: trap_request=0xffffff45 fr.pc=0x0000026f5ce1dcb0 relative=0x0000000000000130
Event: 3.613 Thread 0x0000026f6d0dec70 Uncommon trap: reason=unstable_if action=reinterpret pc=0x0000026f5ce1dcb0 method=java.lang.StringCoding.hasNegatives([BII)Z @ 12 c2
Event: 3.613 Thread 0x0000026f6d0dec70 DEOPT PACKING pc=0x0000026f5ce1dcb0 sp=0x000000dbdabfd2f0
Event: 3.613 Thread 0x0000026f6d0dec70 DEOPT UNPACKING pc=0x0000026f5c8b66a3 sp=0x000000dbdabfd280 mode 2
Event: 3.620 Thread 0x0000026f6d0dec70 DEOPT PACKING pc=0x0000026f556b654a sp=0x000000dbdabfd2f0
Event: 3.620 Thread 0x0000026f6d0dec70 DEOPT UNPACKING pc=0x0000026f5c8b6e43 sp=0x000000dbdabfc778 mode 0
Event: 3.639 Thread 0x0000026f6d0dec70 DEOPT PACKING pc=0x0000026f556b654a sp=0x000000dbdabfd2f0
Event: 3.639 Thread 0x0000026f6d0dec70 DEOPT UNPACKING pc=0x0000026f5c8b6e43 sp=0x000000dbdabfc778 mode 0
Event: 3.662 Thread 0x0000026f6d0dec70 DEOPT PACKING pc=0x0000026f556b654a sp=0x000000dbdabfd360
Event: 3.662 Thread 0x0000026f6d0dec70 DEOPT UNPACKING pc=0x0000026f5c8b6e43 sp=0x000000dbdabfc7e8 mode 0
Event: 3.672 Thread 0x0000026f6d0dec70 DEOPT PACKING pc=0x0000026f556b654a sp=0x000000dbdabfd2f0
Event: 3.673 Thread 0x0000026f6d0dec70 DEOPT UNPACKING pc=0x0000026f5c8b6e43 sp=0x000000dbdabfc778 mode 0

Classes loaded (20 events):
Event: 3.231 Loading class java/util/stream/FindOps$FindSink$OfInt
Event: 3.231 Loading class java/util/stream/Sink$OfInt
Event: 3.231 Loading class java/util/function/IntConsumer
Event: 3.231 Loading class java/util/function/IntConsumer done
Event: 3.231 Loading class java/util/stream/Sink$OfInt done
Event: 3.232 Loading class java/util/stream/FindOps$FindSink$OfInt done
Event: 3.232 Loading class java/util/OptionalInt
Event: 3.232 Loading class java/util/OptionalInt done
Event: 3.234 Loading class java/util/stream/IntPipeline$10$1
Event: 3.234 Loading class java/util/stream/Sink$ChainedInt
Event: 3.234 Loading class java/util/stream/Sink$ChainedInt done
Event: 3.234 Loading class java/util/stream/IntPipeline$10$1 done
Event: 3.234 Loading class java/lang/StringUTF16$CharsSpliterator
Event: 3.235 Loading class java/lang/StringUTF16$CharsSpliterator done
Event: 3.235 Loading class java/lang/CharacterData00
Event: 3.236 Loading class java/lang/CharacterData00 done
Event: 3.239 Loading class java/time/LocalTime$1
Event: 3.239 Loading class java/time/LocalTime$1 done
Event: 3.240 Loading class java/util/Formattable
Event: 3.240 Loading class java/util/Formattable done

Classes unloaded (0 events):
No events

Classes redefined (0 events):
No events

Internal exceptions (20 events):
Event: 1.386 Thread 0x0000026f52693610 Exception <a 'java/io/FileNotFoundException'{0x00000000ec137a10}> (0x00000000ec137a10) 
thrown [s\src\hotspot\share\prims\jni.cpp, line 516]
Event: 1.442 Thread 0x0000026f52693610 Implicit null exception at 0x0000026f5ce5fa00 to 0x0000026f5ce60458
Event: 1.442 Thread 0x0000026f52693610 Implicit null exception at 0x0000026f5ce51a8c to 0x0000026f5ce51cd8
Event: 1.442 Thread 0x0000026f52693610 Implicit null exception at 0x0000026f5ce4bb0c to 0x0000026f5ce4bd58
Event: 1.443 Thread 0x0000026f52693610 Implicit null exception at 0x0000026f5ce49a0f to 0x0000026f5ce49a89
Event: 1.601 Thread 0x0000026f52693610 Exception <a 'java/lang/NoSuchMethodError'{0x00000000eab19cc8}: 'int java.lang.invoke.DirectMethodHandle$Holder.invokeStaticInit(java.lang.Object, java.lang.Object, java.lang.Object, java.lang.Object)'> (0x00000000eab19cc8) 
thrown [s\src\hotspot\share\interpreter\linkResolver.cpp, line 759]
Event: 1.611 Thread 0x0000026f52693610 Exception <a 'java/lang/NoSuchMethodError'{0x00000000eab24430}: 'java.lang.Object java.lang.invoke.DirectMethodHandle$Holder.invokeInterface(java.lang.Object, java.lang.Object)'> (0x00000000eab24430) 
thrown [s\src\hotspot\share\interpreter\linkResolver.cpp, line 759]
Event: 1.615 Thread 0x0000026f52693610 Exception <a 'java/lang/IncompatibleClassChangeError'{0x00000000eab27c28}: Found class java.lang.Object, but interface was expected> (0x00000000eab27c28) 
thrown [s\src\hotspot\share\interpreter\linkResolver.cpp, line 826]
Event: 1.617 Thread 0x0000026f52693610 Exception <a 'java/lang/NoSuchMethodError'{0x00000000eab2c108}: 'void java.lang.invoke.DirectMethodHandle$Holder.invokeStatic(java.lang.Object, java.lang.Object)'> (0x00000000eab2c108) 
thrown [s\src\hotspot\share\interpreter\linkResolver.cpp, line 759]
Event: 1.619 Thread 0x0000026f52693610 Exception <a 'java/lang/NoSuchMethodError'{0x00000000eab2f908}: 'void java.lang.invoke.DirectMethodHandle$Holder.invokeStaticInit(java.lang.Object, java.lang.Object)'> (0x00000000eab2f908) 
thrown [s\src\hotspot\share\interpreter\linkResolver.cpp, line 759]
Event: 1.624 Thread 0x0000026f52693610 Exception <a 'java/lang/NoSuchMethodError'{0x00000000eab36e08}: 'int java.lang.invoke.DirectMethodHandle$Holder.invokeStaticInit(java.lang.Object, java.lang.Object)'> (0x00000000eab36e08) 
thrown [s\src\hotspot\share\interpreter\linkResolver.cpp, line 759]
Event: 1.810 Thread 0x0000026f52693610 Exception <a 'java/lang/NoSuchMethodError'{0x00000000eacc7b78}: 'void java.lang.invoke.DirectMethodHandle$Holder.invokeSpecial(java.lang.Object, java.lang.Object, java.lang.Object)'> (0x00000000eacc7b78) 
thrown [s\src\hotspot\share\interpreter\linkResolver.cpp, line 759]
Event: 2.539 Thread 0x0000026f52693610 Exception <a 'java/lang/NoSuchMethodError'{0x00000000ebaf2c00}: 'java.lang.Object java.lang.invoke.DirectMethodHandle$Holder.newInvokeSpecial(java.lang.Object, int, java.lang.Object)'> (0x00000000ebaf2c00) 
thrown [s\src\hotspot\share\interpreter\linkResolver.cpp, line 759]
Event: 2.847 Thread 0x0000026f52693610 Exception <a 'java/lang/UnsatisfiedLinkError'{0x00000000ec0d9208}: 'void org.eclipse.equinox.launcher.JNIBridge._update_splash()'> (0x00000000ec0d9208) 
thrown [s\src\hotspot\share\prims\nativeLookup.cpp, line 543]
Event: 2.866 Thread 0x0000026f6d1095c0 Exception <a 'java/lang/NoSuchMethodError'{0x00000000ec1a4d88}: 'java.lang.Object java.lang.invoke.Invokers$Holder.invokeExact_MT(java.lang.Object, java.lang.Object, java.lang.Object, java.lang.Object, java.lang.Object, java.lang.Object)'> (0x00000000ec1a4d88) 
thrown [s\src\hotspot\share\interpreter\linkResolver.cpp, line 759]
Event: 2.869 Thread 0x0000026f6d1095c0 Exception <a 'java/lang/NoSuchMethodError'{0x00000000ec1b8900}: 'int java.lang.invoke.DirectMethodHandle$Holder.invokeSpecial(java.lang.Object, java.lang.Object, java.lang.Object)'> (0x00000000ec1b8900) 
thrown [s\src\hotspot\share\interpreter\linkResolver.cpp, line 759]
Event: 3.002 Thread 0x0000026f6d0dec70 Exception <a 'java/lang/NoSuchMethodError'{0x00000000eae495b8}: 'java.lang.Object java.lang.invoke.DirectMethodHandle$Holder.invokeStaticInit(java.lang.Object)'> (0x00000000eae495b8) 
thrown [s\src\hotspot\share\interpreter\linkResolver.cpp, line 759]
Event: 3.053 Thread 0x0000026f6d0dec70 Exception <a 'java/lang/NoSuchMethodError'{0x00000000eaf3d558}: 'java.lang.Object java.lang.invoke.DirectMethodHandle$Holder.newInvokeSpecial(java.lang.Object, java.lang.Object, int, java.lang.Object)'> (0x00000000eaf3d558) 
thrown [s\src\hotspot\share\interpreter\linkResolver.cpp, line 759]
Event: 3.056 Thread 0x0000026f6d0dec70 Exception <a 'java/lang/NoSuchMethodError'{0x00000000eaf41840}: 'java.lang.Object java.lang.invoke.DirectMethodHandle$Holder.invokeSpecial(java.lang.Object, java.lang.Object, java.lang.Object, int, java.lang.Object)'> (0x00000000eaf41840) 
thrown [s\src\hotspot\share\interpreter\linkResolver.cpp, line 759]
Event: 3.175 Thread 0x0000026f6d0dec70 Exception <a 'java/lang/ClassNotFoundException'{0x00000000eb1708f8}: sun/util/logging/resources/spi/loggingProvider> (0x00000000eb1708f8) 
thrown [s\src\hotspot\share\classfile\systemDictionary.cpp, line 256]

VM Operations (20 events):
Event: 2.493 Executing VM operation: HandshakeAllThreads
Event: 2.493 Executing VM operation: HandshakeAllThreads done
Event: 2.494 Executing VM operation: HandshakeAllThreads
Event: 2.494 Executing VM operation: HandshakeAllThreads done
Event: 2.506 Executing VM operation: HandshakeAllThreads
Event: 2.506 Executing VM operation: HandshakeAllThreads done
Event: 2.531 Executing VM operation: HandshakeAllThreads
Event: 2.531 Executing VM operation: HandshakeAllThreads done
Event: 2.905 Executing VM operation: ParallelGCFailedAllocation
Event: 2.912 Executing VM operation: ParallelGCFailedAllocation done
Event: 2.976 Executing VM operation: HandshakeAllThreads
Event: 2.976 Executing VM operation: HandshakeAllThreads done
Event: 3.123 Executing VM operation: HandshakeAllThreads
Event: 3.123 Executing VM operation: HandshakeAllThreads done
Event: 3.203 Executing VM operation: HandshakeAllThreads
Event: 3.203 Executing VM operation: HandshakeAllThreads done
Event: 3.236 Executing VM operation: HandshakeAllThreads
Event: 3.236 Executing VM operation: HandshakeAllThreads done
Event: 3.275 Executing VM operation: HandshakeAllThreads
Event: 3.275 Executing VM operation: HandshakeAllThreads done

Memory protections (0 events):
No events

Nmethod flushes (0 events):
No events

Events (20 events):
Event: 0.146 Thread 0x0000026f52693610 Thread added: 0x0000026f6b5bf210
Event: 0.146 Thread 0x0000026f52693610 Thread added: 0x0000026f6b5c08e0
Event: 0.146 Thread 0x0000026f52693610 Thread added: 0x0000026f6b5d6320
Event: 0.286 Thread 0x0000026f52693610 Thread added: 0x0000026f6b707700
Event: 0.420 Thread 0x0000026f6b5c08e0 Thread added: 0x0000026f6b7dd6c0
Event: 0.766 Thread 0x0000026f52693610 Thread added: 0x0000026f6c7f7cd0
Event: 0.988 Thread 0x0000026f6b5c08e0 Thread added: 0x0000026f6cb10fc0
Event: 1.556 Thread 0x0000026f6cb10fc0 Thread exited: 0x0000026f6cb10fc0
Event: 1.557 Thread 0x0000026f6b7dd6c0 Thread exited: 0x0000026f6b7dd6c0
Event: 2.041 Thread 0x0000026f6b5c08e0 Thread added: 0x0000026f6cf2bfd0
Event: 2.381 Thread 0x0000026f6b5c08e0 Thread added: 0x0000026f6cf4c090
Event: 2.469 Thread 0x0000026f52693610 Thread added: 0x0000026f6ce9f040
Event: 2.846 Thread 0x0000026f52693610 Thread added: 0x0000026f6d1095c0
Event: 2.893 Thread 0x0000026f6d1095c0 Thread added: 0x0000026f6d05eca0
Event: 2.898 Thread 0x0000026f52693610 Thread added: 0x0000026f6d0dec70
Event: 3.066 Thread 0x0000026f6cf4c090 Thread exited: 0x0000026f6cf4c090
Event: 3.066 Thread 0x0000026f6cf2bfd0 Thread exited: 0x0000026f6cf2bfd0
Event: 3.295 Thread 0x0000026f6b5c08e0 Thread added: 0x0000026f6d0f5330
Event: 3.295 Thread 0x0000026f6b5c08e0 Thread added: 0x0000026f6d497ac0
Event: 3.556 Thread 0x0000026f6d0dec70 Thread added: 0x0000026f6d8a90c0


Dynamic libraries:
0x00007ff66eed0000 - 0x00007ff66eede000 	c:\Users\Cesar\.vscode\extensions\redhat.java-1.36.0-win32-x64\jre\17.0.13-win32-x86_64\bin\java.exe
0x00007fff8adb0000 - 0x00007fff8afa8000 	C:\Windows\SYSTEM32\ntdll.dll
0x00007fff8a2e0000 - 0x00007fff8a3a2000 	C:\Windows\System32\KERNEL32.DLL
0x00007fff88580000 - 0x00007fff8887e000 	C:\Windows\System32\KERNELBASE.dll
0x00007fff88c80000 - 0x00007fff88d80000 	C:\Windows\System32\ucrtbase.dll
0x00007fff82c80000 - 0x00007fff82c9e000 	c:\Users\Cesar\.vscode\extensions\redhat.java-1.36.0-win32-x64\jre\17.0.13-win32-x86_64\bin\VCRUNTIME140.dll
0x00007fff800d0000 - 0x00007fff800e7000 	c:\Users\Cesar\.vscode\extensions\redhat.java-1.36.0-win32-x64\jre\17.0.13-win32-x86_64\bin\jli.dll
0x00007fff892a0000 - 0x00007fff8943d000 	C:\Windows\System32\USER32.dll
0x00007fff88550000 - 0x00007fff88572000 	C:\Windows\System32\win32u.dll
0x00007fff6fab0000 - 0x00007fff6fd4a000 	C:\Windows\WinSxS\amd64_microsoft.windows.common-controls_6595b64144ccf1df_6.0.19041.4355_none_60b8b9eb71f62e16\COMCTL32.dll
0x00007fff88ff0000 - 0x00007fff8901b000 	C:\Windows\System32\GDI32.dll
0x00007fff89200000 - 0x00007fff8929e000 	C:\Windows\System32\msvcrt.dll
0x00007fff88ab0000 - 0x00007fff88bc7000 	C:\Windows\System32\gdi32full.dll
0x00007fff889e0000 - 0x00007fff88a7d000 	C:\Windows\System32\msvcp_win.dll
0x00007fff88fc0000 - 0x00007fff88fef000 	C:\Windows\System32\IMM32.DLL
0x00007fff844a0000 - 0x00007fff844ac000 	c:\Users\Cesar\.vscode\extensions\redhat.java-1.36.0-win32-x64\jre\17.0.13-win32-x86_64\bin\vcruntime140_1.dll
0x00007fff677e0000 - 0x00007fff6786d000 	c:\Users\Cesar\.vscode\extensions\redhat.java-1.36.0-win32-x64\jre\17.0.13-win32-x86_64\bin\msvcp140.dll
0x00007fff2a910000 - 0x00007fff2b57b000 	c:\Users\Cesar\.vscode\extensions\redhat.java-1.36.0-win32-x64\jre\17.0.13-win32-x86_64\bin\server\jvm.dll
0x00007fff8acb0000 - 0x00007fff8ad61000 	C:\Windows\System32\ADVAPI32.dll
0x00007fff8a3b0000 - 0x00007fff8a44f000 	C:\Windows\System32\sechost.dll
0x00007fff89b60000 - 0x00007fff89c83000 	C:\Windows\System32\RPCRT4.dll
0x00007fff88a80000 - 0x00007fff88aa7000 	C:\Windows\System32\bcrypt.dll
0x00007fff88eb0000 - 0x00007fff88f1b000 	C:\Windows\System32\WS2_32.dll
0x00007fff87950000 - 0x00007fff8799b000 	C:\Windows\SYSTEM32\POWRPROF.dll
0x00007fff717a0000 - 0x00007fff717c7000 	C:\Windows\SYSTEM32\WINMM.dll
0x00007fff7f1c0000 - 0x00007fff7f1ca000 	C:\Windows\SYSTEM32\VERSION.dll
0x00007fff87810000 - 0x00007fff87822000 	C:\Windows\SYSTEM32\UMPDC.dll
0x00007fff86c30000 - 0x00007fff86c42000 	C:\Windows\SYSTEM32\kernel.appcore.dll
0x00007fff80050000 - 0x00007fff8005a000 	c:\Users\Cesar\.vscode\extensions\redhat.java-1.36.0-win32-x64\jre\17.0.13-win32-x86_64\bin\jimage.dll
0x00007fff86000000 - 0x00007fff861e4000 	C:\Windows\SYSTEM32\DBGHELP.DLL
0x00007fff6f330000 - 0x00007fff6f364000 	C:\Windows\SYSTEM32\dbgcore.DLL
0x00007fff88450000 - 0x00007fff884d2000 	C:\Windows\System32\bcryptPrimitives.dll
0x00007fff7fff0000 - 0x00007fff7fffe000 	c:\Users\Cesar\.vscode\extensions\redhat.java-1.36.0-win32-x64\jre\17.0.13-win32-x86_64\bin\instrument.dll
0x00007fff7d7d0000 - 0x00007fff7d7f5000 	c:\Users\Cesar\.vscode\extensions\redhat.java-1.36.0-win32-x64\jre\17.0.13-win32-x86_64\bin\java.dll
0x00007fff7daa0000 - 0x00007fff7dab8000 	c:\Users\Cesar\.vscode\extensions\redhat.java-1.36.0-win32-x64\jre\17.0.13-win32-x86_64\bin\zip.dll
0x00007fff8a4b0000 - 0x00007fff8ac1d000 	C:\Windows\System32\SHELL32.dll
0x00007fff86470000 - 0x00007fff86c14000 	C:\Windows\SYSTEM32\windows.storage.dll
0x00007fff89ca0000 - 0x00007fff89ff3000 	C:\Windows\System32\combase.dll
0x00007fff87da0000 - 0x00007fff87dce000 	C:\Windows\SYSTEM32\Wldp.dll
0x00007fff8a060000 - 0x00007fff8a12d000 	C:\Windows\System32\OLEAUT32.dll
0x00007fff89440000 - 0x00007fff894ed000 	C:\Windows\System32\SHCORE.dll
0x00007fff88e50000 - 0x00007fff88ea5000 	C:\Windows\System32\shlwapi.dll
0x00007fff88380000 - 0x00007fff883a4000 	C:\Windows\SYSTEM32\profapi.dll
0x00007fff7bce0000 - 0x00007fff7bcf9000 	C:\Users\Cesar\.vscode\extensions\redhat.java-1.36.0-win32-x64\jre\17.0.13-win32-x86_64\bin\net.dll
0x00007fff7fa60000 - 0x00007fff7fb6d000 	C:\Windows\SYSTEM32\WINHTTP.dll
0x00007fff87b80000 - 0x00007fff87bea000 	C:\Windows\system32\mswsock.dll
0x00007fff72ae0000 - 0x00007fff72af6000 	C:\Users\Cesar\.vscode\extensions\redhat.java-1.36.0-win32-x64\jre\17.0.13-win32-x86_64\bin\nio.dll
0x00007fff7ffe0000 - 0x00007fff7fff0000 	c:\Users\Cesar\.vscode\extensions\redhat.java-1.36.0-win32-x64\jre\17.0.13-win32-x86_64\bin\verify.dll
0x00007fff5d760000 - 0x00007fff5d7a5000 	C:\Users\Cesar\AppData\Roaming\Code\User\globalStorage\redhat.java\1.36.0\config_win\org.eclipse.equinox.launcher\org.eclipse.equinox.launcher.win32.win32.x86_64_1.2.1100.v20240722-2106\eclipse_11904.dll
0x00007fff890d0000 - 0x00007fff891fb000 	C:\Windows\System32\ole32.dll

dbghelp: loaded successfully - version: 4.0.5 - missing functions: none
symbol engine: initialized successfully - sym options: 0x614 - pdb path: .;c:\Users\Cesar\.vscode\extensions\redhat.java-1.36.0-win32-x64\jre\17.0.13-win32-x86_64\bin;C:\Windows\SYSTEM32;C:\Windows\WinSxS\amd64_microsoft.windows.common-controls_6595b64144ccf1df_6.0.19041.4355_none_60b8b9eb71f62e16;c:\Users\Cesar\.vscode\extensions\redhat.java-1.36.0-win32-x64\jre\17.0.13-win32-x86_64\bin\server;C:\Users\Cesar\AppData\Roaming\Code\User\globalStorage\redhat.java\1.36.0\config_win\org.eclipse.equinox.launcher\org.eclipse.equinox.launcher.win32.win32.x86_64_1.2.1100.v20240722-2106

VM Arguments:
jvm_args: --add-modules=ALL-SYSTEM --add-opens=java.base/java.util=ALL-UNNAMED --add-opens=java.base/java.lang=ALL-UNNAMED --add-opens=java.base/sun.nio.fs=ALL-UNNAMED -Declipse.application=org.eclipse.jdt.ls.core.id1 -Dosgi.bundles.defaultStartLevel=4 -Declipse.product=org.eclipse.jdt.ls.core.product -Djava.import.generatesMetadataFilesAtProjectRoot=false -DDetectVMInstallationsJob.disabled=true -Dfile.encoding=utf8 -XX:+UseParallelGC -XX:GCTimeRatio=4 -XX:AdaptiveSizePolicyWeight=90 -Dsun.zip.disableMemoryMapping=true -Xmx1G -Xms100m -Xlog:disable -javaagent:c:\Users\Cesar\.vscode\extensions\redhat.java-1.36.0-win32-x64\lombok\lombok-1.18.35.jar -XX:+HeapDumpOnOutOfMemoryError -XX:HeapDumpPath=c:\Users\Cesar\AppData\Roaming\Code\User\workspaceStorage\53e68585b729e7424bba8c485f5dc05e\redhat.java -Daether.dependencyCollector.impl=bf 
java_command: c:\Users\Cesar\.vscode\extensions\redhat.java-1.36.0-win32-x64\server\plugins\org.eclipse.equinox.launcher_1.6.900.v20240613-2009.jar -configuration c:\Users\Cesar\AppData\Roaming\Code\User\globalStorage\redhat.java\1.36.0\config_win -data c:\Users\Cesar\AppData\Roaming\Code\User\workspaceStorage\53e68585b729e7424bba8c485f5dc05e\redhat.java\jdt_ws --pipe=\\.\pipe\lsp-363d6e08d7961f05aad6e28715dacc72-sock
java_class_path (initial): c:\Users\Cesar\.vscode\extensions\redhat.java-1.36.0-win32-x64\server\plugins\org.eclipse.equinox.launcher_1.6.900.v20240613-2009.jar
Launcher Type: SUN_STANDARD

[Global flags]
    uintx AdaptiveSizePolicyWeight                 = 90                                        {product} {command line}
     intx CICompilerCount                          = 4                                         {product} {ergonomic}
    uintx GCTimeRatio                              = 4                                         {product} {command line}
     bool HeapDumpOnOutOfMemoryError               = true                                   {manageable} {command line}
    ccstr HeapDumpPath                             = c:\Users\Cesar\AppData\Roaming\Code\User\workspaceStorage\53e68585b729e7424bba8c485f5dc05e\redhat.java         {manageable} {command line}
   size_t InitialHeapSize                          = 104857600                                 {product} {command line}
   size_t MaxHeapSize                              = 1073741824                                {product} {command line}
   size_t MaxNewSize                               = 357564416                                 {product} {ergonomic}
   size_t MinHeapDeltaBytes                        = 524288                                    {product} {ergonomic}
   size_t MinHeapSize                              = 104857600                                 {product} {command line}
   size_t NewSize                                  = 34603008                                  {product} {ergonomic}
    uintx NonNMethodCodeHeapSize                   = 5839372                                {pd product} {ergonomic}
    uintx NonProfiledCodeHeapSize                  = 122909434                              {pd product} {ergonomic}
   size_t OldSize                                  = 70254592                                  {product} {ergonomic}
    uintx ProfiledCodeHeapSize                     = 122909434                              {pd product} {ergonomic}
    uintx ReservedCodeCacheSize                    = 251658240                              {pd product} {ergonomic}
     bool SegmentedCodeCache                       = true                                      {product} {ergonomic}
   size_t SoftMaxHeapSize                          = 1073741824                             {manageable} {ergonomic}
     bool UseCompressedClassPointers               = true                           {product lp64_product} {ergonomic}
     bool UseCompressedOops                        = true                           {product lp64_product} {ergonomic}
     bool UseLargePagesIndividualAllocation        = false                                  {pd product} {ergonomic}
     bool UseParallelGC                            = true                                      {product} {command line}

Logging:
Log output configuration:
 #0: stdout all=off uptime,level,tags
 #1: stderr all=off uptime,level,tags

Environment Variables:
JAVA_HOME=C:\Program Files\Java\jdk-23
PATH=C:\Program Files\Common Files\Oracle\Java\javapath;C:\Program Files (x86)\Common Files\Intel\Shared Libraries\redist\intel64_win\compiler;C:\Program Files\Python310\Scripts\;C:\Program Files\Python310\;C:\Windows\system32;C:\Windows;C:\Windows\System32\Wbem;C:\Windows\System32\WindowsPowerShell\v1.0\;C:\Windows\System32\OpenSSH\;C:\Program Files (x86)\NVIDIA Corporation\PhysX\Common;C:\Program Files\NVIDIA Corporation\NVIDIA NvDLISR;C:\Program Files\dotnet\;C:\Program Files\Microsoft SQL Server\Client SDK\ODBC\170\Tools\Binn\;C:\Program Files\Microsoft SQL Server\150\Tools\Binn\;F:\Descargas\ffmpeg-master-latest-win64-gpl-shared\ffmpeg-master-latest-win64-gpl-shared\bin;C:\Spring\jdk-23.0.1\bin;C:\maven\apache-maven-3.9.9\bin;%JAVA_HOME%\bin;C:\Program Files\Git\cmd;C:\Program Files\Git\bin;;C:\Program Files\Docker\Docker\resources\bin;C:\Users\Cesar\AppData\Local\Microsoft\WindowsApps;C:\Users\Cesar\.dotnet\tools;C:\Program Files\Python39\Scripts;C:\Program Files\Python39;C:\Users\Cesar\AppData\Roaming\Python\Python39\site-packages;C:\Program Files\Python39\Lib\site-packages;C:\Program Files\Python39\Lib\site-packages\django\template\backends;C:\Users\Cesar\AppData\Local\Programs\Microsoft VS Code\bin;C:\maven\apache-maven-3.9.9\bin;C:\Program Files\Git\bin;
USERNAME=Cesar
OS=Windows_NT
PROCESSOR_IDENTIFIER=Intel64 Family 6 Model 142 Stepping 10, GenuineIntel
TMP=C:\Users\Cesar\AppData\Local\Temp
TEMP=C:\Users\Cesar\AppData\Local\Temp



Periodic native trim disabled


---------------  S Y S T E M  ---------------

OS:
 Windows 10 , 64 bit Build 19041 (10.0.19041.5072)
OS uptime: 0 days 3:09 hours
Hyper-V role detected

CPU: total 8 (initial active 8) (4 cores per cpu, 2 threads per core) family 6 model 142 stepping 10 microcode 0xb4, cx8, cmov, fxsr, ht, mmx, 3dnowpref, sse, sse2, sse3, ssse3, sse4.1, sse4.2, popcnt, lzcnt, tsc, tscinvbit, avx, avx2, aes, erms, clmul, bmi1, bmi2, adx, fma, vzeroupper, clflush, clflushopt, hv
Processor Information for all 8 processors :
  Max Mhz: 1801, Current Mhz: 1801, Mhz Limit: 1801

Memory: 4k page, system-wide physical 16299M (1220M free)
TotalPageFile size 16299M (AvailPageFile size 11M)
current process WorkingSet (physical memory assigned to process): 103M, peak: 103M
current process commit charge ("private bytes"): 218M, peak: 218M

vm_info: OpenJDK 64-Bit Server VM (17.0.13+11) for windows-amd64 JRE (17.0.13+11), built on Oct 16 2024 00:10:08 by "admin" with MS VC++ 17.7 (VS2022)

END.
