#
# There is insufficient memory for the Java Runtime Environment to continue.
# Native memory allocation (mmap) failed to map 268435456 bytes. Error detail: G1 virtual space
# Possible reasons:
#   The system is out of physical RAM or swap space
#   This process is running with CompressedOops enabled, and the Java Heap may be blocking the growth of the native heap
# Possible solutions:
#   Reduce memory load on the system
#   Increase physical memory or swap space
#   Check if swap backing store is full
#   Decrease Java heap size (-Xmx/-Xms)
#   Decrease number of Java threads
#   Decrease Java thread stack sizes (-Xss)
#   Set larger code cache with -XX:ReservedCodeCacheSize=
#   JVM is running with Zero Based Compressed Oops mode in which the Java heap is
#     placed in the first 32GB address space. The Java Heap base address is the
#     maximum limit for the native heap growth. Please use -XX:HeapBaseMinAddress
#     to set the Java Heap base and to place the Java Heap above 32GB virtual address.
# This output file may be truncated or incomplete.
#
#  Out of Memory Error (os_windows.cpp:3703), pid=13748, tid=7940
#
# JRE version:  (23.0.1+11) (build )
# Java VM: Java HotSpot(TM) 64-Bit Server VM (23.0.1+11-39, mixed mode, sharing, tiered, compressed oops, compressed class ptrs, g1 gc, windows-amd64)
# No core dump will be written. Minidumps are not enabled by default on client versions of Windows
#

---------------  S U M M A R Y ------------

Command Line: C:\Users\Cesar\AppData\Local\Temp\surefire3045746138549269393\surefirebooter-20241115165204325_3.jar C:\Users\Cesar\AppData\Local\Temp\surefire3045746138549269393 2024-11-15T16-52-03_975-jvmRun1 surefire-20241115165204325_1tmp surefire_0-20241115165204325_2tmp

Host: Intel(R) Core(TM) i5-8250U CPU @ 1.60GHz, 8 cores, 15G,  Windows 10 , 64 bit Build 19041 (10.0.19041.5072)
Time: Fri Nov 15 16:52:04 2024 Hora estándar de Venezuela elapsed time: 0.018835 seconds (0d 0h 0m 0s)

---------------  T H R E A D  ---------------

Current thread (0x000001c604d6eec0):  JavaThread "Unknown thread" [_thread_in_vm, id=7940, stack(0x0000001d53600000,0x0000001d53700000) (1024K)]

Stack: [0x0000001d53600000,0x0000001d53700000]
Native frames: (J=compiled Java code, j=interpreted, Vv=VM code, C=native code)
V  [jvm.dll+0x6e08b9]  (no source info available)
V  [jvm.dll+0x87dc83]  (no source info available)
V  [jvm.dll+0x88010e]  (no source info available)
V  [jvm.dll+0x8807e3]  (no source info available)
V  [jvm.dll+0x27aee6]  (no source info available)
V  [jvm.dll+0x6dd1c5]  (no source info available)
V  [jvm.dll+0x6d104a]  (no source info available)
V  [jvm.dll+0x35b3ea]  (no source info available)
V  [jvm.dll+0x3637f6]  (no source info available)
V  [jvm.dll+0x34fd5e]  (no source info available)
V  [jvm.dll+0x34fff8]  (no source info available)
V  [jvm.dll+0x3289cc]  (no source info available)
V  [jvm.dll+0x32966e]  (no source info available)
V  [jvm.dll+0x844355]  (no source info available)
V  [jvm.dll+0x3b9848]  (no source info available)
V  [jvm.dll+0x82d14c]  (no source info available)
V  [jvm.dll+0x454d4e]  (no source info available)
V  [jvm.dll+0x456bd1]  (no source info available)
C  [jli.dll+0x52a3]  (no source info available)
C  [ucrtbase.dll+0x21bb2]  (no source info available)
C  [KERNEL32.DLL+0x17374]  (no source info available)
C  [ntdll.dll+0x4cc91]  (no source info available)

Lock stack of current Java thread (top to bottom):


---------------  P R O C E S S  ---------------

Threads class SMR info:
_java_thread_list=0x00007ffd52d53618, length=0, elements={
}

Java Threads: ( => current thread )
Total: 0

Other Threads:
  0x000001c604fa62d0 WorkerThread "GC Thread#0"                     [id=8740, stack(0x0000001d53700000,0x0000001d53800000) (1024K)]
  0x000001c604fbb340 ConcurrentGCThread "G1 Main Marker"            [id=4236, stack(0x0000001d53800000,0x0000001d53900000) (1024K)]
  0x000001c604fbc5f0 WorkerThread "G1 Conc#0"                       [id=7116, stack(0x0000001d53900000,0x0000001d53a00000) (1024K)]

[error occurred during error reporting (printing all threads), id 0xc0000005, EXCEPTION_ACCESS_VIOLATION (0xc0000005) at pc=0x00007ffd5249bfba]
VM state: not at safepoint (not fully initialized)

VM Mutex/Monitor currently owned by a thread:  ([mutex/lock_event])
[0x00007ffd52dd3a10] Heap_lock - owner thread: 0x000001c604d6eec0

Heap address: 0x0000000701400000, size: 4076 MB, Compressed Oops mode: Zero based, Oop shift amount: 3

CDS archive(s) mapped at: [0x0000000000000000-0x0000000000000000-0x0000000000000000), size 0, SharedBaseAddress: 0x0000000800000000, ArchiveRelocationMode: 1.
Narrow klass base: 0x0000000000000000, Narrow klass shift: 0, Narrow klass range: 0x0

GC Precious Log:
 CardTable entry size: 512
 Card Set container configuration: InlinePtr #cards 4 size 8 Array Of Cards #cards 16 size 48 Howl #buckets 8 coarsen threshold 3686 Howl Bitmap #cards 512 size 80 coarsen threshold 460 Card regions per heap region 1 cards per card region 4096

Heap:
 garbage-first heap   total reserved 4173824K, committed 0K, used 0K [0x0000000701400000, 0x0000000800000000)
  region size 2048K, 0 young (0K), 0 survivors (0K)

[error occurred during error reporting (printing heap information), id 0xc0000005, EXCEPTION_ACCESS_VIOLATION (0xc0000005) at pc=0x00007ffd5289c3c9]
GC Heap History (0 events):
No events

Dll operation events (1 events):
Event: 0.008 Loaded shared library C:\Program Files\Java\jdk-23\bin\java.dll

Deoptimization events (0 events):
No events

Classes loaded (0 events):
No events

Classes unloaded (0 events):
No events

Classes redefined (0 events):
No events

Internal exceptions (0 events):
No events

VM Operations (0 events):
No events

Memory protections (0 events):
No events

Nmethod flushes (0 events):
No events

Events (0 events):
No events


Dynamic libraries:
0x00007ff71af60000 - 0x00007ff71af70000 	C:\Program Files\Java\jdk-23\bin\java.exe
0x00007ffdbda70000 - 0x00007ffdbdc68000 	C:\Windows\SYSTEM32\ntdll.dll
0x00007ffdbc1c0000 - 0x00007ffdbc282000 	C:\Windows\System32\KERNEL32.DLL
0x00007ffdbb210000 - 0x00007ffdbb50e000 	C:\Windows\System32\KERNELBASE.dll
0x00007ffdbb110000 - 0x00007ffdbb210000 	C:\Windows\System32\ucrtbase.dll
0x00007ffdb64b0000 - 0x00007ffdb64c7000 	C:\Program Files\Java\jdk-23\bin\jli.dll
0x00007ffdb64d0000 - 0x00007ffdb64eb000 	C:\Program Files\Java\jdk-23\bin\VCRUNTIME140.dll
0x00007ffdbbcf0000 - 0x00007ffdbbe8d000 	C:\Windows\System32\USER32.dll
0x00007ffd9c5d0000 - 0x00007ffd9c86a000 	C:\Windows\WinSxS\amd64_microsoft.windows.common-controls_6595b64144ccf1df_6.0.19041.4355_none_60b8b9eb71f62e16\COMCTL32.dll
0x00007ffdbb950000 - 0x00007ffdbb972000 	C:\Windows\System32\win32u.dll
0x00007ffdbc120000 - 0x00007ffdbc1be000 	C:\Windows\System32\msvcrt.dll
0x00007ffdbd100000 - 0x00007ffdbd12b000 	C:\Windows\System32\GDI32.dll
0x00007ffdbb660000 - 0x00007ffdbb777000 	C:\Windows\System32\gdi32full.dll
0x00007ffdbb510000 - 0x00007ffdbb5ad000 	C:\Windows\System32\msvcp_win.dll
0x00007ffdbc780000 - 0x00007ffdbc7af000 	C:\Windows\System32\IMM32.DLL
0x00007ffdb6590000 - 0x00007ffdb659c000 	C:\Program Files\Java\jdk-23\bin\vcruntime140_1.dll
0x00007ffda1e80000 - 0x00007ffda1f0e000 	C:\Program Files\Java\jdk-23\bin\msvcp140.dll
0x00007ffd52160000 - 0x00007ffd52eaf000 	C:\Program Files\Java\jdk-23\bin\server\jvm.dll
0x00007ffdbbeb0000 - 0x00007ffdbbf61000 	C:\Windows\System32\ADVAPI32.dll
0x00007ffdbd060000 - 0x00007ffdbd0ff000 	C:\Windows\System32\sechost.dll
0x00007ffdbd620000 - 0x00007ffdbd743000 	C:\Windows\System32\RPCRT4.dll
0x00007ffdbb980000 - 0x00007ffdbb9a7000 	C:\Windows\System32\bcrypt.dll
0x00007ffdbd5b0000 - 0x00007ffdbd61b000 	C:\Windows\System32\WS2_32.dll
0x00007ffdba610000 - 0x00007ffdba65b000 	C:\Windows\SYSTEM32\POWRPROF.dll
0x00007ffda6350000 - 0x00007ffda6377000 	C:\Windows\SYSTEM32\WINMM.dll
0x00007ffdb1ed0000 - 0x00007ffdb1eda000 	C:\Windows\SYSTEM32\VERSION.dll
0x00007ffdba4d0000 - 0x00007ffdba4e2000 	C:\Windows\SYSTEM32\UMPDC.dll
0x00007ffdb9130000 - 0x00007ffdb9142000 	C:\Windows\SYSTEM32\kernel.appcore.dll
0x00007ffdb64a0000 - 0x00007ffdb64aa000 	C:\Program Files\Java\jdk-23\bin\jimage.dll
0x00007ffdb8ce0000 - 0x00007ffdb8ec4000 	C:\Windows\SYSTEM32\DBGHELP.DLL
0x00007ffda4530000 - 0x00007ffda4564000 	C:\Windows\SYSTEM32\dbgcore.DLL
0x00007ffdbb9b0000 - 0x00007ffdbba32000 	C:\Windows\System32\bcryptPrimitives.dll
0x00007ffdb6480000 - 0x00007ffdb649e000 	C:\Program Files\Java\jdk-23\bin\java.dll
0x00007ffdbd750000 - 0x00007ffdbd87b000 	C:\Windows\System32\ole32.dll
0x00007ffdbd1f0000 - 0x00007ffdbd543000 	C:\Windows\System32\combase.dll
0x00007ffdbc8f0000 - 0x00007ffdbd05d000 	C:\Windows\System32\SHELL32.dll

dbghelp: loaded successfully - version: 4.0.5 - missing functions: none
symbol engine: initialized successfully - sym options: 0x614 - pdb path: .;C:\Program Files\Java\jdk-23\bin;C:\Windows\SYSTEM32;C:\Windows\WinSxS\amd64_microsoft.windows.common-controls_6595b64144ccf1df_6.0.19041.4355_none_60b8b9eb71f62e16;C:\Program Files\Java\jdk-23\bin\server

VM Arguments:
java_command: C:\Users\Cesar\AppData\Local\Temp\surefire3045746138549269393\surefirebooter-20241115165204325_3.jar C:\Users\Cesar\AppData\Local\Temp\surefire3045746138549269393 2024-11-15T16-52-03_975-jvmRun1 surefire-20241115165204325_1tmp surefire_0-20241115165204325_2tmp
java_class_path (initial): C:\Users\Cesar\AppData\Local\Temp\surefire3045746138549269393\surefirebooter-20241115165204325_3.jar
Launcher Type: SUN_STANDARD

[Global flags]
     intx CICompilerCount                          = 4                                         {product} {ergonomic}
     uint ConcGCThreads                            = 2                                         {product} {ergonomic}
     uint G1ConcRefinementThreads                  = 8                                         {product} {ergonomic}
   size_t G1HeapRegionSize                         = 2097152                                   {product} {ergonomic}
   size_t InitialHeapSize                          = 268435456                                 {product} {ergonomic}
   size_t MarkStackSize                            = 4194304                                   {product} {ergonomic}
   size_t MarkStackSizeMax                         = 536870912                                 {product} {ergonomic}
   size_t MaxHeapSize                              = 4273995776                                {product} {ergonomic}
   size_t MinHeapDeltaBytes                        = 2097152                                   {product} {ergonomic}
   size_t MinHeapSize                              = 8388608                                   {product} {ergonomic}
    uintx NonNMethodCodeHeapSize                   = 5832704                                {pd product} {ergonomic}
    uintx NonProfiledCodeHeapSize                  = 122945536                              {pd product} {ergonomic}
    uintx ProfiledCodeHeapSize                     = 122880000                              {pd product} {ergonomic}
    uintx ReservedCodeCacheSize                    = 251658240                              {pd product} {ergonomic}
     bool SegmentedCodeCache                       = true                                      {product} {ergonomic}
   size_t SoftMaxHeapSize                          = 4273995776                             {manageable} {ergonomic}
     bool UseCompressedOops                        = true                           {product lp64_product} {ergonomic}
     bool UseG1GC                                  = true                                      {product} {ergonomic}
     bool UseLargePagesIndividualAllocation        = false                                  {pd product} {ergonomic}

Logging:
Log output configuration:
 #0: stdout all=warning uptime,level,tags foldmultilines=false
 #1: stderr all=off uptime,level,tags foldmultilines=false

Environment Variables:
JAVA_HOME=C:\Program Files\Java\jdk-23
PATH=C:\Program Files\Common Files\Oracle\Java\javapath;C:\Program Files (x86)\Common Files\Intel\Shared Libraries\redist\intel64_win\compiler;C:\Program Files\Python310\Scripts\;C:\Program Files\Python310\;C:\Windows\system32;C:\Windows;C:\Windows\System32\Wbem;C:\Windows\System32\WindowsPowerShell\v1.0\;C:\Windows\System32\OpenSSH\;C:\Program Files (x86)\NVIDIA Corporation\PhysX\Common;C:\Program Files\NVIDIA Corporation\NVIDIA NvDLISR;C:\Program Files\dotnet\;C:\Program Files\Microsoft SQL Server\Client SDK\ODBC\170\Tools\Binn\;C:\Program Files\Microsoft SQL Server\150\Tools\Binn\;F:\Descargas\ffmpeg-master-latest-win64-gpl-shared\ffmpeg-master-latest-win64-gpl-shared\bin;C:\Spring\jdk-23.0.1\bin;C:\maven\apache-maven-3.9.9\bin;%JAVA_HOME%\bin;C:\Program Files\Git\cmd;C:\Program Files\Git\bin;;C:\Program Files\Docker\Docker\resources\bin;C:\Users\Cesar\AppData\Local\Microsoft\WindowsApps;C:\Users\Cesar\.dotnet\tools;C:\Program Files\Python39\Scripts;C:\Program Files\Python39;C:\Users\Cesar\AppData\Roaming\Python\Python39\site-packages;C:\Program Files\Python39\Lib\site-packages;C:\Program Files\Python39\Lib\site-packages\django\template\backends;C:\Users\Cesar\AppData\Local\Programs\Microsoft VS Code\bin;C:\maven\apache-maven-3.9.9\bin;C:\Program Files\Git\bin;
USERNAME=Cesar
LANG=en_US.UTF-8
OS=Windows_NT
PROCESSOR_IDENTIFIER=Intel64 Family 6 Model 142 Stepping 10, GenuineIntel
TMP=C:\Users\Cesar\AppData\Local\Temp
TEMP=C:\Users\Cesar\AppData\Local\Temp




Periodic native trim disabled

---------------  S Y S T E M  ---------------

OS:
 Windows 10 , 64 bit Build 19041 (10.0.19041.5072)
OS uptime: 0 days 1:30 hours
Hyper-V role detected

CPU: total 8 (initial active 8) (4 cores per cpu, 2 threads per core) family 6 model 142 stepping 10 microcode 0xb4, cx8, cmov, fxsr, ht, mmx, 3dnowpref, sse, sse2, sse3, ssse3, sse4.1, sse4.2, popcnt, lzcnt, tsc, tscinvbit, avx, avx2, aes, erms, clmul, bmi1, bmi2, adx, fma, vzeroupper, clflush, clflushopt, hv, rdtscp, f16c
Processor Information for the first 8 processors :
  Max Mhz: 1801, Current Mhz: 1600, Mhz Limit: 1584

Memory: 4k page, system-wide physical 16299M (1556M free)
TotalPageFile size 16299M (AvailPageFile size 256M)
current process WorkingSet (physical memory assigned to process): 11M, peak: 11M
current process commit charge ("private bytes"): 60M, peak: 316M

vm_info: Java HotSpot(TM) 64-Bit Server VM (23.0.1+11-39) for windows-amd64 JRE (23.0.1+11-39), built on 2024-09-30T07:20:43Z with MS VC++ 17.6 (VS2022)

END.
