#
# There is insufficient memory for the Java Runtime Environment to continue.
# Native memory allocation (malloc) failed to allocate 1055776 bytes. Error detail: Chunk::new
# Possible reasons:
#   The system is out of physical RAM or swap space
#   This process is running with CompressedOops enabled, and the Java Heap may be blocking the growth of the native heap
# Possible solutions:
#   Reduce memory load on the system
#   Increase physical memory or swap space
#   Check if swap backing store is full
#   Decrease Java heap size (-Xmx/-Xms)
#   Decrease number of Java threads
#   Decrease Java thread stack sizes (-Xss)
#   Set larger code cache with -XX:ReservedCodeCacheSize=
#   JVM is running with Unscaled Compressed Oops mode in which the Java heap is
#     placed in the first 4GB address space. The Java Heap base address is the
#     maximum limit for the native heap growth. Please use -XX:HeapBaseMinAddress
#     to set the Java Heap base and to place the Java Heap above 4GB virtual address.
# This output file may be truncated or incomplete.
#
#  Out of Memory Error (arena.cpp:191), pid=10704, tid=10592
#
# JRE version: OpenJDK Runtime Environment Temurin-17.0.13+11 (17.0.13+11) (build 17.0.13+11)
# Java VM: OpenJDK 64-Bit Server VM Temurin-17.0.13+11 (17.0.13+11, mixed mode, tiered, compressed oops, compressed class ptrs, parallel gc, windows-amd64)
# No core dump will be written. Minidumps are not enabled by default on client versions of Windows
#

---------------  S U M M A R Y ------------

Command Line: --add-modules=ALL-SYSTEM --add-opens=java.base/java.util=ALL-UNNAMED --add-opens=java.base/java.lang=ALL-UNNAMED --add-opens=java.base/sun.nio.fs=ALL-UNNAMED -Declipse.application=org.eclipse.jdt.ls.core.id1 -Dosgi.bundles.defaultStartLevel=4 -Declipse.product=org.eclipse.jdt.ls.core.product -Djava.import.generatesMetadataFilesAtProjectRoot=false -DDetectVMInstallationsJob.disabled=true -Dfile.encoding=utf8 -XX:+UseParallelGC -XX:GCTimeRatio=4 -XX:AdaptiveSizePolicyWeight=90 -Dsun.zip.disableMemoryMapping=true -Xmx1G -Xms100m -Xlog:disable -javaagent:c:\Users\Cesar\.vscode\extensions\redhat.java-1.37.0-win32-x64\lombok\lombok-1.18.34.jar -XX:+HeapDumpOnOutOfMemoryError -XX:HeapDumpPath=c:\Users\Cesar\AppData\Roaming\Code\User\workspaceStorage\53e68585b729e7424bba8c485f5dc05e\redhat.java -Daether.dependencyCollector.impl=bf c:\Users\Cesar\.vscode\extensions\redhat.java-1.37.0-win32-x64\server\plugins\org.eclipse.equinox.launcher_1.6.900.v20240613-2009.jar -configuration c:\Users\Cesar\AppData\Roaming\Code\User\globalStorage\redhat.java\1.37.0\config_win -data c:\Users\Cesar\AppData\Roaming\Code\User\workspaceStorage\53e68585b729e7424bba8c485f5dc05e\redhat.java\jdt_ws --pipe=\\.\pipe\lsp-7fd2b55da3f00dcf075123adbf797b80-sock

Host: Intel(R) Core(TM) i5-8250U CPU @ 1.60GHz, 8 cores, 15G,  Windows 10 , 64 bit Build 19041 (10.0.19041.5198)
Time: Mon Dec 16 20:05:32 2024 Hora estándar de Venezuela elapsed time: 1035.903204 seconds (0d 0h 17m 15s)

---------------  T H R E A D  ---------------

Current thread (0x0000016bf0b58e00):  JavaThread "C2 CompilerThread2" daemon [_thread_in_native, id=10592, stack(0x00000038cdd00000,0x00000038cde00000)]


Current CompileTask:
C2:1035903 19982       4       lombok.core.AST::buildWithArray (134 bytes)

Stack: [0x00000038cdd00000,0x00000038cde00000]
Native frames: (J=compiled Java code, j=interpreted, Vv=VM code, C=native code)
V  [jvm.dll+0x682a19]
V  [jvm.dll+0x839538]
V  [jvm.dll+0x83afe3]
V  [jvm.dll+0x83b653]
V  [jvm.dll+0x24704f]
V  [jvm.dll+0xace34]
V  [jvm.dll+0xad4cc]
V  [jvm.dll+0x2ac84f]
V  [jvm.dll+0x588a79]
V  [jvm.dll+0x220ea2]
V  [jvm.dll+0x219b8b]
V  [jvm.dll+0x21738b]
V  [jvm.dll+0x1a3070]
V  [jvm.dll+0x22788c]
V  [jvm.dll+0x2259eb]
V  [jvm.dll+0x7eec98]
V  [jvm.dll+0x7e8ffc]
V  [jvm.dll+0x6818f7]
C  [ucrtbase.dll+0x21bb2]
C  [KERNEL32.DLL+0x17374]
C  [ntdll.dll+0x4cc91]


---------------  P R O C E S S  ---------------

Threads class SMR info:
_java_thread_list=0x0000016bf654e290, length=51, elements={
0x0000016bd6262110, 0x0000016bd6315400, 0x0000016bd6316bb0, 0x0000016bea0fdff0,
0x0000016bd6317f80, 0x0000016bd6318920, 0x0000016bd631c470, 0x0000016bd631d120,
0x0000016bef3e2580, 0x0000016bef3e72a0, 0x0000016bd62c23a0, 0x0000016bef668900,
0x0000016bf0a5c4b0, 0x0000016bf12fb010, 0x0000016bf100f040, 0x0000016bf093fd10,
0x0000016bf0cab970, 0x0000016bf08df470, 0x0000016bf08de030, 0x0000016bf08def60,
0x0000016bf08e17e0, 0x0000016bf3148e30, 0x0000016bf314c5e0, 0x0000016bf3149340,
0x0000016bf314a270, 0x0000016bf314b1a0, 0x0000016bf3147f00, 0x0000016bf3148410,
0x0000016bf314b6b0, 0x0000016bf3149850, 0x0000016bf314bbc0, 0x0000016bf314f880,
0x0000016bf314a780, 0x0000016bf314ee60, 0x0000016bf3e0aa60, 0x0000016bf3816040,
0x0000016bf3817ea0, 0x0000016bf38141e0, 0x0000016bf38137c0, 0x0000016bf3817990,
0x0000016bf38183b0, 0x0000016bf3814c00, 0x0000016bf3819d00, 0x0000016bf38146f0,
0x0000016bf3816f70, 0x0000016bf0b5bdd0, 0x0000016bf0b58e00, 0x0000016bf381a210,
0x0000016bf38132b0, 0x0000016bf57a80b0, 0x0000016bf57abd70
}

Java Threads: ( => current thread )
  0x0000016bd6262110 JavaThread "main" [_thread_blocked, id=18008, stack(0x00000038cac00000,0x00000038cad00000)]
  0x0000016bd6315400 JavaThread "Reference Handler" daemon [_thread_blocked, id=15904, stack(0x00000038caf00000,0x00000038cb000000)]
  0x0000016bd6316bb0 JavaThread "Finalizer" daemon [_thread_blocked, id=14636, stack(0x00000038cb000000,0x00000038cb100000)]
  0x0000016bea0fdff0 JavaThread "Signal Dispatcher" daemon [_thread_blocked, id=12680, stack(0x00000038cb100000,0x00000038cb200000)]
  0x0000016bd6317f80 JavaThread "Attach Listener" daemon [_thread_blocked, id=20448, stack(0x00000038cb200000,0x00000038cb300000)]
  0x0000016bd6318920 JavaThread "Service Thread" daemon [_thread_blocked, id=2804, stack(0x00000038cb300000,0x00000038cb400000)]
  0x0000016bd631c470 JavaThread "Monitor Deflation Thread" daemon [_thread_blocked, id=17636, stack(0x00000038cb400000,0x00000038cb500000)]
  0x0000016bd631d120 JavaThread "C2 CompilerThread0" daemon [_thread_in_native, id=19812, stack(0x00000038cb500000,0x00000038cb600000)]
  0x0000016bef3e2580 JavaThread "C1 CompilerThread0" daemon [_thread_blocked, id=8720, stack(0x00000038cb600000,0x00000038cb700000)]
  0x0000016bef3e72a0 JavaThread "Sweeper thread" daemon [_thread_blocked, id=19032, stack(0x00000038cb700000,0x00000038cb800000)]
  0x0000016bd62c23a0 JavaThread "Common-Cleaner" daemon [_thread_blocked, id=17560, stack(0x00000038cb800000,0x00000038cb900000)]
  0x0000016bef668900 JavaThread "Notification Thread" daemon [_thread_blocked, id=14120, stack(0x00000038cb900000,0x00000038cba00000)]
  0x0000016bf0a5c4b0 JavaThread "Active Thread: Equinox Container: 2de5ea1c-6db3-4801-8583-f1698b8de1a5" [_thread_blocked, id=9436, stack(0x00000038cc300000,0x00000038cc400000)]
  0x0000016bf12fb010 JavaThread "Refresh Thread: Equinox Container: 2de5ea1c-6db3-4801-8583-f1698b8de1a5" daemon [_thread_blocked, id=12476, stack(0x00000038cc400000,0x00000038cc500000)]
  0x0000016bf100f040 JavaThread "Framework Event Dispatcher: Equinox Container: 2de5ea1c-6db3-4801-8583-f1698b8de1a5" daemon [_thread_blocked, id=16752, stack(0x00000038cc500000,0x00000038cc600000)]
  0x0000016bf093fd10 JavaThread "Start Level: Equinox Container: 2de5ea1c-6db3-4801-8583-f1698b8de1a5" daemon [_thread_blocked, id=16676, stack(0x00000038cc600000,0x00000038cc700000)]
  0x0000016bf0cab970 JavaThread "Bundle File Closer" daemon [_thread_blocked, id=15544, stack(0x00000038cc800000,0x00000038cc900000)]
  0x0000016bf08df470 JavaThread "SCR Component Actor" daemon [_thread_blocked, id=10092, stack(0x00000038cc200000,0x00000038cc300000)]
  0x0000016bf08de030 JavaThread "Worker-JM" [_thread_blocked, id=14984, stack(0x00000038cca00000,0x00000038ccb00000)]
  0x0000016bf08def60 JavaThread "JNA Cleaner" daemon [_thread_blocked, id=20068, stack(0x00000038cc900000,0x00000038cca00000)]
  0x0000016bf08e17e0 JavaThread "Java indexing" daemon [_thread_in_native, id=15496, stack(0x00000038cd000000,0x00000038cd100000)]
  0x0000016bf3148e30 JavaThread "Thread-2" daemon [_thread_in_native, id=19404, stack(0x00000038cd300000,0x00000038cd400000)]
  0x0000016bf314c5e0 JavaThread "Thread-3" daemon [_thread_in_native, id=14100, stack(0x00000038cd400000,0x00000038cd500000)]
  0x0000016bf3149340 JavaThread "Thread-4" daemon [_thread_in_native, id=14268, stack(0x00000038cd500000,0x00000038cd600000)]
  0x0000016bf314a270 JavaThread "Thread-5" daemon [_thread_in_native, id=17760, stack(0x00000038cd600000,0x00000038cd700000)]
  0x0000016bf314b1a0 JavaThread "Thread-6" daemon [_thread_in_native, id=10108, stack(0x00000038cd700000,0x00000038cd800000)]
  0x0000016bf3147f00 JavaThread "Thread-7" daemon [_thread_in_native, id=10260, stack(0x00000038cd800000,0x00000038cd900000)]
  0x0000016bf3148410 JavaThread "Thread-8" daemon [_thread_in_native, id=19796, stack(0x00000038cd900000,0x00000038cda00000)]
  0x0000016bf314b6b0 JavaThread "Thread-9" daemon [_thread_in_native, id=16256, stack(0x00000038cda00000,0x00000038cdb00000)]
  0x0000016bf3149850 JavaThread "Thread-10" daemon [_thread_in_native, id=16844, stack(0x00000038cdb00000,0x00000038cdc00000)]
  0x0000016bf314bbc0 JavaThread "pool-2-thread-1" [_thread_blocked, id=16972, stack(0x00000038cdc00000,0x00000038cdd00000)]
  0x0000016bf314f880 JavaThread "WorkspaceEventsHandler" [_thread_blocked, id=17836, stack(0x00000038cde00000,0x00000038cdf00000)]
  0x0000016bf314a780 JavaThread "pool-1-thread-1" [_thread_blocked, id=17868, stack(0x00000038cdf00000,0x00000038ce000000)]
  0x0000016bf314ee60 JavaThread "ForkJoinPool.commonPool-worker-4" daemon [_thread_blocked, id=17060, stack(0x00000038ce200000,0x00000038ce300000)]
  0x0000016bf3e0aa60 JavaThread "Cleaner-0" daemon [_thread_blocked, id=19860, stack(0x00000038cab00000,0x00000038cac00000)]
  0x0000016bf3816040 JavaThread "ForkJoinPool.commonPool-worker-11" daemon [_thread_blocked, id=15860, stack(0x00000038caa00000,0x00000038cab00000)]
  0x0000016bf3817ea0 JavaThread "ForkJoinPool.commonPool-worker-12" daemon [_thread_blocked, id=19720, stack(0x00000038cc100000,0x00000038cc200000)]
  0x0000016bf38141e0 JavaThread "ForkJoinPool.commonPool-worker-14" daemon [_thread_blocked, id=15572, stack(0x00000038ccc00000,0x00000038ccd00000)]
  0x0000016bf38137c0 JavaThread "ForkJoinPool.commonPool-worker-16" daemon [_thread_blocked, id=13044, stack(0x00000038cce00000,0x00000038ccf00000)]
  0x0000016bf3817990 JavaThread "Worker-15" [_thread_blocked, id=19064, stack(0x00000038ccf00000,0x00000038cd000000)]
  0x0000016bf38183b0 JavaThread "Compiler Source File Reader" daemon [_thread_blocked, id=16872, stack(0x00000038cd200000,0x00000038cd300000)]
  0x0000016bf3814c00 JavaThread "Worker-17" [_thread_blocked, id=17824, stack(0x00000038ce100000,0x00000038ce200000)]
  0x0000016bf3819d00 JavaThread "ForkJoinPool.commonPool-worker-17" daemon [_thread_blocked, id=12144, stack(0x00000038ca900000,0x00000038caa00000)]
  0x0000016bf38146f0 JavaThread "ForkJoinPool.commonPool-worker-18" daemon [_thread_blocked, id=9560, stack(0x00000038ccb00000,0x00000038ccc00000)]
  0x0000016bf3816f70 JavaThread "Worker-18: Building" [_thread_in_native, id=17392, stack(0x00000038ccd00000,0x00000038cce00000)]
  0x0000016bf0b5bdd0 JavaThread "C2 CompilerThread1" daemon [_thread_blocked, id=11680, stack(0x00000038cd100000,0x00000038cd200000)]
=>0x0000016bf0b58e00 JavaThread "C2 CompilerThread2" daemon [_thread_in_native, id=10592, stack(0x00000038cdd00000,0x00000038cde00000)]
  0x0000016bf381a210 JavaThread "Worker-19" [_thread_blocked, id=17400, stack(0x00000038ce000000,0x00000038ce100000)]
  0x0000016bf38132b0 JavaThread "Worker-20" [_thread_blocked, id=11804, stack(0x00000038ce300000,0x00000038ce400000)]
  0x0000016bf57a80b0 JavaThread "Compiler Source File Reader" daemon [_thread_blocked, id=12248, stack(0x00000038ce400000,0x00000038ce500000)]
  0x0000016bf57abd70 JavaThread "Compiler Processing Task" daemon [_thread_blocked, id=15160, stack(0x00000038ce500000,0x00000038ce600000)]

Other Threads:
  0x0000016bef350c20 VMThread "VM Thread" [stack: 0x00000038cae00000,0x00000038caf00000] [id=11060]
  0x0000016bef668de0 WatcherThread [stack: 0x00000038cba00000,0x00000038cbb00000] [id=17024]
  0x0000016bd6277550 GCTaskThread "GC Thread#0" [stack: 0x00000038cad00000,0x00000038cae00000] [id=19392]
  0x0000016bf06a65c0 GCTaskThread "GC Thread#1" [stack: 0x00000038cbb00000,0x00000038cbc00000] [id=2272]
  0x0000016bf06a6880 GCTaskThread "GC Thread#2" [stack: 0x00000038cbc00000,0x00000038cbd00000] [id=17284]
  0x0000016bf03fa430 GCTaskThread "GC Thread#3" [stack: 0x00000038cbd00000,0x00000038cbe00000] [id=9796]
  0x0000016bf03fa6f0 GCTaskThread "GC Thread#4" [stack: 0x00000038cbe00000,0x00000038cbf00000] [id=17808]
  0x0000016bf03fa9b0 GCTaskThread "GC Thread#5" [stack: 0x00000038cbf00000,0x00000038cc000000] [id=13608]
  0x0000016bf09d4e00 GCTaskThread "GC Thread#6" [stack: 0x00000038cc000000,0x00000038cc100000] [id=18236]
  0x0000016bf0c052b0 GCTaskThread "GC Thread#7" [stack: 0x00000038cc700000,0x00000038cc800000] [id=15524]

Threads with active compile tasks:
C2 CompilerThread0  1035967 19956       4       lombok.eclipse.EclipseAST::buildTree (183 bytes)
C2 CompilerThread2  1035967 19982       4       lombok.core.AST::buildWithArray (134 bytes)

VM state: not at safepoint (normal execution)

VM Mutex/Monitor currently owned by a thread: None

Heap address: 0x00000000c0000000, size: 1024 MB, Compressed Oops mode: 32-bit

CDS archive(s) not mapped
Compressed class space mapped at: 0x0000000100000000-0x0000000140000000, reserved size: 1073741824
Narrow klass base: 0x0000000000000000, Narrow klass shift: 3, Narrow klass range: 0x140000000

GC Precious Log:
 CPUs: 8 total, 8 available
 Memory: 16299M
 Large Page Support: Disabled
 NUMA Support: Disabled
 Compressed Oops: Enabled (32-bit)
 Alignments: Space 512K, Generation 512K, Heap 2M
 Heap Min Capacity: 100M
 Heap Initial Capacity: 100M
 Heap Max Capacity: 1G
 Pre-touch: Disabled
 Parallel Workers: 8

Heap:
 PSYoungGen      total 4608K, used 4527K [0x00000000eab00000, 0x00000000eb180000, 0x0000000100000000)
  eden space 3584K, 97% used [0x00000000eab00000,0x00000000eae6bef0,0x00000000eae80000)
  from space 1024K, 100% used [0x00000000eae80000,0x00000000eaf80000,0x00000000eaf80000)
  to   space 1024K, 0% used [0x00000000eb080000,0x00000000eb080000,0x00000000eb180000)
 ParOldGen       total 172032K, used 159266K [0x00000000c0000000, 0x00000000ca800000, 0x00000000eab00000)
  object space 172032K, 92% used [0x00000000c0000000,0x00000000c9b88920,0x00000000ca800000)
 Metaspace       used 90675K, committed 92224K, reserved 1179648K
  class space    used 9161K, committed 9856K, reserved 1048576K

Card table byte_map: [0x0000016bd5c30000,0x0000016bd5e40000] _byte_map_base: 0x0000016bd5630000

Marking Bits: (ParMarkBitMap*) 0x00007ff8935d6940
 Begin Bits: [0x0000016be7f00000, 0x0000016be8f00000)
 End Bits:   [0x0000016be8f00000, 0x0000016be9f00000)

Polling page: 0x0000016bd5a20000

Metaspace:

Usage:
  Non-class:     79.60 MB used.
      Class:      8.95 MB used.
       Both:     88.55 MB used.

Virtual space:
  Non-class space:      128.00 MB reserved,      80.44 MB ( 63%) committed,  2 nodes.
      Class space:        1.00 GB reserved,       9.62 MB ( <1%) committed,  1 nodes.
             Both:        1.12 GB reserved,      90.06 MB (  8%) committed. 

Chunk freelists:
   Non-Class:  15.60 MB
       Class:  6.39 MB
        Both:  21.99 MB

MaxMetaspaceSize: unlimited
CompressedClassSpaceSize: 1.00 GB
Initial GC threshold: 21.00 MB
Current GC threshold: 150.12 MB
CDS: off
MetaspaceReclaimPolicy: balanced
 - commit_granule_bytes: 65536.
 - commit_granule_words: 8192.
 - virtual_space_node_default_size: 8388608.
 - enlarge_chunks_in_place: 1.
 - new_chunks_are_fully_committed: 0.
 - uncommit_free_chunks: 1.
 - use_allocation_guard: 0.
 - handle_deallocations: 1.


Internal statistics:

num_allocs_failed_limit: 9.
num_arena_births: 1266.
num_arena_deaths: 178.
num_vsnodes_births: 3.
num_vsnodes_deaths: 0.
num_space_committed: 1441.
num_space_uncommitted: 0.
num_chunks_returned_to_freelist: 225.
num_chunks_taken_from_freelist: 5478.
num_chunk_merges: 69.
num_chunk_splits: 3232.
num_chunks_enlarged: 1666.
num_inconsistent_stats: 0.

CodeHeap 'non-profiled nmethods': size=120000Kb used=14166Kb max_used=14749Kb free=105833Kb
 bounds [0x0000016be09d0000, 0x0000016be1840000, 0x0000016be7f00000]
CodeHeap 'profiled nmethods': size=120000Kb used=35395Kb max_used=35406Kb free=84604Kb
 bounds [0x0000016bd8f00000, 0x0000016bdb230000, 0x0000016be0430000]
CodeHeap 'non-nmethods': size=5760Kb used=1425Kb max_used=1573Kb free=4334Kb
 bounds [0x0000016be0430000, 0x0000016be06a0000, 0x0000016be09d0000]
 total_blobs=16613 nmethods=15829 adapters=689
 compilation: enabled
              stopped_count=0, restarted_count=0
 full_count=0

Compilation events (20 events):
Event: 1035.846 Thread 0x0000016bef3e2580 19995       3       org.apache.maven.plugin.internal.DeprecatedPluginValidator$$Lambda$885/0x000000010088dd80::test (8 bytes)
Event: 1035.846 Thread 0x0000016bef3e2580 nmethod 19995 0x0000016bd9116710 code [0x0000016bd91168c0, 0x0000016bd9116b98]
Event: 1035.846 Thread 0x0000016bef3e2580 19996       3       org.apache.maven.plugin.internal.ReadOnlyPluginParametersValidator$$Lambda$888/0x000000010088e440::test (8 bytes)
Event: 1035.847 Thread 0x0000016bef3e2580 nmethod 19996 0x0000016bda4b4f10 code [0x0000016bda4b50c0, 0x0000016bda4b5398]
Event: 1035.847 Thread 0x0000016bef3e2580 19997       3       org.apache.maven.plugin.internal.ReadOnlyPluginParametersValidator::lambda$doValidate$0 (13 bytes)
Event: 1035.847 Thread 0x0000016bef3e2580 nmethod 19997 0x0000016bda3c1390 code [0x0000016bda3c1520, 0x0000016bda3c1698]
Event: 1035.849 Thread 0x0000016bef3e2580 19998   !   3       org.codehaus.plexus.component.configurator.converters.basic.AbstractBasicConverter::fromConfiguration (101 bytes)
Event: 1035.851 Thread 0x0000016bef3e2580 nmethod 19998 0x0000016bdae93c10 code [0x0000016bdae93ec0, 0x0000016bdae94d58]
Event: 1035.852 Thread 0x0000016bef3e2580 19999       1       org.apache.maven.shared.filtering.AbstractMavenFilteringRequest::getMavenSession (5 bytes)
Event: 1035.852 Thread 0x0000016bef3e2580 nmethod 19999 0x0000016be0c07910 code [0x0000016be0c07aa0, 0x0000016be0c07b78]
Event: 1035.894 Thread 0x0000016bef3e2580 20000       3       org.eclipse.aether.util.graph.selector.ScopeDependencySelector::hashCode (75 bytes)
Event: 1035.894 Thread 0x0000016bef3e2580 nmethod 20000 0x0000016bda4b4890 code [0x0000016bda4b4a60, 0x0000016bda4b4e18]
Event: 1035.894 Thread 0x0000016bef3e2580 20001       3       org.eclipse.aether.util.graph.selector.OptionalDependencySelector::hashCode (20 bytes)
Event: 1035.894 Thread 0x0000016bef3e2580 nmethod 20001 0x0000016bda4b4390 code [0x0000016bda4b4540, 0x0000016bda4b4748]
Event: 1035.894 Thread 0x0000016bef3e2580 20002       3       org.eclipse.aether.util.graph.selector.ExclusionDependencySelector::hashCode (38 bytes)
Event: 1035.895 Thread 0x0000016bf0b5bdd0 nmethod 19984 0x0000016be1113010 code [0x0000016be1113260, 0x0000016be1114bc8]
Event: 1035.895 Thread 0x0000016bef3e2580 nmethod 20002 0x0000016bdae93710 code [0x0000016bdae938c0, 0x0000016bdae93b38]
Event: 1035.895 Thread 0x0000016bf0b5bdd0 19987       4       java.lang.StringBuilder::append (8 bytes)
Event: 1035.898 Thread 0x0000016bef3e2580 20003       3       sun.util.calendar.BaseCalendar::getGregorianYearFromFixedDate (201 bytes)
Event: 1035.899 Thread 0x0000016bef3e2580 nmethod 20003 0x0000016bdae92190 code [0x0000016bdae923e0, 0x0000016bdae92fc8]

GC Heap History (20 events):
Event: 1035.646 GC heap before
{Heap before GC invocations=560 (full 20):
 PSYoungGen      total 3072K, used 3068K [0x00000000eab00000, 0x00000000ebc00000, 0x0000000100000000)
  eden space 1024K, 100% used [0x00000000eab00000,0x00000000eac00000,0x00000000eac00000)
  from space 2048K, 99% used [0x00000000eb200000,0x00000000eb3ff250,0x00000000eb400000)
  to   space 6144K, 0% used [0x00000000eac00000,0x00000000eac00000,0x00000000eb200000)
 ParOldGen       total 172032K, used 119565K [0x00000000c0000000, 0x00000000ca800000, 0x00000000eab00000)
  object space 172032K, 69% used [0x00000000c0000000,0x00000000c74c3700,0x00000000ca800000)
 Metaspace       used 90662K, committed 92224K, reserved 1179648K
  class space    used 9161K, committed 9856K, reserved 1048576K
}
Event: 1035.648 GC heap after
{Heap after GC invocations=560 (full 20):
 PSYoungGen      total 2048K, used 777K [0x00000000eab00000, 0x00000000eb280000, 0x0000000100000000)
  eden space 1024K, 0% used [0x00000000eab00000,0x00000000eab00000,0x00000000eac00000)
  from space 1024K, 75% used [0x00000000eac00000,0x00000000eacc26e0,0x00000000ead00000)
  to   space 2560K, 0% used [0x00000000eb000000,0x00000000eb000000,0x00000000eb280000)
 ParOldGen       total 172032K, used 121626K [0x00000000c0000000, 0x00000000ca800000, 0x00000000eab00000)
  object space 172032K, 70% used [0x00000000c0000000,0x00000000c76c69d8,0x00000000ca800000)
 Metaspace       used 90662K, committed 92224K, reserved 1179648K
  class space    used 9161K, committed 9856K, reserved 1048576K
}
Event: 1035.655 GC heap before
{Heap before GC invocations=561 (full 20):
 PSYoungGen      total 2048K, used 1801K [0x00000000eab00000, 0x00000000eb280000, 0x0000000100000000)
  eden space 1024K, 100% used [0x00000000eab00000,0x00000000eac00000,0x00000000eac00000)
  from space 1024K, 75% used [0x00000000eac00000,0x00000000eacc26e0,0x00000000ead00000)
  to   space 2560K, 0% used [0x00000000eb000000,0x00000000eb000000,0x00000000eb280000)
 ParOldGen       total 172032K, used 121626K [0x00000000c0000000, 0x00000000ca800000, 0x00000000eab00000)
  object space 172032K, 70% used [0x00000000c0000000,0x00000000c76c69d8,0x00000000ca800000)
 Metaspace       used 90662K, committed 92224K, reserved 1179648K
  class space    used 9161K, committed 9856K, reserved 1048576K
}
Event: 1035.658 GC heap after
{Heap after GC invocations=561 (full 20):
 PSYoungGen      total 1536K, used 352K [0x00000000eab00000, 0x00000000eb080000, 0x0000000100000000)
  eden space 1024K, 0% used [0x00000000eab00000,0x00000000eab00000,0x00000000eac00000)
  from space 512K, 68% used [0x00000000eb000000,0x00000000eb058000,0x00000000eb080000)
  to   space 1024K, 0% used [0x00000000eae80000,0x00000000eae80000,0x00000000eaf80000)
 ParOldGen       total 172032K, used 122222K [0x00000000c0000000, 0x00000000ca800000, 0x00000000eab00000)
  object space 172032K, 71% used [0x00000000c0000000,0x00000000c775bb90,0x00000000ca800000)
 Metaspace       used 90662K, committed 92224K, reserved 1179648K
  class space    used 9161K, committed 9856K, reserved 1048576K
}
Event: 1035.662 GC heap before
{Heap before GC invocations=562 (full 20):
 PSYoungGen      total 1536K, used 1350K [0x00000000eab00000, 0x00000000eb080000, 0x0000000100000000)
  eden space 1024K, 97% used [0x00000000eab00000,0x00000000eabf9bb0,0x00000000eac00000)
  from space 512K, 68% used [0x00000000eb000000,0x00000000eb058000,0x00000000eb080000)
  to   space 1024K, 0% used [0x00000000eae80000,0x00000000eae80000,0x00000000eaf80000)
 ParOldGen       total 172032K, used 122254K [0x00000000c0000000, 0x00000000ca800000, 0x00000000eab00000)
  object space 172032K, 71% used [0x00000000c0000000,0x00000000c7763ba0,0x00000000ca800000)
 Metaspace       used 90662K, committed 92224K, reserved 1179648K
  class space    used 9161K, committed 9856K, reserved 1048576K
}
Event: 1035.663 GC heap after
{Heap after GC invocations=562 (full 20):
 PSYoungGen      total 2048K, used 484K [0x00000000eab00000, 0x00000000eb080000, 0x0000000100000000)
  eden space 1024K, 0% used [0x00000000eab00000,0x00000000eab00000,0x00000000eac00000)
  from space 1024K, 47% used [0x00000000eae80000,0x00000000eaef92d0,0x00000000eaf80000)
  to   space 1024K, 0% used [0x00000000eaf80000,0x00000000eaf80000,0x00000000eb080000)
 ParOldGen       total 172032K, used 122430K [0x00000000c0000000, 0x00000000ca800000, 0x00000000eab00000)
  object space 172032K, 71% used [0x00000000c0000000,0x00000000c778fba0,0x00000000ca800000)
 Metaspace       used 90662K, committed 92224K, reserved 1179648K
  class space    used 9161K, committed 9856K, reserved 1048576K
}
Event: 1035.666 GC heap before
{Heap before GC invocations=563 (full 20):
 PSYoungGen      total 2048K, used 1508K [0x00000000eab00000, 0x00000000eb080000, 0x0000000100000000)
  eden space 1024K, 99% used [0x00000000eab00000,0x00000000eabffff0,0x00000000eac00000)
  from space 1024K, 47% used [0x00000000eae80000,0x00000000eaef92d0,0x00000000eaf80000)
  to   space 1024K, 0% used [0x00000000eaf80000,0x00000000eaf80000,0x00000000eb080000)
 ParOldGen       total 172032K, used 122433K [0x00000000c0000000, 0x00000000ca800000, 0x00000000eab00000)
  object space 172032K, 71% used [0x00000000c0000000,0x00000000c77907b8,0x00000000ca800000)
 Metaspace       used 90662K, committed 92224K, reserved 1179648K
  class space    used 9161K, committed 9856K, reserved 1048576K
}
Event: 1035.668 GC heap after
{Heap after GC invocations=563 (full 20):
 PSYoungGen      total 2048K, used 282K [0x00000000eab00000, 0x00000000eb000000, 0x0000000100000000)
  eden space 1536K, 0% used [0x00000000eab00000,0x00000000eab00000,0x00000000eac80000)
  from space 512K, 55% used [0x00000000eaf80000,0x00000000eafc6900,0x00000000eb000000)
  to   space 512K, 0% used [0x00000000eaf00000,0x00000000eaf00000,0x00000000eaf80000)
 ParOldGen       total 172032K, used 122689K [0x00000000c0000000, 0x00000000ca800000, 0x00000000eab00000)
  object space 172032K, 71% used [0x00000000c0000000,0x00000000c77d0700,0x00000000ca800000)
 Metaspace       used 90662K, committed 92224K, reserved 1179648K
  class space    used 9161K, committed 9856K, reserved 1048576K
}
Event: 1035.673 GC heap before
{Heap before GC invocations=564 (full 20):
 PSYoungGen      total 2048K, used 1818K [0x00000000eab00000, 0x00000000eb000000, 0x0000000100000000)
  eden space 1536K, 100% used [0x00000000eab00000,0x00000000eac80000,0x00000000eac80000)
  from space 512K, 55% used [0x00000000eaf80000,0x00000000eafc6900,0x00000000eb000000)
  to   space 512K, 0% used [0x00000000eaf00000,0x00000000eaf00000,0x00000000eaf80000)
 ParOldGen       total 172032K, used 122689K [0x00000000c0000000, 0x00000000ca800000, 0x00000000eab00000)
  object space 172032K, 71% used [0x00000000c0000000,0x00000000c77d0700,0x00000000ca800000)
 Metaspace       used 90662K, committed 92224K, reserved 1179648K
  class space    used 9161K, committed 9856K, reserved 1048576K
}
Event: 1035.675 GC heap after
{Heap after GC invocations=564 (full 20):
 PSYoungGen      total 2560K, used 448K [0x00000000eab00000, 0x00000000eb000000, 0x0000000100000000)
  eden space 2048K, 0% used [0x00000000eab00000,0x00000000eab00000,0x00000000ead00000)
  from space 512K, 87% used [0x00000000eaf00000,0x00000000eaf70000,0x00000000eaf80000)
  to   space 512K, 0% used [0x00000000eaf80000,0x00000000eaf80000,0x00000000eb000000)
 ParOldGen       total 172032K, used 122830K [0x00000000c0000000, 0x00000000ca800000, 0x00000000eab00000)
  object space 172032K, 71% used [0x00000000c0000000,0x00000000c77f3900,0x00000000ca800000)
 Metaspace       used 90662K, committed 92224K, reserved 1179648K
  class space    used 9161K, committed 9856K, reserved 1048576K
}
Event: 1035.681 GC heap before
{Heap before GC invocations=565 (full 20):
 PSYoungGen      total 2560K, used 2496K [0x00000000eab00000, 0x00000000eb000000, 0x0000000100000000)
  eden space 2048K, 100% used [0x00000000eab00000,0x00000000ead00000,0x00000000ead00000)
  from space 512K, 87% used [0x00000000eaf00000,0x00000000eaf70000,0x00000000eaf80000)
  to   space 512K, 0% used [0x00000000eaf80000,0x00000000eaf80000,0x00000000eb000000)
 ParOldGen       total 172032K, used 122830K [0x00000000c0000000, 0x00000000ca800000, 0x00000000eab00000)
  object space 172032K, 71% used [0x00000000c0000000,0x00000000c77f3900,0x00000000ca800000)
 Metaspace       used 90662K, committed 92224K, reserved 1179648K
  class space    used 9161K, committed 9856K, reserved 1048576K
}
Event: 1035.683 GC heap after
{Heap after GC invocations=565 (full 20):
 PSYoungGen      total 3072K, used 352K [0x00000000eab00000, 0x00000000eb000000, 0x0000000100000000)
  eden space 2560K, 0% used [0x00000000eab00000,0x00000000eab00000,0x00000000ead80000)
  from space 512K, 68% used [0x00000000eaf80000,0x00000000eafd8000,0x00000000eb000000)
  to   space 512K, 0% used [0x00000000eaf00000,0x00000000eaf00000,0x00000000eaf80000)
 ParOldGen       total 172032K, used 123158K [0x00000000c0000000, 0x00000000ca800000, 0x00000000eab00000)
  object space 172032K, 71% used [0x00000000c0000000,0x00000000c7845920,0x00000000ca800000)
 Metaspace       used 90662K, committed 92224K, reserved 1179648K
  class space    used 9161K, committed 9856K, reserved 1048576K
}
Event: 1035.693 GC heap before
{Heap before GC invocations=566 (full 20):
 PSYoungGen      total 3072K, used 2912K [0x00000000eab00000, 0x00000000eb000000, 0x0000000100000000)
  eden space 2560K, 100% used [0x00000000eab00000,0x00000000ead80000,0x00000000ead80000)
  from space 512K, 68% used [0x00000000eaf80000,0x00000000eafd8000,0x00000000eb000000)
  to   space 512K, 0% used [0x00000000eaf00000,0x00000000eaf00000,0x00000000eaf80000)
 ParOldGen       total 172032K, used 123158K [0x00000000c0000000, 0x00000000ca800000, 0x00000000eab00000)
  object space 172032K, 71% used [0x00000000c0000000,0x00000000c7845920,0x00000000ca800000)
 Metaspace       used 90662K, committed 92224K, reserved 1179648K
  class space    used 9161K, committed 9856K, reserved 1048576K
}
Event: 1035.696 GC heap after
{Heap after GC invocations=566 (full 20):
 PSYoungGen      total 3584K, used 352K [0x00000000eab00000, 0x00000000eb000000, 0x0000000100000000)
  eden space 3072K, 0% used [0x00000000eab00000,0x00000000eab00000,0x00000000eae00000)
  from space 512K, 68% used [0x00000000eaf00000,0x00000000eaf58000,0x00000000eaf80000)
  to   space 512K, 0% used [0x00000000eaf80000,0x00000000eaf80000,0x00000000eb000000)
 ParOldGen       total 172032K, used 123406K [0x00000000c0000000, 0x00000000ca800000, 0x00000000eab00000)
  object space 172032K, 71% used [0x00000000c0000000,0x00000000c7883920,0x00000000ca800000)
 Metaspace       used 90662K, committed 92224K, reserved 1179648K
  class space    used 9161K, committed 9856K, reserved 1048576K
}
Event: 1035.705 GC heap before
{Heap before GC invocations=567 (full 20):
 PSYoungGen      total 3584K, used 3424K [0x00000000eab00000, 0x00000000eb000000, 0x0000000100000000)
  eden space 3072K, 100% used [0x00000000eab00000,0x00000000eae00000,0x00000000eae00000)
  from space 512K, 68% used [0x00000000eaf00000,0x00000000eaf58000,0x00000000eaf80000)
  to   space 512K, 0% used [0x00000000eaf80000,0x00000000eaf80000,0x00000000eb000000)
 ParOldGen       total 172032K, used 123406K [0x00000000c0000000, 0x00000000ca800000, 0x00000000eab00000)
  object space 172032K, 71% used [0x00000000c0000000,0x00000000c7883920,0x00000000ca800000)
 Metaspace       used 90662K, committed 92224K, reserved 1179648K
  class space    used 9161K, committed 9856K, reserved 1048576K
}
Event: 1035.708 GC heap after
{Heap after GC invocations=567 (full 20):
 PSYoungGen      total 4096K, used 480K [0x00000000eab00000, 0x00000000eb100000, 0x0000000100000000)
  eden space 3584K, 0% used [0x00000000eab00000,0x00000000eab00000,0x00000000eae80000)
  from space 512K, 93% used [0x00000000eaf80000,0x00000000eaff8020,0x00000000eb000000)
  to   space 1024K, 0% used [0x00000000eae80000,0x00000000eae80000,0x00000000eaf80000)
 ParOldGen       total 172032K, used 123662K [0x00000000c0000000, 0x00000000ca800000, 0x00000000eab00000)
  object space 172032K, 71% used [0x00000000c0000000,0x00000000c78c3920,0x00000000ca800000)
 Metaspace       used 90662K, committed 92224K, reserved 1179648K
  class space    used 9161K, committed 9856K, reserved 1048576K
}
Event: 1035.733 GC heap before
{Heap before GC invocations=568 (full 20):
 PSYoungGen      total 4096K, used 4064K [0x00000000eab00000, 0x00000000eb100000, 0x0000000100000000)
  eden space 3584K, 100% used [0x00000000eab00000,0x00000000eae80000,0x00000000eae80000)
  from space 512K, 93% used [0x00000000eaf80000,0x00000000eaff8020,0x00000000eb000000)
  to   space 1024K, 0% used [0x00000000eae80000,0x00000000eae80000,0x00000000eaf80000)
 ParOldGen       total 172032K, used 123662K [0x00000000c0000000, 0x00000000ca800000, 0x00000000eab00000)
  object space 172032K, 71% used [0x00000000c0000000,0x00000000c78c3920,0x00000000ca800000)
 Metaspace       used 90663K, committed 92224K, reserved 1179648K
  class space    used 9161K, committed 9856K, reserved 1048576K
}
Event: 1035.737 GC heap after
{Heap after GC invocations=568 (full 20):
 PSYoungGen      total 4608K, used 832K [0x00000000eab00000, 0x00000000eb180000, 0x0000000100000000)
  eden space 3584K, 0% used [0x00000000eab00000,0x00000000eab00000,0x00000000eae80000)
  from space 1024K, 81% used [0x00000000eae80000,0x00000000eaf50000,0x00000000eaf80000)
  to   space 1024K, 0% used [0x00000000eb080000,0x00000000eb080000,0x00000000eb180000)
 ParOldGen       total 172032K, used 124054K [0x00000000c0000000, 0x00000000ca800000, 0x00000000eab00000)
  object space 172032K, 72% used [0x00000000c0000000,0x00000000c7925940,0x00000000ca800000)
 Metaspace       used 90663K, committed 92224K, reserved 1179648K
  class space    used 9161K, committed 9856K, reserved 1048576K
}
Event: 1035.883 GC heap before
{Heap before GC invocations=569 (full 20):
 PSYoungGen      total 4608K, used 4415K [0x00000000eab00000, 0x00000000eb180000, 0x0000000100000000)
  eden space 3584K, 99% used [0x00000000eab00000,0x00000000eae7ffc8,0x00000000eae80000)
  from space 1024K, 81% used [0x00000000eae80000,0x00000000eaf50000,0x00000000eaf80000)
  to   space 1024K, 0% used [0x00000000eb080000,0x00000000eb080000,0x00000000eb180000)
 ParOldGen       total 172032K, used 154774K [0x00000000c0000000, 0x00000000ca800000, 0x00000000eab00000)
  object space 172032K, 89% used [0x00000000c0000000,0x00000000c9725970,0x00000000ca800000)
 Metaspace       used 90673K, committed 92224K, reserved 1179648K
  class space    used 9161K, committed 9856K, reserved 1048576K
}
Event: 1035.888 GC heap after
{Heap after GC invocations=569 (full 20):
 PSYoungGen      total 4608K, used 1010K [0x00000000eab00000, 0x00000000eb180000, 0x0000000100000000)
  eden space 3584K, 0% used [0x00000000eab00000,0x00000000eab00000,0x00000000eae80000)
  from space 1024K, 98% used [0x00000000eb080000,0x00000000eb17ca70,0x00000000eb180000)
  to   space 1024K, 0% used [0x00000000eae80000,0x00000000eae80000,0x00000000eaf80000)
 ParOldGen       total 172032K, used 156555K [0x00000000c0000000, 0x00000000ca800000, 0x00000000eab00000)
  object space 172032K, 91% used [0x00000000c0000000,0x00000000c98e2ea0,0x00000000ca800000)
 Metaspace       used 90673K, committed 92224K, reserved 1179648K
  class space    used 9161K, committed 9856K, reserved 1048576K
}

Dll operation events (11 events):
Event: 0.018 Loaded shared library c:\Users\Cesar\.vscode\extensions\redhat.java-1.37.0-win32-x64\jre\17.0.13-win32-x86_64\bin\java.dll
Event: 0.503 Loaded shared library c:\Users\Cesar\.vscode\extensions\redhat.java-1.37.0-win32-x64\jre\17.0.13-win32-x86_64\bin\zip.dll
Event: 0.528 Loaded shared library C:\Users\Cesar\.vscode\extensions\redhat.java-1.37.0-win32-x64\jre\17.0.13-win32-x86_64\bin\instrument.dll
Event: 0.653 Loaded shared library C:\Users\Cesar\.vscode\extensions\redhat.java-1.37.0-win32-x64\jre\17.0.13-win32-x86_64\bin\net.dll
Event: 0.674 Loaded shared library C:\Users\Cesar\.vscode\extensions\redhat.java-1.37.0-win32-x64\jre\17.0.13-win32-x86_64\bin\nio.dll
Event: 0.694 Loaded shared library C:\Users\Cesar\.vscode\extensions\redhat.java-1.37.0-win32-x64\jre\17.0.13-win32-x86_64\bin\zip.dll
Event: 0.804 Loaded shared library C:\Users\Cesar\.vscode\extensions\redhat.java-1.37.0-win32-x64\jre\17.0.13-win32-x86_64\bin\jimage.dll
Event: 1.218 Loaded shared library c:\Users\Cesar\.vscode\extensions\redhat.java-1.37.0-win32-x64\jre\17.0.13-win32-x86_64\bin\verify.dll
Event: 5.022 Loaded shared library C:\Users\Cesar\AppData\Roaming\Code\User\globalStorage\redhat.java\1.37.0\config_win\org.eclipse.equinox.launcher\org.eclipse.equinox.launcher.win32.win32.x86_64_1.2.1100.v20240722-2106\eclipse_11904.dll
Event: 8.142 Loaded shared library C:\Users\Cesar\AppData\Local\Temp\jna-64998434\jna12401416792615418987.dll
Event: 22.269 Loaded shared library C:\Users\Cesar\.vscode\extensions\redhat.java-1.37.0-win32-x64\jre\17.0.13-win32-x86_64\bin\sunmscapi.dll

Deoptimization events (20 events):
Event: 1035.328 Thread 0x0000016bf314a780 DEOPT PACKING pc=0x0000016be0e70338 sp=0x00000038cdffe010
Event: 1035.328 Thread 0x0000016bf314a780 DEOPT UNPACKING pc=0x0000016be04866a3 sp=0x00000038cdffdfc8 mode 2
Event: 1035.587 Thread 0x0000016bf3816f70 DEOPT PACKING pc=0x0000016bda5c0a59 sp=0x00000038ccdfd810
Event: 1035.587 Thread 0x0000016bf3816f70 DEOPT UNPACKING pc=0x0000016be0486e43 sp=0x00000038ccdfcd80 mode 0
Event: 1035.607 Thread 0x0000016bf3816f70 DEOPT PACKING pc=0x0000016bda5c0a59 sp=0x00000038ccdfd810
Event: 1035.607 Thread 0x0000016bf3816f70 DEOPT UNPACKING pc=0x0000016be0486e43 sp=0x00000038ccdfcd80 mode 0
Event: 1035.622 Thread 0x0000016bf3816f70 DEOPT PACKING pc=0x0000016bda5c0a59 sp=0x00000038ccdfd810
Event: 1035.622 Thread 0x0000016bf3816f70 DEOPT UNPACKING pc=0x0000016be0486e43 sp=0x00000038ccdfcd80 mode 0
Event: 1035.637 Thread 0x0000016bf3816f70 DEOPT PACKING pc=0x0000016bda5c0a59 sp=0x00000038ccdfd810
Event: 1035.637 Thread 0x0000016bf3816f70 DEOPT UNPACKING pc=0x0000016be0486e43 sp=0x00000038ccdfcd80 mode 0
Event: 1035.642 Thread 0x0000016bf3816f70 Uncommon trap: trap_request=0xffffffbe fr.pc=0x0000016be12178a4 relative=0x00000000000010e4
Event: 1035.643 Thread 0x0000016bf3816f70 Uncommon trap: reason=profile_predicate action=maybe_recompile pc=0x0000016be12178a4 method=org.eclipse.jdt.internal.compiler.util.JrtFileSystem.getClassfile(Ljava/lang/String;Ljava/util/function/Predicate;)Lorg/eclipse/jdt/internal/compiler/classfmt/Clas
Event: 1035.643 Thread 0x0000016bf3816f70 DEOPT PACKING pc=0x0000016be12178a4 sp=0x00000038ccdfdbe0
Event: 1035.643 Thread 0x0000016bf3816f70 DEOPT UNPACKING pc=0x0000016be04866a3 sp=0x00000038ccdfd9f8 mode 2
Event: 1035.650 Thread 0x0000016bf3816f70 Uncommon trap: trap_request=0xffffffbe fr.pc=0x0000016be12178a4 relative=0x00000000000010e4
Event: 1035.650 Thread 0x0000016bf3816f70 Uncommon trap: reason=profile_predicate action=maybe_recompile pc=0x0000016be12178a4 method=org.eclipse.jdt.internal.compiler.util.JrtFileSystem.getClassfile(Ljava/lang/String;Ljava/util/function/Predicate;)Lorg/eclipse/jdt/internal/compiler/classfmt/Clas
Event: 1035.650 Thread 0x0000016bf3816f70 DEOPT PACKING pc=0x0000016be12178a4 sp=0x00000038ccdfd0a0
Event: 1035.650 Thread 0x0000016bf3816f70 DEOPT UNPACKING pc=0x0000016be04866a3 sp=0x00000038ccdfceb8 mode 2
Event: 1035.666 Thread 0x0000016bf3816040 DEOPT PACKING pc=0x0000016bdabb7cd5 sp=0x00000038caafdbb0
Event: 1035.666 Thread 0x0000016bf3816040 DEOPT UNPACKING pc=0x0000016be0486e43 sp=0x00000038caafd050 mode 0

Classes loaded (20 events):
Event: 496.723 Loading class java/util/stream/Nodes$CollectorTask$OfRef
Event: 496.723 Loading class java/util/stream/Nodes$CollectorTask
Event: 496.723 Loading class java/util/stream/AbstractTask
Event: 496.724 Loading class java/util/stream/AbstractTask done
Event: 496.726 Loading class java/util/stream/Nodes$CollectorTask done
Event: 496.726 Loading class java/util/stream/Nodes$CollectorTask$OfRef done
Event: 496.729 Loading class java/util/function/LongFunction
Event: 496.729 Loading class java/util/function/LongFunction done
Event: 496.729 Loading class java/util/stream/Nodes$ConcNode
Event: 496.729 Loading class java/util/stream/Nodes$AbstractConcNode
Event: 496.730 Loading class java/util/stream/Nodes$AbstractConcNode done
Event: 496.730 Loading class java/util/stream/Nodes$ConcNode done
Event: 869.642 Loading class jdk/internal/module/IllegalAccessLogger
Event: 869.642 Loading class jdk/internal/module/IllegalAccessLogger done
Event: 874.560 Loading class java/util/stream/ReferencePipeline$15
Event: 874.561 Loading class java/util/stream/ReferencePipeline$15 done
Event: 874.561 Loading class java/util/stream/ReferencePipeline$15$1
Event: 874.561 Loading class java/util/stream/ReferencePipeline$15$1 done
Event: 1035.680 Loading class jdk/internal/module/IllegalAccessLogger
Event: 1035.680 Loading class jdk/internal/module/IllegalAccessLogger done

Classes unloaded (20 events):
Event: 1033.886 Thread 0x0000016bef350c20 Unloading class 0x00000001002ba400 'java/lang/invoke/LambdaForm$MH+0x00000001002ba400'
Event: 1033.886 Thread 0x0000016bef350c20 Unloading class 0x00000001002ba000 'java/lang/invoke/LambdaForm$MH+0x00000001002ba000'
Event: 1033.886 Thread 0x0000016bef350c20 Unloading class 0x0000000100285000 'jdk/internal/reflect/GeneratedConstructorAccessor5'
Event: 1033.886 Thread 0x0000016bef350c20 Unloading class 0x000000010027c400 'java/lang/invoke/LambdaForm$DMH+0x000000010027c400'
Event: 1033.886 Thread 0x0000016bef350c20 Unloading class 0x0000000100274400 'java/lang/invoke/LambdaForm$DMH+0x0000000100274400'
Event: 1033.886 Thread 0x0000016bef350c20 Unloading class 0x000000010024d800 'java/lang/invoke/LambdaForm$MH+0x000000010024d800'
Event: 1033.886 Thread 0x0000016bef350c20 Unloading class 0x0000000100231400 'java/lang/invoke/LambdaForm$MH+0x0000000100231400'
Event: 1033.886 Thread 0x0000016bef350c20 Unloading class 0x0000000100231000 'java/lang/invoke/LambdaForm$MH+0x0000000100231000'
Event: 1033.886 Thread 0x0000016bef350c20 Unloading class 0x0000000100230c00 'java/lang/invoke/LambdaForm$MH+0x0000000100230c00'
Event: 1033.886 Thread 0x0000016bef350c20 Unloading class 0x0000000100230800 'java/lang/invoke/LambdaForm$MH+0x0000000100230800'
Event: 1033.886 Thread 0x0000016bef350c20 Unloading class 0x0000000100230400 'java/lang/invoke/LambdaForm$MH+0x0000000100230400'
Event: 1033.886 Thread 0x0000016bef350c20 Unloading class 0x0000000100230000 'java/lang/invoke/LambdaForm$MH+0x0000000100230000'
Event: 1033.886 Thread 0x0000016bef350c20 Unloading class 0x0000000100224c00 'java/lang/invoke/LambdaForm$MH+0x0000000100224c00'
Event: 1033.886 Thread 0x0000016bef350c20 Unloading class 0x0000000100224800 'java/lang/invoke/LambdaForm$MH+0x0000000100224800'
Event: 1033.886 Thread 0x0000016bef350c20 Unloading class 0x0000000100224000 'java/lang/invoke/LambdaForm$MH+0x0000000100224000'
Event: 1033.886 Thread 0x0000016bef350c20 Unloading class 0x0000000100129000 'jdk/internal/reflect/GeneratedMethodAccessor5'
Event: 1033.886 Thread 0x0000016bef350c20 Unloading class 0x0000000100128c00 'jdk/internal/reflect/GeneratedMethodAccessor4'
Event: 1033.886 Thread 0x0000016bef350c20 Unloading class 0x0000000100128800 'jdk/internal/reflect/GeneratedMethodAccessor3'
Event: 1033.886 Thread 0x0000016bef350c20 Unloading class 0x0000000100128400 'jdk/internal/reflect/GeneratedMethodAccessor2'
Event: 1033.886 Thread 0x0000016bef350c20 Unloading class 0x0000000100128000 'jdk/internal/reflect/GeneratedMethodAccessor1'

Classes redefined (0 events):
No events

Internal exceptions (20 events):
Event: 434.128 Thread 0x0000016bf314a780 Exception <a 'java/lang/ArrayIndexOutOfBoundsException'{0x00000000eaef6ea8}: Index 2909 out of bounds for length 2909> (0x00000000eaef6ea8) 
thrown [s\src\hotspot\share\interpreter\interpreterRuntime.cpp, line 428]
Event: 435.304 Thread 0x0000016bf08e17e0 Exception <a 'sun/nio/fs/WindowsException'{0x00000000eb307870}> (0x00000000eb307870) 
thrown [s\src\hotspot\share\prims\jni.cpp, line 516]
Event: 436.520 Thread 0x0000016bf08e17e0 Exception <a 'sun/nio/fs/WindowsException'{0x00000000eafd0760}> (0x00000000eafd0760) 
thrown [s\src\hotspot\share\prims\jni.cpp, line 516]
Event: 437.811 Thread 0x0000016bf314a780 Exception <a 'java/lang/NoSuchMethodError'{0x00000000eacbe040}: 'java.lang.Object java.lang.invoke.DirectMethodHandle$Holder.invokeStatic(java.lang.Object, int, int, java.lang.Object)'> (0x00000000eacbe040) 
thrown [s\src\hotspot\share\interpreter\linkResolver.cpp, line 759]
Event: 439.266 Thread 0x0000016bf08e17e0 Exception <a 'sun/nio/fs/WindowsException'{0x00000000eae14140}> (0x00000000eae14140) 
thrown [s\src\hotspot\share\prims\jni.cpp, line 516]
Event: 440.193 Thread 0x0000016bf08e17e0 Exception <a 'sun/nio/fs/WindowsException'{0x00000000eb182df8}> (0x00000000eb182df8) 
thrown [s\src\hotspot\share\prims\jni.cpp, line 516]
Event: 444.780 Thread 0x0000016bf08e17e0 Exception <a 'sun/nio/fs/WindowsException'{0x00000000eaf9d360}> (0x00000000eaf9d360) 
thrown [s\src\hotspot\share\prims\jni.cpp, line 516]
Event: 445.346 Thread 0x0000016bf08e17e0 Exception <a 'sun/nio/fs/WindowsException'{0x00000000eadf38f8}> (0x00000000eadf38f8) 
thrown [s\src\hotspot\share\prims\jni.cpp, line 516]
Event: 450.163 Thread 0x0000016bf08e17e0 Exception <a 'sun/nio/fs/WindowsException'{0x00000000eacf3538}> (0x00000000eacf3538) 
thrown [s\src\hotspot\share\prims\jni.cpp, line 516]
Event: 451.413 Thread 0x0000016bf08e17e0 Exception <a 'sun/nio/fs/WindowsException'{0x00000000eabec3c8}> (0x00000000eabec3c8) 
thrown [s\src\hotspot\share\prims\jni.cpp, line 516]
Event: 470.361 Thread 0x0000016bf08e17e0 Exception <a 'sun/nio/fs/WindowsException'{0x00000000eaba1a48}> (0x00000000eaba1a48) 
thrown [s\src\hotspot\share\prims\jni.cpp, line 516]
Event: 471.160 Thread 0x0000016bf08e17e0 Exception <a 'sun/nio/fs/WindowsException'{0x00000000eabe5f18}> (0x00000000eabe5f18) 
thrown [s\src\hotspot\share\prims\jni.cpp, line 516]
Event: 496.760 Thread 0x0000016bf57a80b0 Exception <a 'java/lang/NoSuchMethodError'{0x00000000eab05310}: static [J.<clinit>()V> (0x00000000eab05310) 
thrown [s\src\hotspot\share\prims\jni.cpp, line 1112]
Event: 869.398 Thread 0x0000016bf08e17e0 Exception <a 'sun/nio/fs/WindowsException'{0x00000000eaf5d510}> (0x00000000eaf5d510) 
thrown [s\src\hotspot\share\prims\jni.cpp, line 516]
Event: 869.958 Thread 0x0000016bf08e17e0 Exception <a 'sun/nio/fs/WindowsException'{0x00000000ead14850}> (0x00000000ead14850) 
thrown [s\src\hotspot\share\prims\jni.cpp, line 516]
Event: 870.688 Thread 0x0000016bf38137c0 Implicit null exception at 0x0000016be17e8c0d to 0x0000016be17e9314
Event: 874.669 Thread 0x0000016bf3816f70 Exception <a 'java/lang/NoSuchMethodError'{0x00000000eaf98058}: 'int java.lang.invoke.DirectMethodHandle$Holder.invokeSpecial(java.lang.Object, java.lang.Object, java.lang.Object, java.lang.Object, java.lang.Object)'> (0x00000000eaf98058) 
thrown [s\src\hotspot\share\interpreter\linkResolver.cpp, line 759]
Event: 887.445 Thread 0x0000016bf381a210 Exception <a 'java/lang/NoSuchMethodError'{0x00000000eadf54b0}: 'java.lang.Object java.lang.invoke.DirectMethodHandle$Holder.invokeStaticInit(java.lang.Object, java.lang.Object, java.lang.Object)'> (0x00000000eadf54b0) 
thrown [s\src\hotspot\share\interpreter\linkResolver.cpp, line 759]
Event: 1031.427 Thread 0x0000016bf38137c0 Exception <a 'java/lang/NoSuchMethodError'{0x00000000eab0c3c8}: 'java.lang.Object java.lang.invoke.DirectMethodHandle$Holder.invokeStatic(java.lang.Object, int, java.lang.Object)'> (0x00000000eab0c3c8) 
thrown [s\src\hotspot\share\interpreter\linkResolver.cpp, line 759]
Event: 1035.691 Thread 0x0000016bf08e17e0 Exception <a 'sun/nio/fs/WindowsException'{0x00000000eacbeaa0}> (0x00000000eacbeaa0) 
thrown [s\src\hotspot\share\prims\jni.cpp, line 516]

VM Operations (20 events):
Event: 1035.655 Executing VM operation: ParallelGCFailedAllocation
Event: 1035.658 Executing VM operation: ParallelGCFailedAllocation done
Event: 1035.661 Executing VM operation: ParallelGCFailedAllocation
Event: 1035.661 Executing VM operation: ParallelGCFailedAllocation done
Event: 1035.662 Executing VM operation: ParallelGCSystemGC
Event: 1035.663 Executing VM operation: ParallelGCSystemGC done
Event: 1035.666 Executing VM operation: ParallelGCFailedAllocation
Event: 1035.668 Executing VM operation: ParallelGCFailedAllocation done
Event: 1035.673 Executing VM operation: ParallelGCFailedAllocation
Event: 1035.675 Executing VM operation: ParallelGCFailedAllocation done
Event: 1035.680 Executing VM operation: ParallelGCFailedAllocation
Event: 1035.683 Executing VM operation: ParallelGCFailedAllocation done
Event: 1035.693 Executing VM operation: ParallelGCFailedAllocation
Event: 1035.696 Executing VM operation: ParallelGCFailedAllocation done
Event: 1035.705 Executing VM operation: ParallelGCFailedAllocation
Event: 1035.708 Executing VM operation: ParallelGCFailedAllocation done
Event: 1035.733 Executing VM operation: ParallelGCFailedAllocation
Event: 1035.737 Executing VM operation: ParallelGCFailedAllocation done
Event: 1035.883 Executing VM operation: ParallelGCFailedAllocation
Event: 1035.888 Executing VM operation: ParallelGCFailedAllocation done

Memory protections (0 events):
No events

Nmethod flushes (20 events):
Event: 876.688 Thread 0x0000016bef3e72a0 flushing  nmethod 0x0000016bda67b210
Event: 876.688 Thread 0x0000016bef3e72a0 flushing  nmethod 0x0000016bda6ddf10
Event: 876.688 Thread 0x0000016bef3e72a0 flushing  nmethod 0x0000016bda73b790
Event: 876.688 Thread 0x0000016bef3e72a0 flushing  nmethod 0x0000016bda776890
Event: 876.688 Thread 0x0000016bef3e72a0 flushing  nmethod 0x0000016bda780690
Event: 876.691 Thread 0x0000016bef3e72a0 flushing  nmethod 0x0000016bdaa89d90
Event: 876.691 Thread 0x0000016bef3e72a0 flushing  nmethod 0x0000016bdab04e10
Event: 876.692 Thread 0x0000016bef3e72a0 flushing  nmethod 0x0000016bdac2da10
Event: 876.693 Thread 0x0000016bef3e72a0 flushing  nmethod 0x0000016bdad87210
Event: 876.694 Thread 0x0000016bef3e72a0 flushing  nmethod 0x0000016bdadca210
Event: 876.694 Thread 0x0000016bef3e72a0 flushing  nmethod 0x0000016bdae1b090
Event: 876.694 Thread 0x0000016bef3e72a0 flushing  nmethod 0x0000016bdae25d90
Event: 876.694 Thread 0x0000016bef3e72a0 flushing  nmethod 0x0000016bdae3a210
Event: 876.694 Thread 0x0000016bef3e72a0 flushing  nmethod 0x0000016bdaec9e10
Event: 876.695 Thread 0x0000016bef3e72a0 flushing  nmethod 0x0000016bdaeed710
Event: 876.696 Thread 0x0000016bef3e72a0 flushing  nmethod 0x0000016bdb008290
Event: 876.696 Thread 0x0000016bef3e72a0 flushing  nmethod 0x0000016bdb06aa90
Event: 876.696 Thread 0x0000016bef3e72a0 flushing  nmethod 0x0000016bdb06b510
Event: 876.696 Thread 0x0000016bef3e72a0 flushing  nmethod 0x0000016bdb0ae990
Event: 876.697 Thread 0x0000016bef3e72a0 flushing  nmethod 0x0000016bdb170590

Events (20 events):
Event: 893.205 Thread 0x0000016bf0b5a890 Thread exited: 0x0000016bf0b5a890
Event: 929.662 Thread 0x0000016bf3816a60 Thread exited: 0x0000016bf3816a60
Event: 935.565 Thread 0x0000016bf38146f0 Thread exited: 0x0000016bf38146f0
Event: 935.565 Thread 0x0000016bf57a80b0 Thread exited: 0x0000016bf57a80b0
Event: 935.862 Thread 0x0000016bf3819d00 Thread exited: 0x0000016bf3819d00
Event: 947.843 Thread 0x0000016bf381a210 Thread exited: 0x0000016bf381a210
Event: 1007.852 Thread 0x0000016bf3816f70 Thread exited: 0x0000016bf3816f70
Event: 1031.572 Thread 0x0000016bf38137c0 Thread added: 0x0000016bf3819d00
Event: 1032.197 Thread 0x0000016bf38137c0 Thread added: 0x0000016bf38146f0
Event: 1034.125 Thread 0x0000016bef3e2580 Thread added: 0x0000016bf0b57e10
Event: 1034.157 Thread 0x0000016bef3e2580 Thread added: 0x0000016bf0b5c320
Event: 1034.748 Thread 0x0000016bf0b5c320 Thread exited: 0x0000016bf0b5c320
Event: 1035.125 Thread 0x0000016bf0b57e10 Thread exited: 0x0000016bf0b57e10
Event: 1035.127 Thread 0x0000016bf3817990 Thread added: 0x0000016bf3816f70
Event: 1035.195 Thread 0x0000016bef3e2580 Thread added: 0x0000016bf0b5bdd0
Event: 1035.196 Thread 0x0000016bef3e2580 Thread added: 0x0000016bf0b58e00
Event: 1035.318 Thread 0x0000016bf314a780 Thread added: 0x0000016bf381a210
Event: 1035.326 Thread 0x0000016bf3814c00 Thread added: 0x0000016bf38132b0
Event: 1035.509 Thread 0x0000016bf3816f70 Thread added: 0x0000016bf57a80b0
Event: 1035.683 Thread 0x0000016bf3816f70 Thread added: 0x0000016bf57abd70


Dynamic libraries:
0x00007ff7c4780000 - 0x00007ff7c478e000 	c:\Users\Cesar\.vscode\extensions\redhat.java-1.37.0-win32-x64\jre\17.0.13-win32-x86_64\bin\java.exe
0x00007ff8df6f0000 - 0x00007ff8df8e8000 	C:\Windows\SYSTEM32\ntdll.dll
0x00007ff8de200000 - 0x00007ff8de2c2000 	C:\Windows\System32\KERNEL32.DLL
0x00007ff8dd1d0000 - 0x00007ff8dd4ce000 	C:\Windows\System32\KERNELBASE.dll
0x00007ff8dcec0000 - 0x00007ff8dcfc0000 	C:\Windows\System32\ucrtbase.dll
0x00007ff8d4a70000 - 0x00007ff8d4a87000 	c:\Users\Cesar\.vscode\extensions\redhat.java-1.37.0-win32-x64\jre\17.0.13-win32-x86_64\bin\jli.dll
0x00007ff8df450000 - 0x00007ff8df5ed000 	C:\Windows\System32\USER32.dll
0x00007ff8dce00000 - 0x00007ff8dce22000 	C:\Windows\System32\win32u.dll
0x00007ff8de400000 - 0x00007ff8de42b000 	C:\Windows\System32\GDI32.dll
0x00007ff8d4780000 - 0x00007ff8d479e000 	c:\Users\Cesar\.vscode\extensions\redhat.java-1.37.0-win32-x64\jre\17.0.13-win32-x86_64\bin\VCRUNTIME140.dll
0x00007ff8dd570000 - 0x00007ff8dd687000 	C:\Windows\System32\gdi32full.dll
0x00007ff8dd4d0000 - 0x00007ff8dd56d000 	C:\Windows\System32\msvcp_win.dll
0x00007ff8c4f60000 - 0x00007ff8c51fa000 	C:\Windows\WinSxS\amd64_microsoft.windows.common-controls_6595b64144ccf1df_6.0.19041.4355_none_60b8b9eb71f62e16\COMCTL32.dll
0x00007ff8de120000 - 0x00007ff8de1be000 	C:\Windows\System32\msvcrt.dll
0x00007ff8de1c0000 - 0x00007ff8de1ef000 	C:\Windows\System32\IMM32.DLL
0x00007ff8d8080000 - 0x00007ff8d808c000 	c:\Users\Cesar\.vscode\extensions\redhat.java-1.37.0-win32-x64\jre\17.0.13-win32-x86_64\bin\vcruntime140_1.dll
0x00007ff8b0920000 - 0x00007ff8b09ad000 	c:\Users\Cesar\.vscode\extensions\redhat.java-1.37.0-win32-x64\jre\17.0.13-win32-x86_64\bin\msvcp140.dll
0x00007ff892a30000 - 0x00007ff89369b000 	c:\Users\Cesar\.vscode\extensions\redhat.java-1.37.0-win32-x64\jre\17.0.13-win32-x86_64\bin\server\jvm.dll
0x00007ff8df120000 - 0x00007ff8df1d1000 	C:\Windows\System32\ADVAPI32.dll
0x00007ff8df5f0000 - 0x00007ff8df68f000 	C:\Windows\System32\sechost.dll
0x00007ff8de500000 - 0x00007ff8de623000 	C:\Windows\System32\RPCRT4.dll
0x00007ff8dd690000 - 0x00007ff8dd6b7000 	C:\Windows\System32\bcrypt.dll
0x00007ff8de760000 - 0x00007ff8de7cb000 	C:\Windows\System32\WS2_32.dll
0x00007ff8dc290000 - 0x00007ff8dc2db000 	C:\Windows\SYSTEM32\POWRPROF.dll
0x00007ff8c4c50000 - 0x00007ff8c4c77000 	C:\Windows\SYSTEM32\WINMM.dll
0x00007ff8d3a50000 - 0x00007ff8d3a5a000 	C:\Windows\SYSTEM32\VERSION.dll
0x00007ff8dc150000 - 0x00007ff8dc162000 	C:\Windows\SYSTEM32\UMPDC.dll
0x00007ff8db570000 - 0x00007ff8db582000 	C:\Windows\SYSTEM32\kernel.appcore.dll
0x00007ff8d38f0000 - 0x00007ff8d38fa000 	c:\Users\Cesar\.vscode\extensions\redhat.java-1.37.0-win32-x64\jre\17.0.13-win32-x86_64\bin\jimage.dll
0x00007ff8daad0000 - 0x00007ff8dacb4000 	C:\Windows\SYSTEM32\DBGHELP.DLL
0x00007ff8c4ca0000 - 0x00007ff8c4cd4000 	C:\Windows\SYSTEM32\dbgcore.DLL
0x00007ff8dce30000 - 0x00007ff8dceb2000 	C:\Windows\System32\bcryptPrimitives.dll
0x00007ff8d0540000 - 0x00007ff8d054e000 	c:\Users\Cesar\.vscode\extensions\redhat.java-1.37.0-win32-x64\jre\17.0.13-win32-x86_64\bin\instrument.dll
0x00007ff8c76e0000 - 0x00007ff8c7705000 	c:\Users\Cesar\.vscode\extensions\redhat.java-1.37.0-win32-x64\jre\17.0.13-win32-x86_64\bin\java.dll
0x00007ff8c74d0000 - 0x00007ff8c74e8000 	c:\Users\Cesar\.vscode\extensions\redhat.java-1.37.0-win32-x64\jre\17.0.13-win32-x86_64\bin\zip.dll
0x00007ff8dd800000 - 0x00007ff8ddf6d000 	C:\Windows\System32\SHELL32.dll
0x00007ff8dadb0000 - 0x00007ff8db554000 	C:\Windows\SYSTEM32\windows.storage.dll
0x00007ff8dec40000 - 0x00007ff8def93000 	C:\Windows\System32\combase.dll
0x00007ff8dc6e0000 - 0x00007ff8dc70e000 	C:\Windows\SYSTEM32\Wldp.dll
0x00007ff8de430000 - 0x00007ff8de4fd000 	C:\Windows\System32\OLEAUT32.dll
0x00007ff8df000000 - 0x00007ff8df0ad000 	C:\Windows\System32\SHCORE.dll
0x00007ff8df0c0000 - 0x00007ff8df115000 	C:\Windows\System32\shlwapi.dll
0x00007ff8dccc0000 - 0x00007ff8dcce4000 	C:\Windows\SYSTEM32\profapi.dll
0x00007ff8c3b20000 - 0x00007ff8c3b39000 	C:\Users\Cesar\.vscode\extensions\redhat.java-1.37.0-win32-x64\jre\17.0.13-win32-x86_64\bin\net.dll
0x00007ff8d6af0000 - 0x00007ff8d6bfd000 	C:\Windows\SYSTEM32\WINHTTP.dll
0x00007ff8dc4c0000 - 0x00007ff8dc52a000 	C:\Windows\system32\mswsock.dll
0x00007ff8c1460000 - 0x00007ff8c1476000 	C:\Users\Cesar\.vscode\extensions\redhat.java-1.37.0-win32-x64\jre\17.0.13-win32-x86_64\bin\nio.dll
0x00007ff8c8a60000 - 0x00007ff8c8a70000 	c:\Users\Cesar\.vscode\extensions\redhat.java-1.37.0-win32-x64\jre\17.0.13-win32-x86_64\bin\verify.dll
0x00007ff8aa660000 - 0x00007ff8aa6a5000 	C:\Users\Cesar\AppData\Roaming\Code\User\globalStorage\redhat.java\1.37.0\config_win\org.eclipse.equinox.launcher\org.eclipse.equinox.launcher.win32.win32.x86_64_1.2.1100.v20240722-2106\eclipse_11904.dll
0x00007ff8de2d0000 - 0x00007ff8de3fb000 	C:\Windows\System32\ole32.dll
0x00007ff8dca30000 - 0x00007ff8dca48000 	C:\Windows\SYSTEM32\CRYPTSP.dll
0x00007ff8dbd90000 - 0x00007ff8dbdc4000 	C:\Windows\system32\rsaenh.dll
0x00007ff8dcc40000 - 0x00007ff8dcc6e000 	C:\Windows\SYSTEM32\USERENV.dll
0x00007ff8dc650000 - 0x00007ff8dc65c000 	C:\Windows\SYSTEM32\CRYPTBASE.dll
0x00007ff8dc170000 - 0x00007ff8dc1ab000 	C:\Windows\SYSTEM32\IPHLPAPI.DLL
0x00007ff8df0b0000 - 0x00007ff8df0b8000 	C:\Windows\System32\NSI.dll
0x00007ff8d6c00000 - 0x00007ff8d6c17000 	C:\Windows\SYSTEM32\dhcpcsvc6.DLL
0x00007ff8d6a50000 - 0x00007ff8d6a6d000 	C:\Windows\SYSTEM32\dhcpcsvc.DLL
0x00007ff8dc1b0000 - 0x00007ff8dc27a000 	C:\Windows\SYSTEM32\DNSAPI.dll
0x00007ff8a6140000 - 0x00007ff8a6189000 	C:\Users\Cesar\AppData\Local\Temp\jna-64998434\jna12401416792615418987.dll
0x00007ff8de1f0000 - 0x00007ff8de1f8000 	C:\Windows\System32\PSAPI.DLL
0x00007ff8c89c0000 - 0x00007ff8c89ce000 	C:\Users\Cesar\.vscode\extensions\redhat.java-1.37.0-win32-x64\jre\17.0.13-win32-x86_64\bin\sunmscapi.dll
0x00007ff8dcfc0000 - 0x00007ff8dd11c000 	C:\Windows\System32\CRYPT32.dll
0x00007ff8dc750000 - 0x00007ff8dc777000 	C:\Windows\SYSTEM32\ncrypt.dll
0x00007ff8dc710000 - 0x00007ff8dc74b000 	C:\Windows\SYSTEM32\NTASN1.dll

dbghelp: loaded successfully - version: 4.0.5 - missing functions: none
symbol engine: initialized successfully - sym options: 0x614 - pdb path: .;c:\Users\Cesar\.vscode\extensions\redhat.java-1.37.0-win32-x64\jre\17.0.13-win32-x86_64\bin;C:\Windows\SYSTEM32;C:\Windows\WinSxS\amd64_microsoft.windows.common-controls_6595b64144ccf1df_6.0.19041.4355_none_60b8b9eb71f62e16;c:\Users\Cesar\.vscode\extensions\redhat.java-1.37.0-win32-x64\jre\17.0.13-win32-x86_64\bin\server;C:\Users\Cesar\AppData\Roaming\Code\User\globalStorage\redhat.java\1.37.0\config_win\org.eclipse.equinox.launcher\org.eclipse.equinox.launcher.win32.win32.x86_64_1.2.1100.v20240722-2106;C:\Users\Cesar\AppData\Local\Temp\jna-64998434

VM Arguments:
jvm_args: --add-modules=ALL-SYSTEM --add-opens=java.base/java.util=ALL-UNNAMED --add-opens=java.base/java.lang=ALL-UNNAMED --add-opens=java.base/sun.nio.fs=ALL-UNNAMED -Declipse.application=org.eclipse.jdt.ls.core.id1 -Dosgi.bundles.defaultStartLevel=4 -Declipse.product=org.eclipse.jdt.ls.core.product -Djava.import.generatesMetadataFilesAtProjectRoot=false -DDetectVMInstallationsJob.disabled=true -Dfile.encoding=utf8 -XX:+UseParallelGC -XX:GCTimeRatio=4 -XX:AdaptiveSizePolicyWeight=90 -Dsun.zip.disableMemoryMapping=true -Xmx1G -Xms100m -Xlog:disable -javaagent:c:\Users\Cesar\.vscode\extensions\redhat.java-1.37.0-win32-x64\lombok\lombok-1.18.34.jar -XX:+HeapDumpOnOutOfMemoryError -XX:HeapDumpPath=c:\Users\Cesar\AppData\Roaming\Code\User\workspaceStorage\53e68585b729e7424bba8c485f5dc05e\redhat.java -Daether.dependencyCollector.impl=bf 
java_command: c:\Users\Cesar\.vscode\extensions\redhat.java-1.37.0-win32-x64\server\plugins\org.eclipse.equinox.launcher_1.6.900.v20240613-2009.jar -configuration c:\Users\Cesar\AppData\Roaming\Code\User\globalStorage\redhat.java\1.37.0\config_win -data c:\Users\Cesar\AppData\Roaming\Code\User\workspaceStorage\53e68585b729e7424bba8c485f5dc05e\redhat.java\jdt_ws --pipe=\\.\pipe\lsp-7fd2b55da3f00dcf075123adbf797b80-sock
java_class_path (initial): c:\Users\Cesar\.vscode\extensions\redhat.java-1.37.0-win32-x64\server\plugins\org.eclipse.equinox.launcher_1.6.900.v20240613-2009.jar
Launcher Type: SUN_STANDARD

[Global flags]
    uintx AdaptiveSizePolicyWeight                 = 90                                        {product} {command line}
     intx CICompilerCount                          = 4                                         {product} {ergonomic}
    uintx GCTimeRatio                              = 4                                         {product} {command line}
     bool HeapDumpOnOutOfMemoryError               = true                                   {manageable} {command line}
    ccstr HeapDumpPath                             = c:\Users\Cesar\AppData\Roaming\Code\User\workspaceStorage\53e68585b729e7424bba8c485f5dc05e\redhat.java         {manageable} {command line}
   size_t InitialHeapSize                          = 104857600                                 {product} {command line}
   size_t MaxHeapSize                              = 1073741824                                {product} {command line}
   size_t MaxNewSize                               = 357564416                                 {product} {ergonomic}
   size_t MinHeapDeltaBytes                        = 524288                                    {product} {ergonomic}
   size_t MinHeapSize                              = 104857600                                 {product} {command line}
   size_t NewSize                                  = 34603008                                  {product} {ergonomic}
    uintx NonNMethodCodeHeapSize                   = 5839372                                {pd product} {ergonomic}
    uintx NonProfiledCodeHeapSize                  = 122909434                              {pd product} {ergonomic}
   size_t OldSize                                  = 70254592                                  {product} {ergonomic}
    uintx ProfiledCodeHeapSize                     = 122909434                              {pd product} {ergonomic}
    uintx ReservedCodeCacheSize                    = 251658240                              {pd product} {ergonomic}
     bool SegmentedCodeCache                       = true                                      {product} {ergonomic}
   size_t SoftMaxHeapSize                          = 1073741824                             {manageable} {ergonomic}
     bool UseCompressedClassPointers               = true                           {product lp64_product} {ergonomic}
     bool UseCompressedOops                        = true                           {product lp64_product} {ergonomic}
     bool UseLargePagesIndividualAllocation        = false                                  {pd product} {ergonomic}
     bool UseParallelGC                            = true                                      {product} {command line}

Logging:
Log output configuration:
 #0: stdout all=off uptime,level,tags
 #1: stderr all=off uptime,level,tags

Environment Variables:
JAVA_HOME=C:\Program Files\Java\jdk-23
PATH=C:\Program Files\Common Files\Oracle\Java\javapath;C:\Program Files (x86)\Common Files\Intel\Shared Libraries\redist\intel64_win\compiler;C:\Program Files\Python310\Scripts\;C:\Program Files\Python310\;C:\Windows\system32;C:\Windows;C:\Windows\System32\Wbem;C:\Windows\System32\WindowsPowerShell\v1.0\;C:\Windows\System32\OpenSSH\;C:\Program Files (x86)\NVIDIA Corporation\PhysX\Common;C:\Program Files\NVIDIA Corporation\NVIDIA NvDLISR;C:\Program Files\dotnet\;C:\Program Files\Microsoft SQL Server\Client SDK\ODBC\170\Tools\Binn\;C:\Program Files\Microsoft SQL Server\150\Tools\Binn\;F:\Descargas\ffmpeg-master-latest-win64-gpl-shared\ffmpeg-master-latest-win64-gpl-shared\bin;C:\Spring\jdk-23.0.1\bin;C:\maven\apache-maven-3.9.9\bin;%JAVA_HOME%\bin;C:\Program Files\Git\cmd;C:\Program Files\Git\bin;C:\Program Files\Docker\Docker\resources\bin;C:\Program Files\Python39;C:\Program Files\Python39\Scripts;C:\Users\Cesar\AppData\Local\Programs\Python\Python313\Scripts;C:\Users\Cesar\AppData\Local\Programs\Python\Launcher\;C:\Users\Cesar\AppData\Local\Microsoft\WindowsApps;C:\Users\Cesar\.dotnet\tools;C:\Program Files\Python39\Scripts;C:\Program Files\Python39;C:\Users\Cesar\AppData\Roaming\Python\Python39\site-packages;C:\Program Files\Python39\Lib\site-packages;C:\Program Files\Python39\Lib\site-packages\django\template\backends;C:\Users\Cesar\AppData\Local\Programs\Microsoft VS Code\bin;C:\maven\apache-maven-3.9.9\bin;C:\Program Files\Git\bin;
USERNAME=Cesar
OS=Windows_NT
PROCESSOR_IDENTIFIER=Intel64 Family 6 Model 142 Stepping 10, GenuineIntel
TMP=C:\Users\Cesar\AppData\Local\Temp
TEMP=C:\Users\Cesar\AppData\Local\Temp



Periodic native trim disabled


---------------  S Y S T E M  ---------------

OS:
 Windows 10 , 64 bit Build 19041 (10.0.19041.5198)
OS uptime: 0 days 9:27 hours
Hyper-V role detected

CPU: total 8 (initial active 8) (4 cores per cpu, 2 threads per core) family 6 model 142 stepping 10 microcode 0xb4, cx8, cmov, fxsr, ht, mmx, 3dnowpref, sse, sse2, sse3, ssse3, sse4.1, sse4.2, popcnt, lzcnt, tsc, tscinvbit, avx, avx2, aes, erms, clmul, bmi1, bmi2, adx, fma, vzeroupper, clflush, clflushopt, hv
Processor Information for all 8 processors :
  Max Mhz: 1801, Current Mhz: 1801, Mhz Limit: 1801

Memory: 4k page, system-wide physical 16299M (849M free)
TotalPageFile size 16299M (AvailPageFile size 8M)
current process WorkingSet (physical memory assigned to process): 467M, peak: 520M
current process commit charge ("private bytes"): 500M, peak: 554M

vm_info: OpenJDK 64-Bit Server VM (17.0.13+11) for windows-amd64 JRE (17.0.13+11), built on Oct 16 2024 00:10:08 by "admin" with MS VC++ 17.7 (VS2022)

END.
