#
# There is insufficient memory for the Java Runtime Environment to continue.
# Native memory allocation (malloc) failed to allocate 1079072 bytes. Error detail: Chunk::new
# Possible reasons:
#   The system is out of physical RAM or swap space
#   This process is running with CompressedOops enabled, and the Java Heap may be blocking the growth of the native heap
# Possible solutions:
#   Reduce memory load on the system
#   Increase physical memory or swap space
#   Check if swap backing store is full
#   Decrease Java heap size (-Xmx/-Xms)
#   Decrease number of Java threads
#   Decrease Java thread stack sizes (-Xss)
#   Set larger code cache with -XX:ReservedCodeCacheSize=
#   JVM is running with Unscaled Compressed Oops mode in which the Java heap is
#     placed in the first 4GB address space. The Java Heap base address is the
#     maximum limit for the native heap growth. Please use -XX:HeapBaseMinAddress
#     to set the Java Heap base and to place the Java Heap above 4GB virtual address.
# This output file may be truncated or incomplete.
#
#  Out of Memory Error (arena.cpp:191), pid=15756, tid=11944
#
# JRE version: OpenJDK Runtime Environment Temurin-17.0.13+11 (17.0.13+11) (build 17.0.13+11)
# Java VM: OpenJDK 64-Bit Server VM Temurin-17.0.13+11 (17.0.13+11, mixed mode, tiered, compressed oops, compressed class ptrs, parallel gc, windows-amd64)
# No core dump will be written. Minidumps are not enabled by default on client versions of Windows
#

---------------  S U M M A R Y ------------

Command Line: --add-modules=ALL-SYSTEM --add-opens=java.base/java.util=ALL-UNNAMED --add-opens=java.base/java.lang=ALL-UNNAMED --add-opens=java.base/sun.nio.fs=ALL-UNNAMED -Declipse.application=org.eclipse.jdt.ls.core.id1 -Dosgi.bundles.defaultStartLevel=4 -Declipse.product=org.eclipse.jdt.ls.core.product -Djava.import.generatesMetadataFilesAtProjectRoot=false -DDetectVMInstallationsJob.disabled=true -Dfile.encoding=utf8 -XX:+UseParallelGC -XX:GCTimeRatio=4 -XX:AdaptiveSizePolicyWeight=90 -Dsun.zip.disableMemoryMapping=true -Xmx1G -Xms100m -Xlog:disable -javaagent:c:\Users\Cesar\.vscode\extensions\redhat.java-1.37.0-win32-x64\lombok\lombok-1.18.34.jar -XX:+HeapDumpOnOutOfMemoryError -XX:HeapDumpPath=c:\Users\Cesar\AppData\Roaming\Code\User\workspaceStorage\53e68585b729e7424bba8c485f5dc05e\redhat.java -Daether.dependencyCollector.impl=bf c:\Users\Cesar\.vscode\extensions\redhat.java-1.37.0-win32-x64\server\plugins\org.eclipse.equinox.launcher_1.6.900.v20240613-2009.jar -configuration c:\Users\Cesar\AppData\Roaming\Code\User\globalStorage\redhat.java\1.37.0\config_win -data c:\Users\Cesar\AppData\Roaming\Code\User\workspaceStorage\53e68585b729e7424bba8c485f5dc05e\redhat.java\jdt_ws --pipe=\\.\pipe\lsp-f742023bbf433244e032eb1ea71495db-sock

Host: Intel(R) Core(TM) i5-8250U CPU @ 1.60GHz, 8 cores, 15G,  Windows 10 , 64 bit Build 19041 (10.0.19041.5198)
Time: Sun Dec 15 23:51:21 2024 Hora estándar de Venezuela elapsed time: 7411.473459 seconds (0d 2h 3m 31s)

---------------  T H R E A D  ---------------

Current thread (0x0000028aeccc11f0):  JavaThread "C2 CompilerThread1" daemon [_thread_in_native, id=11944, stack(0x000000cb1eb00000,0x000000cb1ec00000)]


Current CompileTask:
C2:7411473 32018       4       org.eclipse.jdt.core.dom.ASTConverter::convert (869 bytes)

Stack: [0x000000cb1eb00000,0x000000cb1ec00000]
Native frames: (J=compiled Java code, j=interpreted, Vv=VM code, C=native code)
V  [jvm.dll+0x682a19]
V  [jvm.dll+0x839538]
V  [jvm.dll+0x83afe3]
V  [jvm.dll+0x83b653]
V  [jvm.dll+0x24704f]
V  [jvm.dll+0xace34]
V  [jvm.dll+0xad4cc]
V  [jvm.dll+0x36597e]
V  [jvm.dll+0x1ba989]
V  [jvm.dll+0x2181a7]
V  [jvm.dll+0x21748f]
V  [jvm.dll+0x1a3070]
V  [jvm.dll+0x22788c]
V  [jvm.dll+0x2259eb]
V  [jvm.dll+0x7eec98]
V  [jvm.dll+0x7e8ffc]
V  [jvm.dll+0x6818f7]
C  [ucrtbase.dll+0x21bb2]
C  [KERNEL32.DLL+0x17374]
C  [ntdll.dll+0x4cc91]


---------------  P R O C E S S  ---------------

Threads class SMR info:
_java_thread_list=0x0000028aef125dc0, length=71, elements={
0x0000028acd801370, 0x0000028ae35e9610, 0x0000028ae35eb040, 0x0000028ae88e7280,
0x0000028ae88e8100, 0x0000028ae88e8f80, 0x0000028ae88eca60, 0x0000028ae88ed750,
0x0000028acd8ba4b0, 0x0000028acd8bd180, 0x0000028ae8a18370, 0x0000028ae8c51300,
0x0000028ae9d50d70, 0x0000028aea2e0d20, 0x0000028aea56f1a0, 0x0000028aea570a60,
0x0000028aea84b400, 0x0000028aea894980, 0x0000028aea897200, 0x0000028aea8953a0,
0x0000028aea893f60, 0x0000028aea894470, 0x0000028aea8958b0, 0x0000028aea8967e0,
0x0000028aec9b72f0, 0x0000028aec9b4560, 0x0000028aec9b63c0, 0x0000028aec9b4a70,
0x0000028aec9b68d0, 0x0000028aec9b3630, 0x0000028aec9b2c10, 0x0000028aec9b9150,
0x0000028aec9b4050, 0x0000028aec9b7800, 0x0000028aefa2cb60, 0x0000028aefa344e0,
0x0000028aebe09e60, 0x0000028aefa30310, 0x0000028aefa2dfa0, 0x0000028aebe03e30,
0x0000028aebe061a0, 0x0000028aebe06bc0, 0x0000028aebe075e0, 0x0000028aebe07af0,
0x0000028aebe08a20, 0x0000028aec9b3b40, 0x0000028aec9b9660, 0x0000028aec9b4f80,
0x0000028aec9b6de0, 0x0000028aec9b7d10, 0x0000028aec9b8730, 0x0000028aec9b2700,
0x0000028aec9ba080, 0x0000028aefa2d580, 0x0000028aefa32b90, 0x0000028aefa31240,
0x0000028aefa2eed0, 0x0000028aefa330a0, 0x0000028aefa2f8f0, 0x0000028aefa2f3e0,
0x0000028aefa31750, 0x0000028aea8962d0, 0x0000028aea896cf0, 0x0000028aea894e90,
0x0000028aea895dc0, 0x0000028aea893a50, 0x0000028aebe0a370, 0x0000028aebe05c90,
0x0000028aebe04340, 0x0000028aebe09950, 0x0000028aeccc11f0
}

Java Threads: ( => current thread )
  0x0000028acd801370 JavaThread "main" [_thread_blocked, id=5964, stack(0x000000cb1b400000,0x000000cb1b500000)]
  0x0000028ae35e9610 JavaThread "Reference Handler" daemon [_thread_blocked, id=16368, stack(0x000000cb1b700000,0x000000cb1b800000)]
  0x0000028ae35eb040 JavaThread "Finalizer" daemon [_thread_blocked, id=4068, stack(0x000000cb1b800000,0x000000cb1b900000)]
  0x0000028ae88e7280 JavaThread "Signal Dispatcher" daemon [_thread_blocked, id=5836, stack(0x000000cb1b900000,0x000000cb1ba00000)]
  0x0000028ae88e8100 JavaThread "Attach Listener" daemon [_thread_blocked, id=2524, stack(0x000000cb1ba00000,0x000000cb1bb00000)]
  0x0000028ae88e8f80 JavaThread "Service Thread" daemon [_thread_blocked, id=11660, stack(0x000000cb1bb00000,0x000000cb1bc00000)]
  0x0000028ae88eca60 JavaThread "Monitor Deflation Thread" daemon [_thread_blocked, id=12656, stack(0x000000cb1bc00000,0x000000cb1bd00000)]
  0x0000028ae88ed750 JavaThread "C2 CompilerThread0" daemon [_thread_in_native, id=15688, stack(0x000000cb1bd00000,0x000000cb1be00000)]
  0x0000028acd8ba4b0 JavaThread "C1 CompilerThread0" daemon [_thread_blocked, id=11920, stack(0x000000cb1be00000,0x000000cb1bf00000)]
  0x0000028acd8bd180 JavaThread "Sweeper thread" daemon [_thread_blocked, id=6488, stack(0x000000cb1bf00000,0x000000cb1c000000)]
  0x0000028ae8a18370 JavaThread "Common-Cleaner" daemon [_thread_blocked, id=15072, stack(0x000000cb1c000000,0x000000cb1c100000)]
  0x0000028ae8c51300 JavaThread "Notification Thread" daemon [_thread_blocked, id=5440, stack(0x000000cb1c200000,0x000000cb1c300000)]
  0x0000028ae9d50d70 JavaThread "Active Thread: Equinox Container: 8a3f90c1-661d-4591-9300-9b7d6835b825" [_thread_blocked, id=13760, stack(0x000000cb1cb00000,0x000000cb1cc00000)]
  0x0000028aea2e0d20 JavaThread "Refresh Thread: Equinox Container: 8a3f90c1-661d-4591-9300-9b7d6835b825" daemon [_thread_blocked, id=12984, stack(0x000000cb1cc00000,0x000000cb1cd00000)]
  0x0000028aea56f1a0 JavaThread "Framework Event Dispatcher: Equinox Container: 8a3f90c1-661d-4591-9300-9b7d6835b825" daemon [_thread_blocked, id=6216, stack(0x000000cb1cd00000,0x000000cb1ce00000)]
  0x0000028aea570a60 JavaThread "Start Level: Equinox Container: 8a3f90c1-661d-4591-9300-9b7d6835b825" daemon [_thread_blocked, id=6304, stack(0x000000cb1ce00000,0x000000cb1cf00000)]
  0x0000028aea84b400 JavaThread "Bundle File Closer" daemon [_thread_blocked, id=12524, stack(0x000000cb1d000000,0x000000cb1d100000)]
  0x0000028aea894980 JavaThread "SCR Component Actor" daemon [_thread_blocked, id=6588, stack(0x000000cb1d100000,0x000000cb1d200000)]
  0x0000028aea897200 JavaThread "Worker-JM" [_thread_blocked, id=12204, stack(0x000000cb1ca00000,0x000000cb1cb00000)]
  0x0000028aea8953a0 JavaThread "JNA Cleaner" daemon [_thread_blocked, id=12584, stack(0x000000cb1d300000,0x000000cb1d400000)]
  0x0000028aea893f60 JavaThread "Java indexing" daemon [_thread_blocked, id=15488, stack(0x000000cb1d700000,0x000000cb1d800000)]
  0x0000028aea894470 JavaThread "Thread-2" daemon [_thread_in_native, id=13476, stack(0x000000cb1db00000,0x000000cb1dc00000)]
  0x0000028aea8958b0 JavaThread "Thread-3" daemon [_thread_in_native, id=6336, stack(0x000000cb1dc00000,0x000000cb1dd00000)]
  0x0000028aea8967e0 JavaThread "Thread-4" daemon [_thread_in_native, id=11272, stack(0x000000cb1dd00000,0x000000cb1de00000)]
  0x0000028aec9b72f0 JavaThread "Thread-5" daemon [_thread_in_native, id=3028, stack(0x000000cb1de00000,0x000000cb1df00000)]
  0x0000028aec9b4560 JavaThread "Thread-6" daemon [_thread_in_native, id=4024, stack(0x000000cb1df00000,0x000000cb1e000000)]
  0x0000028aec9b63c0 JavaThread "Thread-7" daemon [_thread_in_native, id=14560, stack(0x000000cb1e000000,0x000000cb1e100000)]
  0x0000028aec9b4a70 JavaThread "Thread-8" daemon [_thread_in_native, id=11200, stack(0x000000cb1e100000,0x000000cb1e200000)]
  0x0000028aec9b68d0 JavaThread "Thread-9" daemon [_thread_in_native, id=5100, stack(0x000000cb1e200000,0x000000cb1e300000)]
  0x0000028aec9b3630 JavaThread "Thread-10" daemon [_thread_in_native, id=16168, stack(0x000000cb1e300000,0x000000cb1e400000)]
  0x0000028aec9b2c10 JavaThread "pool-2-thread-1" [_thread_blocked, id=4012, stack(0x000000cb1e400000,0x000000cb1e500000)]
  0x0000028aec9b9150 JavaThread "WorkspaceEventsHandler" [_thread_blocked, id=1160, stack(0x000000cb1e600000,0x000000cb1e700000)]
  0x0000028aec9b4050 JavaThread "pool-1-thread-1" [_thread_blocked, id=3784, stack(0x000000cb1e700000,0x000000cb1e800000)]
  0x0000028aec9b7800 JavaThread "Cleaner-0" daemon [_thread_blocked, id=12252, stack(0x000000cb1d600000,0x000000cb1d700000)]
  0x0000028aefa2cb60 JavaThread "ForkJoinPool.commonPool-worker-36" daemon [_thread_blocked, id=1188, stack(0x000000cb1b200000,0x000000cb1b300000)]
  0x0000028aefa344e0 JavaThread "ForkJoinPool.commonPool-worker-37" daemon [_thread_blocked, id=1964, stack(0x000000cb1b300000,0x000000cb1b400000)]
  0x0000028aebe09e60 JavaThread "Worker-47" [_thread_blocked, id=15580, stack(0x000000cb1f300000,0x000000cb1f400000)]
  0x0000028aefa30310 JavaThread "Worker-51" [_thread_blocked, id=7968, stack(0x000000cb1ed00000,0x000000cb1ee00000)]
  0x0000028aefa2dfa0 JavaThread "ForkJoinPool.commonPool-worker-44" daemon [_thread_blocked, id=10712, stack(0x000000cb1d500000,0x000000cb1d600000)]
  0x0000028aebe03e30 JavaThread "ForkJoinPool.commonPool-worker-49" daemon [_thread_blocked, id=9928, stack(0x000000cb1c900000,0x000000cb1ca00000)]
  0x0000028aebe061a0 JavaThread "ForkJoinPool.commonPool-worker-50" daemon [_thread_blocked, id=4484, stack(0x000000cb1d200000,0x000000cb1d300000)]
  0x0000028aebe06bc0 JavaThread "ForkJoinPool.commonPool-worker-51" daemon [_thread_blocked, id=14444, stack(0x000000cb1d400000,0x000000cb1d500000)]
  0x0000028aebe075e0 JavaThread "ForkJoinPool.commonPool-worker-52" daemon [_thread_blocked, id=7756, stack(0x000000cb1d800000,0x000000cb1d900000)]
  0x0000028aebe07af0 JavaThread "ForkJoinPool.commonPool-worker-53" daemon [_thread_blocked, id=8424, stack(0x000000cb1d900000,0x000000cb1da00000)]
  0x0000028aebe08a20 JavaThread "Worker-58" [_thread_blocked, id=14764, stack(0x000000cb1da00000,0x000000cb1db00000)]
  0x0000028aec9b3b40 JavaThread "Worker-59" [_thread_blocked, id=9556, stack(0x000000cb1e900000,0x000000cb1ea00000)]
  0x0000028aec9b9660 JavaThread "Worker-60" [_thread_blocked, id=9068, stack(0x000000cb1ea00000,0x000000cb1eb00000)]
  0x0000028aec9b4f80 JavaThread "Worker-61" [_thread_blocked, id=11336, stack(0x000000cb1e800000,0x000000cb1e900000)]
  0x0000028aec9b6de0 JavaThread "LocalFile Deleter" daemon [_thread_blocked, id=5652, stack(0x000000cb1ec00000,0x000000cb1ed00000)]
  0x0000028aec9b7d10 JavaThread "LocalFile Deleter" daemon [_thread_blocked, id=11432, stack(0x000000cb1ee00000,0x000000cb1ef00000)]
  0x0000028aec9b8730 JavaThread "LocalFile Deleter" daemon [_thread_blocked, id=7368, stack(0x000000cb1ef00000,0x000000cb1f000000)]
  0x0000028aec9b2700 JavaThread "LocalFile Deleter" daemon [_thread_blocked, id=13916, stack(0x000000cb1f100000,0x000000cb1f200000)]
  0x0000028aec9ba080 JavaThread "LocalFile Deleter" daemon [_thread_blocked, id=9656, stack(0x000000cb1f200000,0x000000cb1f300000)]
  0x0000028aefa2d580 JavaThread "LocalFile Deleter" daemon [_thread_blocked, id=400, stack(0x000000cb1f400000,0x000000cb1f500000)]
  0x0000028aefa32b90 JavaThread "Compiler Source File Reader" daemon [_thread_blocked, id=4632, stack(0x000000cb1f500000,0x000000cb1f600000)]
  0x0000028aefa31240 JavaThread "Compiler Source File Reader" daemon [_thread_blocked, id=9624, stack(0x000000cb1f600000,0x000000cb1f700000)]
  0x0000028aefa2eed0 JavaThread "Compiler Source File Reader" daemon [_thread_blocked, id=12572, stack(0x000000cb1f700000,0x000000cb1f800000)]
  0x0000028aefa330a0 JavaThread "Compiler Source File Reader" daemon [_thread_blocked, id=13096, stack(0x000000cb1f800000,0x000000cb1f900000)]
  0x0000028aefa2f8f0 JavaThread "Compiler Source File Reader" daemon [_thread_blocked, id=9788, stack(0x000000cb1f900000,0x000000cb1fa00000)]
  0x0000028aefa2f3e0 JavaThread "Compiler Source File Reader" daemon [_thread_blocked, id=9124, stack(0x000000cb1fa00000,0x000000cb1fb00000)]
  0x0000028aefa31750 JavaThread "Compiler Processing Task" daemon [_thread_blocked, id=8776, stack(0x000000cb1fb00000,0x000000cb1fc00000)]
  0x0000028aea8962d0 JavaThread "Compiler Class File Writer" daemon [_thread_blocked, id=6956, stack(0x000000cb1fc00000,0x000000cb1fd00000)]
  0x0000028aea896cf0 JavaThread "Compiler Class File Writer" daemon [_thread_blocked, id=620, stack(0x000000cb1fd00000,0x000000cb1fe00000)]
  0x0000028aea894e90 JavaThread "Compiler Class File Writer" daemon [_thread_blocked, id=8500, stack(0x000000cb1fe00000,0x000000cb1ff00000)]
  0x0000028aea895dc0 JavaThread "Compiler Class File Writer" daemon [_thread_blocked, id=9368, stack(0x000000cb1ff00000,0x000000cb20000000)]
  0x0000028aea893a50 JavaThread "Compiler Class File Writer" daemon [_thread_blocked, id=560, stack(0x000000cb20000000,0x000000cb20100000)]
  0x0000028aebe0a370 JavaThread "Compiler Class File Writer" daemon [_thread_blocked, id=7052, stack(0x000000cb20100000,0x000000cb20200000)]
  0x0000028aebe05c90 JavaThread "pool-1-thread-7" [_thread_blocked, id=8484, stack(0x000000cb20400000,0x000000cb20500000)]
  0x0000028aebe04340 JavaThread "ForkJoinPool.commonPool-worker-54" daemon [_thread_blocked, id=11616, stack(0x000000cb20200000,0x000000cb20300000)]
  0x0000028aebe09950 JavaThread "Worker-62" [_thread_blocked, id=5272, stack(0x000000cb20300000,0x000000cb20400000)]
=>0x0000028aeccc11f0 JavaThread "C2 CompilerThread1" daemon [_thread_in_native, id=11944, stack(0x000000cb1eb00000,0x000000cb1ec00000)]

Other Threads:
  0x0000028acd8b2d90 VMThread "VM Thread" [stack: 0x000000cb1b600000,0x000000cb1b700000] [id=11324]
  0x0000028ae8c517e0 WatcherThread [stack: 0x000000cb1c300000,0x000000cb1c400000] [id=7488]
  0x0000028acd817500 GCTaskThread "GC Thread#0" [stack: 0x000000cb1b500000,0x000000cb1b600000] [id=10796]
  0x0000028ae99f83a0 GCTaskThread "GC Thread#1" [stack: 0x000000cb1c100000,0x000000cb1c200000] [id=5996]
  0x0000028ae9b3eda0 GCTaskThread "GC Thread#2" [stack: 0x000000cb1c400000,0x000000cb1c500000] [id=1380]
  0x0000028ae9b3f060 GCTaskThread "GC Thread#3" [stack: 0x000000cb1c500000,0x000000cb1c600000] [id=9512]
  0x0000028ae99f8b10 GCTaskThread "GC Thread#4" [stack: 0x000000cb1c600000,0x000000cb1c700000] [id=12944]
  0x0000028ae99f8dd0 GCTaskThread "GC Thread#5" [stack: 0x000000cb1c700000,0x000000cb1c800000] [id=12512]
  0x0000028ae99f9090 GCTaskThread "GC Thread#6" [stack: 0x000000cb1c800000,0x000000cb1c900000] [id=11664]
  0x0000028ae99fb2a0 GCTaskThread "GC Thread#7" [stack: 0x000000cb1cf00000,0x000000cb1d000000] [id=14480]

Threads with active compile tasks:
C2 CompilerThread0  7411530 31968       4       org.eclipse.jdt.internal.compiler.ClassFile::traverse (7188 bytes)
C2 CompilerThread1  7411531 32018       4       org.eclipse.jdt.core.dom.ASTConverter::convert (869 bytes)

VM state: not at safepoint (normal execution)

VM Mutex/Monitor currently owned by a thread: None

Heap address: 0x00000000c0000000, size: 1024 MB, Compressed Oops mode: 32-bit

CDS archive(s) not mapped
Compressed class space mapped at: 0x0000000100000000-0x0000000140000000, reserved size: 1073741824
Narrow klass base: 0x0000000000000000, Narrow klass shift: 3, Narrow klass range: 0x140000000

GC Precious Log:
 CPUs: 8 total, 8 available
 Memory: 16299M
 Large Page Support: Disabled
 NUMA Support: Disabled
 Compressed Oops: Enabled (32-bit)
 Alignments: Space 512K, Generation 512K, Heap 2M
 Heap Min Capacity: 100M
 Heap Initial Capacity: 100M
 Heap Max Capacity: 1G
 Pre-touch: Disabled
 Parallel Workers: 8

Heap:
 PSYoungGen      total 11776K, used 8734K [0x00000000eab00000, 0x00000000ebb00000, 0x0000000100000000)
  eden space 9216K, 68% used [0x00000000eab00000,0x00000000eb132948,0x00000000eb400000)
  from space 2560K, 93% used [0x00000000eb400000,0x00000000eb655220,0x00000000eb680000)
  to   space 3584K, 0% used [0x00000000eb780000,0x00000000eb780000,0x00000000ebb00000)
 ParOldGen       total 192512K, used 128616K [0x00000000c0000000, 0x00000000cbc00000, 0x00000000eab00000)
  object space 192512K, 66% used [0x00000000c0000000,0x00000000c7d9a0c8,0x00000000cbc00000)
 Metaspace       used 110004K, committed 111616K, reserved 1179648K
  class space    used 10874K, committed 11584K, reserved 1048576K

Card table byte_map: [0x0000028ae0e60000,0x0000028ae1070000] _byte_map_base: 0x0000028ae0860000

Marking Bits: (ParMarkBitMap*) 0x00007ffcfe926940
 Begin Bits: [0x0000028ae11d0000, 0x0000028ae21d0000)
 End Bits:   [0x0000028ae21d0000, 0x0000028ae31d0000)

Polling page: 0x0000028acd8c0000

Metaspace:

Usage:
  Non-class:     96.81 MB used.
      Class:     10.62 MB used.
       Both:    107.43 MB used.

Virtual space:
  Non-class space:      128.00 MB reserved,      97.69 MB ( 76%) committed,  2 nodes.
      Class space:        1.00 GB reserved,      11.31 MB (  1%) committed,  1 nodes.
             Both:        1.12 GB reserved,     109.00 MB (  9%) committed. 

Chunk freelists:
   Non-Class:  14.16 MB
       Class:  4.53 MB
        Both:  18.69 MB

MaxMetaspaceSize: unlimited
CompressedClassSpaceSize: 1.00 GB
Initial GC threshold: 21.00 MB
Current GC threshold: 181.69 MB
CDS: off
MetaspaceReclaimPolicy: balanced
 - commit_granule_bytes: 65536.
 - commit_granule_words: 8192.
 - virtual_space_node_default_size: 8388608.
 - enlarge_chunks_in_place: 1.
 - new_chunks_are_fully_committed: 0.
 - uncommit_free_chunks: 1.
 - use_allocation_guard: 0.
 - handle_deallocations: 1.


Internal statistics:

num_allocs_failed_limit: 9.
num_arena_births: 1990.
num_arena_deaths: 870.
num_vsnodes_births: 3.
num_vsnodes_deaths: 0.
num_space_committed: 1752.
num_space_uncommitted: 8.
num_chunks_returned_to_freelist: 1181.
num_chunks_taken_from_freelist: 7377.
num_chunk_merges: 363.
num_chunk_splits: 4088.
num_chunks_enlarged: 2123.
num_inconsistent_stats: 0.

CodeHeap 'non-profiled nmethods': size=120000Kb used=26670Kb max_used=27002Kb free=93329Kb
 bounds [0x0000028ad9740000, 0x0000028adb1a0000, 0x0000028ae0c70000]
CodeHeap 'profiled nmethods': size=120000Kb used=50943Kb max_used=51560Kb free=69056Kb
 bounds [0x0000028ad1c70000, 0x0000028ad4f30000, 0x0000028ad91a0000]
CodeHeap 'non-nmethods': size=5760Kb used=1499Kb max_used=1643Kb free=4261Kb
 bounds [0x0000028ad91a0000, 0x0000028ad9410000, 0x0000028ad9740000]
 total_blobs=23418 nmethods=22551 adapters=776
 compilation: enabled
              stopped_count=0, restarted_count=0
 full_count=0

Compilation events (20 events):
Event: 7411.055 Thread 0x0000028acd8ba4b0 nmethod 32011 0x0000028ad3520790 code [0x0000028ad3520920, 0x0000028ad3520a68]
Event: 7411.055 Thread 0x0000028acd8ba4b0 32012       3       org.eclipse.core.internal.resources.CheckMissingNaturesListener::lambda$0 (89 bytes)
Event: 7411.056 Thread 0x0000028acd8ba4b0 nmethod 32012 0x0000028ad33c3490 code [0x0000028ad33c36e0, 0x0000028ad33c4198]
Event: 7411.056 Thread 0x0000028acd8ba4b0 32013       3       org.eclipse.core.internal.jobs.JobManager$3::scheduled (77 bytes)
Event: 7411.057 Thread 0x0000028acd8ba4b0 nmethod 32013 0x0000028ad350f790 code [0x0000028ad350f980, 0x0000028ad3510018]
Event: 7411.057 Thread 0x0000028acd8ba4b0 32014   !   3       org.eclipse.buildship.core.internal.workspace.ProjectChangeListener$1::visit (31 bytes)
Event: 7411.058 Thread 0x0000028acd8ba4b0 nmethod 32014 0x0000028ad3b5e810 code [0x0000028ad3b5e9e0, 0x0000028ad3b5ecc8]
Event: 7411.058 Thread 0x0000028acd8ba4b0 32015       3       org.eclipse.buildship.core.internal.workspace.ProjectChangeListener::doVisitDelta (212 bytes)
Event: 7411.060 Thread 0x0000028acd8ba4b0 nmethod 32015 0x0000028ad1ff4f10 code [0x0000028ad1ff53a0, 0x0000028ad1ff78a8]
Event: 7411.061 Thread 0x0000028acd8ba4b0 32016       3       org.eclipse.jdt.ls.core.internal.handlers.WorkspaceDiagnosticsHandler::toDiagnosticArray (50 bytes)
Event: 7411.062 Thread 0x0000028acd8ba4b0 nmethod 32016 0x0000028ad3ae5a10 code [0x0000028ad3ae5cc0, 0x0000028ad3ae6ba8]
Event: 7411.062 Thread 0x0000028acd8ba4b0 32017       3       org.eclipse.jdt.ls.core.internal.handlers.WorkspaceDiagnosticsHandler$$Lambda$789/0x00000001008a23e8::<init> (15 bytes)
Event: 7411.063 Thread 0x0000028acd8ba4b0 nmethod 32017 0x0000028ad3d49990 code [0x0000028ad3d49b20, 0x0000028ad3d49cb8]
Event: 7411.104 Thread 0x0000028aeccc11f0 32018       4       org.eclipse.jdt.core.dom.ASTConverter::convert (869 bytes)
Event: 7411.107 Thread 0x0000028acd8ba4b0 32020   !   3       java.util.concurrent.ConcurrentHashMap::putVal (433 bytes)
Event: 7411.109 Thread 0x0000028acd8ba4b0 nmethod 32020 0x0000028ad3288390 code [0x0000028ad32886c0, 0x0000028ad3289ee8]
Event: 7411.355 Thread 0x0000028acd8ba4b0 32022       3       org.eclipse.jdt.internal.core.search.indexing.SourceIndexerRequestor::enterField (26 bytes)
Event: 7411.356 Thread 0x0000028acd8ba4b0 nmethod 32022 0x0000028ad36dcd10 code [0x0000028ad36dcf60, 0x0000028ad36ddb18]
Event: 7411.356 Thread 0x0000028acd8ba4b0 32023       3       org.eclipse.jdt.internal.core.search.indexing.SourceIndexerRequestor::exitField (11 bytes)
Event: 7411.356 Thread 0x0000028acd8ba4b0 nmethod 32023 0x0000028ad353ab10 code [0x0000028ad353aca0, 0x0000028ad353adb8]

GC Heap History (20 events):
Event: 7410.194 GC heap before
{Heap before GC invocations=5235 (full 69):
 PSYoungGen      total 5120K, used 5120K [0x00000000eab00000, 0x00000000eb880000, 0x0000000100000000)
  eden space 3584K, 100% used [0x00000000eab00000,0x00000000eae80000,0x00000000eae80000)
  from space 1536K, 100% used [0x00000000eae80000,0x00000000eb000000,0x00000000eb000000)
  to   space 4608K, 0% used [0x00000000eb400000,0x00000000eb400000,0x00000000eb880000)
 ParOldGen       total 189440K, used 145514K [0x00000000c0000000, 0x00000000cb900000, 0x00000000eab00000)
  object space 189440K, 76% used [0x00000000c0000000,0x00000000c8e1ab28,0x00000000cb900000)
 Metaspace       used 109976K, committed 111552K, reserved 1179648K
  class space    used 10872K, committed 11584K, reserved 1048576K
}
Event: 7410.201 GC heap after
{Heap after GC invocations=5235 (full 69):
 PSYoungGen      total 7680K, used 2912K [0x00000000eab00000, 0x00000000eb700000, 0x0000000100000000)
  eden space 4608K, 0% used [0x00000000eab00000,0x00000000eab00000,0x00000000eaf80000)
  from space 3072K, 94% used [0x00000000eb400000,0x00000000eb6d8000,0x00000000eb700000)
  to   space 3584K, 0% used [0x00000000eb000000,0x00000000eb000000,0x00000000eb380000)
 ParOldGen       total 189440K, used 147098K [0x00000000c0000000, 0x00000000cb900000, 0x00000000eab00000)
  object space 189440K, 77% used [0x00000000c0000000,0x00000000c8fa6b28,0x00000000cb900000)
 Metaspace       used 109976K, committed 111552K, reserved 1179648K
  class space    used 10872K, committed 11584K, reserved 1048576K
}
Event: 7410.222 GC heap before
{Heap before GC invocations=5236 (full 69):
 PSYoungGen      total 7680K, used 7520K [0x00000000eab00000, 0x00000000eb700000, 0x0000000100000000)
  eden space 4608K, 100% used [0x00000000eab00000,0x00000000eaf80000,0x00000000eaf80000)
  from space 3072K, 94% used [0x00000000eb400000,0x00000000eb6d8000,0x00000000eb700000)
  to   space 3584K, 0% used [0x00000000eb000000,0x00000000eb000000,0x00000000eb380000)
 ParOldGen       total 189440K, used 147098K [0x00000000c0000000, 0x00000000cb900000, 0x00000000eab00000)
  object space 189440K, 77% used [0x00000000c0000000,0x00000000c8fa6b28,0x00000000cb900000)
 Metaspace       used 109976K, committed 111552K, reserved 1179648K
  class space    used 10872K, committed 11584K, reserved 1048576K
}
Event: 7410.228 GC heap after
{Heap after GC invocations=5236 (full 69):
 PSYoungGen      total 8704K, used 3552K [0x00000000eab00000, 0x00000000ebf80000, 0x0000000100000000)
  eden space 5120K, 0% used [0x00000000eab00000,0x00000000eab00000,0x00000000eb000000)
  from space 3584K, 99% used [0x00000000eb000000,0x00000000eb378020,0x00000000eb380000)
  to   space 7680K, 0% used [0x00000000eb800000,0x00000000eb800000,0x00000000ebf80000)
 ParOldGen       total 189440K, used 150362K [0x00000000c0000000, 0x00000000cb900000, 0x00000000eab00000)
  object space 189440K, 79% used [0x00000000c0000000,0x00000000c92d6b28,0x00000000cb900000)
 Metaspace       used 109976K, committed 111552K, reserved 1179648K
  class space    used 10872K, committed 11584K, reserved 1048576K
}
Event: 7410.247 GC heap before
{Heap before GC invocations=5237 (full 69):
 PSYoungGen      total 8704K, used 8589K [0x00000000eab00000, 0x00000000ebf80000, 0x0000000100000000)
  eden space 5120K, 98% used [0x00000000eab00000,0x00000000eafeb570,0x00000000eb000000)
  from space 3584K, 99% used [0x00000000eb000000,0x00000000eb378020,0x00000000eb380000)
  to   space 7680K, 0% used [0x00000000eb800000,0x00000000eb800000,0x00000000ebf80000)
 ParOldGen       total 189440K, used 150362K [0x00000000c0000000, 0x00000000cb900000, 0x00000000eab00000)
  object space 189440K, 79% used [0x00000000c0000000,0x00000000c92d6b28,0x00000000cb900000)
 Metaspace       used 109976K, committed 111552K, reserved 1179648K
  class space    used 10872K, committed 11584K, reserved 1048576K
}
Event: 7410.253 GC heap after
{Heap after GC invocations=5237 (full 69):
 PSYoungGen      total 9728K, used 3093K [0x00000000eab00000, 0x00000000ebb80000, 0x0000000100000000)
  eden space 6144K, 0% used [0x00000000eab00000,0x00000000eab00000,0x00000000eb100000)
  from space 3584K, 86% used [0x00000000eb800000,0x00000000ebb05438,0x00000000ebb80000)
  to   space 4608K, 0% used [0x00000000eb280000,0x00000000eb280000,0x00000000eb700000)
 ParOldGen       total 189440K, used 153890K [0x00000000c0000000, 0x00000000cb900000, 0x00000000eab00000)
  object space 189440K, 81% used [0x00000000c0000000,0x00000000c9648b88,0x00000000cb900000)
 Metaspace       used 109976K, committed 111552K, reserved 1179648K
  class space    used 10872K, committed 11584K, reserved 1048576K
}
Event: 7410.282 GC heap before
{Heap before GC invocations=5238 (full 69):
 PSYoungGen      total 9728K, used 8863K [0x00000000eab00000, 0x00000000ebb80000, 0x0000000100000000)
  eden space 6144K, 93% used [0x00000000eab00000,0x00000000eb0a2898,0x00000000eb100000)
  from space 3584K, 86% used [0x00000000eb800000,0x00000000ebb05438,0x00000000ebb80000)
  to   space 4608K, 0% used [0x00000000eb280000,0x00000000eb280000,0x00000000eb700000)
 ParOldGen       total 189440K, used 153890K [0x00000000c0000000, 0x00000000cb900000, 0x00000000eab00000)
  object space 189440K, 81% used [0x00000000c0000000,0x00000000c9648b88,0x00000000cb900000)
 Metaspace       used 109976K, committed 111552K, reserved 1179648K
  class space    used 10872K, committed 11584K, reserved 1048576K
}
Event: 7410.286 GC heap after
{Heap after GC invocations=5238 (full 69):
 PSYoungGen      total 12288K, used 4602K [0x00000000eab00000, 0x00000000ec480000, 0x0000000100000000)
  eden space 7680K, 0% used [0x00000000eab00000,0x00000000eab00000,0x00000000eb280000)
  from space 4608K, 99% used [0x00000000eb280000,0x00000000eb6fe940,0x00000000eb700000)
  to   space 9216K, 0% used [0x00000000ebb80000,0x00000000ebb80000,0x00000000ec480000)
 ParOldGen       total 189440K, used 157447K [0x00000000c0000000, 0x00000000cb900000, 0x00000000eab00000)
  object space 189440K, 83% used [0x00000000c0000000,0x00000000c99c1cc0,0x00000000cb900000)
 Metaspace       used 109976K, committed 111552K, reserved 1179648K
  class space    used 10872K, committed 11584K, reserved 1048576K
}
Event: 7410.333 GC heap before
{Heap before GC invocations=5239 (full 69):
 PSYoungGen      total 12288K, used 11703K [0x00000000eab00000, 0x00000000ec480000, 0x0000000100000000)
  eden space 7680K, 92% used [0x00000000eab00000,0x00000000eb1ef3a0,0x00000000eb280000)
  from space 4608K, 99% used [0x00000000eb280000,0x00000000eb6fe940,0x00000000eb700000)
  to   space 9216K, 0% used [0x00000000ebb80000,0x00000000ebb80000,0x00000000ec480000)
 ParOldGen       total 189440K, used 157447K [0x00000000c0000000, 0x00000000cb900000, 0x00000000eab00000)
  object space 189440K, 83% used [0x00000000c0000000,0x00000000c99c1cc0,0x00000000cb900000)
 Metaspace       used 109976K, committed 111552K, reserved 1179648K
  class space    used 10872K, committed 11584K, reserved 1048576K
}
Event: 7410.337 GC heap after
{Heap after GC invocations=5239 (full 69):
 PSYoungGen      total 13312K, used 3778K [0x00000000eab00000, 0x00000000ebf80000, 0x0000000100000000)
  eden space 9216K, 0% used [0x00000000eab00000,0x00000000eab00000,0x00000000eb400000)
  from space 4096K, 92% used [0x00000000ebb80000,0x00000000ebf30888,0x00000000ebf80000)
  to   space 5632K, 0% used [0x00000000eb480000,0x00000000eb480000,0x00000000eba00000)
 ParOldGen       total 189440K, used 161602K [0x00000000c0000000, 0x00000000cb900000, 0x00000000eab00000)
  object space 189440K, 85% used [0x00000000c0000000,0x00000000c9dd08d0,0x00000000cb900000)
 Metaspace       used 109976K, committed 111552K, reserved 1179648K
  class space    used 10872K, committed 11584K, reserved 1048576K
}
Event: 7410.418 GC heap before
{Heap before GC invocations=5240 (full 69):
 PSYoungGen      total 13312K, used 12994K [0x00000000eab00000, 0x00000000ebf80000, 0x0000000100000000)
  eden space 9216K, 100% used [0x00000000eab00000,0x00000000eb400000,0x00000000eb400000)
  from space 4096K, 92% used [0x00000000ebb80000,0x00000000ebf30888,0x00000000ebf80000)
  to   space 5632K, 0% used [0x00000000eb480000,0x00000000eb480000,0x00000000eba00000)
 ParOldGen       total 189440K, used 161602K [0x00000000c0000000, 0x00000000cb900000, 0x00000000eab00000)
  object space 189440K, 85% used [0x00000000c0000000,0x00000000c9dd08d0,0x00000000cb900000)
 Metaspace       used 109976K, committed 111552K, reserved 1179648K
  class space    used 10872K, committed 11584K, reserved 1048576K
}
Event: 7410.423 GC heap after
{Heap after GC invocations=5240 (full 69):
 PSYoungGen      total 12288K, used 2926K [0x00000000eab00000, 0x00000000ebc00000, 0x0000000100000000)
  eden space 9216K, 0% used [0x00000000eab00000,0x00000000eab00000,0x00000000eb400000)
  from space 3072K, 95% used [0x00000000eb480000,0x00000000eb75b800,0x00000000eb780000)
  to   space 3584K, 0% used [0x00000000eb880000,0x00000000eb880000,0x00000000ebc00000)
 ParOldGen       total 189440K, used 164310K [0x00000000c0000000, 0x00000000cb900000, 0x00000000eab00000)
  object space 189440K, 86% used [0x00000000c0000000,0x00000000ca075898,0x00000000cb900000)
 Metaspace       used 109976K, committed 111552K, reserved 1179648K
  class space    used 10872K, committed 11584K, reserved 1048576K
}
Event: 7410.530 GC heap before
{Heap before GC invocations=5241 (full 69):
 PSYoungGen      total 12288K, used 12142K [0x00000000eab00000, 0x00000000ebc00000, 0x0000000100000000)
  eden space 9216K, 100% used [0x00000000eab00000,0x00000000eb400000,0x00000000eb400000)
  from space 3072K, 95% used [0x00000000eb480000,0x00000000eb75b800,0x00000000eb780000)
  to   space 3584K, 0% used [0x00000000eb880000,0x00000000eb880000,0x00000000ebc00000)
 ParOldGen       total 189440K, used 164310K [0x00000000c0000000, 0x00000000cb900000, 0x00000000eab00000)
  object space 189440K, 86% used [0x00000000c0000000,0x00000000ca075898,0x00000000cb900000)
 Metaspace       used 109979K, committed 111552K, reserved 1179648K
  class space    used 10872K, committed 11584K, reserved 1048576K
}
Event: 7410.534 GC heap after
{Heap after GC invocations=5241 (full 69):
 PSYoungGen      total 10752K, used 1376K [0x00000000eab00000, 0x00000000eba00000, 0x0000000100000000)
  eden space 9216K, 0% used [0x00000000eab00000,0x00000000eab00000,0x00000000eb400000)
  from space 1536K, 89% used [0x00000000eb880000,0x00000000eb9d8000,0x00000000eba00000)
  to   space 2048K, 0% used [0x00000000eb600000,0x00000000eb600000,0x00000000eb800000)
 ParOldGen       total 189440K, used 166855K [0x00000000c0000000, 0x00000000cb900000, 0x00000000eab00000)
  object space 189440K, 88% used [0x00000000c0000000,0x00000000ca2f1ee8,0x00000000cb900000)
 Metaspace       used 109979K, committed 111552K, reserved 1179648K
  class space    used 10872K, committed 11584K, reserved 1048576K
}
Event: 7410.682 GC heap before
{Heap before GC invocations=5242 (full 69):
 PSYoungGen      total 10752K, used 10592K [0x00000000eab00000, 0x00000000eba00000, 0x0000000100000000)
  eden space 9216K, 100% used [0x00000000eab00000,0x00000000eb400000,0x00000000eb400000)
  from space 1536K, 89% used [0x00000000eb880000,0x00000000eb9d8000,0x00000000eba00000)
  to   space 2048K, 0% used [0x00000000eb600000,0x00000000eb600000,0x00000000eb800000)
 ParOldGen       total 201216K, used 197575K [0x00000000c0000000, 0x00000000cc480000, 0x00000000eab00000)
  object space 201216K, 98% used [0x00000000c0000000,0x00000000cc0f1f18,0x00000000cc480000)
 Metaspace       used 109983K, committed 111616K, reserved 1179648K
  class space    used 10872K, committed 11584K, reserved 1048576K
}
Event: 7410.690 GC heap after
{Heap after GC invocations=5242 (full 69):
 PSYoungGen      total 11264K, used 2019K [0x00000000eab00000, 0x00000000ebf00000, 0x0000000100000000)
  eden space 9216K, 0% used [0x00000000eab00000,0x00000000eab00000,0x00000000eb400000)
  from space 2048K, 98% used [0x00000000eb600000,0x00000000eb7f8cf0,0x00000000eb800000)
  to   space 5632K, 0% used [0x00000000eb980000,0x00000000eb980000,0x00000000ebf00000)
 ParOldGen       total 201216K, used 200374K [0x00000000c0000000, 0x00000000cc480000, 0x00000000eab00000)
  object space 201216K, 99% used [0x00000000c0000000,0x00000000cc3adb28,0x00000000cc480000)
 Metaspace       used 109983K, committed 111616K, reserved 1179648K
  class space    used 10872K, committed 11584K, reserved 1048576K
}
Event: 7410.822 GC heap before
{Heap before GC invocations=5243 (full 70):
 PSYoungGen      total 11264K, used 11235K [0x00000000eab00000, 0x00000000ebf00000, 0x0000000100000000)
  eden space 9216K, 100% used [0x00000000eab00000,0x00000000eb400000,0x00000000eb400000)
  from space 2048K, 98% used [0x00000000eb600000,0x00000000eb7f8cf0,0x00000000eb800000)
  to   space 5632K, 0% used [0x00000000eb980000,0x00000000eb980000,0x00000000ebf00000)
 ParOldGen       total 201216K, used 200374K [0x00000000c0000000, 0x00000000cc480000, 0x00000000eab00000)
  object space 201216K, 99% used [0x00000000c0000000,0x00000000cc3adb28,0x00000000cc480000)
 Metaspace       used 109996K, committed 111616K, reserved 1179648K
  class space    used 10874K, committed 11584K, reserved 1048576K
}
Event: 7411.042 GC heap after
{Heap after GC invocations=5243 (full 70):
 PSYoungGen      total 14848K, used 0K [0x00000000eab00000, 0x00000000ebf00000, 0x0000000100000000)
  eden space 9216K, 0% used [0x00000000eab00000,0x00000000eab00000,0x00000000eb400000)
  from space 5632K, 0% used [0x00000000eb980000,0x00000000eb980000,0x00000000ebf00000)
  to   space 5632K, 0% used [0x00000000eb400000,0x00000000eb400000,0x00000000eb980000)
 ParOldGen       total 192512K, used 128608K [0x00000000c0000000, 0x00000000cbc00000, 0x00000000eab00000)
  object space 192512K, 66% used [0x00000000c0000000,0x00000000c7d980c8,0x00000000cbc00000)
 Metaspace       used 109996K, committed 111616K, reserved 1179648K
  class space    used 10874K, committed 11584K, reserved 1048576K
}
Event: 7411.088 GC heap before
{Heap before GC invocations=5244 (full 70):
 PSYoungGen      total 14848K, used 9216K [0x00000000eab00000, 0x00000000ebf00000, 0x0000000100000000)
  eden space 9216K, 100% used [0x00000000eab00000,0x00000000eb400000,0x00000000eb400000)
  from space 5632K, 0% used [0x00000000eb980000,0x00000000eb980000,0x00000000ebf00000)
  to   space 5632K, 0% used [0x00000000eb400000,0x00000000eb400000,0x00000000eb980000)
 ParOldGen       total 192512K, used 128608K [0x00000000c0000000, 0x00000000cbc00000, 0x00000000eab00000)
  object space 192512K, 66% used [0x00000000c0000000,0x00000000c7d980c8,0x00000000cbc00000)
 Metaspace       used 110003K, committed 111616K, reserved 1179648K
  class space    used 10874K, committed 11584K, reserved 1048576K
}
Event: 7411.092 GC heap after
{Heap after GC invocations=5244 (full 70):
 PSYoungGen      total 11776K, used 2388K [0x00000000eab00000, 0x00000000ebb00000, 0x0000000100000000)
  eden space 9216K, 0% used [0x00000000eab00000,0x00000000eab00000,0x00000000eb400000)
  from space 2560K, 93% used [0x00000000eb400000,0x00000000eb655220,0x00000000eb680000)
  to   space 3584K, 0% used [0x00000000eb780000,0x00000000eb780000,0x00000000ebb00000)
 ParOldGen       total 192512K, used 128616K [0x00000000c0000000, 0x00000000cbc00000, 0x00000000eab00000)
  object space 192512K, 66% used [0x00000000c0000000,0x00000000c7d9a0c8,0x00000000cbc00000)
 Metaspace       used 110003K, committed 111616K, reserved 1179648K
  class space    used 10874K, committed 11584K, reserved 1048576K
}

Dll operation events (14 events):
Event: 0.028 Loaded shared library c:\Users\Cesar\.vscode\extensions\redhat.java-1.37.0-win32-x64\jre\17.0.13-win32-x86_64\bin\java.dll
Event: 0.392 Loaded shared library c:\Users\Cesar\.vscode\extensions\redhat.java-1.37.0-win32-x64\jre\17.0.13-win32-x86_64\bin\zip.dll
Event: 0.397 Loaded shared library C:\Users\Cesar\.vscode\extensions\redhat.java-1.37.0-win32-x64\jre\17.0.13-win32-x86_64\bin\instrument.dll
Event: 0.422 Loaded shared library C:\Users\Cesar\.vscode\extensions\redhat.java-1.37.0-win32-x64\jre\17.0.13-win32-x86_64\bin\net.dll
Event: 0.424 Loaded shared library C:\Users\Cesar\.vscode\extensions\redhat.java-1.37.0-win32-x64\jre\17.0.13-win32-x86_64\bin\nio.dll
Event: 0.435 Loaded shared library C:\Users\Cesar\.vscode\extensions\redhat.java-1.37.0-win32-x64\jre\17.0.13-win32-x86_64\bin\zip.dll
Event: 0.464 Loaded shared library C:\Users\Cesar\.vscode\extensions\redhat.java-1.37.0-win32-x64\jre\17.0.13-win32-x86_64\bin\jimage.dll
Event: 0.622 Loaded shared library c:\Users\Cesar\.vscode\extensions\redhat.java-1.37.0-win32-x64\jre\17.0.13-win32-x86_64\bin\verify.dll
Event: 2.300 Loaded shared library C:\Users\Cesar\AppData\Roaming\Code\User\globalStorage\redhat.java\1.37.0\config_win\org.eclipse.equinox.launcher\org.eclipse.equinox.launcher.win32.win32.x86_64_1.2.1100.v20240722-2106\eclipse_11904.dll
Event: 4.322 Loaded shared library C:\Users\Cesar\AppData\Local\Temp\jna-64998434\jna7160713054849928364.dll
Event: 12.422 Loaded shared library C:\Users\Cesar\.vscode\extensions\redhat.java-1.37.0-win32-x64\jre\17.0.13-win32-x86_64\bin\sunmscapi.dll
Event: 5099.293 Loaded shared library C:\Users\Cesar\.vscode\extensions\redhat.java-1.37.0-win32-x64\jre\17.0.13-win32-x86_64\bin\extnet.dll
Event: 7314.285 Loaded shared library C:\Users\Cesar\.vscode\extensions\redhat.java-1.37.0-win32-x64\jre\17.0.13-win32-x86_64\bin\management.dll
Event: 7314.292 Loaded shared library C:\Users\Cesar\.vscode\extensions\redhat.java-1.37.0-win32-x64\jre\17.0.13-win32-x86_64\bin\management_ext.dll

Deoptimization events (20 events):
Event: 7397.847 Thread 0x0000028aea893f60 Uncommon trap: trap_request=0xffffff45 fr.pc=0x0000028ada5033c0 relative=0x0000000000002ae0
Event: 7397.847 Thread 0x0000028aea893f60 Uncommon trap: reason=unstable_if action=reinterpret pc=0x0000028ada5033c0 method=org.eclipse.jdt.internal.core.search.matching.SuperTypeReferencePattern.createIndexKey(I[C[C[[C[[CC[CC)[C @ 388 c2
Event: 7397.847 Thread 0x0000028aea893f60 DEOPT PACKING pc=0x0000028ada5033c0 sp=0x000000cb1d7fec80
Event: 7397.847 Thread 0x0000028aea893f60 DEOPT UNPACKING pc=0x0000028ad91f66a3 sp=0x000000cb1d7fec10 mode 2
Event: 7397.849 Thread 0x0000028aea893f60 Uncommon trap: trap_request=0xffffffde fr.pc=0x0000028adac68a84 relative=0x0000000000004bc4
Event: 7397.849 Thread 0x0000028aea893f60 Uncommon trap: reason=class_check action=maybe_recompile pc=0x0000028adac68a84 method=org.eclipse.jdt.internal.compiler.SourceElementParser.getTypeReference(I)Lorg/eclipse/jdt/internal/compiler/ast/TypeReference; @ 432 c2
Event: 7397.849 Thread 0x0000028aea893f60 DEOPT PACKING pc=0x0000028adac68a84 sp=0x000000cb1d7fe870
Event: 7397.849 Thread 0x0000028aea893f60 DEOPT UNPACKING pc=0x0000028ad91f66a3 sp=0x000000cb1d7fe870 mode 2
Event: 7398.629 Thread 0x0000028aefa2cb60 Uncommon trap: trap_request=0xffffff45 fr.pc=0x0000028adb15adc4 relative=0x00000000000027c4
Event: 7398.629 Thread 0x0000028aefa2cb60 Uncommon trap: reason=unstable_if action=reinterpret pc=0x0000028adb15adc4 method=org.eclipse.jdt.core.dom.DefaultBindingResolver.resolveName(Lorg/eclipse/jdt/core/dom/Name;)Lorg/eclipse/jdt/core/dom/IBinding; @ 127 c2
Event: 7398.629 Thread 0x0000028aefa2cb60 DEOPT PACKING pc=0x0000028adb15adc4 sp=0x000000cb1b2fe7f0
Event: 7398.629 Thread 0x0000028aefa2cb60 DEOPT UNPACKING pc=0x0000028ad91f66a3 sp=0x000000cb1b2fe790 mode 2
Event: 7398.932 Thread 0x0000028aec9b9660 Uncommon trap: trap_request=0xffffffcc fr.pc=0x0000028ad9eb3d98 relative=0x0000000000000a18
Event: 7398.932 Thread 0x0000028aec9b9660 Uncommon trap: reason=intrinsic_or_type_checked_inlining action=make_not_entrant pc=0x0000028ad9eb3d98 method=org.eclipse.jdt.internal.compiler.parser.Parser.consumeNormalAnnotation(Z)V @ 92 c2
Event: 7398.932 Thread 0x0000028aec9b9660 DEOPT PACKING pc=0x0000028ad9eb3d98 sp=0x000000cb1eafe720
Event: 7398.932 Thread 0x0000028aec9b9660 DEOPT UNPACKING pc=0x0000028ad91f66a3 sp=0x000000cb1eafe6b0 mode 2
Event: 7411.100 Thread 0x0000028aebe03e30 Uncommon trap: trap_request=0xffffff45 fr.pc=0x0000028ada5b2518 relative=0x00000000000010d8
Event: 7411.100 Thread 0x0000028aebe03e30 Uncommon trap: reason=unstable_if action=reinterpret pc=0x0000028ada5b2518 method=java.util.concurrent.ConcurrentHashMap.putVal(Ljava/lang/Object;Ljava/lang/Object;Z)Ljava/lang/Object; @ 162 c2
Event: 7411.100 Thread 0x0000028aebe03e30 DEOPT PACKING pc=0x0000028ada5b2518 sp=0x000000cb1c9fdbe0
Event: 7411.100 Thread 0x0000028aebe03e30 DEOPT UNPACKING pc=0x0000028ad91f66a3 sp=0x000000cb1c9fdb78 mode 2

Classes loaded (20 events):
Event: 7316.534 Loading class java/nio/HeapByteBufferR
Event: 7316.535 Loading class java/nio/HeapByteBufferR done
Event: 7331.319 Loading class jdk/internal/misc/ScopedMemoryAccess$Scope$Handle
Event: 7331.320 Loading class jdk/internal/misc/ScopedMemoryAccess$Scope$Handle done
Event: 7346.575 Loading class jdk/internal/module/IllegalAccessLogger
Event: 7346.575 Loading class jdk/internal/module/IllegalAccessLogger done
Event: 7347.069 Loading class jdk/internal/module/IllegalAccessLogger
Event: 7347.069 Loading class jdk/internal/module/IllegalAccessLogger done
Event: 7366.643 Loading class jdk/internal/module/IllegalAccessLogger
Event: 7366.643 Loading class jdk/internal/module/IllegalAccessLogger done
Event: 7375.365 Loading class jdk/internal/module/IllegalAccessLogger
Event: 7375.365 Loading class jdk/internal/module/IllegalAccessLogger done
Event: 7391.330 Loading class jdk/internal/module/IllegalAccessLogger
Event: 7391.330 Loading class jdk/internal/module/IllegalAccessLogger done
Event: 7392.839 Loading class jdk/internal/module/IllegalAccessLogger
Event: 7392.839 Loading class jdk/internal/module/IllegalAccessLogger done
Event: 7396.855 Loading class jdk/internal/module/IllegalAccessLogger
Event: 7396.855 Loading class jdk/internal/module/IllegalAccessLogger done
Event: 7410.316 Loading class jdk/internal/module/IllegalAccessLogger
Event: 7410.316 Loading class jdk/internal/module/IllegalAccessLogger done

Classes unloaded (20 events):
Event: 7343.021 Thread 0x0000028acd8b2d90 Unloading class 0x00000001009011e0 'org/apache/maven/shared/filtering/MavenReaderFilterRequest'
Event: 7343.021 Thread 0x0000028acd8b2d90 Unloading class 0x0000000100900ed0 'org/apache/maven/shared/filtering/MavenFileFilterRequest'
Event: 7343.021 Thread 0x0000028acd8b2d90 Unloading class 0x0000000100900cd8 'org/codehaus/plexus/interpolation/Interpolator'
Event: 7343.021 Thread 0x0000028acd8b2d90 Unloading class 0x0000000100900ae0 'org/codehaus/plexus/interpolation/BasicInterpolator'
Event: 7343.021 Thread 0x0000028acd8b2d90 Unloading class 0x00000001009008e8 'org/codehaus/plexus/interpolation/ValueSource'
Event: 7343.021 Thread 0x0000028acd8b2d90 Unloading class 0x0000000100900528 'org/apache/maven/shared/filtering/MavenResourcesExecution'
Event: 7343.021 Thread 0x0000028acd8b2d90 Unloading class 0x0000000100900258 'org/apache/maven/shared/filtering/AbstractMavenFilteringRequest'
Event: 7343.021 Thread 0x0000028acd8b2d90 Unloading class 0x0000000100900000 'org/apache/maven/shared/filtering/MavenFilteringException'
Event: 7343.021 Thread 0x0000028acd8b2d90 Unloading class 0x00000001008f9d50 'org/apache/maven/shared/filtering/DefaultMavenResourcesFiltering'
Event: 7343.021 Thread 0x0000028acd8b2d90 Unloading class 0x00000001008f9b58 'org/apache/maven/shared/filtering/MavenResourcesFiltering'
Event: 7343.021 Thread 0x0000028acd8b2d90 Unloading class 0x00000001008f98d0 'org/apache/maven/shared/filtering/DefaultMavenReaderFilter'
Event: 7343.021 Thread 0x0000028acd8b2d90 Unloading class 0x00000001008f96d8 'org/apache/maven/shared/filtering/MavenReaderFilter'
Event: 7343.021 Thread 0x0000028acd8b2d90 Unloading class 0x00000001008f9440 'org/apache/maven/shared/filtering/DefaultMavenFileFilter'
Event: 7343.021 Thread 0x0000028acd8b2d90 Unloading class 0x00000001008f91f8 'org/apache/maven/shared/filtering/BaseFilter'
Event: 7343.022 Thread 0x0000028acd8b2d90 Unloading class 0x00000001008f9000 'org/apache/maven/shared/filtering/MavenFileFilter'
Event: 7343.022 Thread 0x0000028acd8b2d90 Unloading class 0x0000000100982588 'org/apache/maven/shared/filtering/DefaultFilterInfo'
Event: 7343.022 Thread 0x0000028acd8b2d90 Unloading class 0x0000000100982280 'org/apache/maven/plugins/resources/TestResourcesMojo'
Event: 7343.022 Thread 0x0000028acd8b2d90 Unloading class 0x0000000100982000 'org/apache/maven/plugins/maven_resources_plugin/HelpMojo'
Event: 7343.022 Thread 0x0000028acd8b2d90 Unloading class 0x0000000100729308 'org/apache/maven/plugins/resources/CopyResourcesMojo'
Event: 7343.022 Thread 0x0000028acd8b2d90 Unloading class 0x0000000100729000 'org/apache/maven/plugins/resources/ResourcesMojo'

Classes redefined (0 events):
No events

Internal exceptions (20 events):
Event: 7374.963 Thread 0x0000028aea893f60 Exception <a 'sun/nio/fs/WindowsException'{0x00000000eacddaa8}> (0x00000000eacddaa8) 
thrown [s\src\hotspot\share\prims\jni.cpp, line 516]
Event: 7375.009 Thread 0x0000028aea893f60 Exception <a 'sun/nio/fs/WindowsException'{0x00000000eac583f8}> (0x00000000eac583f8) 
thrown [s\src\hotspot\share\prims\jni.cpp, line 516]
Event: 7375.035 Thread 0x0000028aea893f60 Exception <a 'sun/nio/fs/WindowsException'{0x00000000ead0f450}> (0x00000000ead0f450) 
thrown [s\src\hotspot\share\prims\jni.cpp, line 516]
Event: 7375.060 Thread 0x0000028aea893f60 Exception <a 'sun/nio/fs/WindowsException'{0x00000000eab91948}> (0x00000000eab91948) 
thrown [s\src\hotspot\share\prims\jni.cpp, line 516]
Event: 7375.538 Thread 0x0000028aea893f60 Exception <a 'sun/nio/fs/WindowsException'{0x00000000ead06010}> (0x00000000ead06010) 
thrown [s\src\hotspot\share\prims\jni.cpp, line 516]
Event: 7375.564 Thread 0x0000028aea893f60 Exception <a 'sun/nio/fs/WindowsException'{0x00000000eadce9a0}> (0x00000000eadce9a0) 
thrown [s\src\hotspot\share\prims\jni.cpp, line 516]
Event: 7375.708 Thread 0x0000028aea893f60 Exception <a 'sun/nio/fs/WindowsException'{0x00000000eabce078}> (0x00000000eabce078) 
thrown [s\src\hotspot\share\prims\jni.cpp, line 516]
Event: 7375.762 Thread 0x0000028aea893f60 Exception <a 'sun/nio/fs/WindowsException'{0x00000000ead6bcb0}> (0x00000000ead6bcb0) 
thrown [s\src\hotspot\share\prims\jni.cpp, line 516]
Event: 7375.832 Thread 0x0000028aea893f60 Exception <a 'sun/nio/fs/WindowsException'{0x00000000eab3a7a8}> (0x00000000eab3a7a8) 
thrown [s\src\hotspot\share\prims\jni.cpp, line 516]
Event: 7375.886 Thread 0x0000028aea893f60 Exception <a 'sun/nio/fs/WindowsException'{0x00000000eaeacd98}> (0x00000000eaeacd98) 
thrown [s\src\hotspot\share\prims\jni.cpp, line 516]
Event: 7391.007 Thread 0x0000028aea893f60 Implicit null exception at 0x0000028adaf99200 to 0x0000028adaf9a25c
Event: 7391.067 Thread 0x0000028aea893f60 Exception <a 'sun/nio/fs/WindowsException'{0x00000000ead95718}> (0x00000000ead95718) 
thrown [s\src\hotspot\share\prims\jni.cpp, line 516]
Event: 7391.112 Thread 0x0000028aec9b4050 Exception <a 'java/lang/ArrayIndexOutOfBoundsException'{0x00000000eac042f0}> (0x00000000eac042f0) 
thrown [s\src\hotspot\share\runtime\sharedRuntime.cpp, line 631]
Event: 7391.781 Thread 0x0000028aea893f60 Exception <a 'sun/nio/fs/WindowsException'{0x00000000eae22b90}> (0x00000000eae22b90) 
thrown [s\src\hotspot\share\prims\jni.cpp, line 516]
Event: 7393.917 Thread 0x0000028aea893f60 Exception <a 'sun/nio/fs/WindowsException'{0x00000000eafd2c90}> (0x00000000eafd2c90) 
thrown [s\src\hotspot\share\prims\jni.cpp, line 516]
Event: 7394.512 Thread 0x0000028aea893f60 Exception <a 'sun/nio/fs/WindowsException'{0x00000000eacefc50}> (0x00000000eacefc50) 
thrown [s\src\hotspot\share\prims\jni.cpp, line 516]
Event: 7396.707 Thread 0x0000028aea893f60 Exception <a 'sun/nio/fs/WindowsException'{0x00000000eabcde68}> (0x00000000eabcde68) 
thrown [s\src\hotspot\share\prims\jni.cpp, line 516]
Event: 7397.238 Thread 0x0000028aea893f60 Exception <a 'sun/nio/fs/WindowsException'{0x00000000eacd6528}> (0x00000000eacd6528) 
thrown [s\src\hotspot\share\prims\jni.cpp, line 516]
Event: 7410.102 Thread 0x0000028aea893f60 Exception <a 'sun/nio/fs/WindowsException'{0x00000000eacbd6a8}> (0x00000000eacbd6a8) 
thrown [s\src\hotspot\share\prims\jni.cpp, line 516]
Event: 7411.331 Thread 0x0000028aea893f60 Exception <a 'sun/nio/fs/WindowsException'{0x00000000eaf97e78}> (0x00000000eaf97e78) 
thrown [s\src\hotspot\share\prims\jni.cpp, line 516]

VM Operations (20 events):
Event: 7410.194 Executing VM operation: ParallelGCFailedAllocation
Event: 7410.201 Executing VM operation: ParallelGCFailedAllocation done
Event: 7410.222 Executing VM operation: ParallelGCFailedAllocation
Event: 7410.228 Executing VM operation: ParallelGCFailedAllocation done
Event: 7410.247 Executing VM operation: ParallelGCFailedAllocation
Event: 7410.253 Executing VM operation: ParallelGCFailedAllocation done
Event: 7410.282 Executing VM operation: ParallelGCFailedAllocation
Event: 7410.286 Executing VM operation: ParallelGCFailedAllocation done
Event: 7410.333 Executing VM operation: ParallelGCFailedAllocation
Event: 7410.337 Executing VM operation: ParallelGCFailedAllocation done
Event: 7410.418 Executing VM operation: ParallelGCFailedAllocation
Event: 7410.423 Executing VM operation: ParallelGCFailedAllocation done
Event: 7410.530 Executing VM operation: ParallelGCFailedAllocation
Event: 7410.535 Executing VM operation: ParallelGCFailedAllocation done
Event: 7410.677 Executing VM operation: ParallelGCFailedAllocation
Event: 7410.690 Executing VM operation: ParallelGCFailedAllocation done
Event: 7410.822 Executing VM operation: ParallelGCFailedAllocation
Event: 7411.042 Executing VM operation: ParallelGCFailedAllocation done
Event: 7411.088 Executing VM operation: ParallelGCFailedAllocation
Event: 7411.092 Executing VM operation: ParallelGCFailedAllocation done

Memory protections (0 events):
No events

Nmethod flushes (20 events):
Event: 7397.426 Thread 0x0000028acd8bd180 flushing  nmethod 0x0000028ad3c40710
Event: 7397.426 Thread 0x0000028acd8bd180 flushing  nmethod 0x0000028ad3c89310
Event: 7397.426 Thread 0x0000028acd8bd180 flushing  nmethod 0x0000028ad3cba590
Event: 7397.426 Thread 0x0000028acd8bd180 flushing  nmethod 0x0000028ad3cbb810
Event: 7397.428 Thread 0x0000028acd8bd180 flushing  nmethod 0x0000028ad3d49590
Event: 7397.428 Thread 0x0000028acd8bd180 flushing  nmethod 0x0000028ad3d54010
Event: 7397.428 Thread 0x0000028acd8bd180 flushing  nmethod 0x0000028ad3d54d90
Event: 7397.429 Thread 0x0000028acd8bd180 flushing  nmethod 0x0000028ad3de2090
Event: 7397.429 Thread 0x0000028acd8bd180 flushing  nmethod 0x0000028ad3e30c10
Event: 7397.430 Thread 0x0000028acd8bd180 flushing  nmethod 0x0000028ad3ea9190
Event: 7397.430 Thread 0x0000028acd8bd180 flushing  nmethod 0x0000028ad3ef3b90
Event: 7397.430 Thread 0x0000028acd8bd180 flushing  nmethod 0x0000028ad3f48710
Event: 7397.437 Thread 0x0000028acd8bd180 flushing  nmethod 0x0000028ad42ee090
Event: 7397.438 Thread 0x0000028acd8bd180 flushing  nmethod 0x0000028ad4355890
Event: 7397.439 Thread 0x0000028acd8bd180 flushing  nmethod 0x0000028ad444b810
Event: 7397.441 Thread 0x0000028acd8bd180 flushing  nmethod 0x0000028ad4735b10
Event: 7397.442 Thread 0x0000028acd8bd180 flushing  nmethod 0x0000028ad48ea410
Event: 7397.448 Thread 0x0000028acd8bd180 flushing  nmethod 0x0000028ad4d35490
Event: 7397.449 Thread 0x0000028acd8bd180 flushing  nmethod 0x0000028ad4e66210
Event: 7397.450 Thread 0x0000028acd8bd180 flushing  nmethod 0x0000028ad4ea6f90

Events (20 events):
Event: 7367.966 Thread 0x0000028acd8ba4b0 Thread added: 0x0000028aec14aee0
Event: 7369.982 Thread 0x0000028aec14aee0 Thread exited: 0x0000028aec14aee0
Event: 7373.574 Thread 0x0000028ae88ed750 Thread added: 0x0000028aec147f10
Event: 7373.733 Thread 0x0000028ae88ed750 Thread added: 0x0000028aec149ef0
Event: 7373.741 Thread 0x0000028aec9b4050 Thread added: 0x0000028aebe05c90
Event: 7373.871 Thread 0x0000028aec149ef0 Thread exited: 0x0000028aec149ef0
Event: 7374.070 Thread 0x0000028aec147f10 Thread exited: 0x0000028aec147f10
Event: 7384.263 Thread 0x0000028aebe07af0 Thread added: 0x0000028aebe04340
Event: 7391.692 Thread 0x0000028aec9b9660 Thread added: 0x0000028aebe09950
Event: 7393.089 Thread 0x0000028acd8ba4b0 Thread added: 0x0000028aeccc11f0
Event: 7394.324 Thread 0x0000028aeccc11f0 Thread exited: 0x0000028aeccc11f0
Event: 7396.918 Thread 0x0000028ae88ed750 Thread added: 0x0000028aeccbfcb0
Event: 7397.747 Thread 0x0000028aeccbfcb0 Thread exited: 0x0000028aeccbfcb0
Event: 7403.958 Thread 0x0000028ae88ed750 Thread added: 0x0000028aeccbfcb0
Event: 7404.294 Thread 0x0000028aeccbfcb0 Thread exited: 0x0000028aeccbfcb0
Event: 7407.014 Thread 0x0000028aec9b9b70 Thread exited: 0x0000028aec9b9b70
Event: 7407.014 Thread 0x0000028aec9b5490 Thread exited: 0x0000028aec9b5490
Event: 7410.327 Thread 0x0000028acd8ba4b0 Thread added: 0x0000028aeccc11f0
Event: 7410.663 Thread 0x0000028acd8ba4b0 Thread added: 0x0000028aeccbfcb0
Event: 7411.055 Thread 0x0000028aeccbfcb0 Thread exited: 0x0000028aeccbfcb0


Dynamic libraries:
0x00007ff71f010000 - 0x00007ff71f01e000 	c:\Users\Cesar\.vscode\extensions\redhat.java-1.37.0-win32-x64\jre\17.0.13-win32-x86_64\bin\java.exe
0x00007ffd5bbd0000 - 0x00007ffd5bdc8000 	C:\Windows\SYSTEM32\ntdll.dll
0x00007ffd5a940000 - 0x00007ffd5aa02000 	C:\Windows\System32\KERNEL32.DLL
0x00007ffd597a0000 - 0x00007ffd59a9e000 	C:\Windows\System32\KERNELBASE.dll
0x00007ffd59270000 - 0x00007ffd59370000 	C:\Windows\System32\ucrtbase.dll
0x00007ffd4e6d0000 - 0x00007ffd4e6ee000 	c:\Users\Cesar\.vscode\extensions\redhat.java-1.37.0-win32-x64\jre\17.0.13-win32-x86_64\bin\VCRUNTIME140.dll
0x00007ffd4f280000 - 0x00007ffd4f297000 	c:\Users\Cesar\.vscode\extensions\redhat.java-1.37.0-win32-x64\jre\17.0.13-win32-x86_64\bin\jli.dll
0x00007ffd59eb0000 - 0x00007ffd5a04d000 	C:\Windows\System32\USER32.dll
0x00007ffd42180000 - 0x00007ffd4241a000 	C:\Windows\WinSxS\amd64_microsoft.windows.common-controls_6595b64144ccf1df_6.0.19041.4355_none_60b8b9eb71f62e16\COMCTL32.dll
0x00007ffd595b0000 - 0x00007ffd595d2000 	C:\Windows\System32\win32u.dll
0x00007ffd5baf0000 - 0x00007ffd5bb8e000 	C:\Windows\System32\msvcrt.dll
0x00007ffd59e80000 - 0x00007ffd59eab000 	C:\Windows\System32\GDI32.dll
0x00007ffd59680000 - 0x00007ffd59797000 	C:\Windows\System32\gdi32full.dll
0x00007ffd595e0000 - 0x00007ffd5967d000 	C:\Windows\System32\msvcp_win.dll
0x00007ffd5b200000 - 0x00007ffd5b22f000 	C:\Windows\System32\IMM32.DLL
0x00007ffd54de0000 - 0x00007ffd54dec000 	c:\Users\Cesar\.vscode\extensions\redhat.java-1.37.0-win32-x64\jre\17.0.13-win32-x86_64\bin\vcruntime140_1.dll
0x00007ffd2c320000 - 0x00007ffd2c3ad000 	c:\Users\Cesar\.vscode\extensions\redhat.java-1.37.0-win32-x64\jre\17.0.13-win32-x86_64\bin\msvcp140.dll
0x00007ffcfdd80000 - 0x00007ffcfe9eb000 	c:\Users\Cesar\.vscode\extensions\redhat.java-1.37.0-win32-x64\jre\17.0.13-win32-x86_64\bin\server\jvm.dll
0x00007ffd59bf0000 - 0x00007ffd59ca1000 	C:\Windows\System32\ADVAPI32.dll
0x00007ffd5a740000 - 0x00007ffd5a7df000 	C:\Windows\System32\sechost.dll
0x00007ffd5b3e0000 - 0x00007ffd5b503000 	C:\Windows\System32\RPCRT4.dll
0x00007ffd59b10000 - 0x00007ffd59b37000 	C:\Windows\System32\bcrypt.dll
0x00007ffd5a7e0000 - 0x00007ffd5a84b000 	C:\Windows\System32\WS2_32.dll
0x00007ffd587c0000 - 0x00007ffd5880b000 	C:\Windows\SYSTEM32\POWRPROF.dll
0x00007ffd40670000 - 0x00007ffd40697000 	C:\Windows\SYSTEM32\WINMM.dll
0x00007ffd4f980000 - 0x00007ffd4f98a000 	C:\Windows\SYSTEM32\VERSION.dll
0x00007ffd58630000 - 0x00007ffd58642000 	C:\Windows\SYSTEM32\UMPDC.dll
0x00007ffd57a50000 - 0x00007ffd57a62000 	C:\Windows\SYSTEM32\kernel.appcore.dll
0x00007ffd54d40000 - 0x00007ffd54d4a000 	c:\Users\Cesar\.vscode\extensions\redhat.java-1.37.0-win32-x64\jre\17.0.13-win32-x86_64\bin\jimage.dll
0x00007ffd56fb0000 - 0x00007ffd57194000 	C:\Windows\SYSTEM32\DBGHELP.DLL
0x00007ffd40630000 - 0x00007ffd40664000 	C:\Windows\SYSTEM32\dbgcore.DLL
0x00007ffd59370000 - 0x00007ffd593f2000 	C:\Windows\System32\bcryptPrimitives.dll
0x00007ffd54c90000 - 0x00007ffd54c9e000 	c:\Users\Cesar\.vscode\extensions\redhat.java-1.37.0-win32-x64\jre\17.0.13-win32-x86_64\bin\instrument.dll
0x00007ffd44080000 - 0x00007ffd440a5000 	c:\Users\Cesar\.vscode\extensions\redhat.java-1.37.0-win32-x64\jre\17.0.13-win32-x86_64\bin\java.dll
0x00007ffd43ee0000 - 0x00007ffd43ef8000 	c:\Users\Cesar\.vscode\extensions\redhat.java-1.37.0-win32-x64\jre\17.0.13-win32-x86_64\bin\zip.dll
0x00007ffd5aa20000 - 0x00007ffd5b18d000 	C:\Windows\System32\SHELL32.dll
0x00007ffd571a0000 - 0x00007ffd57944000 	C:\Windows\SYSTEM32\windows.storage.dll
0x00007ffd5b5e0000 - 0x00007ffd5b933000 	C:\Windows\System32\combase.dll
0x00007ffd58bc0000 - 0x00007ffd58bee000 	C:\Windows\SYSTEM32\Wldp.dll
0x00007ffd5a0e0000 - 0x00007ffd5a1ad000 	C:\Windows\System32\OLEAUT32.dll
0x00007ffd59dd0000 - 0x00007ffd59e7d000 	C:\Windows\System32\SHCORE.dll
0x00007ffd59d70000 - 0x00007ffd59dc5000 	C:\Windows\System32\shlwapi.dll
0x00007ffd591a0000 - 0x00007ffd591c4000 	C:\Windows\SYSTEM32\profapi.dll
0x00007ffd3d1e0000 - 0x00007ffd3d1f9000 	C:\Users\Cesar\.vscode\extensions\redhat.java-1.37.0-win32-x64\jre\17.0.13-win32-x86_64\bin\net.dll
0x00007ffd50360000 - 0x00007ffd5046d000 	C:\Windows\SYSTEM32\WINHTTP.dll
0x00007ffd589a0000 - 0x00007ffd58a0a000 	C:\Windows\system32\mswsock.dll
0x00007ffd39b10000 - 0x00007ffd39b26000 	C:\Users\Cesar\.vscode\extensions\redhat.java-1.37.0-win32-x64\jre\17.0.13-win32-x86_64\bin\nio.dll
0x00007ffd54b40000 - 0x00007ffd54b50000 	c:\Users\Cesar\.vscode\extensions\redhat.java-1.37.0-win32-x64\jre\17.0.13-win32-x86_64\bin\verify.dll
0x00007ffd33510000 - 0x00007ffd33555000 	C:\Users\Cesar\AppData\Roaming\Code\User\globalStorage\redhat.java\1.37.0\config_win\org.eclipse.equinox.launcher\org.eclipse.equinox.launcher.win32.win32.x86_64_1.2.1100.v20240722-2106\eclipse_11904.dll
0x00007ffd5b2b0000 - 0x00007ffd5b3db000 	C:\Windows\System32\ole32.dll
0x00007ffd58f50000 - 0x00007ffd58f68000 	C:\Windows\SYSTEM32\CRYPTSP.dll
0x00007ffd58270000 - 0x00007ffd582a4000 	C:\Windows\system32\rsaenh.dll
0x00007ffd59120000 - 0x00007ffd5914e000 	C:\Windows\SYSTEM32\USERENV.dll
0x00007ffd58b30000 - 0x00007ffd58b3c000 	C:\Windows\SYSTEM32\CRYPTBASE.dll
0x00007ffd58650000 - 0x00007ffd5868b000 	C:\Windows\SYSTEM32\IPHLPAPI.DLL
0x00007ffd5b1f0000 - 0x00007ffd5b1f8000 	C:\Windows\System32\NSI.dll
0x00007ffd51400000 - 0x00007ffd51417000 	C:\Windows\SYSTEM32\dhcpcsvc6.DLL
0x00007ffd516d0000 - 0x00007ffd516ed000 	C:\Windows\SYSTEM32\dhcpcsvc.DLL
0x00007ffd58690000 - 0x00007ffd5875a000 	C:\Windows\SYSTEM32\DNSAPI.dll
0x00007ffd2bc90000 - 0x00007ffd2bcd9000 	C:\Users\Cesar\AppData\Local\Temp\jna-64998434\jna7160713054849928364.dll
0x00007ffd5aa10000 - 0x00007ffd5aa18000 	C:\Windows\System32\PSAPI.DLL
0x00007ffd4f570000 - 0x00007ffd4f57e000 	C:\Users\Cesar\.vscode\extensions\redhat.java-1.37.0-win32-x64\jre\17.0.13-win32-x86_64\bin\sunmscapi.dll
0x00007ffd59450000 - 0x00007ffd595ac000 	C:\Windows\System32\CRYPT32.dll
0x00007ffd58c30000 - 0x00007ffd58c57000 	C:\Windows\SYSTEM32\ncrypt.dll
0x00007ffd58bf0000 - 0x00007ffd58c2b000 	C:\Windows\SYSTEM32\NTASN1.dll
0x00007ffd51860000 - 0x00007ffd5186a000 	C:\Windows\System32\rasadhlp.dll
0x00007ffd4f1d0000 - 0x00007ffd4f250000 	C:\Windows\System32\fwpuclnt.dll
0x00007ffd40080000 - 0x00007ffd40089000 	C:\Users\Cesar\.vscode\extensions\redhat.java-1.37.0-win32-x64\jre\17.0.13-win32-x86_64\bin\extnet.dll
0x00007ffd4cb90000 - 0x00007ffd4cb9a000 	C:\Users\Cesar\.vscode\extensions\redhat.java-1.37.0-win32-x64\jre\17.0.13-win32-x86_64\bin\management.dll
0x00007ffd43ed0000 - 0x00007ffd43edb000 	C:\Users\Cesar\.vscode\extensions\redhat.java-1.37.0-win32-x64\jre\17.0.13-win32-x86_64\bin\management_ext.dll

dbghelp: loaded successfully - version: 4.0.5 - missing functions: none
symbol engine: initialized successfully - sym options: 0x614 - pdb path: .;c:\Users\Cesar\.vscode\extensions\redhat.java-1.37.0-win32-x64\jre\17.0.13-win32-x86_64\bin;C:\Windows\SYSTEM32;C:\Windows\WinSxS\amd64_microsoft.windows.common-controls_6595b64144ccf1df_6.0.19041.4355_none_60b8b9eb71f62e16;c:\Users\Cesar\.vscode\extensions\redhat.java-1.37.0-win32-x64\jre\17.0.13-win32-x86_64\bin\server;C:\Users\Cesar\AppData\Roaming\Code\User\globalStorage\redhat.java\1.37.0\config_win\org.eclipse.equinox.launcher\org.eclipse.equinox.launcher.win32.win32.x86_64_1.2.1100.v20240722-2106;C:\Users\Cesar\AppData\Local\Temp\jna-64998434

VM Arguments:
jvm_args: --add-modules=ALL-SYSTEM --add-opens=java.base/java.util=ALL-UNNAMED --add-opens=java.base/java.lang=ALL-UNNAMED --add-opens=java.base/sun.nio.fs=ALL-UNNAMED -Declipse.application=org.eclipse.jdt.ls.core.id1 -Dosgi.bundles.defaultStartLevel=4 -Declipse.product=org.eclipse.jdt.ls.core.product -Djava.import.generatesMetadataFilesAtProjectRoot=false -DDetectVMInstallationsJob.disabled=true -Dfile.encoding=utf8 -XX:+UseParallelGC -XX:GCTimeRatio=4 -XX:AdaptiveSizePolicyWeight=90 -Dsun.zip.disableMemoryMapping=true -Xmx1G -Xms100m -Xlog:disable -javaagent:c:\Users\Cesar\.vscode\extensions\redhat.java-1.37.0-win32-x64\lombok\lombok-1.18.34.jar -XX:+HeapDumpOnOutOfMemoryError -XX:HeapDumpPath=c:\Users\Cesar\AppData\Roaming\Code\User\workspaceStorage\53e68585b729e7424bba8c485f5dc05e\redhat.java -Daether.dependencyCollector.impl=bf 
java_command: c:\Users\Cesar\.vscode\extensions\redhat.java-1.37.0-win32-x64\server\plugins\org.eclipse.equinox.launcher_1.6.900.v20240613-2009.jar -configuration c:\Users\Cesar\AppData\Roaming\Code\User\globalStorage\redhat.java\1.37.0\config_win -data c:\Users\Cesar\AppData\Roaming\Code\User\workspaceStorage\53e68585b729e7424bba8c485f5dc05e\redhat.java\jdt_ws --pipe=\\.\pipe\lsp-f742023bbf433244e032eb1ea71495db-sock
java_class_path (initial): c:\Users\Cesar\.vscode\extensions\redhat.java-1.37.0-win32-x64\server\plugins\org.eclipse.equinox.launcher_1.6.900.v20240613-2009.jar
Launcher Type: SUN_STANDARD

[Global flags]
    uintx AdaptiveSizePolicyWeight                 = 90                                        {product} {command line}
     intx CICompilerCount                          = 4                                         {product} {ergonomic}
    uintx GCTimeRatio                              = 4                                         {product} {command line}
     bool HeapDumpOnOutOfMemoryError               = true                                   {manageable} {command line}
    ccstr HeapDumpPath                             = c:\Users\Cesar\AppData\Roaming\Code\User\workspaceStorage\53e68585b729e7424bba8c485f5dc05e\redhat.java         {manageable} {command line}
   size_t InitialHeapSize                          = 104857600                                 {product} {command line}
   size_t MaxHeapSize                              = 1073741824                                {product} {command line}
   size_t MaxNewSize                               = 357564416                                 {product} {ergonomic}
   size_t MinHeapDeltaBytes                        = 524288                                    {product} {ergonomic}
   size_t MinHeapSize                              = 104857600                                 {product} {command line}
   size_t NewSize                                  = 34603008                                  {product} {ergonomic}
    uintx NonNMethodCodeHeapSize                   = 5839372                                {pd product} {ergonomic}
    uintx NonProfiledCodeHeapSize                  = 122909434                              {pd product} {ergonomic}
   size_t OldSize                                  = 70254592                                  {product} {ergonomic}
    uintx ProfiledCodeHeapSize                     = 122909434                              {pd product} {ergonomic}
    uintx ReservedCodeCacheSize                    = 251658240                              {pd product} {ergonomic}
     bool SegmentedCodeCache                       = true                                      {product} {ergonomic}
   size_t SoftMaxHeapSize                          = 1073741824                             {manageable} {ergonomic}
     bool UseCompressedClassPointers               = true                           {product lp64_product} {ergonomic}
     bool UseCompressedOops                        = true                           {product lp64_product} {ergonomic}
     bool UseLargePagesIndividualAllocation        = false                                  {pd product} {ergonomic}
     bool UseParallelGC                            = true                                      {product} {command line}

Logging:
Log output configuration:
 #0: stdout all=off uptime,level,tags
 #1: stderr all=off uptime,level,tags

Environment Variables:
JAVA_HOME=C:\Program Files\Java\jdk-23
PATH=C:\Program Files\Common Files\Oracle\Java\javapath;C:\Program Files (x86)\Common Files\Intel\Shared Libraries\redist\intel64_win\compiler;C:\Program Files\Python310\Scripts\;C:\Program Files\Python310\;C:\Windows\system32;C:\Windows;C:\Windows\System32\Wbem;C:\Windows\System32\WindowsPowerShell\v1.0\;C:\Windows\System32\OpenSSH\;C:\Program Files (x86)\NVIDIA Corporation\PhysX\Common;C:\Program Files\NVIDIA Corporation\NVIDIA NvDLISR;C:\Program Files\dotnet\;C:\Program Files\Microsoft SQL Server\Client SDK\ODBC\170\Tools\Binn\;C:\Program Files\Microsoft SQL Server\150\Tools\Binn\;F:\Descargas\ffmpeg-master-latest-win64-gpl-shared\ffmpeg-master-latest-win64-gpl-shared\bin;C:\Spring\jdk-23.0.1\bin;C:\maven\apache-maven-3.9.9\bin;%JAVA_HOME%\bin;C:\Program Files\Git\cmd;C:\Program Files\Git\bin;C:\Program Files\Docker\Docker\resources\bin;C:\Program Files\Python39;C:\Program Files\Python39\Scripts;C:\Users\Cesar\AppData\Local\Programs\Python\Python313\Scripts;C:\Users\Cesar\AppData\Local\Programs\Python\Launcher\;C:\Users\Cesar\AppData\Local\Microsoft\WindowsApps;C:\Users\Cesar\.dotnet\tools;C:\Program Files\Python39\Scripts;C:\Program Files\Python39;C:\Users\Cesar\AppData\Roaming\Python\Python39\site-packages;C:\Program Files\Python39\Lib\site-packages;C:\Program Files\Python39\Lib\site-packages\django\template\backends;C:\Users\Cesar\AppData\Local\Programs\Microsoft VS Code\bin;C:\maven\apache-maven-3.9.9\bin;C:\Program Files\Git\bin;
USERNAME=Cesar
OS=Windows_NT
PROCESSOR_IDENTIFIER=Intel64 Family 6 Model 142 Stepping 10, GenuineIntel
TMP=C:\Users\Cesar\AppData\Local\Temp
TEMP=C:\Users\Cesar\AppData\Local\Temp



Periodic native trim disabled


---------------  S Y S T E M  ---------------

OS:
 Windows 10 , 64 bit Build 19041 (10.0.19041.5198)
OS uptime: 0 days 13:46 hours
Hyper-V role detected

CPU: total 8 (initial active 8) (4 cores per cpu, 2 threads per core) family 6 model 142 stepping 10 microcode 0xb4, cx8, cmov, fxsr, ht, mmx, 3dnowpref, sse, sse2, sse3, ssse3, sse4.1, sse4.2, popcnt, lzcnt, tsc, tscinvbit, avx, avx2, aes, erms, clmul, bmi1, bmi2, adx, fma, vzeroupper, clflush, clflushopt, hv
Processor Information for all 8 processors :
  Max Mhz: 1801, Current Mhz: 1801, Mhz Limit: 1801

Memory: 4k page, system-wide physical 16299M (1288M free)
TotalPageFile size 16299M (AvailPageFile size 46M)
current process WorkingSet (physical memory assigned to process): 557M, peak: 682M
current process commit charge ("private bytes"): 587M, peak: 713M

vm_info: OpenJDK 64-Bit Server VM (17.0.13+11) for windows-amd64 JRE (17.0.13+11), built on Oct 16 2024 00:10:08 by "admin" with MS VC++ 17.7 (VS2022)

END.
