#
# A fatal error has been detected by the Java Runtime Environment:
#
#  EXCEPTION_ACCESS_VIOLATION (0xc0000005) at pc=0x00007fffebc49453, pid=9544, tid=14588
#
# JRE version: Java(TM) SE Runtime Environment (23.0.1+11) (build 23.0.1+11-39)
# Java VM: Java HotSpot(TM) 64-Bit Server VM (23.0.1+11-39, mixed mode, sharing, tiered, compressed oops, compressed class ptrs, g1 gc, windows-amd64)
# Problematic frame:
# V  [jvm.dll+0x319453]
#
# No core dump will be written. Minidumps are not enabled by default on client versions of Windows
#
# If you would like to submit a bug report, please visit:
#   https://bugreport.java.com/bugreport/crash.jsp
#

---------------  S U M M A R Y ------------

Command Line: -Dclassworlds.conf=C:\maven\apache-maven-3.9.9\bin\m2.conf -Dmaven.home=C:\maven\apache-maven-3.9.9 -Dlibrary.jansi.path=C:\maven\apache-maven-3.9.9\lib\jansi-native -Dmaven.multiModuleProjectDirectory=F:\Descargas\iconos web\boliviaXplore org.codehaus.plexus.classworlds.launcher.Launcher spring-boot:run

Host: Intel(R) Core(TM) i5-8250U CPU @ 1.60GHz, 8 cores, 15G,  Windows 10 , 64 bit Build 19041 (10.0.19041.4957)
Time: Sun Nov 10 00:38:20 2024 Hora estándar de Venezuela elapsed time: 4.825452 seconds (0d 0h 0m 4s)

---------------  T H R E A D  ---------------

Current thread (0x000001ad55aa47a0):  WorkerThread "G1 Conc#1"      [id=14588, stack(0x000000381cc00000,0x000000381cd00000) (1024K)]

Stack: [0x000000381cc00000,0x000000381cd00000],  sp=0x000000381ccff750,  free space=1021k
Native frames: (J=compiled Java code, j=interpreted, Vv=VM code, C=native code)
V  [jvm.dll+0x319453]  (no source info available)
V  [jvm.dll+0x330755]  (no source info available)
V  [jvm.dll+0x337334]  (no source info available)
V  [jvm.dll+0x8ae1b7]  (no source info available)
V  [jvm.dll+0x824f8b]  (no source info available)
V  [jvm.dll+0x6df065]  (no source info available)
C  [ucrtbase.dll+0x21bb2]  (no source info available)
C  [KERNEL32.DLL+0x17374]  (no source info available)
C  [ntdll.dll+0x4cc91]  (no source info available)


siginfo: EXCEPTION_ACCESS_VIOLATION (0xc0000005), reading address 0x000001b56ab84bc0


Registers:
RAX=0x000001ad6ab94840, RBX=0x000000070f46dcb4, RCX=0x0000000000000015, RDX=0x00000000ffffe070
RSP=0x000000381ccff750, RBP=0x0000000000000001, RSI=0x000001ad6ab876b0, RDI=0x000000030f467848
R8 =0x000000030f467848, R9 =0x0000000701400000, R10=0x0000000000000003, R11=0x0000000000000003
R12=0x0000000000000001, R13=0x00007fffec514618, R14=0x000000070f600000, R15=0x000000381b2ff950
RIP=0x00007fffebc49453, EFLAGS=0x0000000000010a02


Register to memory mapping:

RAX=0x000001ad6ab94840 points into unknown readable memory: 0x0000000701600000 | 00 00 60 01 07 00 00 00
RBX=
[error occurred during error reporting (printing register info), id 0xc0000005, EXCEPTION_ACCESS_VIOLATION (0xc0000005) at pc=0x00007fffebc49ae6]
RCX=0x0000000000000015 is an unknown value
RDX=0x00000000ffffe070 is an unknown value
RSP=0x000000381ccff750 points into unknown readable memory: 0x000000070f4357f8 | f8 57 43 0f 07 00 00 00
RBP=0x0000000000000001 is an unknown value
RSI=0x000001ad6ab876b0 points into unknown readable memory: 0x000001ad6ab9c7c0 | c0 c7 b9 6a ad 01 00 00
RDI=0x000000030f467848 is an unknown value
R8 =0x000000030f467848 is an unknown value
R9 =0x0000000701400000 is an oop: java.lang.ref.Reference$ReferenceHandler 
{0x0000000701400000} - klass: 'java/lang/ref/Reference$ReferenceHandler'
 - ---- fields (total size 15 words):
 - 'threadLocalRandomProbe' 'I' @12  0 (0x00000000)
 - private volatile 'eetop' 'J' @16  1844604142224 (0x000001ad7af98290)
 - private final 'tid' 'J' @24  9 (0x0000000000000009)
 - 'threadLocalRandomSeed' 'J' @32  0 (0x0000000000000000)
 - injected 'jvmti_thread_state' 'J' @40  0 (0x0000000000000000)
 - 'threadLocalRandomSecondarySeed' 'I' @48  0 (0x00000000)
 - injected 'jvmti_VTMS_transition_disable_count' 'I' @52  0 (0x00000000)
 - injected 'jfr_epoch' 'S' @56  0 (0x0000)
 - volatile 'interrupted' 'Z' @58  false (0x00)
 - injected 'jvmti_is_in_VTMS_transition' 'Z' @59  false (0x00)
 - private volatile 'name' 'Ljava/lang/String;' @60  "Reference Handler"{0x00000007014d1318} (0xe029a263)
 - private volatile 'contextClassLoader' 'Ljava/lang/ClassLoader;' @64  null (0x00000000)
 - private 'inheritedAccessControlContext' 'Ljava/security/AccessControlContext;' @68  a 'java/security/AccessControlContext'{0x00000007014d12f0} (0xe029a25e)
 - private final 'holder' 'Ljava/lang/Thread$FieldHolder;' @72  a 'java/lang/Thread$FieldHolder'{0x00000007014d12c8} (0xe029a259)
 - 'threadLocals' 'Ljava/lang/ThreadLocal$ThreadLocalMap;' @76  null (0x00000000)
 - 'inheritableThreadLocals' 'Ljava/lang/ThreadLocal$ThreadLocalMap;' @80  null (0x00000000)
 - private 'scopedValueBindings' 'Ljava/lang/Object;' @84  a 'java/lang/Class'{0x00000007014004c8} = 'java/lang/Thread' (0xe0280099)
 - final 'interruptLock' 'Ljava/lang/Object;' @88  a 'java/lang/Object'{0x00000007014d12b8} (0xe029a257)
 - private volatile 'parkBlocker' 'Ljava/lang/Object;' @92  null (0x00000000)
 - private 'nioBlocker' 'Lsun/nio/ch/Interruptible;' @96  null (0x00000000)
 - private 'cont' 'Ljdk/internal/vm/Continuation;' @100  null (0x00000000)
 - private volatile 'uncaughtExceptionHandler' 'Ljava/lang/Thread$UncaughtExceptionHandler;' @104  null (0x00000000)
 - private 'container' 'Ljdk/internal/vm/ThreadContainer;' @108  null (0x00000000)
 - private volatile 'headStackableScopes' 'Ljdk/internal/vm/StackableScope;' @112  null (0x00000000)
R10=0x0000000000000003 is an unknown value
R11=0x0000000000000003 is an unknown value
R12=0x0000000000000001 is an unknown value
R13=0x00007fffec514618 jvm.dll
R14=0x000000070f600000 is an oop: java.lang.String 
{0x000000070f600000} - klass: 'java/lang/String'
 - string: "complete"
 - ---- fields (total size 3 words):
 - private 'hash' 'I' @12  -599445191 (0xdc453139)
 - private final 'coder' 'B' @16  0 (0x00)
 - private 'hashIsZero' 'Z' @17  false (0x00)
 - injected 'flags' 'B' @18  0 (0x00)
 - private final 'value' '[B' @20  [B{0x000000070f433ac0} (0xe1e86758)
R15=0x000000381b2ff950 points into unknown readable memory: 0x00007fffec32bbc0 | c0 bb 32 ec ff 7f 00 00

Top of Stack: (sp=0x000000381ccff750)
0x000000381ccff750:   000000070f4357f8 00007fffebc60447
0x000000381ccff760:   000000070f46d56c 00007fffebc60027
0x000000381ccff770:   000000381ccff7d0 00007fffebc60755
0x000000381ccff780:   000001ad0f2a16a8 000001ad6ab876b0
0x000000381ccff790:   000000070f46deec 000000070f600000
0x000000381ccff7a0:   0000000000000130 00007fffebc67334
0x000000381ccff7b0:   000001ad0f171180 000000070f46d570
0x000000381ccff7c0:   000001ad6ab876b0 0000000000000001
0x000000381ccff7d0:   00007fffec32b580 0000000000000000
0x000000381ccff7e0:   0000000000000003 000001ad6ab2f970
0x000000381ccff7f0:   000001ad6ab876b0 0000000000000001
0x000000381ccff800:   000001ad557de748 0000000000000000
0x000000381ccff810:   0000000000000070 0000000000000030
0x000000381ccff820:   000001ad55aa47a0 00007fffec1de1b7
0x000000381ccff830:   000001ad688bb708 0000000000000001
0x000000381ccff840:   000001ad55af79e0 000001ad55af79e0
0x000000381ccff850:   0000000000000000 000001ad55aa47a0
0x000000381ccff860:   0000000000000000 0000000000100000
0x000000381ccff870:   00000000000075a3 00007fffec154f8b
0x000000381ccff880:   000000381cc00000 00000000ffffffff
0x000000381ccff890:   00000000000075a3 0000000000000000
0x000000381ccff8a0:   0000000000000000 00000174e3300000
0x000000381ccff8b0:   0000000100010000 0000000000000000
0x000000381ccff8c0:   0000000000000000 00007fffec155749
0x000000381ccff8d0:   000001ad55aa47a0 0000000000000000
0x000000381ccff8e0:   000001ad55aa47a0 0000000000000000
0x000000381ccff8f0:   0000000000000000 00007fffec00f065
0x000000381ccff900:   000001ad54184da0 000001ad54184da0
0x000000381ccff910:   000001ad55aa47a0 0000000000000000
0x000000381ccff920:   0000000000000000 00007ff855081bb2
0x000000381ccff930:   000001ad000075a3 000001ad54184da0
0x000000381ccff940:   0000000000000000 0000000000000000 

Instructions: (pc=0x00007fffebc49453)
0x00007fffebc49353:   78 0c 05 75 35 48 8b 83 a8 00 00 00 48 39 83 a0
0x00007fffebc49363:   00 00 00 73 10 48 8b 83 c0 00 00 00 48 39 83 b8
0x00007fffebc49373:   00 00 00 72 7f 48 8b cb e8 70 c1 01 00 b0 01 48
0x00007fffebc49383:   8b 5c 24 30 48 83 c4 20 5f c3 48 8b 53 30 44 8b
0x00007fffebc49393:   82 80 00 00 00 8b 82 00 01 00 00 41 8b c8 2b c8
0x00007fffebc493a3:   81 e1 ff ff 01 00 81 f9 fe ff 01 00 72 2c 48 8b
0x00007fffebc493b3:   cb e8 07 b6 01 00 48 8b 53 30 44 8b 82 80 00 00
0x00007fffebc493c3:   00 8b 82 00 01 00 00 41 8b c8 2b c8 81 e1 ff ff
0x00007fffebc493d3:   01 00 81 f9 fe ff 01 00 73 1a 48 8b 82 80 01 00
0x00007fffebc493e3:   00 4a 89 3c c0 41 8d 40 01 25 ff ff 01 00 89 82
0x00007fffebc493f3:   80 00 00 00 48 8b 5c 24 30 b0 01 48 83 c4 20 5f
0x00007fffebc49403:   c3 cc cc cc cc cc cc cc cc cc cc cc cc 48 89 6c
0x00007fffebc49413:   24 10 48 89 74 24 18 57 48 83 ec 20 48 8b 41 08
0x00007fffebc49423:   48 8b f1 8b ea 49 8b f8 49 8b d0 8b 88 10 02 00
0x00007fffebc49433:   00 4c 8b 88 08 02 00 00 48 8b 86 b0 06 00 00 49
0x00007fffebc49443:   d3 e1 8b 0d b5 0e 93 00 49 2b d1 48 d3 ea 8b d2
0x00007fffebc49453:   48 8b 14 d0 4c 3b c2 72 12 32 c0 48 8b 6c 24 38
0x00007fffebc49463:   48 8b 74 24 40 48 83 c4 20 5f c3 48 8b 46 10 48
0x00007fffebc49473:   8d 4e 10 48 8b d7 48 89 5c 24 30 ff 10 8b 4e 28
0x00007fffebc49483:   48 8b d7 48 2b 56 18 48 8b 46 30 48 c1 ea 03 48
0x00007fffebc49493:   d3 ea 48 8b ca 48 c1 e9 06 4c 8d 04 c8 0f b6 ca
0x00007fffebc494a3:   49 8b 00 80 e1 3f ba 01 00 00 00 48 d3 e2 48 8b
0x00007fffebc494b3:   c8 48 0b ca 48 3b c8 74 16 0f 1f 40 00 f0 49 0f
0x00007fffebc494c3:   b1 08 74 25 48 8b c8 48 0b ca 48 3b c8 75 ee 32
0x00007fffebc494d3:   db 48 8b 6c 24 38 0f b6 c3 48 8b 5c 24 30 48 8b
0x00007fffebc494e3:   74 24 40 48 83 c4 20 5f c3 80 3d 37 b7 8c 00 00
0x00007fffebc494f3:   b3 01 74 15 8b 57 08 8b 0d 50 76 92 00 48 d3 e2
0x00007fffebc49503:   48 03 15 3e 76 92 00 eb 04 48 8b 57 08 48 8b cf
0x00007fffebc49513:   e8 c8 05 00 00 48 8b 8e 50 03 00 00 4c 8b d8 4c
0x00007fffebc49523:   8b 0c e9 49 8b 51 18 8b 8a 10 02 00 00 4c 8b 82
0x00007fffebc49533:   08 02 00 00 41 8b 51 60 49 d3 e0 8b 0d bc 0d 93
0x00007fffebc49543:   00 49 2b f8 48 d3 ef 44 8b d7 49 23 d2 48 c1 e2 


Stack slot to memory mapping:

stack at sp + 0 slots: 
[error occurred during error reporting (inspecting top of stack), id 0xc0000005, EXCEPTION_ACCESS_VIOLATION (0xc0000005) at pc=0x00007fffebc49ae6]
stack at sp + 1 slots: 0x00007fffebc60447 jvm.dll
stack at sp + 2 slots: 
[error occurred during error reporting (inspecting top of stack, attempt 2), id 0xc0000005, EXCEPTION_ACCESS_VIOLATION (0xc0000005) at pc=0x00007fffebc49ae6]
stack at sp + 3 slots: 0x00007fffebc60027 jvm.dll
stack at sp + 4 slots: 0x000000381ccff7d0 points into unknown readable memory: 0x00007fffec32b580 | 80 b5 32 ec ff 7f 00 00
stack at sp + 5 slots: 0x00007fffebc60755 jvm.dll
stack at sp + 6 slots: 0x000001ad0f2a16a8 is pointing into metadata
stack at sp + 7 slots: 0x000001ad6ab876b0 points into unknown readable memory: 0x000001ad6ab9c7c0 | c0 c7 b9 6a ad 01 00 00


---------------  P R O C E S S  ---------------

Threads class SMR info:
_java_thread_list=0x000001ad57192480, length=13, elements={
0x000001ad688002a0, 0x000001ad7af98290, 0x000001ad7af99260, 0x000001ad7af9ba70,
0x000001ad7af9e690, 0x000001ad7af9f6b0, 0x000001ad7afa02c0, 0x000001ad7afa6710,
0x000001ad7afb7b50, 0x000001ad5415ad40, 0x000001ad54163610, 0x000001ad558d55e0,
0x000001ad5577ab50
}

Java Threads: ( => current thread )
  0x000001ad688002a0 JavaThread "main"                              [_thread_in_vm, id=9496, stack(0x000000381b000000,0x000000381b100000) (1024K)]
  0x000001ad7af98290 JavaThread "Reference Handler"          daemon [_thread_blocked, id=13432, stack(0x000000381b800000,0x000000381b900000) (1024K)]
  0x000001ad7af99260 JavaThread "Finalizer"                  daemon [_thread_blocked, id=12604, stack(0x000000381b900000,0x000000381ba00000) (1024K)]
  0x000001ad7af9ba70 JavaThread "Signal Dispatcher"          daemon [_thread_blocked, id=6892, stack(0x000000381ba00000,0x000000381bb00000) (1024K)]
  0x000001ad7af9e690 JavaThread "Attach Listener"            daemon [_thread_blocked, id=1476, stack(0x000000381bb00000,0x000000381bc00000) (1024K)]
  0x000001ad7af9f6b0 JavaThread "Service Thread"             daemon [_thread_blocked, id=14900, stack(0x000000381bc00000,0x000000381bd00000) (1024K)]
  0x000001ad7afa02c0 JavaThread "Monitor Deflation Thread"   daemon [_thread_blocked, id=2532, stack(0x000000381bd00000,0x000000381be00000) (1024K)]
  0x000001ad7afa6710 JavaThread "C2 CompilerThread0"         daemon [_thread_in_native, id=10472, stack(0x000000381be00000,0x000000381bf00000) (1024K)]
  0x000001ad7afb7b50 JavaThread "C1 CompilerThread0"         daemon [_thread_blocked, id=2292, stack(0x000000381bf00000,0x000000381c000000) (1024K)]
  0x000001ad5415ad40 JavaThread "Notification Thread"        daemon [_thread_blocked, id=12648, stack(0x000000381c000000,0x000000381c100000) (1024K)]
  0x000001ad54163610 JavaThread "Common-Cleaner"             daemon [_thread_blocked, id=14364, stack(0x000000381c100000,0x000000381c200000) (1024K)]
  0x000001ad558d55e0 JavaThread "C2 CompilerThread1"         daemon [_thread_in_native, id=6064, stack(0x000000381c200000,0x000000381c300000) (1024K)]
  0x000001ad5577ab50 JavaThread "Thread-1"                   daemon [_thread_blocked, id=2784, stack(0x000000381c300000,0x000000381c400000) (1024K)]
Total: 13

Other Threads:
  0x000001ad7af7cf10 VMThread "VM Thread"                           [id=2136, stack(0x000000381b700000,0x000000381b800000) (1024K)]
  0x000001ad7af678c0 WatcherThread "VM Periodic Task Thread"        [id=13976, stack(0x000000381b600000,0x000000381b700000) (1024K)]
  0x000001ad6ab86fb0 WorkerThread "GC Thread#0"                     [id=6808, stack(0x000000381b100000,0x000000381b200000) (1024K)]
  0x000001ad55554800 WorkerThread "GC Thread#1"                     [id=8416, stack(0x000000381c400000,0x000000381c500000) (1024K)]
  0x000001ad54c0e940 WorkerThread "GC Thread#2"                     [id=13512, stack(0x000000381c500000,0x000000381c600000) (1024K)]
  0x000001ad55348400 WorkerThread "GC Thread#3"                     [id=2492, stack(0x000000381c600000,0x000000381c700000) (1024K)]
  0x000001ad5511a7b0 WorkerThread "GC Thread#4"                     [id=11188, stack(0x000000381c700000,0x000000381c800000) (1024K)]
  0x000001ad5511ab60 WorkerThread "GC Thread#5"                     [id=7228, stack(0x000000381c800000,0x000000381c900000) (1024K)]
  0x000001ad54c4adb0 WorkerThread "GC Thread#6"                     [id=2132, stack(0x000000381c900000,0x000000381ca00000) (1024K)]
  0x000001ad54c46580 WorkerThread "GC Thread#7"                     [id=2760, stack(0x000000381ca00000,0x000000381cb00000) (1024K)]
  0x000001ad6ab9c7c0 ConcurrentGCThread "G1 Main Marker"            [id=2140, stack(0x000000381b200000,0x000000381b300000) (1024K)]
  0x000001ad6ab9e2e0 WorkerThread "G1 Conc#0"                       [id=7776, stack(0x000000381b300000,0x000000381b400000) (1024K)]
=>0x000001ad55aa47a0 WorkerThread "G1 Conc#1"                       [id=14588, stack(0x000000381cc00000,0x000000381cd00000) (1024K)]
  0x000001ad7ae2d550 ConcurrentGCThread "G1 Refine#0"               [id=11524, stack(0x000000381b400000,0x000000381b500000) (1024K)]
  0x000001ad7ae2dee0 ConcurrentGCThread "G1 Service"                [id=12848, stack(0x000000381b500000,0x000000381b600000) (1024K)]
Total: 15

Threads with active compile tasks:
C2 CompilerThread0  4947 5233   !   4       jdk.internal.loader.BuiltinClassLoader::loadClassOrNull (143 bytes)
C2 CompilerThread1  4947 5234       4       java.lang.invoke.MethodType::makeImpl (109 bytes)
Total: 2

VM state: not at safepoint (normal execution)

VM Mutex/Monitor currently owned by a thread: None

Heap address: 0x0000000701400000, size: 4076 MB, Compressed Oops mode: Zero based, Oop shift amount: 3

CDS archive(s) mapped at: [0x000001ad0f000000-0x000001ad0fd70000-0x000001ad0fd70000), size 14090240, SharedBaseAddress: 0x000001ad0f000000, ArchiveRelocationMode: 1.
Compressed class space mapped at: 0x000001ad10000000-0x000001ad50000000, reserved size: 1073741824
Narrow klass base: 0x000001ad0f000000, Narrow klass shift: 0, Narrow klass range: 0x41000000

GC Precious Log:
 CardTable entry size: 512
 Card Set container configuration: InlinePtr #cards 4 size 8 Array Of Cards #cards 16 size 48 Howl #buckets 8 coarsen threshold 3686 Howl Bitmap #cards 512 size 80 coarsen threshold 460 Card regions per heap region 1 cards per card region 4096
 CPUs: 8 total, 8 available
 Memory: 16299M
 Large Page Support: Disabled
 NUMA Support: Disabled
 Compressed Oops: Enabled (Zero based)
 Heap Region Size: 2M
 Heap Min Capacity: 8M
 Heap Initial Capacity: 256M
 Heap Max Capacity: 4076M
 Pre-touch: Disabled
 Parallel Workers: 8
 Concurrent Workers: 2
 Concurrent Refinement Workers: 8
 Periodic GC: Disabled

Heap:
 garbage-first heap   total reserved 4173824K, committed 262144K, used 24318K [0x0000000701400000, 0x0000000800000000)
  region size 2048K, 5 young (10240K), 4 survivors (8192K)
 Metaspace       used 23946K, committed 24256K, reserved 1114112K
  class space    used 2867K, committed 3008K, reserved 1048576K

Heap Regions: E=young(eden), S=young(survivor), O=old, HS=humongous(starts), HC=humongous(continues), CS=collection set, F=free, TAMS=top-at-mark-start, PB=parsable bottom
|   0|0x0000000701400000, 0x0000000701600000, 0x0000000701600000|100%| O|  |TAMS 0x0000000701600000| PB 0x0000000701400000| Untracked |  0
|   1|0x0000000701600000, 0x0000000701800000, 0x0000000701800000|100%| O|  |TAMS 0x0000000701800000| PB 0x0000000701600000| Untracked |  0
|   2|0x0000000701800000, 0x0000000701a00000, 0x0000000701a00000|100%|HS|  |TAMS 0x0000000701a00000| PB 0x0000000701800000| Complete |  0
|   3|0x0000000701a00000, 0x0000000701c00000, 0x0000000701c00000|100%|HS|  |TAMS 0x0000000701c00000| PB 0x0000000701a00000| Complete |  0
|   4|0x0000000701c00000, 0x0000000701c00000, 0x0000000701e00000|  0%| F|  |TAMS 0x0000000701c00000| PB 0x0000000701c00000| Untracked |  0
|   5|0x0000000701e00000, 0x0000000701e00000, 0x0000000702000000|  0%| F|  |TAMS 0x0000000701e00000| PB 0x0000000701e00000| Untracked |  0
|   6|0x0000000702000000, 0x0000000702000000, 0x0000000702200000|  0%| F|  |TAMS 0x0000000702000000| PB 0x0000000702000000| Untracked |  0
|   7|0x0000000702200000, 0x0000000702200000, 0x0000000702400000|  0%| F|  |TAMS 0x0000000702200000| PB 0x0000000702200000| Untracked |  0
|   8|0x0000000702400000, 0x0000000702400000, 0x0000000702600000|  0%| F|  |TAMS 0x0000000702400000| PB 0x0000000702400000| Untracked |  0
|   9|0x0000000702600000, 0x0000000702600000, 0x0000000702800000|  0%| F|  |TAMS 0x0000000702600000| PB 0x0000000702600000| Untracked |  0
|  10|0x0000000702800000, 0x0000000702800000, 0x0000000702a00000|  0%| F|  |TAMS 0x0000000702800000| PB 0x0000000702800000| Untracked |  0
|  11|0x0000000702a00000, 0x0000000702a00000, 0x0000000702c00000|  0%| F|  |TAMS 0x0000000702a00000| PB 0x0000000702a00000| Untracked |  0
|  12|0x0000000702c00000, 0x0000000702c00000, 0x0000000702e00000|  0%| F|  |TAMS 0x0000000702c00000| PB 0x0000000702c00000| Untracked |  0
|  13|0x0000000702e00000, 0x0000000702e00000, 0x0000000703000000|  0%| F|  |TAMS 0x0000000702e00000| PB 0x0000000702e00000| Untracked |  0
|  14|0x0000000703000000, 0x0000000703000000, 0x0000000703200000|  0%| F|  |TAMS 0x0000000703000000| PB 0x0000000703000000| Untracked |  0
|  15|0x0000000703200000, 0x0000000703200000, 0x0000000703400000|  0%| F|  |TAMS 0x0000000703200000| PB 0x0000000703200000| Untracked |  0
|  16|0x0000000703400000, 0x0000000703400000, 0x0000000703600000|  0%| F|  |TAMS 0x0000000703400000| PB 0x0000000703400000| Untracked |  0
|  17|0x0000000703600000, 0x0000000703600000, 0x0000000703800000|  0%| F|  |TAMS 0x0000000703600000| PB 0x0000000703600000| Untracked |  0
|  18|0x0000000703800000, 0x0000000703a00000, 0x0000000703a00000|100%| O|  |TAMS 0x0000000703a00000| PB 0x0000000703800000| Untracked |  0
|  19|0x0000000703a00000, 0x0000000703c00000, 0x0000000703c00000|100%| O|  |TAMS 0x0000000703c00000| PB 0x0000000703a00000| Untracked |  0
|  20|0x0000000703c00000, 0x0000000703e00000, 0x0000000703e00000|100%| O|  |TAMS 0x0000000703e00000| PB 0x0000000703c00000| Untracked |  0
|  21|0x0000000703e00000, 0x0000000703fd22c0, 0x0000000704000000| 91%| O|  |TAMS 0x0000000703fd22c0| PB 0x0000000703e00000| Untracked |  0
|  22|0x0000000704000000, 0x0000000704000000, 0x0000000704200000|  0%| F|  |TAMS 0x0000000704000000| PB 0x0000000704000000| Untracked |  0
|  23|0x0000000704200000, 0x0000000704200000, 0x0000000704400000|  0%| F|  |TAMS 0x0000000704200000| PB 0x0000000704200000| Untracked |  0
|  24|0x0000000704400000, 0x0000000704400000, 0x0000000704600000|  0%| F|  |TAMS 0x0000000704400000| PB 0x0000000704400000| Untracked |  0
|  25|0x0000000704600000, 0x0000000704600000, 0x0000000704800000|  0%| F|  |TAMS 0x0000000704600000| PB 0x0000000704600000| Untracked |  0
|  26|0x0000000704800000, 0x0000000704800000, 0x0000000704a00000|  0%| F|  |TAMS 0x0000000704800000| PB 0x0000000704800000| Untracked |  0
|  27|0x0000000704a00000, 0x0000000704a00000, 0x0000000704c00000|  0%| F|  |TAMS 0x0000000704a00000| PB 0x0000000704a00000| Untracked |  0
|  28|0x0000000704c00000, 0x0000000704c00000, 0x0000000704e00000|  0%| F|  |TAMS 0x0000000704c00000| PB 0x0000000704c00000| Untracked |  0
|  29|0x0000000704e00000, 0x0000000704e00000, 0x0000000705000000|  0%| F|  |TAMS 0x0000000704e00000| PB 0x0000000704e00000| Untracked |  0
|  30|0x0000000705000000, 0x0000000705000000, 0x0000000705200000|  0%| F|  |TAMS 0x0000000705000000| PB 0x0000000705000000| Untracked |  0
|  31|0x0000000705200000, 0x0000000705200000, 0x0000000705400000|  0%| F|  |TAMS 0x0000000705200000| PB 0x0000000705200000| Untracked |  0
|  32|0x0000000705400000, 0x0000000705400000, 0x0000000705600000|  0%| F|  |TAMS 0x0000000705400000| PB 0x0000000705400000| Untracked |  0
|  33|0x0000000705600000, 0x0000000705600000, 0x0000000705800000|  0%| F|  |TAMS 0x0000000705600000| PB 0x0000000705600000| Untracked |  0
|  34|0x0000000705800000, 0x0000000705800000, 0x0000000705a00000|  0%| F|  |TAMS 0x0000000705800000| PB 0x0000000705800000| Untracked |  0
|  35|0x0000000705a00000, 0x0000000705a00000, 0x0000000705c00000|  0%| F|  |TAMS 0x0000000705a00000| PB 0x0000000705a00000| Untracked |  0
|  36|0x0000000705c00000, 0x0000000705c00000, 0x0000000705e00000|  0%| F|  |TAMS 0x0000000705c00000| PB 0x0000000705c00000| Untracked |  0
|  37|0x0000000705e00000, 0x0000000705e00000, 0x0000000706000000|  0%| F|  |TAMS 0x0000000705e00000| PB 0x0000000705e00000| Untracked |  0
|  38|0x0000000706000000, 0x0000000706000000, 0x0000000706200000|  0%| F|  |TAMS 0x0000000706000000| PB 0x0000000706000000| Untracked |  0
|  39|0x0000000706200000, 0x0000000706200000, 0x0000000706400000|  0%| F|  |TAMS 0x0000000706200000| PB 0x0000000706200000| Untracked |  0
|  40|0x0000000706400000, 0x0000000706400000, 0x0000000706600000|  0%| F|  |TAMS 0x0000000706400000| PB 0x0000000706400000| Untracked |  0
|  41|0x0000000706600000, 0x0000000706600000, 0x0000000706800000|  0%| F|  |TAMS 0x0000000706600000| PB 0x0000000706600000| Untracked |  0
|  42|0x0000000706800000, 0x0000000706800000, 0x0000000706a00000|  0%| F|  |TAMS 0x0000000706800000| PB 0x0000000706800000| Untracked |  0
|  43|0x0000000706a00000, 0x0000000706a00000, 0x0000000706c00000|  0%| F|  |TAMS 0x0000000706a00000| PB 0x0000000706a00000| Untracked |  0
|  44|0x0000000706c00000, 0x0000000706c00000, 0x0000000706e00000|  0%| F|  |TAMS 0x0000000706c00000| PB 0x0000000706c00000| Untracked |  0
|  45|0x0000000706e00000, 0x0000000706e00000, 0x0000000707000000|  0%| F|  |TAMS 0x0000000706e00000| PB 0x0000000706e00000| Untracked |  0
|  46|0x0000000707000000, 0x0000000707000000, 0x0000000707200000|  0%| F|  |TAMS 0x0000000707000000| PB 0x0000000707000000| Untracked |  0
|  47|0x0000000707200000, 0x0000000707200000, 0x0000000707400000|  0%| F|  |TAMS 0x0000000707200000| PB 0x0000000707200000| Untracked |  0
|  48|0x0000000707400000, 0x0000000707400000, 0x0000000707600000|  0%| F|  |TAMS 0x0000000707400000| PB 0x0000000707400000| Untracked |  0
|  49|0x0000000707600000, 0x0000000707600000, 0x0000000707800000|  0%| F|  |TAMS 0x0000000707600000| PB 0x0000000707600000| Untracked |  0
|  50|0x0000000707800000, 0x0000000707800000, 0x0000000707a00000|  0%| F|  |TAMS 0x0000000707800000| PB 0x0000000707800000| Untracked |  0
|  51|0x0000000707a00000, 0x0000000707a00000, 0x0000000707c00000|  0%| F|  |TAMS 0x0000000707a00000| PB 0x0000000707a00000| Untracked |  0
|  52|0x0000000707c00000, 0x0000000707c00000, 0x0000000707e00000|  0%| F|  |TAMS 0x0000000707c00000| PB 0x0000000707c00000| Untracked |  0
|  53|0x0000000707e00000, 0x0000000707e00000, 0x0000000708000000|  0%| F|  |TAMS 0x0000000707e00000| PB 0x0000000707e00000| Untracked |  0
|  54|0x0000000708000000, 0x0000000708000000, 0x0000000708200000|  0%| F|  |TAMS 0x0000000708000000| PB 0x0000000708000000| Untracked |  0
|  55|0x0000000708200000, 0x0000000708200000, 0x0000000708400000|  0%| F|  |TAMS 0x0000000708200000| PB 0x0000000708200000| Untracked |  0
|  56|0x0000000708400000, 0x0000000708400000, 0x0000000708600000|  0%| F|  |TAMS 0x0000000708400000| PB 0x0000000708400000| Untracked |  0
|  57|0x0000000708600000, 0x0000000708600000, 0x0000000708800000|  0%| F|  |TAMS 0x0000000708600000| PB 0x0000000708600000| Untracked |  0
|  58|0x0000000708800000, 0x0000000708800000, 0x0000000708a00000|  0%| F|  |TAMS 0x0000000708800000| PB 0x0000000708800000| Untracked |  0
|  59|0x0000000708a00000, 0x0000000708a00000, 0x0000000708c00000|  0%| F|  |TAMS 0x0000000708a00000| PB 0x0000000708a00000| Untracked |  0
|  60|0x0000000708c00000, 0x0000000708c00000, 0x0000000708e00000|  0%| F|  |TAMS 0x0000000708c00000| PB 0x0000000708c00000| Untracked |  0
|  61|0x0000000708e00000, 0x0000000708e00000, 0x0000000709000000|  0%| F|  |TAMS 0x0000000708e00000| PB 0x0000000708e00000| Untracked |  0
|  62|0x0000000709000000, 0x0000000709000000, 0x0000000709200000|  0%| F|  |TAMS 0x0000000709000000| PB 0x0000000709000000| Untracked |  0
|  63|0x0000000709200000, 0x0000000709200000, 0x0000000709400000|  0%| F|  |TAMS 0x0000000709200000| PB 0x0000000709200000| Untracked |  0
|  64|0x0000000709400000, 0x0000000709400000, 0x0000000709600000|  0%| F|  |TAMS 0x0000000709400000| PB 0x0000000709400000| Untracked |  0
|  65|0x0000000709600000, 0x0000000709600000, 0x0000000709800000|  0%| F|  |TAMS 0x0000000709600000| PB 0x0000000709600000| Untracked |  0
|  66|0x0000000709800000, 0x0000000709800000, 0x0000000709a00000|  0%| F|  |TAMS 0x0000000709800000| PB 0x0000000709800000| Untracked |  0
|  67|0x0000000709a00000, 0x0000000709a00000, 0x0000000709c00000|  0%| F|  |TAMS 0x0000000709a00000| PB 0x0000000709a00000| Untracked |  0
|  68|0x0000000709c00000, 0x0000000709c00000, 0x0000000709e00000|  0%| F|  |TAMS 0x0000000709c00000| PB 0x0000000709c00000| Untracked |  0
|  69|0x0000000709e00000, 0x0000000709e00000, 0x000000070a000000|  0%| F|  |TAMS 0x0000000709e00000| PB 0x0000000709e00000| Untracked |  0
|  70|0x000000070a000000, 0x000000070a000000, 0x000000070a200000|  0%| F|  |TAMS 0x000000070a000000| PB 0x000000070a000000| Untracked |  0
|  71|0x000000070a200000, 0x000000070a200000, 0x000000070a400000|  0%| F|  |TAMS 0x000000070a200000| PB 0x000000070a200000| Untracked |  0
|  72|0x000000070a400000, 0x000000070a400000, 0x000000070a600000|  0%| F|  |TAMS 0x000000070a400000| PB 0x000000070a400000| Untracked |  0
|  73|0x000000070a600000, 0x000000070a600000, 0x000000070a800000|  0%| F|  |TAMS 0x000000070a600000| PB 0x000000070a600000| Untracked |  0
|  74|0x000000070a800000, 0x000000070a800000, 0x000000070aa00000|  0%| F|  |TAMS 0x000000070a800000| PB 0x000000070a800000| Untracked |  0
|  75|0x000000070aa00000, 0x000000070aa00000, 0x000000070ac00000|  0%| F|  |TAMS 0x000000070aa00000| PB 0x000000070aa00000| Untracked |  0
|  76|0x000000070ac00000, 0x000000070ac00000, 0x000000070ae00000|  0%| F|  |TAMS 0x000000070ac00000| PB 0x000000070ac00000| Untracked |  0
|  77|0x000000070ae00000, 0x000000070ae00000, 0x000000070b000000|  0%| F|  |TAMS 0x000000070ae00000| PB 0x000000070ae00000| Untracked |  0
|  78|0x000000070b000000, 0x000000070b000000, 0x000000070b200000|  0%| F|  |TAMS 0x000000070b000000| PB 0x000000070b000000| Untracked |  0
|  79|0x000000070b200000, 0x000000070b200000, 0x000000070b400000|  0%| F|  |TAMS 0x000000070b200000| PB 0x000000070b200000| Untracked |  0
|  80|0x000000070b400000, 0x000000070b400000, 0x000000070b600000|  0%| F|  |TAMS 0x000000070b400000| PB 0x000000070b400000| Untracked |  0
|  81|0x000000070b600000, 0x000000070b600000, 0x000000070b800000|  0%| F|  |TAMS 0x000000070b600000| PB 0x000000070b600000| Untracked |  0
|  82|0x000000070b800000, 0x000000070b800000, 0x000000070ba00000|  0%| F|  |TAMS 0x000000070b800000| PB 0x000000070b800000| Untracked |  0
|  83|0x000000070ba00000, 0x000000070ba00000, 0x000000070bc00000|  0%| F|  |TAMS 0x000000070ba00000| PB 0x000000070ba00000| Untracked |  0
|  84|0x000000070bc00000, 0x000000070bc00000, 0x000000070be00000|  0%| F|  |TAMS 0x000000070bc00000| PB 0x000000070bc00000| Untracked |  0
|  85|0x000000070be00000, 0x000000070be00000, 0x000000070c000000|  0%| F|  |TAMS 0x000000070be00000| PB 0x000000070be00000| Untracked |  0
|  86|0x000000070c000000, 0x000000070c000000, 0x000000070c200000|  0%| F|  |TAMS 0x000000070c000000| PB 0x000000070c000000| Untracked |  0
|  87|0x000000070c200000, 0x000000070c200000, 0x000000070c400000|  0%| F|  |TAMS 0x000000070c200000| PB 0x000000070c200000| Untracked |  0
|  88|0x000000070c400000, 0x000000070c400000, 0x000000070c600000|  0%| F|  |TAMS 0x000000070c400000| PB 0x000000070c400000| Untracked |  0
|  89|0x000000070c600000, 0x000000070c600000, 0x000000070c800000|  0%| F|  |TAMS 0x000000070c600000| PB 0x000000070c600000| Untracked |  0
|  90|0x000000070c800000, 0x000000070c800000, 0x000000070ca00000|  0%| F|  |TAMS 0x000000070c800000| PB 0x000000070c800000| Untracked |  0
|  91|0x000000070ca00000, 0x000000070ca00000, 0x000000070cc00000|  0%| F|  |TAMS 0x000000070ca00000| PB 0x000000070ca00000| Untracked |  0
|  92|0x000000070cc00000, 0x000000070cc00000, 0x000000070ce00000|  0%| F|  |TAMS 0x000000070cc00000| PB 0x000000070cc00000| Untracked |  0
|  93|0x000000070ce00000, 0x000000070ce00000, 0x000000070d000000|  0%| F|  |TAMS 0x000000070ce00000| PB 0x000000070ce00000| Untracked |  0
|  94|0x000000070d000000, 0x000000070d000000, 0x000000070d200000|  0%| F|  |TAMS 0x000000070d000000| PB 0x000000070d000000| Untracked |  0
|  95|0x000000070d200000, 0x000000070d200000, 0x000000070d400000|  0%| F|  |TAMS 0x000000070d200000| PB 0x000000070d200000| Untracked |  0
|  96|0x000000070d400000, 0x000000070d400000, 0x000000070d600000|  0%| F|  |TAMS 0x000000070d400000| PB 0x000000070d400000| Untracked |  0
|  97|0x000000070d600000, 0x000000070d600000, 0x000000070d800000|  0%| F|  |TAMS 0x000000070d600000| PB 0x000000070d600000| Untracked |  0
|  98|0x000000070d800000, 0x000000070d800000, 0x000000070da00000|  0%| F|  |TAMS 0x000000070d800000| PB 0x000000070d800000| Untracked |  0
|  99|0x000000070da00000, 0x000000070da00000, 0x000000070dc00000|  0%| F|  |TAMS 0x000000070da00000| PB 0x000000070da00000| Untracked |  0
| 100|0x000000070dc00000, 0x000000070dc00000, 0x000000070de00000|  0%| F|  |TAMS 0x000000070dc00000| PB 0x000000070dc00000| Untracked |  0
| 101|0x000000070de00000, 0x000000070de00000, 0x000000070e000000|  0%| F|  |TAMS 0x000000070de00000| PB 0x000000070de00000| Untracked |  0
| 102|0x000000070e000000, 0x000000070e000000, 0x000000070e200000|  0%| F|  |TAMS 0x000000070e000000| PB 0x000000070e000000| Untracked |  0
| 103|0x000000070e200000, 0x000000070e200000, 0x000000070e400000|  0%| F|  |TAMS 0x000000070e200000| PB 0x000000070e200000| Untracked |  0
| 104|0x000000070e400000, 0x000000070e400000, 0x000000070e600000|  0%| F|  |TAMS 0x000000070e400000| PB 0x000000070e400000| Untracked |  0
| 105|0x000000070e600000, 0x000000070e600000, 0x000000070e800000|  0%| F|  |TAMS 0x000000070e600000| PB 0x000000070e600000| Untracked |  0
| 106|0x000000070e800000, 0x000000070e800000, 0x000000070ea00000|  0%| F|  |TAMS 0x000000070e800000| PB 0x000000070e800000| Untracked |  0
| 107|0x000000070ea00000, 0x000000070ea00000, 0x000000070ec00000|  0%| F|  |TAMS 0x000000070ea00000| PB 0x000000070ea00000| Untracked |  0
| 108|0x000000070ec00000, 0x000000070ec00000, 0x000000070ee00000|  0%| F|  |TAMS 0x000000070ec00000| PB 0x000000070ec00000| Untracked |  0
| 109|0x000000070ee00000, 0x000000070ee00000, 0x000000070f000000|  0%| F|  |TAMS 0x000000070ee00000| PB 0x000000070ee00000| Untracked |  0
| 110|0x000000070f000000, 0x000000070f1ed5c0, 0x000000070f200000| 96%| S|CS|TAMS 0x000000070f000000| PB 0x000000070f000000| Complete |  0
| 111|0x000000070f200000, 0x000000070f400000, 0x000000070f400000|100%| S|CS|TAMS 0x000000070f200000| PB 0x000000070f200000| Complete |  0
| 112|0x000000070f400000, 0x000000070f600000, 0x000000070f600000|100%| S|CS|TAMS 0x000000070f400000| PB 0x000000070f400000| Complete |  0
| 113|0x000000070f600000, 0x000000070f800000, 0x000000070f800000|100%| S|CS|TAMS 0x000000070f600000| PB 0x000000070f600000| Complete |  0
| 114|0x000000070f800000, 0x000000070f800000, 0x000000070fa00000|  0%| F|  |TAMS 0x000000070f800000| PB 0x000000070f800000| Untracked |  0
| 115|0x000000070fa00000, 0x000000070fa00000, 0x000000070fc00000|  0%| F|  |TAMS 0x000000070fa00000| PB 0x000000070fa00000| Untracked |  0
| 116|0x000000070fc00000, 0x000000070fc00000, 0x000000070fe00000|  0%| F|  |TAMS 0x000000070fc00000| PB 0x000000070fc00000| Untracked |  0
| 117|0x000000070fe00000, 0x000000070fe00000, 0x0000000710000000|  0%| F|  |TAMS 0x000000070fe00000| PB 0x000000070fe00000| Untracked |  0
| 118|0x0000000710000000, 0x0000000710000000, 0x0000000710200000|  0%| F|  |TAMS 0x0000000710000000| PB 0x0000000710000000| Untracked |  0
| 119|0x0000000710200000, 0x0000000710200000, 0x0000000710400000|  0%| F|  |TAMS 0x0000000710200000| PB 0x0000000710200000| Untracked |  0
| 120|0x0000000710400000, 0x0000000710400000, 0x0000000710600000|  0%| F|  |TAMS 0x0000000710400000| PB 0x0000000710400000| Untracked |  0
| 121|0x0000000710600000, 0x0000000710600000, 0x0000000710800000|  0%| F|  |TAMS 0x0000000710600000| PB 0x0000000710600000| Untracked |  0
| 122|0x0000000710800000, 0x0000000710800000, 0x0000000710a00000|  0%| F|  |TAMS 0x0000000710800000| PB 0x0000000710800000| Untracked |  0
| 123|0x0000000710a00000, 0x0000000710a00000, 0x0000000710c00000|  0%| F|  |TAMS 0x0000000710a00000| PB 0x0000000710a00000| Untracked |  0
| 124|0x0000000710c00000, 0x0000000710c00000, 0x0000000710e00000|  0%| F|  |TAMS 0x0000000710c00000| PB 0x0000000710c00000| Untracked |  0
| 125|0x0000000710e00000, 0x0000000710e00000, 0x0000000711000000|  0%| F|  |TAMS 0x0000000710e00000| PB 0x0000000710e00000| Untracked |  0
| 126|0x0000000711000000, 0x000000071104ecc0, 0x0000000711200000| 15%| E|  |TAMS 0x0000000711000000| PB 0x0000000711000000| Complete |  0
| 127|0x0000000711200000, 0x0000000711400000, 0x0000000711400000|100%| E|CS|TAMS 0x0000000711200000| PB 0x0000000711200000| Complete |  0

Card table byte_map: [0x000001ad73d90000,0x000001ad74590000] _byte_map_base: 0x000001ad70586000

Marking Bits: (CMBitMap*) 0x000001ad6ab876c0
 Bits: [0x000001ad74590000, 0x000001ad78540000)

Polling page: 0x000001ad6a2f0000

Metaspace:

Usage:
  Non-class:     20.62 MB used.
      Class:      2.81 MB used.
       Both:     23.43 MB used.

Virtual space:
  Non-class space:       64.00 MB reserved,      20.81 MB ( 33%) committed,  1 nodes.
      Class space:        1.00 GB reserved,       2.94 MB ( <1%) committed,  1 nodes.
             Both:        1.06 GB reserved,      23.75 MB (  2%) committed. 

Chunk freelists:
   Non-Class:  10.86 MB
       Class:  13.03 MB
        Both:  23.89 MB

MaxMetaspaceSize: unlimited
CompressedClassSpaceSize: 1.00 GB
Initial GC threshold: 21.00 MB
Current GC threshold: 23.81 MB
CDS: on
 - commit_granule_bytes: 65536.
 - commit_granule_words: 8192.
 - virtual_space_node_default_size: 8388608.
 - enlarge_chunks_in_place: 1.
 - use_allocation_guard: 0.


Internal statistics:

num_allocs_failed_limit: 27.
num_arena_births: 218.
num_arena_deaths: 0.
num_vsnodes_births: 2.
num_vsnodes_deaths: 0.
num_space_committed: 380.
num_space_uncommitted: 0.
num_chunks_returned_to_freelist: 27.
num_chunks_taken_from_freelist: 1035.
num_chunk_merges: 27.
num_chunk_splits: 772.
num_chunks_enlarged: 604.
num_inconsistent_stats: 0.

CodeHeap 'non-profiled nmethods': size=120064Kb used=2251Kb max_used=2251Kb free=117812Kb
 bounds [0x000001ad07ac0000, 0x000001ad07d30000, 0x000001ad0f000000]
CodeHeap 'profiled nmethods': size=120000Kb used=8204Kb max_used=8204Kb free=111796Kb
 bounds [0x000001ad00000000, 0x000001ad00810000, 0x000001ad07530000]
CodeHeap 'non-nmethods': size=5696Kb used=1451Kb max_used=1523Kb free=4244Kb
 bounds [0x000001ad07530000, 0x000001ad077a0000, 0x000001ad07ac0000]
CodeCache: size=245760Kb, used=11906Kb, max_used=11978Kb, free=233852Kb
 total_blobs=5832, nmethods=5283, adapters=453, full_count=0
Compilation: enabled, stopped_count=0, restarted_count=0

Compilation events (20 events):
Event: 4.793 Thread 0x000001ad7afb7b50 5258       3       jdk.internal.jimage.BasicImageReader::findLocation (57 bytes)
Event: 4.793 Thread 0x000001ad7afb7b50 nmethod 5258 0x000001ad007f7408 code [0x000001ad007f7600, 0x000001ad007f8070]
Event: 4.794 Thread 0x000001ad7afb7b50 5259       3       java.nio.DirectByteBuffer::<init> (60 bytes)
Event: 4.794 Thread 0x000001ad7afb7b50 nmethod 5259 0x000001ad007f8108 code [0x000001ad007f8260, 0x000001ad007f8680]
Event: 4.794 Thread 0x000001ad7afb7b50 5260       3       java.nio.MappedByteBuffer::<init> (24 bytes)
Event: 4.794 Thread 0x000001ad7afb7b50 nmethod 5260 0x000001ad007f8708 code [0x000001ad007f8820, 0x000001ad007f89d8]
Event: 4.794 Thread 0x000001ad7afb7b50 5262       3       java.nio.DirectByteBufferR::<init> (25 bytes)
Event: 4.794 Thread 0x000001ad7afb7b50 nmethod 5262 0x000001ad007f8a08 code [0x000001ad007f8b20, 0x000001ad007f8ca0]
Event: 4.794 Thread 0x000001ad7afb7b50 5263       3       java.nio.DirectByteBufferR::slice (74 bytes)
Event: 4.794 Thread 0x000001ad7afb7b50 nmethod 5263 0x000001ad007f8d08 code [0x000001ad007f8e40, 0x000001ad007f90f0]
Event: 4.795 Thread 0x000001ad7afb7b50 5261   !   3       jdk.internal.jimage.BasicImageReader::getResourceBuffer (203 bytes)
Event: 4.796 Thread 0x000001ad7afb7b50 nmethod 5261 0x000001ad007f9188 code [0x000001ad007f9520, 0x000001ad007fad58]
Event: 4.807 Thread 0x000001ad7afb7b50 5264   !   3       jdk.internal.ref.PhantomCleanable::isListEmpty (34 bytes)
Event: 4.808 Thread 0x000001ad7afb7b50 nmethod 5264 0x000001ad007fae08 code [0x000001ad007faf20, 0x000001ad007fb218]
Event: 4.808 Thread 0x000001ad7afb7b50 5265       3       jdk.internal.misc.InnocuousThread::eraseThreadLocals (23 bytes)
Event: 4.808 Thread 0x000001ad7afb7b50 nmethod 5265 0x000001ad007fb288 code [0x000001ad007fb3a0, 0x000001ad007fb598]
Event: 4.808 Thread 0x000001ad7afb7b50 5266       3       java.lang.invoke.MethodHandleNatives$CallSiteContext::run (5 bytes)
Event: 4.808 Thread 0x000001ad7afb7b50 nmethod 5266 0x000001ad007fb608 code [0x000001ad007fb720, 0x000001ad007fb858]
Event: 4.808 Thread 0x000001ad5577de00 nmethod 5236 0x000001ad07cebb08 code [0x000001ad07cebcc0, 0x000001ad07cec9c8]
Event: 4.808 Thread 0x000001ad5577de00 5255       4       jdk.internal.jimage.BasicImageReader::match (37 bytes)

GC Heap History (10 events):
Event: 0.950 GC heap before
{Heap before GC invocations=0 (full 0):
 garbage-first heap   total reserved 4173824K, committed 262144K, used 22528K [0x0000000701400000, 0x0000000800000000)
  region size 2048K, 12 young (24576K), 0 survivors (0K)
 Metaspace       used 5932K, committed 6080K, reserved 1114112K
  class space    used 734K, committed 832K, reserved 1048576K
}
Event: 0.955 GC heap after
{Heap after GC invocations=1 (full 0):
 garbage-first heap   total reserved 4173824K, committed 262144K, used 3923K [0x0000000701400000, 0x0000000800000000)
  region size 2048K, 2 young (4096K), 2 survivors (4096K)
 Metaspace       used 5932K, committed 6080K, reserved 1114112K
  class space    used 734K, committed 832K, reserved 1048576K
}
Event: 1.518 GC heap before
{Heap before GC invocations=1 (full 0):
 garbage-first heap   total reserved 4173824K, committed 262144K, used 26451K [0x0000000701400000, 0x0000000800000000)
  region size 2048K, 13 young (26624K), 2 survivors (4096K)
 Metaspace       used 8778K, committed 8960K, reserved 1114112K
  class space    used 1075K, committed 1152K, reserved 1048576K
}
Event: 1.523 GC heap after
{Heap after GC invocations=2 (full 0):
 garbage-first heap   total reserved 4173824K, committed 262144K, used 4938K [0x0000000701400000, 0x0000000800000000)
  region size 2048K, 1 young (2048K), 1 survivors (2048K)
 Metaspace       used 8778K, committed 8960K, reserved 1114112K
  class space    used 1075K, committed 1152K, reserved 1048576K
}
Event: 3.145 GC heap before
{Heap before GC invocations=2 (full 0):
 garbage-first heap   total reserved 4173824K, committed 262144K, used 70474K [0x0000000701400000, 0x0000000800000000)
  region size 2048K, 33 young (67584K), 1 survivors (2048K)
 Metaspace       used 15993K, committed 16256K, reserved 1114112K
  class space    used 1955K, committed 2048K, reserved 1048576K
}
Event: 3.155 GC heap after
{Heap after GC invocations=3 (full 0):
 garbage-first heap   total reserved 4173824K, committed 262144K, used 13756K [0x0000000701400000, 0x0000000800000000)
  region size 2048K, 5 young (10240K), 5 survivors (10240K)
 Metaspace       used 15993K, committed 16256K, reserved 1114112K
  class space    used 1955K, committed 2048K, reserved 1048576K
}
Event: 4.216 GC heap before
{Heap before GC invocations=3 (full 0):
 garbage-first heap   total reserved 4173824K, committed 262144K, used 103868K [0x0000000701400000, 0x0000000800000000)
  region size 2048K, 33 young (67584K), 5 survivors (10240K)
 Metaspace       used 17541K, committed 17792K, reserved 1114112K
  class space    used 2095K, committed 2176K, reserved 1048576K
}
Event: 4.226 GC heap after
{Heap after GC invocations=4 (full 0):
 garbage-first heap   total reserved 4173824K, committed 262144K, used 15847K [0x0000000701400000, 0x0000000800000000)
  region size 2048K, 2 young (4096K), 2 survivors (4096K)
 Metaspace       used 17541K, committed 17792K, reserved 1114112K
  class space    used 2095K, committed 2176K, reserved 1048576K
}
Event: 4.801 GC heap before
{Heap before GC invocations=4 (full 0):
 garbage-first heap   total reserved 4173824K, committed 262144K, used 46567K [0x0000000701400000, 0x0000000800000000)
  region size 2048K, 16 young (32768K), 2 survivors (4096K)
 Metaspace       used 21212K, committed 21504K, reserved 1114112K
  class space    used 2565K, committed 2688K, reserved 1048576K
}
Event: 4.807 GC heap after
{Heap after GC invocations=5 (full 0):
 garbage-first heap   total reserved 4173824K, committed 262144K, used 24318K [0x0000000701400000, 0x0000000800000000)
  region size 2048K, 4 young (8192K), 4 survivors (8192K)
 Metaspace       used 21212K, committed 21504K, reserved 1114112K
  class space    used 2565K, committed 2688K, reserved 1048576K
}

Dll operation events (8 events):
Event: 0.048 Loaded shared library C:\Program Files\Java\jdk-23\bin\java.dll
Event: 0.208 Loaded shared library C:\Program Files\Java\jdk-23\bin\jsvml.dll
Event: 0.238 Loaded shared library C:\Program Files\Java\jdk-23\bin\net.dll
Event: 0.241 Loaded shared library C:\Program Files\Java\jdk-23\bin\nio.dll
Event: 0.246 Loaded shared library C:\Program Files\Java\jdk-23\bin\zip.dll
Event: 0.423 Loaded shared library C:\Program Files\Java\jdk-23\bin\jimage.dll
Event: 0.424 Loaded shared library C:\maven\apache-maven-3.9.9\lib\jansi-native\Windows\x86_64\jansi.dll
Event: 0.439 Loaded shared library C:\Program Files\Java\jdk-23\bin\verify.dll

Deoptimization events (20 events):
Event: 4.723 Thread 0x000001ad688002a0 Uncommon trap: trap_request=0xffffff45 fr.pc=0x000001ad07ce00f8 relative=0x0000000000000238
Event: 4.723 Thread 0x000001ad688002a0 Uncommon trap: reason=unstable_if action=reinterpret pc=0x000001ad07ce00f8 method=jdk.internal.util.ArraysSupport.hashCode([BIII)I @ 1 c2
Event: 4.723 Thread 0x000001ad688002a0 DEOPT PACKING pc=0x000001ad07ce00f8 sp=0x000000381b0fc690
Event: 4.723 Thread 0x000001ad688002a0 DEOPT UNPACKING pc=0x000001ad07584402 sp=0x000000381b0fc610 mode 2
Event: 4.733 Thread 0x000001ad688002a0 Uncommon trap: trap_request=0xffffff45 fr.pc=0x000001ad07cb4738 relative=0x0000000000000c78
Event: 4.733 Thread 0x000001ad688002a0 Uncommon trap: reason=unstable_if action=reinterpret pc=0x000001ad07cb4738 method=java.lang.String.<init>(Ljava/nio/charset/Charset;[BII)V @ 34 c2
Event: 4.733 Thread 0x000001ad688002a0 DEOPT PACKING pc=0x000001ad07cb4738 sp=0x000000381b0fc970
Event: 4.733 Thread 0x000001ad688002a0 DEOPT UNPACKING pc=0x000001ad07584402 sp=0x000000381b0fc918 mode 2
Event: 4.739 Thread 0x000001ad688002a0 Uncommon trap: trap_request=0xffffffde fr.pc=0x000001ad07c7ecf0 relative=0x0000000000000070
Event: 4.739 Thread 0x000001ad688002a0 Uncommon trap: reason=class_check action=maybe_recompile pc=0x000001ad07c7ecf0 method=java.util.stream.StreamOpFlag.fromCharacteristics(Ljava/util/Spliterator;)I @ 14 c2
Event: 4.739 Thread 0x000001ad688002a0 DEOPT PACKING pc=0x000001ad07c7ecf0 sp=0x000000381b0fd4d0
Event: 4.739 Thread 0x000001ad688002a0 DEOPT UNPACKING pc=0x000001ad07584402 sp=0x000000381b0fd460 mode 2
Event: 4.743 Thread 0x000001ad688002a0 Uncommon trap: trap_request=0xffffff45 fr.pc=0x000001ad07cdd020 relative=0x0000000000000100
Event: 4.743 Thread 0x000001ad688002a0 Uncommon trap: reason=unstable_if action=reinterpret pc=0x000001ad07cdd020 method=jdk.nio.zipfs.ZipConstants.pkSigAt([BIII)Z @ 5 c2
Event: 4.743 Thread 0x000001ad688002a0 DEOPT PACKING pc=0x000001ad07cdd020 sp=0x000000381b0fd450
Event: 4.743 Thread 0x000001ad688002a0 DEOPT UNPACKING pc=0x000001ad07584402 sp=0x000000381b0fd3f8 mode 2
Event: 4.756 Thread 0x000001ad688002a0 Uncommon trap: trap_request=0xffffff76 fr.pc=0x000001ad07ce0488 relative=0x00000000000001e8
Event: 4.756 Thread 0x000001ad688002a0 Uncommon trap: reason=predicate action=maybe_recompile pc=0x000001ad07ce0488 method=java.util.LinkedHashMap.valuesToArray([Ljava/lang/Object;Z)[Ljava/lang/Object; @ 53 c2
Event: 4.756 Thread 0x000001ad688002a0 DEOPT PACKING pc=0x000001ad07ce0488 sp=0x000000381b0fd4d0
Event: 4.756 Thread 0x000001ad688002a0 DEOPT UNPACKING pc=0x000001ad07584402 sp=0x000000381b0fd480 mode 2

Classes loaded (20 events):
Event: 4.690 Loading class sun/nio/fs/AbstractAclFileAttributeView done
Event: 4.690 Loading class sun/nio/fs/WindowsAclFileAttributeView done
Event: 4.691 Loading class sun/nio/fs/WindowsSecurity
Event: 4.691 Loading class sun/nio/fs/WindowsSecurity done
Event: 4.693 Loading class java/nio/file/attribute/PosixFileAttributeView
Event: 4.693 Loading class java/nio/file/attribute/PosixFileAttributeView done
Event: 4.732 Loading class java/nio/file/ClosedDirectoryStreamException
Event: 4.732 Loading class java/nio/file/ClosedDirectoryStreamException done
Event: 4.732 Loading class java/nio/file/DirectoryIteratorException
Event: 4.732 Loading class java/nio/file/DirectoryIteratorException done
Event: 4.739 Loading class java/util/TreeMap$KeySpliterator
Event: 4.739 Loading class java/util/TreeMap$TreeMapSpliterator
Event: 4.739 Loading class java/util/TreeMap$TreeMapSpliterator done
Event: 4.739 Loading class java/util/TreeMap$KeySpliterator done
Event: 4.768 Loading class java/util/regex/PatternSyntaxException
Event: 4.768 Loading class java/util/regex/PatternSyntaxException done
Event: 4.768 Loading class java/time/Year
Event: 4.768 Loading class java/time/Year done
Event: 4.778 Loading class sun/nio/fs/WindowsException
Event: 4.778 Loading class sun/nio/fs/WindowsException done

Classes unloaded (0 events):
No events

Classes redefined (0 events):
No events

Internal exceptions (20 events):
Event: 2.392 Thread 0x000001ad688002a0 Exception <a 'java/lang/NoSuchMethodError'{0x000000070f7f8f48}: 'void java.lang.invoke.DirectMethodHandle$Holder.invokeSpecial(java.lang.Object, java.lang.Object, java.lang.Object, java.lang.Object, java.lang.Object, java.lang.Object)'> (0x000000070f7f8f48) 
thrown [s\open\src\hotspot\share\interpreter\linkResolver.cpp, line 796]
Event: 2.410 Thread 0x000001ad688002a0 Exception <a 'java/lang/NoSuchMethodError'{0x000000070f4f17c8}: 'java.lang.Object java.lang.invoke.DirectMethodHandle$Holder.invokeVirtual(java.lang.Object, java.lang.Object, java.lang.Object)'> (0x000000070f4f17c8) 
thrown [s\open\src\hotspot\share\interpreter\linkResolver.cpp, line 796]
Event: 2.482 Thread 0x000001ad688002a0 Exception <a 'java/lang/NoSuchMethodError'{0x000000070f2e3560}: 'void java.lang.invoke.DirectMethodHandle$Holder.invokeVirtual(java.lang.Object, java.lang.Object, int)'> (0x000000070f2e3560) 
thrown [s\open\src\hotspot\share\interpreter\linkResolver.cpp, line 796]
Event: 2.483 Thread 0x000001ad688002a0 Exception <a 'java/lang/NoSuchMethodError'{0x000000070f2e7378}: 'void java.lang.invoke.DirectMethodHandle$Holder.invokeSpecial(java.lang.Object, java.lang.Object, java.lang.Object, int)'> (0x000000070f2e7378) 
thrown [s\open\src\hotspot\share\interpreter\linkResolver.cpp, line 796]
Event: 2.483 Thread 0x000001ad688002a0 Exception <a 'java/lang/NoSuchMethodError'{0x000000070f2eaa60}: 'void java.lang.invoke.DelegatingMethodHandle$Holder.reinvoke_L(java.lang.Object, java.lang.Object, int)'> (0x000000070f2eaa60) 
thrown [s\open\src\hotspot\share\interpreter\linkResolver.cpp, line 796]
Event: 2.981 Thread 0x000001ad688002a0 Implicit null exception at 0x000001ad07bbc535 to 0x000001ad07bbdf10
Event: 2.982 Thread 0x000001ad688002a0 Implicit null exception at 0x000001ad07b70f6f to 0x000001ad07b7116c
Event: 2.982 Thread 0x000001ad688002a0 Implicit null exception at 0x000001ad07bb7b00 to 0x000001ad07bb83e4
Event: 2.987 Thread 0x000001ad688002a0 Exception <a 'java/lang/NoSuchMethodError'{0x000000070d812ae8}: 'int java.lang.invoke.DirectMethodHandle$Holder.invokeSpecialIFC(java.lang.Object, java.lang.Object, java.lang.Object, java.lang.Object)'> (0x000000070d812ae8) 
thrown [s\open\src\hotspot\share\interpreter\linkResolver.cpp, line 796]
Event: 3.761 Thread 0x000001ad688002a0 Implicit null exception at 0x000001ad07bb5120 to 0x000001ad07bb51a2
Event: 3.902 Thread 0x000001ad688002a0 Implicit null exception at 0x000001ad07c16e20 to 0x000001ad07c16e92
Event: 3.902 Thread 0x000001ad688002a0 Exception <a 'java/lang/NoSuchMethodError'{0x000000070eaded68}: 'java.lang.Object java.lang.invoke.DirectMethodHandle$Holder.newInvokeSpecial(java.lang.Object, java.lang.Object, java.lang.Object, java.lang.Object, java.lang.Object, java.lang.Object, java.lang.Object)'> (0x000000070eaded68) 
thrown [s\open\src\hotspot\share\interpreter\linkResolver.cpp, line 796]
Event: 4.066 Thread 0x000001ad688002a0 Implicit null exception at 0x000001ad07c7fceb to 0x000001ad07c80508
Event: 4.078 Thread 0x000001ad688002a0 Exception <a 'java/lang/NoSuchMethodError'{0x000000070e0a9d40}: 'int java.lang.invoke.DirectMethodHandle$Holder.invokeVirtual(java.lang.Object, java.lang.Object)'> (0x000000070e0a9d40) 
thrown [s\open\src\hotspot\share\interpreter\linkResolver.cpp, line 796]
Event: 4.532 Thread 0x000001ad688002a0 Exception <a 'java/lang/IncompatibleClassChangeError'{0x0000000710bcbbf0}: Found class java.lang.Object, but interface was expected> (0x0000000710bcbbf0) 
thrown [s\open\src\hotspot\share\interpreter\linkResolver.cpp, line 863]
Event: 4.533 Thread 0x000001ad688002a0 Exception <a 'java/lang/NoSuchMethodError'{0x0000000710bd0ef8}: 'void java.lang.invoke.DirectMethodHandle$Holder.invokeInterface(java.lang.Object, java.lang.Object, java.lang.Object)'> (0x0000000710bd0ef8) 
thrown [s\open\src\hotspot\share\interpreter\linkResolver.cpp, line 796]
Event: 4.619 Thread 0x000001ad688002a0 Exception <a 'java/lang/NoSuchMethodError'{0x000000071092a370}: 'int java.lang.invoke.DirectMethodHandle$Holder.invokeInterface(java.lang.Object, java.lang.Object)'> (0x000000071092a370) 
thrown [s\open\src\hotspot\share\interpreter\linkResolver.cpp, line 796]
Event: 4.682 Thread 0x000001ad688002a0 Exception <a 'java/lang/NoSuchMethodError'{0x0000000710302d78}: 'int java.lang.invoke.DirectMethodHandle$Holder.invokeVirtual(java.lang.Object, java.lang.Object, java.lang.Object)'> (0x0000000710302d78) 
thrown [s\open\src\hotspot\share\interpreter\linkResolver.cpp, line 796]
Event: 4.683 Thread 0x000001ad688002a0 Exception <a 'java/lang/NoSuchMethodError'{0x000000071030fdf0}: 'int java.lang.invoke.DirectMethodHandle$Holder.invokeStaticInit(java.lang.Object, java.lang.Object, java.lang.Object)'> (0x000000071030fdf0) 
thrown [s\open\src\hotspot\share\interpreter\linkResolver.cpp, line 796]
Event: 4.778 Thread 0x000001ad688002a0 Exception <a 'sun/nio/fs/WindowsException'{0x000000070f853c38}> (0x000000070f853c38) 
thrown [s\open\src\hotspot\share\prims\jni.cpp, line 520]

VM Operations (20 events):
Event: 2.319 Executing VM operation: HandshakeAllThreads (Deoptimize)
Event: 2.319 Executing VM operation: HandshakeAllThreads (Deoptimize) done
Event: 3.145 Executing VM operation: G1CollectForAllocation (G1 Evacuation Pause)
Event: 3.155 Executing VM operation: G1CollectForAllocation (G1 Evacuation Pause) done
Event: 4.216 Executing VM operation: G1CollectForAllocation (G1 Evacuation Pause)
Event: 4.226 Executing VM operation: G1CollectForAllocation (G1 Evacuation Pause) done
Event: 4.567 Executing VM operation: HandshakeAllThreads (Deoptimize)
Event: 4.567 Executing VM operation: HandshakeAllThreads (Deoptimize) done
Event: 4.618 Executing VM operation: HandshakeAllThreads (Deoptimize)
Event: 4.618 Executing VM operation: HandshakeAllThreads (Deoptimize) done
Event: 4.685 Executing VM operation: HandshakeAllThreads (Deoptimize)
Event: 4.685 Executing VM operation: HandshakeAllThreads (Deoptimize) done
Event: 4.688 Executing VM operation: HandshakeAllThreads (Deoptimize)
Event: 4.689 Executing VM operation: HandshakeAllThreads (Deoptimize) done
Event: 4.692 Executing VM operation: HandshakeAllThreads (Deoptimize)
Event: 4.692 Executing VM operation: HandshakeAllThreads (Deoptimize) done
Event: 4.693 Executing VM operation: HandshakeAllThreads (Deoptimize)
Event: 4.693 Executing VM operation: HandshakeAllThreads (Deoptimize) done
Event: 4.801 Executing VM operation: CollectForMetadataAllocation (Metadata GC Threshold)
Event: 4.807 Executing VM operation: CollectForMetadataAllocation (Metadata GC Threshold) done

Memory protections (0 events):
No events

Nmethod flushes (0 events):
No events

Events (20 events):
Event: 0.173 Thread 0x000001ad688002a0 Thread added: 0x000001ad688002a0
Event: 0.200 Thread 0x000001ad688002a0 Thread added: 0x000001ad7af98290
Event: 0.200 Thread 0x000001ad688002a0 Thread added: 0x000001ad7af99260
Event: 0.201 Thread 0x000001ad688002a0 Thread added: 0x000001ad7af9ba70
Event: 0.201 Thread 0x000001ad688002a0 Thread added: 0x000001ad7af9e690
Event: 0.201 Thread 0x000001ad688002a0 Thread added: 0x000001ad7af9f6b0
Event: 0.201 Thread 0x000001ad688002a0 Thread added: 0x000001ad7afa02c0
Event: 0.202 Thread 0x000001ad688002a0 Thread added: 0x000001ad7afa6710
Event: 0.202 Thread 0x000001ad688002a0 Thread added: 0x000001ad7afb7b50
Event: 0.225 Thread 0x000001ad688002a0 Thread added: 0x000001ad5415ad40
Event: 0.229 Thread 0x000001ad688002a0 Thread added: 0x000001ad54163610
Event: 0.421 Thread 0x000001ad688002a0 Thread added: 0x000001ad543ce290
Event: 0.428 Thread 0x000001ad543ce290 Thread exited: 0x000001ad543ce290
Event: 0.578 Thread 0x000001ad7afa6710 Thread added: 0x000001ad54811420
Event: 0.885 Thread 0x000001ad7afb7b50 Thread added: 0x000001ad54c5cc90
Event: 1.471 Thread 0x000001ad54c5cc90 Thread exited: 0x000001ad54c5cc90
Event: 1.471 Thread 0x000001ad54811420 Thread exited: 0x000001ad54811420
Event: 1.969 Thread 0x000001ad7afb7b50 Thread added: 0x000001ad558d55e0
Event: 2.291 Thread 0x000001ad688002a0 Thread added: 0x000001ad5577ab50
Event: 2.404 Thread 0x000001ad7afb7b50 Thread added: 0x000001ad5577de00


Dynamic libraries:
0x00007ff6b3100000 - 0x00007ff6b3110000 	C:\Program Files\Java\jdk-23\bin\java.exe
0x00007ff857330000 - 0x00007ff857528000 	C:\Windows\SYSTEM32\ntdll.dll
0x00007ff855d20000 - 0x00007ff855de2000 	C:\Windows\System32\KERNEL32.DLL
0x00007ff854d60000 - 0x00007ff85505e000 	C:\Windows\System32\KERNELBASE.dll
0x00007ff855060000 - 0x00007ff855160000 	C:\Windows\System32\ucrtbase.dll
0x00007ff84d480000 - 0x00007ff84d497000 	C:\Program Files\Java\jdk-23\bin\jli.dll
0x00007ff855380000 - 0x00007ff85551d000 	C:\Windows\System32\USER32.dll
0x00007ff83d9b0000 - 0x00007ff83dc4a000 	C:\Windows\WinSxS\amd64_microsoft.windows.common-controls_6595b64144ccf1df_6.0.19041.4355_none_60b8b9eb71f62e16\COMCTL32.dll
0x00007ff8552b0000 - 0x00007ff8552d2000 	C:\Windows\System32\win32u.dll
0x00007ff848840000 - 0x00007ff84885b000 	C:\Program Files\Java\jdk-23\bin\VCRUNTIME140.dll
0x00007ff8559a0000 - 0x00007ff8559cb000 	C:\Windows\System32\GDI32.dll
0x00007ff855900000 - 0x00007ff85599e000 	C:\Windows\System32\msvcrt.dll
0x00007ff8549d0000 - 0x00007ff854ae7000 	C:\Windows\System32\gdi32full.dll
0x00007ff855210000 - 0x00007ff8552ad000 	C:\Windows\System32\msvcp_win.dll
0x00007ff855350000 - 0x00007ff85537f000 	C:\Windows\System32\IMM32.DLL
0x00007ff84fe80000 - 0x00007ff84fe8c000 	C:\Program Files\Java\jdk-23\bin\vcruntime140_1.dll
0x00007ff8391b0000 - 0x00007ff83923e000 	C:\Program Files\Java\jdk-23\bin\msvcp140.dll
0x00007fffeb930000 - 0x00007fffec67f000 	C:\Program Files\Java\jdk-23\bin\server\jvm.dll
0x00007ff855ab0000 - 0x00007ff855b62000 	C:\Windows\System32\ADVAPI32.dll
0x00007ff856a10000 - 0x00007ff856ab0000 	C:\Windows\System32\sechost.dll
0x00007ff855e20000 - 0x00007ff855f43000 	C:\Windows\System32\RPCRT4.dll
0x00007ff854d30000 - 0x00007ff854d57000 	C:\Windows\System32\bcrypt.dll
0x00007ff856500000 - 0x00007ff85656b000 	C:\Windows\System32\WS2_32.dll
0x00007ff853f60000 - 0x00007ff853fab000 	C:\Windows\SYSTEM32\POWRPROF.dll
0x00007ff83ca40000 - 0x00007ff83ca67000 	C:\Windows\SYSTEM32\WINMM.dll
0x00007ff84b150000 - 0x00007ff84b15a000 	C:\Windows\SYSTEM32\VERSION.dll
0x00007ff853dd0000 - 0x00007ff853de2000 	C:\Windows\SYSTEM32\UMPDC.dll
0x00007ff8531f0000 - 0x00007ff853202000 	C:\Windows\SYSTEM32\kernel.appcore.dll
0x00007ff84fe20000 - 0x00007ff84fe2a000 	C:\Program Files\Java\jdk-23\bin\jimage.dll
0x00007ff852750000 - 0x00007ff852934000 	C:\Windows\SYSTEM32\DBGHELP.DLL
0x00007ff83c9c0000 - 0x00007ff83c9f4000 	C:\Windows\SYSTEM32\dbgcore.DLL
0x00007ff854af0000 - 0x00007ff854b72000 	C:\Windows\System32\bcryptPrimitives.dll
0x00007ff83fd80000 - 0x00007ff83fd9e000 	C:\Program Files\Java\jdk-23\bin\java.dll
0x00007ff855770000 - 0x00007ff85589b000 	C:\Windows\System32\ole32.dll
0x00007ff856570000 - 0x00007ff8568c3000 	C:\Windows\System32\combase.dll
0x00007ff856b80000 - 0x00007ff8572ef000 	C:\Windows\System32\SHELL32.dll
0x00007ff852a30000 - 0x00007ff8531d4000 	C:\Windows\SYSTEM32\windows.storage.dll
0x00007ff854400000 - 0x00007ff85442e000 	C:\Windows\SYSTEM32\Wldp.dll
0x00007ff856ab0000 - 0x00007ff856b7d000 	C:\Windows\System32\OLEAUT32.dll
0x00007ff855520000 - 0x00007ff8555cd000 	C:\Windows\System32\SHCORE.dll
0x00007ff8564a0000 - 0x00007ff8564f5000 	C:\Windows\System32\shlwapi.dll
0x00007ff854900000 - 0x00007ff854924000 	C:\Windows\SYSTEM32\profapi.dll
0x00007ff82bd00000 - 0x00007ff82bdd7000 	C:\Program Files\Java\jdk-23\bin\jsvml.dll
0x00007ff84d470000 - 0x00007ff84d480000 	C:\Program Files\Java\jdk-23\bin\net.dll
0x00007ff854160000 - 0x00007ff8541ca000 	C:\Windows\system32\mswsock.dll
0x00007ff83fd60000 - 0x00007ff83fd76000 	C:\Program Files\Java\jdk-23\bin\nio.dll
0x00007ff83fd40000 - 0x00007ff83fd57000 	C:\Program Files\Java\jdk-23\bin\zip.dll
0x00007ff839590000 - 0x00007ff8395b4000 	C:\maven\apache-maven-3.9.9\lib\jansi-native\Windows\x86_64\jansi.dll
0x00007ff84aae0000 - 0x00007ff84aaf0000 	C:\Program Files\Java\jdk-23\bin\verify.dll

dbghelp: loaded successfully - version: 4.0.5 - missing functions: none
symbol engine: initialized successfully - sym options: 0x614 - pdb path: .;C:\Program Files\Java\jdk-23\bin;C:\Windows\SYSTEM32;C:\Windows\WinSxS\amd64_microsoft.windows.common-controls_6595b64144ccf1df_6.0.19041.4355_none_60b8b9eb71f62e16;C:\Program Files\Java\jdk-23\bin\server;C:\maven\apache-maven-3.9.9\lib\jansi-native\Windows\x86_64

VM Arguments:
jvm_args: -Dclassworlds.conf=C:\maven\apache-maven-3.9.9\bin\m2.conf -Dmaven.home=C:\maven\apache-maven-3.9.9 -Dlibrary.jansi.path=C:\maven\apache-maven-3.9.9\lib\jansi-native -Dmaven.multiModuleProjectDirectory=F:\Descargas\iconos web\boliviaXplore 
java_command: org.codehaus.plexus.classworlds.launcher.Launcher spring-boot:run
java_class_path (initial): C:\maven\apache-maven-3.9.9\boot\plexus-classworlds-2.8.0.jar
Launcher Type: SUN_STANDARD

[Global flags]
     intx CICompilerCount                          = 4                                         {product} {ergonomic}
     uint ConcGCThreads                            = 2                                         {product} {ergonomic}
     uint G1ConcRefinementThreads                  = 8                                         {product} {ergonomic}
   size_t G1HeapRegionSize                         = 2097152                                   {product} {ergonomic}
   size_t InitialHeapSize                          = 268435456                                 {product} {ergonomic}
   size_t MarkStackSize                            = 4194304                                   {product} {ergonomic}
   size_t MarkStackSizeMax                         = 536870912                                 {product} {ergonomic}
   size_t MaxHeapSize                              = 4273995776                                {product} {ergonomic}
   size_t MaxNewSize                               = 2562719744                                {product} {ergonomic}
   size_t MinHeapDeltaBytes                        = 2097152                                   {product} {ergonomic}
   size_t MinHeapSize                              = 8388608                                   {product} {ergonomic}
    uintx NonNMethodCodeHeapSize                   = 5832704                                {pd product} {ergonomic}
    uintx NonProfiledCodeHeapSize                  = 122945536                              {pd product} {ergonomic}
    uintx ProfiledCodeHeapSize                     = 122880000                              {pd product} {ergonomic}
    uintx ReservedCodeCacheSize                    = 251658240                              {pd product} {ergonomic}
     bool SegmentedCodeCache                       = true                                      {product} {ergonomic}
   size_t SoftMaxHeapSize                          = 4273995776                             {manageable} {ergonomic}
     bool UseCompressedOops                        = true                           {product lp64_product} {ergonomic}
     bool UseG1GC                                  = true                                      {product} {ergonomic}
     bool UseLargePagesIndividualAllocation        = false                                  {pd product} {ergonomic}

Logging:
Log output configuration:
 #0: stdout all=warning uptime,level,tags foldmultilines=false
 #1: stderr all=off uptime,level,tags foldmultilines=false

Environment Variables:
JAVA_HOME=C:\Program Files\Java\jdk-23
PATH=C:\Program Files\Common Files\Oracle\Java\javapath;C:\Program Files (x86)\Common Files\Intel\Shared Libraries\redist\intel64_win\compiler;C:\Program Files\Python310\Scripts\;C:\Program Files\Python310\;C:\Windows\system32;C:\Windows;C:\Windows\System32\Wbem;C:\Windows\System32\WindowsPowerShell\v1.0\;C:\Windows\System32\OpenSSH\;C:\Program Files (x86)\NVIDIA Corporation\PhysX\Common;C:\Program Files\NVIDIA Corporation\NVIDIA NvDLISR;C:\Program Files\dotnet\;C:\Program Files\Microsoft SQL Server\Client SDK\ODBC\170\Tools\Binn\;C:\Program Files\Microsoft SQL Server\150\Tools\Binn\;F:\Descargas\ffmpeg-master-latest-win64-gpl-shared\ffmpeg-master-latest-win64-gpl-shared\bin;C:\Spring\jdk-23.0.1\bin;C:\maven\apache-maven-3.9.9\bin;%JAVA_HOME%\bin;C:\Program Files\Git\cmd;C:\Program Files\Git\bin;C:\Users\Cesar\AppData\Local\Microsoft\WindowsApps;C:\Users\Cesar\.dotnet\tools;C:\Program Files\Python39\Scripts;C:\Program Files\Python39;C:\Users\Cesar\AppData\Roaming\Python\Python39\site-packages;C:\Program Files\Python39\Lib\site-packages;C:\Program Files\Python39\Lib\site-packages\django\template\backends;C:\Users\Cesar\AppData\Local\Programs\Microsoft VS Code\bin;C:\maven\apache-maven-3.9.9\bin;C:\Program Files\Git\bin;
USERNAME=Cesar
LANG=en_US.UTF-8
OS=Windows_NT
PROCESSOR_IDENTIFIER=Intel64 Family 6 Model 142 Stepping 10, GenuineIntel
TMP=C:\Users\Cesar\AppData\Local\Temp
TEMP=C:\Users\Cesar\AppData\Local\Temp




Periodic native trim disabled

---------------  S Y S T E M  ---------------

OS:
 Windows 10 , 64 bit Build 19041 (10.0.19041.4957)
OS uptime: 0 days 1:42 hours

CPU: total 8 (initial active 8) (4 cores per cpu, 2 threads per core) family 6 model 142 stepping 10 microcode 0xb4, cx8, cmov, fxsr, ht, mmx, 3dnowpref, sse, sse2, sse3, ssse3, sse4.1, sse4.2, popcnt, lzcnt, tsc, tscinvbit, avx, avx2, aes, erms, clmul, bmi1, bmi2, adx, fma, vzeroupper, clflush, clflushopt, rdtscp, f16c
Processor Information for the first 8 processors :
  Max Mhz: 1801, Current Mhz: 1801, Mhz Limit: 1801

Memory: 4k page, system-wide physical 16299M (4943M free)
TotalPageFile size 16299M (AvailPageFile size 3026M)
current process WorkingSet (physical memory assigned to process): 243M, peak: 246M
current process commit charge ("private bytes"): 420M, peak: 423M

vm_info: Java HotSpot(TM) 64-Bit Server VM (23.0.1+11-39) for windows-amd64 JRE (23.0.1+11-39), built on 2024-09-30T07:20:43Z with MS VC++ 17.6 (VS2022)

END.
