#
# There is insufficient memory for the Java Runtime Environment to continue.
# Native memory allocation (malloc) failed to allocate 373136 bytes. Error detail: Chunk::new
# Possible reasons:
#   The system is out of physical RAM or swap space
#   This process is running with CompressedOops enabled, and the Java Heap may be blocking the growth of the native heap
# Possible solutions:
#   Reduce memory load on the system
#   Increase physical memory or swap space
#   Check if swap backing store is full
#   Decrease Java heap size (-Xmx/-Xms)
#   Decrease number of Java threads
#   Decrease Java thread stack sizes (-Xss)
#   Set larger code cache with -XX:ReservedCodeCacheSize=
#   JVM is running with Zero Based Compressed Oops mode in which the Java heap is
#     placed in the first 32GB address space. The Java Heap base address is the
#     maximum limit for the native heap growth. Please use -XX:HeapBaseMinAddress
#     to set the Java Heap base and to place the Java Heap above 32GB virtual address.
# This output file may be truncated or incomplete.
#
#  Out of Memory Error (arena.cpp:149), pid=16296, tid=16372
#
# JRE version: Java(TM) SE Runtime Environment (23.0.1+11) (build 23.0.1+11-39)
# Java VM: Java HotSpot(TM) 64-Bit Server VM (23.0.1+11-39, mixed mode, sharing, tiered, compressed oops, compressed class ptrs, g1 gc, windows-amd64)
# No core dump will be written. Minidumps are not enabled by default on client versions of Windows
#

---------------  S U M M A R Y ------------

Command Line: -Dclassworlds.conf=C:\maven\apache-maven-3.9.9\bin\m2.conf -Dmaven.home=C:\maven\apache-maven-3.9.9 -Dlibrary.jansi.path=C:\maven\apache-maven-3.9.9\lib\jansi-native -Dmaven.multiModuleProjectDirectory=F:\Descargas\iconos web\boliviaXplore org.codehaus.plexus.classworlds.launcher.Launcher clean package -DskipTests

Host: Intel(R) Core(TM) i5-8250U CPU @ 1.60GHz, 8 cores, 15G,  Windows 10 , 64 bit Build 19041 (10.0.19041.5198)
Time: Mon Dec 23 12:56:40 2024 Hora estándar de Venezuela elapsed time: 0.830001 seconds (0d 0h 0m 0s)

---------------  T H R E A D  ---------------

Current thread (0x000001792568a020):  JavaThread "C2 CompilerThread1" daemon [_thread_in_native, id=16372, stack(0x000000465c700000,0x000000465c800000) (1024K)]


Current CompileTask:
C2:830 1101 % !   4       java.util.concurrent.ConcurrentHashMap::transfer @ 372 (849 bytes)

Stack: [0x000000465c700000,0x000000465c800000]
Native frames: (J=compiled Java code, j=interpreted, Vv=VM code, C=native code)
V  [jvm.dll+0x6e08b9]  (no source info available)
V  [jvm.dll+0x87dc83]  (no source info available)
V  [jvm.dll+0x88010e]  (no source info available)
V  [jvm.dll+0x8807e3]  (no source info available)
V  [jvm.dll+0x27aee6]  (no source info available)
V  [jvm.dll+0xbc06f]  (no source info available)
V  [jvm.dll+0xbc2cb]  (no source info available)
V  [jvm.dll+0x3b3a9c]  (no source info available)
V  [jvm.dll+0x38a42b]  (no source info available)
V  [jvm.dll+0x38989a]  (no source info available)
V  [jvm.dll+0x244aa1]  (no source info available)
V  [jvm.dll+0x243dff]  (no source info available)
V  [jvm.dll+0x1c33a0]  (no source info available)
V  [jvm.dll+0x253cf1]  (no source info available)
V  [jvm.dll+0x251faa]  (no source info available)
V  [jvm.dll+0x3ee036]  (no source info available)
V  [jvm.dll+0x824f8b]  (no source info available)
V  [jvm.dll+0x6df065]  (no source info available)
C  [ucrtbase.dll+0x21bb2]  (no source info available)
C  [KERNEL32.DLL+0x17374]  (no source info available)
C  [ntdll.dll+0x4cc91]  (no source info available)

Lock stack of current Java thread (top to bottom):


---------------  P R O C E S S  ---------------

Threads class SMR info:
_java_thread_list=0x00000179258b9190, length=13, elements={
0x00000178bdd1fc50, 0x00000178df4c3da0, 0x00000178df4c4ac0, 0x00000178df4c7a60,
0x00000178df4c84c0, 0x00000178df4cd6d0, 0x00000178df4db900, 0x00000178df4ff670,
0x00000178df500cd0, 0x00000178df6485b0, 0x00000178df64f450, 0x000001792568a020,
0x00000179259ba5e0
}

Java Threads: ( => current thread )
  0x00000178bdd1fc50 JavaThread "main"                              [_thread_in_Java, id=16316, stack(0x000000465b500000,0x000000465b600000) (1024K)]
  0x00000178df4c3da0 JavaThread "Reference Handler"          daemon [_thread_blocked, id=16244, stack(0x000000465bd00000,0x000000465be00000) (1024K)]
  0x00000178df4c4ac0 JavaThread "Finalizer"                  daemon [_thread_blocked, id=16248, stack(0x000000465be00000,0x000000465bf00000) (1024K)]
  0x00000178df4c7a60 JavaThread "Signal Dispatcher"          daemon [_thread_blocked, id=16240, stack(0x000000465bf00000,0x000000465c000000) (1024K)]
  0x00000178df4c84c0 JavaThread "Attach Listener"            daemon [_thread_blocked, id=16216, stack(0x000000465c000000,0x000000465c100000) (1024K)]
  0x00000178df4cd6d0 JavaThread "Service Thread"             daemon [_thread_blocked, id=16268, stack(0x000000465c100000,0x000000465c200000) (1024K)]
  0x00000178df4db900 JavaThread "Monitor Deflation Thread"   daemon [_thread_blocked, id=16208, stack(0x000000465c200000,0x000000465c300000) (1024K)]
  0x00000178df4ff670 JavaThread "C2 CompilerThread0"         daemon [_thread_in_native, id=14260, stack(0x000000465c300000,0x000000465c400000) (1024K)]
  0x00000178df500cd0 JavaThread "C1 CompilerThread0"         daemon [_thread_blocked, id=11308, stack(0x000000465c400000,0x000000465c500000) (1024K)]
  0x00000178df6485b0 JavaThread "Notification Thread"        daemon [_thread_blocked, id=16376, stack(0x000000465c500000,0x000000465c600000) (1024K)]
  0x00000178df64f450 JavaThread "Common-Cleaner"             daemon [_thread_blocked, id=16380, stack(0x000000465c600000,0x000000465c700000) (1024K)]
=>0x000001792568a020 JavaThread "C2 CompilerThread1"         daemon [_thread_in_native, id=16372, stack(0x000000465c700000,0x000000465c800000) (1024K)]
  0x00000179259ba5e0 JavaThread "C2 CompilerThread2"         daemon [_thread_in_native, id=15060, stack(0x000000465c800000,0x000000465c900000) (1024K)]
Total: 13

Other Threads:
  0x00000178df4ac530 VMThread "VM Thread"                           [id=16236, stack(0x000000465bc00000,0x000000465bd00000) (1024K)]
  0x00000178df49b940 WatcherThread "VM Periodic Task Thread"        [id=16264, stack(0x000000465bb00000,0x000000465bc00000) (1024K)]
  0x00000178c00d82f0 WorkerThread "GC Thread#0"                     [id=16324, stack(0x000000465b600000,0x000000465b700000) (1024K)]
  0x0000017925b628a0 WorkerThread "GC Thread#1"                     [id=15460, stack(0x000000465c900000,0x000000465ca00000) (1024K)]
  0x0000017925b557a0 WorkerThread "GC Thread#2"                     [id=15424, stack(0x000000465ca00000,0x000000465cb00000) (1024K)]
  0x0000017925b55b50 WorkerThread "GC Thread#3"                     [id=15388, stack(0x000000465cb00000,0x000000465cc00000) (1024K)]
  0x0000017925c44950 WorkerThread "GC Thread#4"                     [id=15380, stack(0x000000465cc00000,0x000000465cd00000) (1024K)]
  0x0000017925c44d00 WorkerThread "GC Thread#5"                     [id=15392, stack(0x000000465cd00000,0x000000465ce00000) (1024K)]
  0x0000017925c90810 WorkerThread "GC Thread#6"                     [id=13176, stack(0x000000465ce00000,0x000000465cf00000) (1024K)]
  0x0000017925c8f5a0 WorkerThread "GC Thread#7"                     [id=15420, stack(0x000000465cf00000,0x000000465d000000) (1024K)]
  0x00000178c00ed360 ConcurrentGCThread "G1 Main Marker"            [id=16328, stack(0x000000465b700000,0x000000465b800000) (1024K)]
  0x00000178c00ef620 WorkerThread "G1 Conc#0"                       [id=16332, stack(0x000000465b800000,0x000000465b900000) (1024K)]
  0x00000178c013e9f0 ConcurrentGCThread "G1 Refine#0"               [id=16336, stack(0x000000465b900000,0x000000465ba00000) (1024K)]
  0x00000178df35fec0 ConcurrentGCThread "G1 Service"                [id=16340, stack(0x000000465ba00000,0x000000465bb00000) (1024K)]
Total: 14

Threads with active compile tasks:
C2 CompilerThread0  942 1196   !   4       sun.nio.cs.StreamDecoder::read (78 bytes)
C2 CompilerThread1  942 1101 % !   4       java.util.concurrent.ConcurrentHashMap::transfer @ 372 (849 bytes)
C2 CompilerThread2  942 1197       4       sun.nio.cs.StreamDecoder::lockedRead (189 bytes)
Total: 3

VM state: not at safepoint (normal execution)

VM Mutex/Monitor currently owned by a thread: None

Heap address: 0x0000000701400000, size: 4076 MB, Compressed Oops mode: Zero based, Oop shift amount: 3

CDS archive(s) mapped at: [0x00000178e0000000-0x00000178e0d70000-0x00000178e0d70000), size 14090240, SharedBaseAddress: 0x00000178e0000000, ArchiveRelocationMode: 1.
Compressed class space mapped at: 0x00000178e1000000-0x0000017921000000, reserved size: 1073741824
Narrow klass base: 0x00000178e0000000, Narrow klass shift: 0, Narrow klass range: 0x41000000

GC Precious Log:
 CardTable entry size: 512
 Card Set container configuration: InlinePtr #cards 4 size 8 Array Of Cards #cards 16 size 48 Howl #buckets 8 coarsen threshold 3686 Howl Bitmap #cards 512 size 80 coarsen threshold 460 Card regions per heap region 1 cards per card region 4096
 CPUs: 8 total, 8 available
 Memory: 16299M
 Large Page Support: Disabled
 NUMA Support: Disabled
 Compressed Oops: Enabled (Zero based)
 Heap Region Size: 2M
 Heap Min Capacity: 8M
 Heap Initial Capacity: 256M
 Heap Max Capacity: 4076M
 Pre-touch: Disabled
 Parallel Workers: 8
 Concurrent Workers: 2
 Concurrent Refinement Workers: 8
 Periodic GC: Disabled

Heap:
 garbage-first heap   total reserved 4173824K, committed 262144K, used 3992K [0x0000000701400000, 0x0000000800000000)
  region size 2048K, 3 young (6144K), 2 survivors (4096K)
 Metaspace       used 6021K, committed 6208K, reserved 1114112K
  class space    used 743K, committed 832K, reserved 1048576K

Heap Regions: E=young(eden), S=young(survivor), O=old, HS=humongous(starts), HC=humongous(continues), CS=collection set, F=free, TAMS=top-at-mark-start, PB=parsable bottom
|   0|0x0000000701400000, 0x0000000701400000, 0x0000000701600000|  0%| F|  |TAMS 0x0000000701400000| PB 0x0000000701400000| Untracked |  0
|   1|0x0000000701600000, 0x0000000701600000, 0x0000000701800000|  0%| F|  |TAMS 0x0000000701600000| PB 0x0000000701600000| Untracked |  0
|   2|0x0000000701800000, 0x0000000701800000, 0x0000000701a00000|  0%| F|  |TAMS 0x0000000701800000| PB 0x0000000701800000| Untracked |  0
|   3|0x0000000701a00000, 0x0000000701a00000, 0x0000000701c00000|  0%| F|  |TAMS 0x0000000701a00000| PB 0x0000000701a00000| Untracked |  0
|   4|0x0000000701c00000, 0x0000000701c00000, 0x0000000701e00000|  0%| F|  |TAMS 0x0000000701c00000| PB 0x0000000701c00000| Untracked |  0
|   5|0x0000000701e00000, 0x0000000701e00000, 0x0000000702000000|  0%| F|  |TAMS 0x0000000701e00000| PB 0x0000000701e00000| Untracked |  0
|   6|0x0000000702000000, 0x0000000702000000, 0x0000000702200000|  0%| F|  |TAMS 0x0000000702000000| PB 0x0000000702000000| Untracked |  0
|   7|0x0000000702200000, 0x0000000702200000, 0x0000000702400000|  0%| F|  |TAMS 0x0000000702200000| PB 0x0000000702200000| Untracked |  0
|   8|0x0000000702400000, 0x0000000702400000, 0x0000000702600000|  0%| F|  |TAMS 0x0000000702400000| PB 0x0000000702400000| Untracked |  0
|   9|0x0000000702600000, 0x0000000702600000, 0x0000000702800000|  0%| F|  |TAMS 0x0000000702600000| PB 0x0000000702600000| Untracked |  0
|  10|0x0000000702800000, 0x0000000702800000, 0x0000000702a00000|  0%| F|  |TAMS 0x0000000702800000| PB 0x0000000702800000| Untracked |  0
|  11|0x0000000702a00000, 0x0000000702a00000, 0x0000000702c00000|  0%| F|  |TAMS 0x0000000702a00000| PB 0x0000000702a00000| Untracked |  0
|  12|0x0000000702c00000, 0x0000000702c00000, 0x0000000702e00000|  0%| F|  |TAMS 0x0000000702c00000| PB 0x0000000702c00000| Untracked |  0
|  13|0x0000000702e00000, 0x0000000702e00000, 0x0000000703000000|  0%| F|  |TAMS 0x0000000702e00000| PB 0x0000000702e00000| Untracked |  0
|  14|0x0000000703000000, 0x0000000703000000, 0x0000000703200000|  0%| F|  |TAMS 0x0000000703000000| PB 0x0000000703000000| Untracked |  0
|  15|0x0000000703200000, 0x0000000703200000, 0x0000000703400000|  0%| F|  |TAMS 0x0000000703200000| PB 0x0000000703200000| Untracked |  0
|  16|0x0000000703400000, 0x0000000703400000, 0x0000000703600000|  0%| F|  |TAMS 0x0000000703400000| PB 0x0000000703400000| Untracked |  0
|  17|0x0000000703600000, 0x0000000703600000, 0x0000000703800000|  0%| F|  |TAMS 0x0000000703600000| PB 0x0000000703600000| Untracked |  0
|  18|0x0000000703800000, 0x0000000703800000, 0x0000000703a00000|  0%| F|  |TAMS 0x0000000703800000| PB 0x0000000703800000| Untracked |  0
|  19|0x0000000703a00000, 0x0000000703a00000, 0x0000000703c00000|  0%| F|  |TAMS 0x0000000703a00000| PB 0x0000000703a00000| Untracked |  0
|  20|0x0000000703c00000, 0x0000000703c00000, 0x0000000703e00000|  0%| F|  |TAMS 0x0000000703c00000| PB 0x0000000703c00000| Untracked |  0
|  21|0x0000000703e00000, 0x0000000703e00000, 0x0000000704000000|  0%| F|  |TAMS 0x0000000703e00000| PB 0x0000000703e00000| Untracked |  0
|  22|0x0000000704000000, 0x0000000704000000, 0x0000000704200000|  0%| F|  |TAMS 0x0000000704000000| PB 0x0000000704000000| Untracked |  0
|  23|0x0000000704200000, 0x0000000704200000, 0x0000000704400000|  0%| F|  |TAMS 0x0000000704200000| PB 0x0000000704200000| Untracked |  0
|  24|0x0000000704400000, 0x0000000704400000, 0x0000000704600000|  0%| F|  |TAMS 0x0000000704400000| PB 0x0000000704400000| Untracked |  0
|  25|0x0000000704600000, 0x0000000704600000, 0x0000000704800000|  0%| F|  |TAMS 0x0000000704600000| PB 0x0000000704600000| Untracked |  0
|  26|0x0000000704800000, 0x0000000704800000, 0x0000000704a00000|  0%| F|  |TAMS 0x0000000704800000| PB 0x0000000704800000| Untracked |  0
|  27|0x0000000704a00000, 0x0000000704a00000, 0x0000000704c00000|  0%| F|  |TAMS 0x0000000704a00000| PB 0x0000000704a00000| Untracked |  0
|  28|0x0000000704c00000, 0x0000000704c00000, 0x0000000704e00000|  0%| F|  |TAMS 0x0000000704c00000| PB 0x0000000704c00000| Untracked |  0
|  29|0x0000000704e00000, 0x0000000704e00000, 0x0000000705000000|  0%| F|  |TAMS 0x0000000704e00000| PB 0x0000000704e00000| Untracked |  0
|  30|0x0000000705000000, 0x0000000705000000, 0x0000000705200000|  0%| F|  |TAMS 0x0000000705000000| PB 0x0000000705000000| Untracked |  0
|  31|0x0000000705200000, 0x0000000705200000, 0x0000000705400000|  0%| F|  |TAMS 0x0000000705200000| PB 0x0000000705200000| Untracked |  0
|  32|0x0000000705400000, 0x0000000705400000, 0x0000000705600000|  0%| F|  |TAMS 0x0000000705400000| PB 0x0000000705400000| Untracked |  0
|  33|0x0000000705600000, 0x0000000705600000, 0x0000000705800000|  0%| F|  |TAMS 0x0000000705600000| PB 0x0000000705600000| Untracked |  0
|  34|0x0000000705800000, 0x0000000705800000, 0x0000000705a00000|  0%| F|  |TAMS 0x0000000705800000| PB 0x0000000705800000| Untracked |  0
|  35|0x0000000705a00000, 0x0000000705a00000, 0x0000000705c00000|  0%| F|  |TAMS 0x0000000705a00000| PB 0x0000000705a00000| Untracked |  0
|  36|0x0000000705c00000, 0x0000000705c00000, 0x0000000705e00000|  0%| F|  |TAMS 0x0000000705c00000| PB 0x0000000705c00000| Untracked |  0
|  37|0x0000000705e00000, 0x0000000705e00000, 0x0000000706000000|  0%| F|  |TAMS 0x0000000705e00000| PB 0x0000000705e00000| Untracked |  0
|  38|0x0000000706000000, 0x0000000706000000, 0x0000000706200000|  0%| F|  |TAMS 0x0000000706000000| PB 0x0000000706000000| Untracked |  0
|  39|0x0000000706200000, 0x0000000706200000, 0x0000000706400000|  0%| F|  |TAMS 0x0000000706200000| PB 0x0000000706200000| Untracked |  0
|  40|0x0000000706400000, 0x0000000706400000, 0x0000000706600000|  0%| F|  |TAMS 0x0000000706400000| PB 0x0000000706400000| Untracked |  0
|  41|0x0000000706600000, 0x0000000706600000, 0x0000000706800000|  0%| F|  |TAMS 0x0000000706600000| PB 0x0000000706600000| Untracked |  0
|  42|0x0000000706800000, 0x0000000706800000, 0x0000000706a00000|  0%| F|  |TAMS 0x0000000706800000| PB 0x0000000706800000| Untracked |  0
|  43|0x0000000706a00000, 0x0000000706a00000, 0x0000000706c00000|  0%| F|  |TAMS 0x0000000706a00000| PB 0x0000000706a00000| Untracked |  0
|  44|0x0000000706c00000, 0x0000000706c00000, 0x0000000706e00000|  0%| F|  |TAMS 0x0000000706c00000| PB 0x0000000706c00000| Untracked |  0
|  45|0x0000000706e00000, 0x0000000706e00000, 0x0000000707000000|  0%| F|  |TAMS 0x0000000706e00000| PB 0x0000000706e00000| Untracked |  0
|  46|0x0000000707000000, 0x0000000707000000, 0x0000000707200000|  0%| F|  |TAMS 0x0000000707000000| PB 0x0000000707000000| Untracked |  0
|  47|0x0000000707200000, 0x0000000707200000, 0x0000000707400000|  0%| F|  |TAMS 0x0000000707200000| PB 0x0000000707200000| Untracked |  0
|  48|0x0000000707400000, 0x0000000707400000, 0x0000000707600000|  0%| F|  |TAMS 0x0000000707400000| PB 0x0000000707400000| Untracked |  0
|  49|0x0000000707600000, 0x0000000707600000, 0x0000000707800000|  0%| F|  |TAMS 0x0000000707600000| PB 0x0000000707600000| Untracked |  0
|  50|0x0000000707800000, 0x0000000707800000, 0x0000000707a00000|  0%| F|  |TAMS 0x0000000707800000| PB 0x0000000707800000| Untracked |  0
|  51|0x0000000707a00000, 0x0000000707a00000, 0x0000000707c00000|  0%| F|  |TAMS 0x0000000707a00000| PB 0x0000000707a00000| Untracked |  0
|  52|0x0000000707c00000, 0x0000000707c00000, 0x0000000707e00000|  0%| F|  |TAMS 0x0000000707c00000| PB 0x0000000707c00000| Untracked |  0
|  53|0x0000000707e00000, 0x0000000707e00000, 0x0000000708000000|  0%| F|  |TAMS 0x0000000707e00000| PB 0x0000000707e00000| Untracked |  0
|  54|0x0000000708000000, 0x0000000708000000, 0x0000000708200000|  0%| F|  |TAMS 0x0000000708000000| PB 0x0000000708000000| Untracked |  0
|  55|0x0000000708200000, 0x0000000708200000, 0x0000000708400000|  0%| F|  |TAMS 0x0000000708200000| PB 0x0000000708200000| Untracked |  0
|  56|0x0000000708400000, 0x0000000708400000, 0x0000000708600000|  0%| F|  |TAMS 0x0000000708400000| PB 0x0000000708400000| Untracked |  0
|  57|0x0000000708600000, 0x0000000708600000, 0x0000000708800000|  0%| F|  |TAMS 0x0000000708600000| PB 0x0000000708600000| Untracked |  0
|  58|0x0000000708800000, 0x0000000708800000, 0x0000000708a00000|  0%| F|  |TAMS 0x0000000708800000| PB 0x0000000708800000| Untracked |  0
|  59|0x0000000708a00000, 0x0000000708a00000, 0x0000000708c00000|  0%| F|  |TAMS 0x0000000708a00000| PB 0x0000000708a00000| Untracked |  0
|  60|0x0000000708c00000, 0x0000000708c00000, 0x0000000708e00000|  0%| F|  |TAMS 0x0000000708c00000| PB 0x0000000708c00000| Untracked |  0
|  61|0x0000000708e00000, 0x0000000708e00000, 0x0000000709000000|  0%| F|  |TAMS 0x0000000708e00000| PB 0x0000000708e00000| Untracked |  0
|  62|0x0000000709000000, 0x0000000709000000, 0x0000000709200000|  0%| F|  |TAMS 0x0000000709000000| PB 0x0000000709000000| Untracked |  0
|  63|0x0000000709200000, 0x0000000709200000, 0x0000000709400000|  0%| F|  |TAMS 0x0000000709200000| PB 0x0000000709200000| Untracked |  0
|  64|0x0000000709400000, 0x0000000709400000, 0x0000000709600000|  0%| F|  |TAMS 0x0000000709400000| PB 0x0000000709400000| Untracked |  0
|  65|0x0000000709600000, 0x0000000709600000, 0x0000000709800000|  0%| F|  |TAMS 0x0000000709600000| PB 0x0000000709600000| Untracked |  0
|  66|0x0000000709800000, 0x0000000709800000, 0x0000000709a00000|  0%| F|  |TAMS 0x0000000709800000| PB 0x0000000709800000| Untracked |  0
|  67|0x0000000709a00000, 0x0000000709a00000, 0x0000000709c00000|  0%| F|  |TAMS 0x0000000709a00000| PB 0x0000000709a00000| Untracked |  0
|  68|0x0000000709c00000, 0x0000000709c00000, 0x0000000709e00000|  0%| F|  |TAMS 0x0000000709c00000| PB 0x0000000709c00000| Untracked |  0
|  69|0x0000000709e00000, 0x0000000709e00000, 0x000000070a000000|  0%| F|  |TAMS 0x0000000709e00000| PB 0x0000000709e00000| Untracked |  0
|  70|0x000000070a000000, 0x000000070a000000, 0x000000070a200000|  0%| F|  |TAMS 0x000000070a000000| PB 0x000000070a000000| Untracked |  0
|  71|0x000000070a200000, 0x000000070a200000, 0x000000070a400000|  0%| F|  |TAMS 0x000000070a200000| PB 0x000000070a200000| Untracked |  0
|  72|0x000000070a400000, 0x000000070a400000, 0x000000070a600000|  0%| F|  |TAMS 0x000000070a400000| PB 0x000000070a400000| Untracked |  0
|  73|0x000000070a600000, 0x000000070a600000, 0x000000070a800000|  0%| F|  |TAMS 0x000000070a600000| PB 0x000000070a600000| Untracked |  0
|  74|0x000000070a800000, 0x000000070a800000, 0x000000070aa00000|  0%| F|  |TAMS 0x000000070a800000| PB 0x000000070a800000| Untracked |  0
|  75|0x000000070aa00000, 0x000000070aa00000, 0x000000070ac00000|  0%| F|  |TAMS 0x000000070aa00000| PB 0x000000070aa00000| Untracked |  0
|  76|0x000000070ac00000, 0x000000070ac00000, 0x000000070ae00000|  0%| F|  |TAMS 0x000000070ac00000| PB 0x000000070ac00000| Untracked |  0
|  77|0x000000070ae00000, 0x000000070ae00000, 0x000000070b000000|  0%| F|  |TAMS 0x000000070ae00000| PB 0x000000070ae00000| Untracked |  0
|  78|0x000000070b000000, 0x000000070b000000, 0x000000070b200000|  0%| F|  |TAMS 0x000000070b000000| PB 0x000000070b000000| Untracked |  0
|  79|0x000000070b200000, 0x000000070b200000, 0x000000070b400000|  0%| F|  |TAMS 0x000000070b200000| PB 0x000000070b200000| Untracked |  0
|  80|0x000000070b400000, 0x000000070b400000, 0x000000070b600000|  0%| F|  |TAMS 0x000000070b400000| PB 0x000000070b400000| Untracked |  0
|  81|0x000000070b600000, 0x000000070b600000, 0x000000070b800000|  0%| F|  |TAMS 0x000000070b600000| PB 0x000000070b600000| Untracked |  0
|  82|0x000000070b800000, 0x000000070b800000, 0x000000070ba00000|  0%| F|  |TAMS 0x000000070b800000| PB 0x000000070b800000| Untracked |  0
|  83|0x000000070ba00000, 0x000000070ba00000, 0x000000070bc00000|  0%| F|  |TAMS 0x000000070ba00000| PB 0x000000070ba00000| Untracked |  0
|  84|0x000000070bc00000, 0x000000070bc00000, 0x000000070be00000|  0%| F|  |TAMS 0x000000070bc00000| PB 0x000000070bc00000| Untracked |  0
|  85|0x000000070be00000, 0x000000070be00000, 0x000000070c000000|  0%| F|  |TAMS 0x000000070be00000| PB 0x000000070be00000| Untracked |  0
|  86|0x000000070c000000, 0x000000070c000000, 0x000000070c200000|  0%| F|  |TAMS 0x000000070c000000| PB 0x000000070c000000| Untracked |  0
|  87|0x000000070c200000, 0x000000070c200000, 0x000000070c400000|  0%| F|  |TAMS 0x000000070c200000| PB 0x000000070c200000| Untracked |  0
|  88|0x000000070c400000, 0x000000070c400000, 0x000000070c600000|  0%| F|  |TAMS 0x000000070c400000| PB 0x000000070c400000| Untracked |  0
|  89|0x000000070c600000, 0x000000070c600000, 0x000000070c800000|  0%| F|  |TAMS 0x000000070c600000| PB 0x000000070c600000| Untracked |  0
|  90|0x000000070c800000, 0x000000070c800000, 0x000000070ca00000|  0%| F|  |TAMS 0x000000070c800000| PB 0x000000070c800000| Untracked |  0
|  91|0x000000070ca00000, 0x000000070ca00000, 0x000000070cc00000|  0%| F|  |TAMS 0x000000070ca00000| PB 0x000000070ca00000| Untracked |  0
|  92|0x000000070cc00000, 0x000000070cc00000, 0x000000070ce00000|  0%| F|  |TAMS 0x000000070cc00000| PB 0x000000070cc00000| Untracked |  0
|  93|0x000000070ce00000, 0x000000070ce00000, 0x000000070d000000|  0%| F|  |TAMS 0x000000070ce00000| PB 0x000000070ce00000| Untracked |  0
|  94|0x000000070d000000, 0x000000070d000000, 0x000000070d200000|  0%| F|  |TAMS 0x000000070d000000| PB 0x000000070d000000| Untracked |  0
|  95|0x000000070d200000, 0x000000070d200000, 0x000000070d400000|  0%| F|  |TAMS 0x000000070d200000| PB 0x000000070d200000| Untracked |  0
|  96|0x000000070d400000, 0x000000070d400000, 0x000000070d600000|  0%| F|  |TAMS 0x000000070d400000| PB 0x000000070d400000| Untracked |  0
|  97|0x000000070d600000, 0x000000070d600000, 0x000000070d800000|  0%| F|  |TAMS 0x000000070d600000| PB 0x000000070d600000| Untracked |  0
|  98|0x000000070d800000, 0x000000070d800000, 0x000000070da00000|  0%| F|  |TAMS 0x000000070d800000| PB 0x000000070d800000| Untracked |  0
|  99|0x000000070da00000, 0x000000070da00000, 0x000000070dc00000|  0%| F|  |TAMS 0x000000070da00000| PB 0x000000070da00000| Untracked |  0
| 100|0x000000070dc00000, 0x000000070dc00000, 0x000000070de00000|  0%| F|  |TAMS 0x000000070dc00000| PB 0x000000070dc00000| Untracked |  0
| 101|0x000000070de00000, 0x000000070de00000, 0x000000070e000000|  0%| F|  |TAMS 0x000000070de00000| PB 0x000000070de00000| Untracked |  0
| 102|0x000000070e000000, 0x000000070e000000, 0x000000070e200000|  0%| F|  |TAMS 0x000000070e000000| PB 0x000000070e000000| Untracked |  0
| 103|0x000000070e200000, 0x000000070e200000, 0x000000070e400000|  0%| F|  |TAMS 0x000000070e200000| PB 0x000000070e200000| Untracked |  0
| 104|0x000000070e400000, 0x000000070e400000, 0x000000070e600000|  0%| F|  |TAMS 0x000000070e400000| PB 0x000000070e400000| Untracked |  0
| 105|0x000000070e600000, 0x000000070e600000, 0x000000070e800000|  0%| F|  |TAMS 0x000000070e600000| PB 0x000000070e600000| Untracked |  0
| 106|0x000000070e800000, 0x000000070e800000, 0x000000070ea00000|  0%| F|  |TAMS 0x000000070e800000| PB 0x000000070e800000| Untracked |  0
| 107|0x000000070ea00000, 0x000000070ea00000, 0x000000070ec00000|  0%| F|  |TAMS 0x000000070ea00000| PB 0x000000070ea00000| Untracked |  0
| 108|0x000000070ec00000, 0x000000070ec00000, 0x000000070ee00000|  0%| F|  |TAMS 0x000000070ec00000| PB 0x000000070ec00000| Untracked |  0
| 109|0x000000070ee00000, 0x000000070ee00000, 0x000000070f000000|  0%| F|  |TAMS 0x000000070ee00000| PB 0x000000070ee00000| Untracked |  0
| 110|0x000000070f000000, 0x000000070f000000, 0x000000070f200000|  0%| F|  |TAMS 0x000000070f000000| PB 0x000000070f000000| Untracked |  0
| 111|0x000000070f200000, 0x000000070f200000, 0x000000070f400000|  0%| F|  |TAMS 0x000000070f200000| PB 0x000000070f200000| Untracked |  0
| 112|0x000000070f400000, 0x000000070f400000, 0x000000070f600000|  0%| F|  |TAMS 0x000000070f400000| PB 0x000000070f400000| Untracked |  0
| 113|0x000000070f600000, 0x000000070f600000, 0x000000070f800000|  0%| F|  |TAMS 0x000000070f600000| PB 0x000000070f600000| Untracked |  0
| 114|0x000000070f800000, 0x000000070f9e6278, 0x000000070fa00000| 94%| S|CS|TAMS 0x000000070f800000| PB 0x000000070f800000| Complete |  0
| 115|0x000000070fa00000, 0x000000070fc00000, 0x000000070fc00000|100%| S|CS|TAMS 0x000000070fa00000| PB 0x000000070fa00000| Complete |  0
| 116|0x000000070fc00000, 0x000000070fc00000, 0x000000070fe00000|  0%| F|  |TAMS 0x000000070fc00000| PB 0x000000070fc00000| Untracked |  0
| 117|0x000000070fe00000, 0x000000070fe00000, 0x0000000710000000|  0%| F|  |TAMS 0x000000070fe00000| PB 0x000000070fe00000| Untracked |  0
| 118|0x0000000710000000, 0x0000000710000000, 0x0000000710200000|  0%| F|  |TAMS 0x0000000710000000| PB 0x0000000710000000| Untracked |  0
| 119|0x0000000710200000, 0x0000000710200000, 0x0000000710400000|  0%| F|  |TAMS 0x0000000710200000| PB 0x0000000710200000| Untracked |  0
| 120|0x0000000710400000, 0x0000000710400000, 0x0000000710600000|  0%| F|  |TAMS 0x0000000710400000| PB 0x0000000710400000| Untracked |  0
| 121|0x0000000710600000, 0x0000000710600000, 0x0000000710800000|  0%| F|  |TAMS 0x0000000710600000| PB 0x0000000710600000| Untracked |  0
| 122|0x0000000710800000, 0x0000000710800000, 0x0000000710a00000|  0%| F|  |TAMS 0x0000000710800000| PB 0x0000000710800000| Untracked |  0
| 123|0x0000000710a00000, 0x0000000710a00000, 0x0000000710c00000|  0%| F|  |TAMS 0x0000000710a00000| PB 0x0000000710a00000| Untracked |  0
| 124|0x0000000710c00000, 0x0000000710c00000, 0x0000000710e00000|  0%| F|  |TAMS 0x0000000710c00000| PB 0x0000000710c00000| Untracked |  0
| 125|0x0000000710e00000, 0x0000000710e00000, 0x0000000711000000|  0%| F|  |TAMS 0x0000000710e00000| PB 0x0000000710e00000| Untracked |  0
| 126|0x0000000711000000, 0x0000000711000000, 0x0000000711200000|  0%| F|  |TAMS 0x0000000711000000| PB 0x0000000711000000| Untracked |  0
| 127|0x0000000711200000, 0x0000000711400000, 0x0000000711400000|100%| E|  |TAMS 0x0000000711200000| PB 0x0000000711200000| Complete |  0

Card table byte_map: [0x00000178d82e0000,0x00000178d8ae0000] _byte_map_base: 0x00000178d4ad6000

Marking Bits: (CMBitMap*) 0x00000178c00d8a00
 Bits: [0x00000178d8ae0000, 0x00000178dca90000)

Polling page: 0x00000178bdf40000

Metaspace:

Usage:
  Non-class:      5.16 MB used.
      Class:    748.32 KB used.
       Both:      5.89 MB used.

Virtual space:
  Non-class space:       64.00 MB reserved,       5.25 MB (  8%) committed,  1 nodes.
      Class space:        1.00 GB reserved,     832.00 KB ( <1%) committed,  1 nodes.
             Both:        1.06 GB reserved,       6.06 MB ( <1%) committed. 

Chunk freelists:
   Non-Class:  9.12 MB
       Class:  15.00 MB
        Both:  24.12 MB

MaxMetaspaceSize: unlimited
CompressedClassSpaceSize: 1.00 GB
Initial GC threshold: 21.00 MB
Current GC threshold: 21.00 MB
CDS: on
 - commit_granule_bytes: 65536.
 - commit_granule_words: 8192.
 - virtual_space_node_default_size: 8388608.
 - enlarge_chunks_in_place: 1.
 - use_allocation_guard: 0.


Internal statistics:

num_allocs_failed_limit: 0.
num_arena_births: 66.
num_arena_deaths: 0.
num_vsnodes_births: 2.
num_vsnodes_deaths: 0.
num_space_committed: 97.
num_space_uncommitted: 0.
num_chunks_returned_to_freelist: 0.
num_chunks_taken_from_freelist: 238.
num_chunk_merges: 0.
num_chunk_splits: 153.
num_chunks_enlarged: 118.
num_inconsistent_stats: 0.

CodeHeap 'non-profiled nmethods': size=120064Kb used=330Kb max_used=330Kb free=119733Kb
 bounds [0x00000178d0270000, 0x00000178d04e0000, 0x00000178d77b0000]
CodeHeap 'profiled nmethods': size=120000Kb used=1762Kb max_used=1762Kb free=118237Kb
 bounds [0x00000178c87b0000, 0x00000178c8a20000, 0x00000178cfce0000]
CodeHeap 'non-nmethods': size=5696Kb used=1367Kb max_used=1385Kb free=4329Kb
 bounds [0x00000178cfce0000, 0x00000178cff50000, 0x00000178d0270000]
CodeCache: size=245760Kb, used=3459Kb, max_used=3477Kb, free=242299Kb
 total_blobs=1705, nmethods=1228, adapters=383, full_count=0
Compilation: enabled, stopped_count=0, restarted_count=0

Compilation events (20 events):
Event: 0.821 Thread 0x00000178df500cd0 nmethod 1113 0x00000178c8930f88 code [0x00000178c89310e0, 0x00000178c8931538]
Event: 0.821 Thread 0x00000178df500cd0 1117       3       jdk.internal.classfile.impl.DirectCodeBuilder::labelToBci (159 bytes)
Event: 0.821 Thread 0x00000178df4ff670 nmethod 1105 0x00000178d02bdd88 code [0x00000178d02bdec0, 0x00000178d02be4a0]
Event: 0.821 Thread 0x00000178df4ff670 1109       4       java.lang.AbstractStringBuilder::<init> (39 bytes)
Event: 0.822 Thread 0x00000178df500cd0 nmethod 1117 0x00000178c8931588 code [0x00000178c89317e0, 0x00000178c8932bc0]
Event: 0.822 Thread 0x00000178df500cd0 1115       3       java.util.ImmutableCollections$List12::size (16 bytes)
Event: 0.822 Thread 0x00000178df500cd0 nmethod 1115 0x00000178c8932c88 code [0x00000178c8932da0, 0x00000178c8932f30]
Event: 0.822 Thread 0x00000178df500cd0 1118   !   3       jdk.internal.misc.ScopedMemoryAccess::getShortUnaligned (18 bytes)
Event: 0.823 Thread 0x00000178df500cd0 nmethod 1118 0x00000178c8932f88 code [0x00000178c8933100, 0x00000178c8933620]
Event: 0.823 Thread 0x00000178df500cd0 1119   !   3       jdk.internal.misc.ScopedMemoryAccess::getShortUnalignedInternal (36 bytes)
Event: 0.823 Thread 0x00000178df500cd0 nmethod 1119 0x00000178c8933688 code [0x00000178c89337e0, 0x00000178c8933b78]
Event: 0.823 Thread 0x00000178df500cd0 1116       3       java.lang.Class::cast (27 bytes)
Event: 0.823 Thread 0x00000178df500cd0 nmethod 1116 0x00000178c8933c08 code [0x00000178c8933d40, 0x00000178c8933fe0]
Event: 0.823 Thread 0x00000178df500cd0 1120       3       jdk.internal.classfile.impl.AbstractPoolEntry$Utf8EntryImpl::stringValue (5 bytes)
Event: 0.823 Thread 0x00000178df500cd0 nmethod 1120 0x00000178c8934008 code [0x00000178c8934120, 0x00000178c8934258]
Event: 0.823 Thread 0x00000178df500cd0 1121       3       jdk.internal.classfile.impl.AbstractPoolEntry$Utf8EntryImpl::toString (88 bytes)
Event: 0.823 Thread 0x00000178df4ff670 nmethod 1109 0x00000178d02be508 code [0x00000178d02be620, 0x00000178d02be890]
Event: 0.823 Thread 0x00000178df500cd0 nmethod 1121 0x00000178c8934308 code [0x00000178c8934460, 0x00000178c89348c0]
Event: 0.823 Thread 0x00000178df500cd0 1114       3       jdk.internal.classfile.impl.SplitConstantPool::maybeCloneUtf8Entry (65 bytes)
Event: 0.824 Thread 0x00000178df500cd0 nmethod 1114 0x00000178c8934908 code [0x00000178c8934aa0, 0x00000178c8935180]

GC Heap History (0 events):
No events

Dll operation events (8 events):
Event: 0.017 Loaded shared library C:\Program Files\Java\jdk-23\bin\java.dll
Event: 0.088 Loaded shared library C:\Program Files\Java\jdk-23\bin\jsvml.dll
Event: 0.129 Loaded shared library C:\Program Files\Java\jdk-23\bin\net.dll
Event: 0.133 Loaded shared library C:\Program Files\Java\jdk-23\bin\nio.dll
Event: 0.139 Loaded shared library C:\Program Files\Java\jdk-23\bin\zip.dll
Event: 0.258 Loaded shared library C:\Program Files\Java\jdk-23\bin\jimage.dll
Event: 0.258 Loaded shared library C:\maven\apache-maven-3.9.9\lib\jansi-native\Windows\x86_64\jansi.dll
Event: 0.274 Loaded shared library C:\Program Files\Java\jdk-23\bin\verify.dll

Deoptimization events (20 events):
Event: 0.224 Thread 0x00000178bdd1fc50 DEOPT PACKING pc=0x00000178c87e6441 sp=0x000000465b5f9dd0
Event: 0.224 Thread 0x00000178bdd1fc50 DEOPT UNPACKING pc=0x00000178cfd34b22 sp=0x000000465b5f9240 mode 0
Event: 0.224 Thread 0x00000178bdd1fc50 DEOPT PACKING pc=0x00000178c87e6441 sp=0x000000465b5f9dd0
Event: 0.224 Thread 0x00000178bdd1fc50 DEOPT UNPACKING pc=0x00000178cfd34b22 sp=0x000000465b5f9240 mode 0
Event: 0.224 Thread 0x00000178bdd1fc50 DEOPT PACKING pc=0x00000178c87e6441 sp=0x000000465b5f9dd0
Event: 0.224 Thread 0x00000178bdd1fc50 DEOPT UNPACKING pc=0x00000178cfd34b22 sp=0x000000465b5f9240 mode 0
Event: 0.225 Thread 0x00000178bdd1fc50 DEOPT PACKING pc=0x00000178c87e6441 sp=0x000000465b5f9dd0
Event: 0.225 Thread 0x00000178bdd1fc50 DEOPT UNPACKING pc=0x00000178cfd34b22 sp=0x000000465b5f9240 mode 0
Event: 0.432 Thread 0x00000178bdd1fc50 Uncommon trap: trap_request=0xffffff45 fr.pc=0x00000178d028c1b8 relative=0x00000000000004f8
Event: 0.432 Thread 0x00000178bdd1fc50 Uncommon trap: reason=unstable_if action=reinterpret pc=0x00000178d028c1b8 method=java.lang.StringLatin1.canEncode(C)Z @ 4 c2
Event: 0.432 Thread 0x00000178bdd1fc50 DEOPT PACKING pc=0x00000178d028c1b8 sp=0x000000465b5fe250
Event: 0.432 Thread 0x00000178bdd1fc50 DEOPT UNPACKING pc=0x00000178cfd34402 sp=0x000000465b5fe180 mode 2
Event: 0.432 Thread 0x00000178bdd1fc50 Uncommon trap: trap_request=0xffffff45 fr.pc=0x00000178d029655c relative=0x000000000000005c
Event: 0.432 Thread 0x00000178bdd1fc50 Uncommon trap: reason=unstable_if action=reinterpret pc=0x00000178d029655c method=java.lang.AbstractStringBuilder.isLatin1()Z @ 10 c2
Event: 0.432 Thread 0x00000178bdd1fc50 DEOPT PACKING pc=0x00000178d029655c sp=0x000000465b5fe230
Event: 0.432 Thread 0x00000178bdd1fc50 DEOPT UNPACKING pc=0x00000178cfd34402 sp=0x000000465b5fe1c0 mode 2
Event: 0.495 Thread 0x00000178bdd1fc50 DEOPT PACKING pc=0x00000178c87f5a8d sp=0x000000465b5fcb10
Event: 0.495 Thread 0x00000178bdd1fc50 DEOPT UNPACKING pc=0x00000178cfd34b22 sp=0x000000465b5fbf60 mode 0
Event: 0.636 Thread 0x00000178bdd1fc50 DEOPT PACKING pc=0x00000178c87df03f sp=0x000000465b5fd2e0
Event: 0.636 Thread 0x00000178bdd1fc50 DEOPT UNPACKING pc=0x00000178cfd34b22 sp=0x000000465b5fc758 mode 0

Classes loaded (20 events):
Event: 0.794 Loading class java/lang/annotation/Documented
Event: 0.794 Loading class java/lang/annotation/Documented done
Event: 0.806 Loading class java/util/concurrent/TimeoutException
Event: 0.806 Loading class java/util/concurrent/TimeoutException done
Event: 0.806 Loading class java/util/concurrent/CancellationException
Event: 0.806 Loading class java/util/concurrent/CancellationException done
Event: 0.807 Loading class java/security/PrivilegedActionException
Event: 0.807 Loading class java/security/PrivilegedActionException done
Event: 0.807 Loading class sun/misc/Unsafe
Event: 0.807 Loading class sun/misc/Unsafe done
Event: 0.807 Loading class sun/misc/Unsafe$MemoryAccessOption
Event: 0.808 Loading class sun/misc/Unsafe$MemoryAccessOption done
Event: 0.808 Loading class java/lang/invoke/DirectMethodHandle$StaticAccessor
Event: 0.808 Loading class java/lang/invoke/DirectMethodHandle$StaticAccessor done
Event: 0.812 Loading class java/lang/reflect/ParameterizedType
Event: 0.812 Loading class java/lang/reflect/ParameterizedType done
Event: 0.815 Loading class java/lang/reflect/WildcardType
Event: 0.815 Loading class java/lang/reflect/WildcardType done
Event: 0.817 Loading class sun/reflect/generics/tree/TypeVariableSignature
Event: 0.817 Loading class sun/reflect/generics/tree/TypeVariableSignature done

Classes unloaded (0 events):
No events

Classes redefined (0 events):
No events

Internal exceptions (20 events):
Event: 0.254 Thread 0x00000178bdd1fc50 Exception <a 'java/lang/NullPointerException'{0x0000000710ea5dc8}> (0x0000000710ea5dc8) 
thrown [s\open\src\hotspot\share\interpreter\linkResolver.cpp, line 1389]
Event: 0.262 Thread 0x00000178bdd1fc50 Exception <a 'java/lang/NoSuchMethodError'{0x0000000710ecadc0}: 'void java.lang.invoke.DirectMethodHandle$Holder.invokeStatic(java.lang.Object, long, java.lang.Object)'> (0x0000000710ecadc0) 
thrown [s\open\src\hotspot\share\interpreter\linkResolver.cpp, line 796]
Event: 0.263 Thread 0x00000178bdd1fc50 Exception <a 'java/lang/NoSuchMethodError'{0x0000000710ed0788}: 'java.lang.Object java.lang.invoke.DirectMethodHandle$Holder.newInvokeSpecial(java.lang.Object, long, java.lang.Object)'> (0x0000000710ed0788) 
thrown [s\open\src\hotspot\share\interpreter\linkResolver.cpp, line 796]
Event: 0.265 Thread 0x00000178bdd1fc50 Exception <a 'java/lang/NullPointerException'{0x0000000710edc278}> (0x0000000710edc278) 
thrown [s\open\src\hotspot\share\interpreter\linkResolver.cpp, line 1389]
Event: 0.265 Thread 0x00000178bdd1fc50 Exception <a 'java/lang/NullPointerException'{0x0000000710edc558}> (0x0000000710edc558) 
thrown [s\open\src\hotspot\share\interpreter\linkResolver.cpp, line 1389]
Event: 0.265 Thread 0x00000178bdd1fc50 Exception <a 'java/lang/NullPointerException'{0x0000000710edc838}> (0x0000000710edc838) 
thrown [s\open\src\hotspot\share\interpreter\linkResolver.cpp, line 1389]
Event: 0.266 Thread 0x00000178bdd1fc50 Exception <a 'java/lang/NullPointerException'{0x0000000710ee22a8}> (0x0000000710ee22a8) 
thrown [s\open\src\hotspot\share\interpreter\linkResolver.cpp, line 1389]
Event: 0.269 Thread 0x00000178bdd1fc50 Exception <a 'java/lang/NullPointerException'{0x0000000710ef53b0}> (0x0000000710ef53b0) 
thrown [s\open\src\hotspot\share\interpreter\linkResolver.cpp, line 1389]
Event: 0.269 Thread 0x00000178bdd1fc50 Exception <a 'java/lang/NullPointerException'{0x0000000710ef5690}> (0x0000000710ef5690) 
thrown [s\open\src\hotspot\share\interpreter\linkResolver.cpp, line 1389]
Event: 0.269 Thread 0x00000178bdd1fc50 Exception <a 'java/lang/NullPointerException'{0x0000000710ef5970}> (0x0000000710ef5970) 
thrown [s\open\src\hotspot\share\interpreter\linkResolver.cpp, line 1389]
Event: 0.269 Thread 0x00000178bdd1fc50 Exception <a 'java/lang/NullPointerException'{0x0000000710ef5c50}> (0x0000000710ef5c50) 
thrown [s\open\src\hotspot\share\interpreter\linkResolver.cpp, line 1389]
Event: 0.285 Thread 0x00000178bdd1fc50 Exception <a 'java/lang/NoSuchMethodError'{0x0000000710fe5d18}: 'void java.lang.invoke.DirectMethodHandle$Holder.invokeStatic(java.lang.Object, java.lang.Object)'> (0x0000000710fe5d18) 
thrown [s\open\src\hotspot\share\interpreter\linkResolver.cpp, line 796]
Event: 0.285 Thread 0x00000178bdd1fc50 Exception <a 'java/lang/NoSuchMethodError'{0x0000000710fe9130}: 'void java.lang.invoke.DirectMethodHandle$Holder.invokeStaticInit(java.lang.Object, java.lang.Object)'> (0x0000000710fe9130) 
thrown [s\open\src\hotspot\share\interpreter\linkResolver.cpp, line 796]
Event: 0.347 Thread 0x00000178bdd1fc50 Exception <a 'java/lang/NoSuchMethodError'{0x0000000710d92380}: 'java.lang.Object java.lang.invoke.DirectMethodHandle$Holder.invokeSpecialIFC(java.lang.Object, java.lang.Object, java.lang.Object, java.lang.Object)'> (0x0000000710d92380) 
thrown [s\open\src\hotspot\share\interpreter\linkResolver.cpp, line 796]
Event: 0.620 Thread 0x00000178bdd1fc50 Exception <a 'java/lang/NoSuchMethodError'{0x000000071071f840}: 'void java.lang.invoke.DirectMethodHandle$Holder.invokeSpecial(java.lang.Object, java.lang.Object, java.lang.Object)'> (0x000000071071f840) 
thrown [s\open\src\hotspot\share\interpreter\linkResolver.cpp, line 796]
Event: 0.676 Thread 0x00000178bdd1fc50 Exception <a 'java/lang/NoSuchMethodError'{0x0000000710465bb0}: 'java.lang.Object java.lang.invoke.DirectMethodHandle$Holder.invokeInterface(java.lang.Object, java.lang.Object)'> (0x0000000710465bb0) 
thrown [s\open\src\hotspot\share\interpreter\linkResolver.cpp, line 796]
Event: 0.699 Thread 0x00000178bdd1fc50 Exception <a 'java/lang/NoSuchMethodError'{0x00000007104fd638}: 'int java.lang.invoke.DirectMethodHandle$Holder.invokeStatic(java.lang.Object, java.lang.Object, java.lang.Object, java.lang.Object)'> (0x00000007104fd638) 
thrown [s\open\src\hotspot\share\interpreter\linkResolver.cpp, line 796]
Event: 0.703 Thread 0x00000178bdd1fc50 Exception <a 'java/lang/NoSuchMethodError'{0x000000071050bfe0}: 'int java.lang.invoke.DirectMethodHandle$Holder.invokeSpecialIFC(java.lang.Object, java.lang.Object, java.lang.Object, java.lang.Object, java.lang.Object)'> (0x000000071050bfe0) 
thrown [s\open\src\hotspot\share\interpreter\linkResolver.cpp, line 796]
Event: 0.780 Thread 0x00000178bdd1fc50 Exception <a 'java/lang/NoSuchMethodError'{0x0000000710299468}: 'void java.lang.invoke.DirectMethodHandle$Holder.invokeStatic(java.lang.Object, int, java.lang.Object)'> (0x0000000710299468) 
thrown [s\open\src\hotspot\share\interpreter\linkResolver.cpp, line 796]
Event: 0.826 Thread 0x00000178bdd1fc50 Exception <a 'java/lang/NoSuchMethodError'{0x00000007100018d0}: 'int java.lang.invoke.DirectMethodHandle$Holder.invokeStaticInit(java.lang.Object, java.lang.Object)'> (0x00000007100018d0) 
thrown [s\open\src\hotspot\share\interpreter\linkResolver.cpp, line 796]

VM Operations (6 events):
Event: 0.140 Executing VM operation: HandshakeAllThreads (Deoptimize)
Event: 0.141 Executing VM operation: HandshakeAllThreads (Deoptimize) done
Event: 0.253 Executing VM operation: HandshakeAllThreads (Deoptimize)
Event: 0.253 Executing VM operation: HandshakeAllThreads (Deoptimize) done
Event: 0.261 Executing VM operation: HandshakeAllThreads (Deoptimize)
Event: 0.261 Executing VM operation: HandshakeAllThreads (Deoptimize) done

Memory protections (0 events):
No events

Nmethod flushes (0 events):
No events

Events (14 events):
Event: 0.055 Thread 0x00000178bdd1fc50 Thread added: 0x00000178bdd1fc50
Event: 0.083 Thread 0x00000178bdd1fc50 Thread added: 0x00000178df4c3da0
Event: 0.083 Thread 0x00000178bdd1fc50 Thread added: 0x00000178df4c4ac0
Event: 0.083 Thread 0x00000178bdd1fc50 Thread added: 0x00000178df4c7a60
Event: 0.084 Thread 0x00000178bdd1fc50 Thread added: 0x00000178df4c84c0
Event: 0.084 Thread 0x00000178bdd1fc50 Thread added: 0x00000178df4cd6d0
Event: 0.084 Thread 0x00000178bdd1fc50 Thread added: 0x00000178df4db900
Event: 0.084 Thread 0x00000178bdd1fc50 Thread added: 0x00000178df4ff670
Event: 0.084 Thread 0x00000178bdd1fc50 Thread added: 0x00000178df500cd0
Event: 0.121 Thread 0x00000178bdd1fc50 Thread added: 0x00000178df6485b0
Event: 0.125 Thread 0x00000178bdd1fc50 Thread added: 0x00000178df64f450
Event: 0.256 Thread 0x00000178bdd1fc50 Thread added: 0x00000179250080a0
Event: 0.266 Thread 0x00000179250080a0 Thread exited: 0x00000179250080a0
Event: 0.496 Thread 0x00000178df500cd0 Thread added: 0x000001792568a020


Dynamic libraries:
0x00007ff7ac750000 - 0x00007ff7ac760000 	C:\Program Files\Java\jdk-23\bin\java.exe
0x00007ff8837d0000 - 0x00007ff8839c8000 	C:\Windows\SYSTEM32\ntdll.dll
0x00007ff883490000 - 0x00007ff883552000 	C:\Windows\System32\KERNEL32.DLL
0x00007ff8810a0000 - 0x00007ff88139e000 	C:\Windows\System32\KERNELBASE.dll
0x00007ff880ee0000 - 0x00007ff880fe0000 	C:\Windows\System32\ucrtbase.dll
0x00007ff86c6e0000 - 0x00007ff86c6f7000 	C:\Program Files\Java\jdk-23\bin\jli.dll
0x00007ff86cc50000 - 0x00007ff86cc6b000 	C:\Program Files\Java\jdk-23\bin\VCRUNTIME140.dll
0x00007ff8817f0000 - 0x00007ff88198d000 	C:\Windows\System32\USER32.dll
0x00007ff868250000 - 0x00007ff8684ea000 	C:\Windows\WinSxS\amd64_microsoft.windows.common-controls_6595b64144ccf1df_6.0.19041.4355_none_60b8b9eb71f62e16\COMCTL32.dll
0x00007ff881540000 - 0x00007ff881562000 	C:\Windows\System32\win32u.dll
0x00007ff883310000 - 0x00007ff88333b000 	C:\Windows\System32\GDI32.dll
0x00007ff8833f0000 - 0x00007ff88348e000 	C:\Windows\System32\msvcrt.dll
0x00007ff881570000 - 0x00007ff881687000 	C:\Windows\System32\gdi32full.dll
0x00007ff881450000 - 0x00007ff8814ed000 	C:\Windows\System32\msvcp_win.dll
0x00007ff8831b0000 - 0x00007ff8831df000 	C:\Windows\System32\IMM32.DLL
0x00007ff86c6d0000 - 0x00007ff86c6dc000 	C:\Program Files\Java\jdk-23\bin\vcruntime140_1.dll
0x00007ff84c7e0000 - 0x00007ff84c86e000 	C:\Program Files\Java\jdk-23\bin\msvcp140.dll
0x00007ff805c60000 - 0x00007ff8069af000 	C:\Program Files\Java\jdk-23\bin\server\jvm.dll
0x00007ff881db0000 - 0x00007ff881e61000 	C:\Windows\System32\ADVAPI32.dll
0x00007ff8836f0000 - 0x00007ff88378f000 	C:\Windows\System32\sechost.dll
0x00007ff8835c0000 - 0x00007ff8836e3000 	C:\Windows\System32\RPCRT4.dll
0x00007ff880fe0000 - 0x00007ff881007000 	C:\Windows\System32\bcrypt.dll
0x00007ff881fe0000 - 0x00007ff88204b000 	C:\Windows\System32\WS2_32.dll
0x00007ff8803c0000 - 0x00007ff88040b000 	C:\Windows\SYSTEM32\POWRPROF.dll
0x00007ff8684f0000 - 0x00007ff868517000 	C:\Windows\SYSTEM32\WINMM.dll
0x00007ff877f30000 - 0x00007ff877f3a000 	C:\Windows\SYSTEM32\VERSION.dll
0x00007ff880230000 - 0x00007ff880242000 	C:\Windows\SYSTEM32\UMPDC.dll
0x00007ff87f650000 - 0x00007ff87f662000 	C:\Windows\SYSTEM32\kernel.appcore.dll
0x00007ff86c6c0000 - 0x00007ff86c6ca000 	C:\Program Files\Java\jdk-23\bin\jimage.dll
0x00007ff87ea40000 - 0x00007ff87ec24000 	C:\Windows\SYSTEM32\DBGHELP.DLL
0x00007ff8692c0000 - 0x00007ff8692f4000 	C:\Windows\SYSTEM32\dbgcore.DLL
0x00007ff881010000 - 0x00007ff881092000 	C:\Windows\System32\bcryptPrimitives.dll
0x00007ff861a00000 - 0x00007ff861a1e000 	C:\Program Files\Java\jdk-23\bin\java.dll
0x00007ff882d60000 - 0x00007ff882e8b000 	C:\Windows\System32\ole32.dll
0x00007ff881a50000 - 0x00007ff881da3000 	C:\Windows\System32\combase.dll
0x00007ff882180000 - 0x00007ff8828ed000 	C:\Windows\System32\SHELL32.dll
0x00007ff87ee90000 - 0x00007ff87f634000 	C:\Windows\SYSTEM32\windows.storage.dll
0x00007ff8807c0000 - 0x00007ff8807ee000 	C:\Windows\SYSTEM32\Wldp.dll
0x00007ff882050000 - 0x00007ff88211d000 	C:\Windows\System32\OLEAUT32.dll
0x00007ff883340000 - 0x00007ff8833ed000 	C:\Windows\System32\SHCORE.dll
0x00007ff883560000 - 0x00007ff8835b5000 	C:\Windows\System32\shlwapi.dll
0x00007ff880da0000 - 0x00007ff880dc4000 	C:\Windows\SYSTEM32\profapi.dll
0x00007ff83cbf0000 - 0x00007ff83ccc7000 	C:\Program Files\Java\jdk-23\bin\jsvml.dll
0x00007ff86c6b0000 - 0x00007ff86c6c0000 	C:\Program Files\Java\jdk-23\bin\net.dll
0x00007ff8805a0000 - 0x00007ff88060a000 	C:\Windows\system32\mswsock.dll
0x00007ff8557d0000 - 0x00007ff8557e6000 	C:\Program Files\Java\jdk-23\bin\nio.dll
0x00007ff851e70000 - 0x00007ff851e87000 	C:\Program Files\Java\jdk-23\bin\zip.dll
0x00007ff84cb30000 - 0x00007ff84cb54000 	C:\maven\apache-maven-3.9.9\lib\jansi-native\Windows\x86_64\jansi.dll
0x00007ff864d80000 - 0x00007ff864d90000 	C:\Program Files\Java\jdk-23\bin\verify.dll

dbghelp: loaded successfully - version: 4.0.5 - missing functions: none
symbol engine: initialized successfully - sym options: 0x614 - pdb path: .;C:\Program Files\Java\jdk-23\bin;C:\Windows\SYSTEM32;C:\Windows\WinSxS\amd64_microsoft.windows.common-controls_6595b64144ccf1df_6.0.19041.4355_none_60b8b9eb71f62e16;C:\Program Files\Java\jdk-23\bin\server;C:\maven\apache-maven-3.9.9\lib\jansi-native\Windows\x86_64

VM Arguments:
jvm_args: -Dclassworlds.conf=C:\maven\apache-maven-3.9.9\bin\m2.conf -Dmaven.home=C:\maven\apache-maven-3.9.9 -Dlibrary.jansi.path=C:\maven\apache-maven-3.9.9\lib\jansi-native -Dmaven.multiModuleProjectDirectory=F:\Descargas\iconos web\boliviaXplore 
java_command: org.codehaus.plexus.classworlds.launcher.Launcher clean package -DskipTests
java_class_path (initial): C:\maven\apache-maven-3.9.9\boot\plexus-classworlds-2.8.0.jar
Launcher Type: SUN_STANDARD

[Global flags]
     intx CICompilerCount                          = 4                                         {product} {ergonomic}
     uint ConcGCThreads                            = 2                                         {product} {ergonomic}
     uint G1ConcRefinementThreads                  = 8                                         {product} {ergonomic}
   size_t G1HeapRegionSize                         = 2097152                                   {product} {ergonomic}
   size_t InitialHeapSize                          = 268435456                                 {product} {ergonomic}
   size_t MarkStackSize                            = 4194304                                   {product} {ergonomic}
   size_t MarkStackSizeMax                         = 536870912                                 {product} {ergonomic}
   size_t MaxHeapSize                              = 4273995776                                {product} {ergonomic}
   size_t MaxNewSize                               = 2562719744                                {product} {ergonomic}
   size_t MinHeapDeltaBytes                        = 2097152                                   {product} {ergonomic}
   size_t MinHeapSize                              = 8388608                                   {product} {ergonomic}
    uintx NonNMethodCodeHeapSize                   = 5832704                                {pd product} {ergonomic}
    uintx NonProfiledCodeHeapSize                  = 122945536                              {pd product} {ergonomic}
    uintx ProfiledCodeHeapSize                     = 122880000                              {pd product} {ergonomic}
    uintx ReservedCodeCacheSize                    = 251658240                              {pd product} {ergonomic}
     bool SegmentedCodeCache                       = true                                      {product} {ergonomic}
   size_t SoftMaxHeapSize                          = 4273995776                             {manageable} {ergonomic}
     bool UseCompressedOops                        = true                           {product lp64_product} {ergonomic}
     bool UseG1GC                                  = true                                      {product} {ergonomic}
     bool UseLargePagesIndividualAllocation        = false                                  {pd product} {ergonomic}

Logging:
Log output configuration:
 #0: stdout all=warning uptime,level,tags foldmultilines=false
 #1: stderr all=off uptime,level,tags foldmultilines=false

Environment Variables:
JAVA_HOME=C:\Program Files\Java\jdk-23
PATH=C:\Program Files\Common Files\Oracle\Java\javapath;C:\Program Files (x86)\Common Files\Intel\Shared Libraries\redist\intel64_win\compiler;C:\Program Files\Python310\Scripts\;C:\Program Files\Python310\;C:\Windows\system32;C:\Windows;C:\Windows\System32\Wbem;C:\Windows\System32\WindowsPowerShell\v1.0\;C:\Windows\System32\OpenSSH\;C:\Program Files (x86)\NVIDIA Corporation\PhysX\Common;C:\Program Files\NVIDIA Corporation\NVIDIA NvDLISR;C:\Program Files\dotnet\;C:\Program Files\Microsoft SQL Server\Client SDK\ODBC\170\Tools\Binn\;C:\Program Files\Microsoft SQL Server\150\Tools\Binn\;F:\Descargas\ffmpeg-master-latest-win64-gpl-shared\ffmpeg-master-latest-win64-gpl-shared\bin;C:\Spring\jdk-23.0.1\bin;C:\maven\apache-maven-3.9.9\bin;%JAVA_HOME%\bin;C:\Program Files\Git\cmd;C:\Program Files\Git\bin;C:\Program Files\Docker\Docker\resources\bin;C:\Program Files\Python39;C:\Program Files\Python39\Scripts;C:\Users\Cesar\AppData\Local\Programs\Python\Python313\Scripts;C:\Program Files\nodejs\;C:\Users\Cesar\AppData\Local\Programs\Python\Launcher\;C:\Users\Cesar\AppData\Local\Microsoft\WindowsApps;C:\Users\Cesar\.dotnet\tools;C:\Program Files\Python39\Scripts;C:\Program Files\Python39;C:\Users\Cesar\AppData\Roaming\Python\Python39\site-packages;C:\Program Files\Python39\Lib\site-packages;C:\Program Files\Python39\Lib\site-packages\django\template\backends;C:\Users\Cesar\AppData\Local\Programs\Microsoft VS Code\bin;C:\maven\apache-maven-3.9.9\bin;C:\Program Files\Git\bin;C:\Users\Cesar\AppData\Roaming\npm
USERNAME=Cesar
LANG=en_US.UTF-8
OS=Windows_NT
PROCESSOR_IDENTIFIER=Intel64 Family 6 Model 142 Stepping 10, GenuineIntel
TMP=C:\Users\Cesar\AppData\Local\Temp
TEMP=C:\Users\Cesar\AppData\Local\Temp




Periodic native trim disabled

---------------  S Y S T E M  ---------------

OS:
 Windows 10 , 64 bit Build 19041 (10.0.19041.5198)
OS uptime: 0 days 2:02 hours
Hyper-V role detected

CPU: total 8 (initial active 8) (4 cores per cpu, 2 threads per core) family 6 model 142 stepping 10 microcode 0xb4, cx8, cmov, fxsr, ht, mmx, 3dnowpref, sse, sse2, sse3, ssse3, sse4.1, sse4.2, popcnt, lzcnt, tsc, tscinvbit, avx, avx2, aes, erms, clmul, bmi1, bmi2, adx, fma, vzeroupper, clflush, clflushopt, hv, rdtscp, f16c
Processor Information for the first 8 processors :
  Max Mhz: 1801, Current Mhz: 1801, Mhz Limit: 1801

Memory: 4k page, system-wide physical 16299M (1531M free)
TotalPageFile size 16299M (AvailPageFile size 0M)
current process WorkingSet (physical memory assigned to process): 87M, peak: 87M
current process commit charge ("private bytes"): 361M, peak: 361M

vm_info: Java HotSpot(TM) 64-Bit Server VM (23.0.1+11-39) for windows-amd64 JRE (23.0.1+11-39), built on 2024-09-30T07:20:43Z with MS VC++ 17.6 (VS2022)

END.
